+-------------------------------------- General status for ARQ --------------------------------------+
|
| Total checked NEs: 1
| Total remote access errors: 0
| Total NE alarms: 2
| Total cards checked: 15
| Total card alarms: 0
| Total redundancy alarms: 1
|
+----------------------------------------------------------------------------------------------------+
|
|
| KEYMILE Alarms
|
| ZHONE Alarms
|	ARQ-A07 	RIN 7		at 10.214.57.7		Alarm >> power_supply_b_failure
|	ARQ-A07 	RIN 7		at 10.214.57.7		Alarm >> not_in_redundant_mode
|	ARQ-A07 	RIN 7		at 10.214.57.7		Alarm >> Secondary - 1-b-2-0/eth - Inactive
|
+----------------------------------------------------------------------------------------------------+
