################## Zhone AUJ-A01-1  RIN 339 at 10.209.20.22
# System status:
#	Alarm >> system - power_supply_a_failure - minor
# Cards status:
#	** No alarmed cards (19 cards checked) **
# Uplink redundancy errors:
#	Error >> Secondary - 1-b-2-0/eth - Down - Down

################## Zhone AUJ-A04-0  RIN 396 at 10.209.20.15
# System status:
#	Alarm >> system - power_supply_b_failure - minor
# Cards status:
#	** No alarmed cards (19 cards checked) **
# Uplink redundancy errors:
#	Error >> Secondary - 1-b-2-0/eth - Down - Down

################## Zhone AUJ-A06-0  RIN 404 at 10.209.20.3
# System status:
#	Alarm >> system - power_supply_b_failure - minor
# Cards status:
#	** No alarmed cards (19 cards checked) **
# Uplink redundancy errors:
#	Error >> Secondary - 1-b-2-0/eth - Down - Down

################## Zhone AUJ-A09-0  RIN 384 at 10.209.20.5
# System status:
#	Alarm >> system - power_supply_b_failure - minor
# Cards status:
#	** No alarmed cards (20 cards checked) **
# Uplink redundancy errors:
#	Error >> Secondary - 1-b-2-0/eth - Down - Down

################## Zhone AUJ-I01-0  RIN 488 at 10.209.20.7
# System status:
#	** No system alarms **
# Cards status:
#	** No alarmed cards (19 cards checked) **
# Uplink redundancy errors:
#	Error >> Secondary - 1-b-2-0/eth - Down - Down

############### ** General status for AUJ ** ###############
# Total hosts checked: 5
# Total system alarms: 4
# Total cards alarms: 0
# Total redundancy errors: 5
############################################################
