################## Milegate BSA-A01-2  RIN 24 at 10.161.18.168
# System status:
#	** No system alarms **
# Cards status:
#	** No alarmed cards (19 cards checked) **

################## Milegate BSA-A0O-1  RIN  at 10.161.253.99
# System status:
#	** No system alarms **
# Cards status:
#	** No alarmed cards (19 cards checked) **

################## Milegate BSA-A0Q  RIN  at 10.161.18.153
# System status:
#	** No system alarms **
# Cards status:
#	** No alarmed cards (18 cards checked) **

################## Milegate BSA-A0S-3  RIN  at 10.161.243.22
# System status:
#	** No system alarms **
# Cards status:
#	** No alarmed cards (13 cards checked) **

################## Milegate BSA-A0T-2  RIN  at 10.161.15.59
# System status:
#	** No system alarms **
# Cards status:
#	** No alarmed cards (15 cards checked) **

################## Milegate BSA-A0U-3  RIN  at 10.161.18.249
################## Milegate BSA-A0V-0  RIN  at 10.161.253.23
# System status:
#	** No system alarms **
# Cards status:
#	** No alarmed cards (19 cards checked) **

################## Milegate BSA-A0V-2  RIN  at 10.161.18.196
# System status:
#	** No system alarms **
# Cards status:
#	** No alarmed cards (20 cards checked) **

################## Milegate BSA-A10  RIN 73 at 10.161.18.138
# System status:
#	Alarm >> fan: Total Fan Breakdown
# Cards status:
#	** No alarmed cards (21 cards checked) **

