################## Milegate BSA-A01-2  RIN 24 at 10.161.18.168
# System status:
#	** No system alarms **
# Cards status:
#	** No alarmed cards (19 cards checked) **

################## Milegate BSA-A0O-1  RIN  at 10.161.253.99
# System status:
#	** No system alarms **
# Cards status:
#	** No alarmed cards (19 cards checked) **

################## Milegate BSA-A0Q  RIN  at 10.161.18.153
# System status:
#	** No system alarms **
# Cards status:
#	** No alarmed cards (18 cards checked) **

################## Milegate BSA-A0S-3  RIN  at 10.161.243.22
# System status:
#	** No system alarms **
# Cards status:
#	** No alarmed cards (13 cards checked) **

################## Milegate BSA-A0T-2  RIN  at 10.161.15.59
# System status:
#	** No system alarms **
# Cards status:
#	** No alarmed cards (15 cards checked) **

################## Milegate BSA-A0U-3  RIN  at 10.161.18.249
################## Milegate BSA-A0V-0  RIN  at 10.161.253.23
# System status:
#	** No system alarms **
# Cards status:
#	** No alarmed cards (19 cards checked) **

################## Milegate BSA-A0V-2  RIN  at 10.161.18.196
# System status:
#	** No system alarms **
# Cards status:
#	** No alarmed cards (20 cards checked) **

################## Milegate BSA-A10  RIN 73 at 10.161.18.138
# System status:
#	Alarm >> fan: Total Fan Breakdown
# Cards status:
#	** No alarmed cards (21 cards checked) **

################## Milegate BSA-A10-2  RIN 74 at 10.161.15.4
# System status:
#	Alarm >> ne: Protecting CU Active
# Cards status:
#	** No alarmed cards (21 cards checked) **

################## Milegate BSA-A11-2  RIN 50 at 10.161.243.77
# System status:
#	** No system alarms **
# Cards status:
#	** No alarmed cards (21 cards checked) **

################## Milegate BSA-A12-3  RIN 123 at 10.161.15.69
# System status:
#	** No system alarms **
# Cards status:
#	** No alarmed cards (20 cards checked) **

################## Milegate BSA-A12  RIN 26 at 10.161.17.195
# System status:
#	** No system alarms **
# Cards status:
#	** No alarmed cards (21 cards checked) **

################## Milegate BSA-A13-7  RIN 251 at 10.161.17.97
# System status:
#	** No system alarms **
# Cards status:
#	** No alarmed cards (21 cards checked) **

################## Milegate BSA-A14-2  RIN 54 at 10.161.243.89
# System status:
#	** No system alarms **
# Cards status:
#	** No alarmed cards (17 cards checked) **

################## Milegate BSA-A14-6  RIN 557 at 10.164.43.181
# System status:
#	Alarm >> ne: Protecting CU Active
# Cards status:
#	** No alarmed cards (9 cards checked) **

################## Milegate BSA-A15  RIN 208 at 10.161.17.252
# System status:
#	** No system alarms **
# Cards status:
#	** No alarmed cards (21 cards checked) **

################## Milegate BSA-A15-3  RIN 210 at 10.161.17.251
# System status:
#	** No system alarms **
# Cards status:
#	** No alarmed cards (19 cards checked) **

################## Milegate BSA-A15-0  RIN 211 at 10.161.12.32
# System status:
#	** No system alarms **
# Cards status:
#	** No alarmed cards (19 cards checked) **

################## Milegate BSA-A16  RIN 225 at 10.161.243.182
# System status:
#	Alarm >> ne: Loss Of Signal On PDH Clock Source 1
#	Alarm >> ne: Loss Of Signal On PDH Clock Source 2
# Cards status:
#	** No alarmed cards (21 cards checked) **

################## Milegate BSA-A1E-99  RIN  at 10.161.241.26
# System status:
#	** No system alarms **
# Cards status:
#	** No alarmed cards (21 cards checked) **

################## Milegate BSA-A1F-2  RIN  at 10.161.18.200
# System status:
#	Alarm >> ne: System Time Not Available
# Cards status:
#	** No alarmed cards (19 cards checked) **

################## Milegate BSA-A1G-0  RIN  at 10.161.29.71
# System status:
#	** No system alarms **
# Cards status:
#	** No alarmed cards (21 cards checked) **

################## Milegate BSA-A1G-3  RIN  at 10.161.18.169
# System status:
#	** No system alarms **
# Cards status:
#	** No alarmed cards (19 cards checked) **

################## Milegate BSA-A24  RIN 188 at 10.161.17.129
# System status:
#	** No system alarms **
# Cards status:
#	** No alarmed cards (18 cards checked) **

################## Milegate BSA-A24-2  RIN 189 at 10.161.17.163
# System status:
#	** No system alarms **
# Cards status:
#	** No alarmed cards (18 cards checked) **

################## Milegate BSA-A24-3  RIN 190 at 10.161.243.50
# System status:
#	** No system alarms **
# Cards status:
#	** No alarmed cards (21 cards checked) **

################## Milegate BSA-A24-0  RIN 191 at 10.161.15.236
# System status:
#	** No system alarms **
# Cards status:
#	** No alarmed cards (21 cards checked) **

################## Milegate BSA-A25  RIN 184 at 10.161.17.130
# System status:
#	** No system alarms **
# Cards status:
#	** No alarmed cards (20 cards checked) **

################## Milegate BSA-A25-2  RIN 185 at 10.161.17.131
# System status:
#	** No system alarms **
# Cards status:
#	** No alarmed cards (20 cards checked) **

################## Milegate BSA-A25-3  RIN 186 at 10.161.17.180
# System status:
#	** No system alarms **
# Cards status:
#	** No alarmed cards (19 cards checked) **

################## Milegate BSA-A25-0  RIN 187 at 10.161.17.81
# System status:
#	** No system alarms **
# Cards status:
#	** No alarmed cards (19 cards checked) **

################## Milegate BSA-A26  RIN 249 at 10.161.17.143
# System status:
#	** No system alarms **
# Cards status:
#	** No alarmed cards (20 cards checked) **

################## Milegate BSA-A26-2  RIN 250 at 10.161.17.145
# System status:
#	** No system alarms **
# Cards status:
#	** No alarmed cards (18 cards checked) **

################## Milegate BSA-A26-3  RIN 251 at 10.161.17.147
# System status:
#	Alarm >> fan: Total Fan Breakdown
# Cards status:
#	** No alarmed cards (20 cards checked) **

################## Milegate BSA-A26-4  RIN 252 at 10.161.18.205
# System status:
#	** No system alarms **
# Cards status:
#	** No alarmed cards (21 cards checked) **

################## Milegate BSA-A27-3  RIN 253 at 10.161.18.186
# System status:
#	** No system alarms **
# Cards status:
#	** No alarmed cards (20 cards checked) **

################## Milegate BSA-A27  RIN 254 at 10.161.17.171
################## Milegate BSA-A27-2  RIN 255 at 10.161.17.181
# System status:
#	** No system alarms **
# Cards status:
#	** No alarmed cards (20 cards checked) **

################## Milegate BSA-A27-1  RIN 256 at 10.161.253.24
# System status:
#	** No system alarms **
# Cards status:
#	** No alarmed cards (19 cards checked) **

################## Milegate BSA-A28  RIN 257 at 10.161.17.156
# System status:
#	** No system alarms **
# Cards status:
#	** No alarmed cards (20 cards checked) **

################## Milegate BSA-A28-2  RIN 258 at 10.161.17.167
# System status:
#	** No system alarms **
# Cards status:
#	** No alarmed cards (21 cards checked) **

################## Milegate BSA-A28-6  RIN 259 at 10.161.17.168
# System status:
#	** No system alarms **
# Cards status:
#	** No alarmed cards (19 cards checked) **

################## Milegate BSA-A29  RIN 168 at 10.161.17.188
# System status:
#	** No system alarms **
# Cards status:
#	** No alarmed cards (20 cards checked) **

################## Milegate BSA-A29-2  RIN 169 at 10.161.17.184
# System status:
#	** No system alarms **
# Cards status:
#	** No alarmed cards (20 cards checked) **

################## Milegate BSA-A29-3  RIN 170 at 10.161.18.151
# System status:
#	** No system alarms **
# Cards status:
#	** No alarmed cards (18 cards checked) **

################## Milegate BSA-A29-0  RIN 575 at 10.161.29.76
# System status:
#	** No system alarms **
# Cards status:
#	** No alarmed cards (19 cards checked) **

################## Milegate BSA-A30  RIN 273 at 10.161.17.179
# System status:
#	Alarm >> ne: Protecting CU Active
# Cards status:
#	** No alarmed cards (20 cards checked) **

################## Milegate BSA-A30-2  RIN 274 at 10.161.17.185
# System status:
#	** No system alarms **
# Cards status:
#	** No alarmed cards (20 cards checked) **

################## Milegate BSA-A30-3  RIN 275 at 10.161.18.129
# System status:
#	** No system alarms **
# Cards status:
#	** No alarmed cards (20 cards checked) **

################## Milegate BSA-A30-0  RIN 276 at 10.161.253.25
# System status:
#	** No system alarms **
# Cards status:
#	** No alarmed cards (18 cards checked) **

################## Milegate BSA-A31-0  RIN 73 at 10.161.253.40
# System status:
#	** No system alarms **
# Cards status:
#	** No alarmed cards (20 cards checked) **

################## Milegate BSA-A32  RIN 74 at 10.161.18.137
# System status:
#	** No system alarms **
# Cards status:
#	** No alarmed cards (18 cards checked) **

################## Milegate BSA-A32-2  RIN 75 at 10.161.18.150
# System status:
#	** No system alarms **
# Cards status:
#	** No alarmed cards (16 cards checked) **

################## Milegate BSA-A32-3  RIN 76 at 10.161.243.200
# System status:
#	** No system alarms **
# Cards status:
#	** No alarmed cards (20 cards checked) **

################## Milegate BSA-A33  RIN 66 at 10.161.18.139
# System status:
#	Alarm >> ne: Protecting CU Active
# Cards status:
#	** No alarmed cards (21 cards checked) **

################## Milegate BSA-A33-2  RIN 67 at 10.161.18.154
# System status:
#	** No system alarms **
# Cards status:
#	** No alarmed cards (20 cards checked) **

################## Milegate BSA-A33-3  RIN 68 at 10.161.18.204
# System status:
#	** No system alarms **
# Cards status:
#	** No alarmed cards (20 cards checked) **

################## Milegate BSA-A33-0  RIN 69 at 10.161.17.66
# System status:
#	** No system alarms **
# Cards status:
#	** No alarmed cards (19 cards checked) **

################## Milegate BSA-A34  RIN 58 at 10.161.18.140
# System status:
#	** No system alarms **
# Cards status:
#	** No alarmed cards (21 cards checked) **

################## Milegate BSA-A34-2  RIN 59 at 10.161.18.155
# System status:
#	** No system alarms **
# Cards status:
#	** No alarmed cards (19 cards checked) **

################## Milegate BSA-A34-3  RIN 60 at 10.161.18.163
# System status:
#	** No system alarms **
# Cards status:
#	** No alarmed cards (21 cards checked) **

################## Milegate BSA-A35-0  RIN 578 at 10.161.17.74
# System status:
#	** No system alarms **
# Cards status:
#	** No alarmed cards (19 cards checked) **

################## Milegate BSA-A35-4  RIN 65 at 10.161.243.221
# System status:
#	** No system alarms **
# Cards status:
#	** No alarmed cards (20 cards checked) **

################## Milegate BSA-A36-3  RIN 100 at 10.161.18.178
# System status:
#	** No system alarms **
# Cards status:
#	** No alarmed cards (21 cards checked) **

################## Milegate BSA-A36  RIN 98 at 10.161.18.157
# System status:
#	** No system alarms **
# Cards status:
#	** No alarmed cards (21 cards checked) **

################## Milegate BSA-A36-2  RIN 99 at 10.161.18.158
# System status:
#	** No system alarms **
# Cards status:
#	** No alarmed cards (20 cards checked) **

################## Milegate BSA-A37-3  RIN 44 at 10.161.243.97
################## Milegate BSA-A38-2  RIN 48 at 10.161.18.207
# System status:
#	Alarm >> fan: Partial Fan Breakdown
# Cards status:
#	** No alarmed cards (19 cards checked) **

################## Milegate BSA-A40-2  RIN 51 at 10.161.243.24
# System status:
#	** No system alarms **
# Cards status:
#	** No alarmed cards (18 cards checked) **

################## Milegate BSA-A40-0  RIN 52 at 10.161.12.51
# System status:
#	** No system alarms **
# Cards status:
#	** No alarmed cards (19 cards checked) **

################## Milegate BSA-A42-2  RIN 55 at 10.161.243.26
# System status:
#	** No system alarms **
# Cards status:
#	** No alarmed cards (20 cards checked) **

################## Milegate BSA-A43-3  RIN 154 at 10.161.15.38
# System status:
#	** No system alarms **
# Cards status:
#	** No alarmed cards (19 cards checked) **

################## Milegate BSA-A43-4  RIN 155 at 10.161.15.53
# System status:
#	** No system alarms **
# Cards status:
#	** No alarmed cards (21 cards checked) **

################## Milegate BSA-A44-2  RIN 157 at 10.161.17.187
# System status:
#	** No system alarms **
# Cards status:
#	** No alarmed cards (18 cards checked) **

################## Milegate BSA-A44-3  RIN 158 at 10.161.15.187
# System status:
#	** No system alarms **
# Cards status:
#	** No alarmed cards (18 cards checked) **

################## Milegate BSA-A45-2  RIN 354 at 10.161.243.46
# System status:
#	** No system alarms **
# Cards status:
#	** No alarmed cards (16 cards checked) **

################## Milegate BSA-A47-2  RIN 272 at 10.161.18.179
# System status:
#	** No system alarms **
# Cards status:
#	** No alarmed cards (21 cards checked) **

################## Milegate BSA-A48  RIN 267 at 10.161.18.135
# System status:
#	** No system alarms **
# Cards status:
#	** No alarmed cards (21 cards checked) **

################## Milegate BSA-A48-2  RIN 268 at 10.161.243.27
# System status:
#	** No system alarms **
# Cards status:
#	** No alarmed cards (21 cards checked) **

################## Milegate BSA-A48-3  RIN 269 at 10.161.253.81
# System status:
#	** No system alarms **
# Cards status:
#	** No alarmed cards (18 cards checked) **

################## Milegate BSA-A49-0  RIN 32 at 10.161.12.43
# System status:
#	** No system alarms **
# Cards status:
#	** No alarmed cards (13 cards checked) **

################## Milegate BSA-A49-3  RIN 33 at 10.161.15.68
# System status:
#	** No system alarms **
# Cards status:
#	** No alarmed cards (20 cards checked) **

################## Milegate BSA-A50-2  RIN 320 at 10.161.243.78
# System status:
#	** No system alarms **
# Cards status:
#	** No alarmed cards (12 cards checked) **

################## Milegate BSA-A51-2  RIN 315 at 10.161.243.72
# System status:
#	** No system alarms **
# Cards status:
#	** No alarmed cards (17 cards checked) **

################## Milegate BSA-A52-2  RIN 308 at 10.161.18.143
# System status:
#	** No system alarms **
# Cards status:
#	** No alarmed cards (19 cards checked) **

################## Milegate BSA-A52-1  RIN 309 at 10.161.17.16
# System status:
#	** No system alarms **
# Cards status:
#	** No alarmed cards (18 cards checked) **

################## Milegate BSA-A53-3  RIN 285 at 10.161.18.180
# System status:
#	** No system alarms **
# Cards status:
#	** No alarmed cards (19 cards checked) **

################## Milegate BSA-A53-4  RIN 286 at 10.161.15.51
# System status:
#	** No system alarms **
# Cards status:
#	** No alarmed cards (20 cards checked) **

################## Milegate BSA-A54-2  RIN 304 at 10.161.243.56
# System status:
#	** No system alarms **
# Cards status:
#	** No alarmed cards (21 cards checked) **

################## Milegate BSA-A54-0  RIN 305 at 10.161.12.45
# System status:
#	** No system alarms **
# Cards status:
#	** No alarmed cards (18 cards checked) **

################## Milegate BSA-A55  RIN 279 at 10.161.17.137
# System status:
#	** No system alarms **
# Cards status:
#	** No alarmed cards (20 cards checked) **

################## Milegate BSA-A55-2  RIN 280 at 10.161.243.14
# System status:
#	Alarm >> fan: Partial Fan Breakdown
# Cards status:
#	** No alarmed cards (20 cards checked) **

################## Milegate BSA-A55-0  RIN 32 at 10.161.29.26
# System status:
#	** No system alarms **
# Cards status:
#	** No alarmed cards (18 cards checked) **

################## Milegate BSA-A56-2  RIN 368 at 10.161.243.105
# System status:
#	** No system alarms **
# Cards status:
#	** No alarmed cards (17 cards checked) **

################## Milegate BSA-A57-2  RIN 365 at 10.161.243.79
# System status:
#	Alarm >> ne: NE Temperature Limit Approaching
# Cards status:
#	** No alarmed cards (15 cards checked) **

################## Milegate BSA-A58-7  RIN 30 at 10.161.15.52
# System status:
#	** No system alarms **
# Cards status:
#	** No alarmed cards (20 cards checked) **

################## Milegate BSA-A58  RIN 360 at 10.161.17.154
# System status:
#	** No system alarms **
# Cards status:
#	** No alarmed cards (17 cards checked) **

################## Milegate BSA-A58-5  RIN 361 at 10.161.17.148
# System status:
#	** No system alarms **
# Cards status:
#	** No alarmed cards (21 cards checked) **

################## Milegate BSA-A58-3  RIN 362 at 10.161.18.181
# System status:
#	** No system alarms **
# Cards status:
#	** No alarmed cards (20 cards checked) **

################## Milegate BSA-A59-5  RIN 17 at 10.161.243.10
# System status:
#	** No system alarms **
# Cards status:
#	** No alarmed cards (21 cards checked) **

################## Milegate BSA-A60-2  RIN 2 at 10.161.243.6
# System status:
#	Alarm >> ne: Loss Of Signal On PDH Clock Source 2
#	Alarm >> fan: Unit Not Available
# Cards status:
#	** No alarmed cards (21 cards checked) **

################## Milegate BSA-A60-1  RIN 5 at 10.161.12.58
# System status:
#	** No system alarms **
# Cards status:
#	** No alarmed cards (20 cards checked) **

################## Milegate BSA-A61-2  RIN 4 at 10.161.243.8
################## Milegate BSA-A62-2  RIN 296 at 10.161.243.33
# System status:
#	** No system alarms **
# Cards status:
#	** No alarmed cards (21 cards checked) **

################## Milegate BSA-A62-3  RIN 297 at 10.161.15.15
# System status:
#	Alarm >> ne: Protecting CU Active
# Cards status:
#	** No alarmed cards (21 cards checked) **

################## Milegate BSA-A63-2  RIN 276 at 10.161.243.3
# System status:
#	** No system alarms **
# Cards status:
#	** No alarmed cards (21 cards checked) **

################## Milegate BSA-A63-6  RIN 490 at 10.161.253.113
# System status:
#	Alarm >> ne: Loss Of Signal On PDH Clock Source 1
#	Alarm >> ne: Loss Of Signal On PDH Clock Source 2
# Cards status:
#	** No alarmed cards (15 cards checked) **

################## Milegate BSA-A64-3  RIN 301 at 10.161.243.54
# System status:
#	** No system alarms **
# Cards status:
#	** No alarmed cards (21 cards checked) **

################## Milegate BSA-A65-2  RIN 66 at 10.161.17.142
# System status:
#	** No system alarms **
# Cards status:
#	** No alarmed cards (16 cards checked) **

################## Milegate BSA-A68-2  RIN 43 at 10.161.18.170
# System status:
#	Alarm >> ne: Protecting CU Active
# Cards status:
#	** No alarmed cards (21 cards checked) **

################## Milegate BSA-A69  RIN 343 at 10.161.243.12
# System status:
#	Alarm >> ne: Protecting CU Active
# Cards status:
#	** No alarmed cards (21 cards checked) **

################## Milegate BSA-A70  RIN 106 at 10.161.18.159
# System status:
#	** No system alarms **
# Cards status:
#	** No alarmed cards (20 cards checked) **

################## Milegate BSA-A70-2  RIN 107 at 10.161.18.160
# System status:
#	** No system alarms **
# Cards status:
#	** No alarmed cards (20 cards checked) **

################## Milegate BSA-A70-3  RIN 108 at 10.161.18.177
# System status:
#	** No system alarms **
# Cards status:
#	** No alarmed cards (21 cards checked) **

################## Milegate BSA-A70-0  RIN 109 at 10.161.17.110
# System status:
#	Alarm >> fan: Partial Fan Breakdown
# Cards status:
#	** No alarmed cards (20 cards checked) **

################## Milegate BSA-A71  RIN 102 at 10.161.18.161
# System status:
#	Alarm >> ne: Loss Of Signal On PDH Clock Source 2
# Cards status:
#	** No alarmed cards (18 cards checked) **

################## Milegate BSA-A71-2  RIN 103 at 10.161.18.162
# System status:
#	** No system alarms **
# Cards status:
#	** No alarmed cards (21 cards checked) **

################## Milegate BSA-A71-3  RIN 104 at 10.161.18.171
# System status:
#	** No system alarms **
# Cards status:
#	** No alarmed cards (20 cards checked) **

################## Milegate BSA-A71-0  RIN 105 at 10.161.17.111
# System status:
#	** No system alarms **
# Cards status:
#	** No alarmed cards (15 cards checked) **

################## Milegate BSA-A72  RIN 144 at 10.161.18.173
# System status:
#	** No system alarms **
# Cards status:
#	** No alarmed cards (20 cards checked) **

################## Milegate BSA-A72-2  RIN 145 at 10.161.18.174
# System status:
#	Alarm >> ne: Protecting CU Active
# Cards status:
#	** No alarmed cards (21 cards checked) **

################## Milegate BSA-A72-6  RIN 146 at 10.161.15.193
# System status:
#	** No system alarms **
# Cards status:
#	** No alarmed cards (10 cards checked) **

################## Milegate BSA-A73  RIN 148 at 10.161.18.175
# System status:
#	** No system alarms **
# Cards status:
#	** No alarmed cards (20 cards checked) **

################## Milegate BSA-A73-2  RIN 149 at 10.161.18.176
# System status:
#	** No system alarms **
# Cards status:
#	** No alarmed cards (20 cards checked) **

################## Milegate BSA-A73-3  RIN 150 at 10.161.243.129
# System status:
#	** No system alarms **
# Cards status:
#	** No alarmed cards (21 cards checked) **

################## Milegate BSA-A75-3  RIN 83 at 10.161.241.24
# System status:
#	Alarm >> fan: Total Fan Breakdown
# Cards status:
#	** No alarmed cards (20 cards checked) **

################## Milegate BSA-A76-2  RIN 86 at 10.161.12.100
# System status:
#	** No system alarms **
# Cards status:
#	** No alarmed cards (21 cards checked) **

################## Milegate BSA-A76-0  RIN 87 at 10.161.12.21
# System status:
#	** No system alarms **
# Cards status:
#	** No alarmed cards (21 cards checked) **

################## Milegate BSA-A77-2  RIN 332 at 10.161.243.28
# System status:
#	** No system alarms **
# Cards status:
#	** No alarmed cards (17 cards checked) **

################## Milegate BSA-A77-0  RIN 576 at 10.161.17.54
# System status:
#	** No system alarms **
# Cards status:
#	** No alarmed cards (19 cards checked) **

################## Milegate BSA-A78-2  RIN 336 at 10.161.243.81
# System status:
#	Alarm >> ne: Protecting CU Active
# Cards status:
#	** No alarmed cards (15 cards checked) **

################## Milegate BSA-A79-0  RIN 105 at 10.161.12.24
# System status:
#	** No system alarms **
# Cards status:
#	** No alarmed cards (19 cards checked) **

################## Milegate BSA-A79-4  RIN 106 at 10.161.243.253
# System status:
#	Alarm >> ne: Protecting CU Active
# Cards status:
#	** No alarmed cards (21 cards checked) **

################## Milegate BSA-A80-2  RIN 340 at 10.161.243.98
# System status:
#	** No system alarms **
# Cards status:
#	** No alarmed cards (20 cards checked) **

################## Milegate BSA-A81-2  RIN 108 at 10.161.18.145
# System status:
#	** No system alarms **
# Cards status:
#	** No alarmed cards (20 cards checked) **

################## Milegate BSA-A82-0  RIN 122 at 10.161.17.50
# System status:
#	Alarm >> fan: Total Fan Breakdown
# Cards status:
#	** No alarmed cards (19 cards checked) **

################## Milegate BSA-A83-2  RIN 115 at 10.161.18.165
# System status:
#	** No system alarms **
# Cards status:
#	** No alarmed cards (10 cards checked) **

################## Milegate BSA-A84-99  RIN 126 at 10.161.18.198
# System status:
#	Alarm >> ne: Protecting CU Active
# Cards status:
#	** No alarmed cards (18 cards checked) **

################## Milegate BSA-A85-2  RIN 165 at 10.161.18.241
# System status:
#	** No system alarms **
# Cards status:
#	** No alarmed cards (21 cards checked) **

################## Milegate BSA-A85-3  RIN 166 at 10.161.18.242
# System status:
#	Alarm >> ne: Protecting CU Active
# Cards status:
#	** No alarmed cards (16 cards checked) **

################## Milegate BSA-A86-0  RIN 239 at 10.161.12.34
# System status:
#	** No system alarms **
# Cards status:
#	** No alarmed cards (18 cards checked) **

################## Milegate BSA-A87-3  RIN 242 at 10.161.18.253
################## Milegate BSA-A90  RIN 192 at 10.161.17.162
# System status:
#	** No system alarms **
# Cards status:
#	** No alarmed cards (20 cards checked) **

################## Milegate BSA-A90-2  RIN 193 at 10.161.18.227
# System status:
#	Alarm >> fan: Total Fan Breakdown
# Cards status:
#	** No alarmed cards (21 cards checked) **

################## Milegate BSA-A90-0  RIN 194 at 10.161.253.62
# System status:
#	** No system alarms **
# Cards status:
#	** No alarmed cards (21 cards checked) **

################## Milegate BSA-A91-2  RIN 111 at 10.161.15.161
# System status:
#	Alarm >> ne: Protecting CU Active
# Cards status:
#	** No alarmed cards (21 cards checked) **

################## Milegate BSA-A91-99  RIN 27 at 10.161.243.231
# System status:
#	** No system alarms **
# Cards status:
#	** No alarmed cards (21 cards checked) **

################## Milegate BSA-A91-6  RIN 501 at 10.161.253.118
# System status:
#	Alarm >> ne: Protecting CU Active
# Cards status:
#	** No alarmed cards (18 cards checked) **

################## Milegate BSA-A92  RIN 160 at 10.161.18.191
# System status:
#	** No system alarms **
# Cards status:
#	** No alarmed cards (19 cards checked) **

################## Milegate BSA-A92-2  RIN 161 at 10.161.243.91
# System status:
#	Alarm >> ne: Protecting CU Active
# Cards status:
#	** No alarmed cards (20 cards checked) **

################## Milegate BSA-A92-3  RIN 162 at 10.161.15.109
# System status:
#	** No system alarms **
# Cards status:
#	** No alarmed cards (13 cards checked) **

################## Milegate BSA-A97-6  RIN 234 at 10.161.17.216
# System status:
#	Alarm >> ne: Protecting CU Active
# Cards status:
#	** No alarmed cards (21 cards checked) **

################## Milegate BSA-A98-2  RIN 32 at 10.161.243.113
# System status:
#	Alarm >> fan: Partial Fan Breakdown
# Cards status:
#	** No alarmed cards (20 cards checked) **

################## Milegate BSA-A98-3  RIN 33 at 10.161.253.92
# System status:
#	** No system alarms **
# Cards status:
#	** No alarmed cards (21 cards checked) **

################## Milegate BSA-A99-0  RIN 38 at 10.161.29.82
# System status:
#	** No system alarms **
# Cards status:
#	** No alarmed cards (16 cards checked) **

################## Milegate BSA-A99-3  RIN 39 at 10.161.15.159
# System status:
#	Alarm >> ne: Protecting CU Active
# Cards status:
#	** No alarmed cards (20 cards checked) **

################## Milegate BSA-C01-0  RIN 272 at 10.161.21.132
# System status:
#	** No system alarms **
# Cards status:
#	** No alarmed cards (18 cards checked) **

################## Milegate BSA-C02-2  RIN 278 at 10.161.18.164
# System status:
#	** No system alarms **
# Cards status:
#	** No alarmed cards (20 cards checked) **

################## Milegate BSA-C02-3  RIN 279 at 10.161.15.1
# System status:
#	** No system alarms **
# Cards status:
#	** No alarmed cards (20 cards checked) **

################## Milegate BSA-C03-2  RIN 282 at 10.161.243.4
# System status:
#	Alarm >> ne: Protecting CU Active
# Cards status:
#	** No alarmed cards (20 cards checked) **

################## Milegate BSA-C03-3  RIN 283 at 10.161.243.71
# System status:
#	** No system alarms **
# Cards status:
#	** No alarmed cards (20 cards checked) **

################## Milegate BSA-C03-4  RIN 284 at 10.161.253.94
# System status:
#	** No system alarms **
# Cards status:
#	** No alarmed cards (19 cards checked) **

################## Milegate BSA-C04-2  RIN 266 at 10.161.243.80
# System status:
#	** No system alarms **
# Cards status:
#	** No alarmed cards (20 cards checked) **

################## Milegate BSA-C04-3  RIN 267 at 10.161.15.50
# System status:
#	** No system alarms **
# Cards status:
#	** No alarmed cards (20 cards checked) **

################## Milegate BSA-C04-0  RIN 579 at 10.161.241.4
# System status:
#	** No system alarms **
# Cards status:
#	** No alarmed cards (18 cards checked) **

################## Milegate BSA-C05-3  RIN 181 at 10.161.243.157
# System status:
#	** No system alarms **
# Cards status:
#	** No alarmed cards (20 cards checked) **

################## Milegate BSA-C05-6  RIN 183 at 10.161.15.105
# System status:
#	** No system alarms **
# Cards status:
#	** No alarmed cards (14 cards checked) **

################## Milegate BSA-C06  RIN 23 at 10.161.243.73
# System status:
#	** No system alarms **
# Cards status:
#	** No alarmed cards (20 cards checked) **

################## Milegate BSA-C06-2  RIN 35 at 10.161.243.193
# System status:
#	Alarm >> ne: Protecting CU Active
#	Alarm >> fan: Partial Fan Breakdown
# Cards status:
#	** No alarmed cards (20 cards checked) **

################## Milegate BSA-C06-6  RIN 393 at 10.161.15.104
# System status:
#	** No system alarms **
# Cards status:
#	** No alarmed cards (12 cards checked) **

################## Milegate BSA-C07-5  RIN 212 at 10.161.15.35
# System status:
#	Alarm >> ne: Protecting CU Active
# Cards status:
#	** No alarmed cards (20 cards checked) **

################## Milegate BSA-C07-0  RIN 213 at 10.161.241.18
# System status:
#	** No system alarms **
# Cards status:
#	** No alarmed cards (14 cards checked) **

################## Milegate BSA-C07-6  RIN 600 at 10.161.253.121
# System status:
#	** No system alarms **
# Cards status:
#	** No alarmed cards (12 cards checked) **

################## Milegate BSA-C08  RIN 215 at 10.161.243.103
# System status:
#	** No system alarms **
# Cards status:
#	** No alarmed cards (21 cards checked) **

################## Milegate BSA-C08-3  RIN 217 at 10.161.15.47
# System status:
#	** No system alarms **
# Cards status:
#	** No alarmed cards (20 cards checked) **

################## Milegate BSA-C08-4  RIN 218 at 10.161.253.12
# System status:
#	Alarm >> fan: Partial Fan Breakdown
# Cards status:
#	** No alarmed cards (15 cards checked) **

################## Milegate BSA-C09  RIN 110 at 10.161.243.111
# System status:
#	** No system alarms **
# Cards status:
#	** No alarmed cards (19 cards checked) **

################## Milegate BSA-C09-2  RIN 111 at 10.161.243.112
# System status:
#	Alarm >> fan: Partial Fan Breakdown
# Cards status:
#	** No alarmed cards (19 cards checked) **

################## Milegate BSA-C09-4  RIN 112 at 10.161.243.239
# System status:
#	** No system alarms **
# Cards status:
#	** No alarmed cards (18 cards checked) **

################## Milegate BSA-C09-5  RIN 119 at 10.161.253.96
# System status:
#	** No system alarms **
# Cards status:
#	** No alarmed cards (18 cards checked) **

################## Milegate BSA-C10-2  RIN 82 at 10.161.243.137
# System status:
#	** No system alarms **
# Cards status:
#	** No alarmed cards (21 cards checked) **

################## Milegate BSA-C10  RIN 83 at 10.161.243.108
# System status:
#	Alarm >> ne: Loss Of Signal On PDH Clock Source 2
################## Milegate BSA-C10-99  RIN 84 at 10.161.15.74
# System status:
#	** No system alarms **
# Cards status:
#	** No alarmed cards (19 cards checked) **

################## Milegate BSA-C11  RIN 78 at 10.161.243.109
# System status:
#	** No system alarms **
# Cards status:
#	** No alarmed cards (20 cards checked) **

################## Milegate BSA-C11-2  RIN 79 at 10.161.243.110
# System status:
#	** No system alarms **
# Cards status:
#	** No alarmed cards (20 cards checked) **

################## Milegate BSA-C11-3  RIN 80 at 10.161.18.208
# System status:
#	Alarm >> ne: Protecting CU Active
#	Alarm >> fan: Partial Fan Breakdown
# Cards status:
#	** No alarmed cards (20 cards checked) **

################## Milegate BSA-C12  RIN 86 at 10.161.243.107
# System status:
#	Alarm >> ne: Protecting CU Active
# Cards status:
#	** No alarmed cards (21 cards checked) **

################## Milegate BSA-C12-99  RIN 87 at 10.161.18.197
# System status:
#	** No system alarms **
# Cards status:
#	** No alarmed cards (21 cards checked) **

################## Milegate BSA-C12-6  RIN 88 at 10.161.253.21
# System status:
#	** No system alarms **
# Cards status:
#	** No alarmed cards (19 cards checked) **

################## Milegate BSA-C13  RIN 172 at 10.161.243.138
# System status:
#	Alarm >> ne: Protecting CU Active
# Cards status:
#	** No alarmed cards (20 cards checked) **

################## Milegate BSA-C13-2  RIN 175 at 10.161.243.153
# System status:
#	** No system alarms **
# Cards status:
#	** No alarmed cards (20 cards checked) **

################## Milegate BSA-C13-5  RIN 176 at 10.161.241.27
# System status:
#	Alarm >> ne: Loss Of Signal On PDH Clock Source 3
# Cards status:
#	** No alarmed cards (18 cards checked) **

################## Milegate BSA-C15-0  RIN 57 at 10.161.241.30
# System status:
#	** No system alarms **
# Cards status:
#	** No alarmed cards (16 cards checked) **

################## Milegate BSA-C16-99  RIN 100 at 10.161.243.212
# System status:
#	** No system alarms **
# Cards status:
#	** No alarmed cards (19 cards checked) **

################## Milegate BSA-C16-5  RIN 102 at 10.161.241.29
# System status:
#	** No system alarms **
# Cards status:
#	** No alarmed cards (19 cards checked) **

################## Milegate BSA-C17  RIN 77 at 10.161.243.169
# System status:
#	** No system alarms **
# Cards status:
#	** No alarmed cards (21 cards checked) **

################## Milegate BSA-C17-0  RIN 78 at 10.161.241.33
# System status:
#	** No system alarms **
# Cards status:
#	** No alarmed cards (21 cards checked) **

################## Milegate BSA-C18  RIN 97 at 10.161.243.171
# System status:
#	** No system alarms **
# Cards status:
#	** No alarmed cards (21 cards checked) **

################## Milegate BSA-C18-0  RIN 98 at 10.161.243.172
# System status:
#	** No system alarms **
# Cards status:
#	** No alarmed cards (21 cards checked) **

################## Milegate BSA-C19  RIN 103 at 10.161.243.165
# System status:
#	** No system alarms **
# Cards status:
#	** No alarmed cards (21 cards checked) **

################## Milegate BSA-C19-0  RIN 104 at 10.161.243.166
# System status:
#	** No system alarms **
# Cards status:
#	** No alarmed cards (21 cards checked) **

################## Milegate BSA-C19-1  RIN 105 at 10.161.18.194
# System status:
#	** No system alarms **
# Cards status:
#	** No alarmed cards (20 cards checked) **

################## Milegate BSA-C21  RIN 219 at 10.161.243.187
################## Milegate BSA-C21-2  RIN 220 at 10.161.243.237
################## Milegate BSA-C21-3  RIN 33 at 10.161.15.67
################## Milegate BSA-C21-1  RIN 432 at 10.161.253.108
# System status:
#	** No system alarms **
# Cards status:
#	** No alarmed cards (11 cards checked) **

################## Milegate BSA-C21-7  RIN 433 at 10.161.253.109
# System status:
#	** No system alarms **
# Cards status:
#	** No alarmed cards (18 cards checked) **

################## Milegate BSA-C21-8  RIN 434 at 10.161.253.110
# System status:
#	** No system alarms **
# Cards status:
#	** No alarmed cards (18 cards checked) **

################## Milegate BSA-C21-9  RIN 435 at 10.161.253.111
# System status:
#	** No system alarms **
# Cards status:
#	** No alarmed cards (18 cards checked) **

################## Milegate BSA-C22-6  RIN 122 at 10.161.253.122
# System status:
#	Alarm >> ne: Loss Of Signal On PDH Clock Source 1
# Cards status:
#	** No alarmed cards (14 cards checked) **

################## Milegate BSA-C22  RIN 123 at 10.161.243.246
# System status:
#	** No system alarms **
# Cards status:
#	** No alarmed cards (20 cards checked) **

################## Milegate BSA-C22-1  RIN 124 at 10.161.241.45
# System status:
#	** No system alarms **
# Cards status:
#	** No alarmed cards (15 cards checked) **

################## Milegate BSA-C22-5  RIN 125 at 10.161.15.103
# System status:
#	** No system alarms **
# Cards status:
#	** No alarmed cards (21 cards checked) **

################## Milegate BSA-C23  RIN 127 at 10.161.243.247
# System status:
#	Alarm >> ne: Protecting CU Active
#	Alarm >> fan: Partial Fan Breakdown
# Cards status:
#	** No alarmed cards (20 cards checked) **

################## Milegate BSA-C23-1  RIN 128 at 10.161.241.46
# System status:
#	** No system alarms **
# Cards status:
#	** No alarmed cards (15 cards checked) **

################## Milegate BSA-C23-2  RIN 129 at 10.161.15.158
# System status:
#	** No system alarms **
# Cards status:
#	** No alarmed cards (21 cards checked) **

################## Milegate BSA-C24-0  RIN 6 at 10.161.243.102
# System status:
#	** No system alarms **
# Cards status:
#	** No alarmed cards (19 cards checked) **

################## Milegate BSA-C24  RIN 7 at 10.161.243.175
# System status:
#	** No system alarms **
# Cards status:
#	** No alarmed cards (20 cards checked) **

################## Milegate BSA-C24-2  RIN 8 at 10.161.15.160
# System status:
#	** No system alarms **
# Cards status:
#	** No alarmed cards (21 cards checked) **

################## Milegate BSA-C25-0  RIN 10 at 10.161.18.225
# System status:
#	** No system alarms **
# Cards status:
#	** No alarmed cards (19 cards checked) **

################## Milegate BSA-C25  RIN 11 at 10.161.18.226
# System status:
#	** No system alarms **
# Cards status:
#	** No alarmed cards (21 cards checked) **

################## Milegate BSA-C25-2  RIN 12 at 10.161.15.110
# System status:
#	** No system alarms **
# Cards status:
#	** No alarmed cards (21 cards checked) **

################## Milegate BSA-C25-6  RIN 328 at 10.161.253.120
# System status:
#	Alarm >> ne: Protecting CU Active
# Cards status:
#	** No alarmed cards (8 cards checked) **

################## Milegate BSA-C26-0  RIN 131 at 10.161.243.251
# System status:
#	** No system alarms **
# Cards status:
#	** No alarmed cards (19 cards checked) **

################## Milegate BSA-C26  RIN 132 at 10.161.243.252
# System status:
#	Alarm >> fan: Partial Fan Breakdown
# Cards status:
#	** No alarmed cards (21 cards checked) **

################## Milegate BSA-C27-5  RIN 147 at 10.161.253.126
# System status:
#	** No system alarms **
# Cards status:
#	** No alarmed cards (8 cards checked) **

################## Milegate BSA-C27-0  RIN 2 at 10.161.15.42
# System status:
#	** No system alarms **
# Cards status:
#	** No alarmed cards (21 cards checked) **

################## Milegate BSA-C27-1  RIN 3 at 10.161.15.43
# System status:
#	** No system alarms **
# Cards status:
#	** No alarmed cards (21 cards checked) **

################## Milegate BSA-C27-4  RIN 4 at 10.161.15.44
# System status:
#	** No system alarms **
# Cards status:
#	** No alarmed cards (19 cards checked) **

################## Milegate BSA-C28-0  RIN 321 at 10.161.15.72
# System status:
#	** No system alarms **
# Cards status:
#	** No alarmed cards (15 cards checked) **

################## Milegate BSA-C28-4  RIN 322 at 10.161.15.73
# System status:
#	** No system alarms **
# Cards status:
#	** No alarmed cards (20 cards checked) **

################## Milegate BSA-C28-2  RIN 4 at 10.161.15.147
# System status:
#	** No system alarms **
# Cards status:
#	** No alarmed cards (19 cards checked) **

################## Milegate BSA-C28-3  RIN 5 at 10.161.15.155
# System status:
#	Alarm >> ne: Protecting CU Active
# Cards status:
#	** No alarmed cards (20 cards checked) **

################## Milegate BSA-C29-0  RIN 300 at 10.161.15.70
# System status:
#	Alarm >> ne: Loss Of Signal On PDH Clock Source 1
# Cards status:
#	** No alarmed cards (16 cards checked) **

################## Milegate BSA-C29  RIN 301 at 10.161.15.71
# System status:
#	** No system alarms **
# Cards status:
#	** No alarmed cards (20 cards checked) **

################## Milegate BSA-C29-1  RIN 8 at 10.161.15.148
# System status:
#	Alarm >> ne: Protecting CU Active
# Cards status:
#	** No alarmed cards (18 cards checked) **

################## Milegate BSA-C29-2  RIN 9 at 10.161.15.156
# System status:
#	** No system alarms **
# Cards status:
#	** No alarmed cards (20 cards checked) **

################## Milegate BSA-C30-4  RIN 291 at 10.161.15.86
# System status:
#	Alarm >> ne: Protecting CU Active
# Cards status:
#	** No alarmed cards (20 cards checked) **

################## Milegate BSA-C30-5  RIN 292 at 10.161.15.87
# System status:
#	** No system alarms **
# Cards status:
#	** No alarmed cards (19 cards checked) **

################## Milegate BSA-C30-6  RIN 325 at 10.161.15.85
# System status:
#	Alarm >> ne: Protecting CU Active
# Cards status:
#	** No alarmed cards (19 cards checked) **

################## Milegate BSA-C30-3  RIN 326 at 10.161.15.154
# System status:
#	Alarm >> ne: Protecting CU Active
#	Alarm >> fan: Partial Fan Breakdown
# Cards status:
#	** No alarmed cards (18 cards checked) **

################## Milegate BSA-C31-4  RIN 264 at 10.161.15.99
# System status:
#	** No system alarms **
# Cards status:
#	** No alarmed cards (20 cards checked) **

################## Milegate BSA-C31-5  RIN 265 at 10.161.15.100
# System status:
#	** No system alarms **
# Cards status:
#	** No alarmed cards (18 cards checked) **

################## Milegate BSA-C31-0  RIN 266 at 10.161.15.98
# System status:
#	** No system alarms **
# Cards status:
#	** No alarmed cards (18 cards checked) **

################## Milegate BSA-C31-6  RIN 267 at 10.161.15.151
# System status:
#	** No system alarms **
# Cards status:
#	** No alarmed cards (20 cards checked) **

################## Milegate BSA-C32-0  RIN 295 at 10.161.15.83
# System status:
#	** No system alarms **
# Cards status:
#	** No alarmed cards (14 cards checked) **

################## Milegate BSA-C32-4  RIN 296 at 10.161.15.84
# System status:
#	** No system alarms **
# Cards status:
#	** No alarmed cards (20 cards checked) **

################## Milegate BSA-C32-5  RIN 327 at 10.161.15.149
# System status:
#	** No system alarms **
# Cards status:
#	** No alarmed cards (18 cards checked) **

################## Milegate BSA-C32-6  RIN 328 at 10.161.15.150
# System status:
#	** No system alarms **
# Cards status:
#	** No alarmed cards (20 cards checked) **

################## Milegate BSA-C33-0  RIN 268 at 10.161.15.78
# System status:
#	** No system alarms **
# Cards status:
#	** No alarmed cards (19 cards checked) **

################## Milegate BSA-C33-4  RIN 269 at 10.161.15.79
# System status:
#	** No system alarms **
# Cards status:
#	** No alarmed cards (20 cards checked) **

################## Milegate BSA-C33-2  RIN 270 at 10.161.15.152
# System status:
#	** No system alarms **
# Cards status:
#	** No alarmed cards (18 cards checked) **

################## Milegate BSA-C33-3  RIN 271 at 10.161.15.153
# System status:
#	Alarm >> ne: Protecting CU Active
# Cards status:
#	** No alarmed cards (20 cards checked) **

################## Milegate BSA-C34-5  RIN 223 at 10.161.253.27
# System status:
#	Alarm >> ne: Protecting CU Active
# Cards status:
#	** No alarmed cards (20 cards checked) **

################## Milegate BSA-C34-99  RIN 36 at 10.161.15.75
# System status:
#	Alarm >> fan: Partial Fan Breakdown
# Cards status:
#	** No alarmed cards (19 cards checked) **

################## Milegate BSA-C34-2-99  RIN 37 at 10.161.15.76
# System status:
#	Alarm >> ne: Protecting CU Active
# Cards status:
#	** No alarmed cards (20 cards checked) **

################## Milegate BSA-C35-0  RIN 284 at 10.161.15.111
# System status:
#	** No system alarms **
# Cards status:
#	** No alarmed cards (16 cards checked) **

################## Milegate BSA-C35-1  RIN 285 at 10.161.15.112
# System status:
#	Alarm >> ne: Protecting CU Active
# Cards status:
#	** No alarmed cards (21 cards checked) **

################## Milegate BSA-C35-2  RIN 286 at 10.161.15.194
# System status:
#	** No system alarms **
# Cards status:
#	** No alarmed cards (14 cards checked) **

################## Milegate BSA-C35-3  RIN 287 at 10.161.15.195
# System status:
#	** No system alarms **
# Cards status:
#	** No alarmed cards (20 cards checked) **

################## Milegate BSA-C36-0  RIN 288 at 10.161.15.113
# System status:
#	** No system alarms **
# Cards status:
#	** No alarmed cards (19 cards checked) **

################## Milegate BSA-C36-1  RIN 289 at 10.161.15.114
# System status:
#	Alarm >> ne: Protecting CU Active
# Cards status:
#	** No alarmed cards (20 cards checked) **

################## Milegate BSA-C36-2  RIN 290 at 10.161.15.198
# System status:
#	** No system alarms **
# Cards status:
#	** No alarmed cards (18 cards checked) **

################## Milegate BSA-C36-3  RIN 297 at 10.161.15.199
# System status:
#	** No system alarms **
# Cards status:
#	Alarm >> unit-21 - SUEN6 R1C - Failed

################## Milegate BSA-C37-0  RIN 293 at 10.161.15.115
# System status:
#	** No system alarms **
# Cards status:
#	** No alarmed cards (18 cards checked) **

################## Milegate BSA-C37-1  RIN 294 at 10.161.15.116
# System status:
#	** No system alarms **
# Cards status:
#	** No alarmed cards (21 cards checked) **

################## Milegate BSA-C37-2  RIN 298 at 10.161.15.200
# System status:
#	Alarm >> ne: Protecting CU Active
# Cards status:
#	** No alarmed cards (18 cards checked) **

################## Milegate BSA-C37-3  RIN 299 at 10.161.15.201
# System status:
#	** No system alarms **
# Cards status:
#	** No alarmed cards (17 cards checked) **

################## Milegate BSA-C38-0  RIN 305 at 10.161.15.117
# System status:
#	** No system alarms **
# Cards status:
#	** No alarmed cards (18 cards checked) **

################## Milegate BSA-C38  RIN 306 at 10.161.15.118
# System status:
#	** No system alarms **
# Cards status:
#	** No alarmed cards (20 cards checked) **

################## Milegate BSA-C38-2  RIN 307 at 10.161.15.119
# System status:
#	Alarm >> ne: Protecting CU Active
# Cards status:
#	** No alarmed cards (19 cards checked) **

################## Milegate BSA-C38-3  RIN 308 at 10.161.253.68
# System status:
#	** No system alarms **
# Cards status:
#	** No alarmed cards (20 cards checked) **

################## Milegate BSA-C39-0  RIN 309 at 10.161.15.120
# System status:
#	** No system alarms **
# Cards status:
#	** No alarmed cards (20 cards checked) **

################## Milegate BSA-C39  RIN 310 at 10.161.15.121
# System status:
#	** No system alarms **
# Cards status:
#	** No alarmed cards (20 cards checked) **

################## Milegate BSA-C39-2  RIN 311 at 10.161.15.122
# System status:
#	** No system alarms **
# Cards status:
#	** No alarmed cards (20 cards checked) **

################## Milegate BSA-C39-3  RIN 312 at 10.161.15.202
# System status:
#	** No system alarms **
# Cards status:
#	** No alarmed cards (20 cards checked) **

################## Milegate BSA-C40-0  RIN 313 at 10.161.15.123
# System status:
#	** No system alarms **
# Cards status:
#	** No alarmed cards (18 cards checked) **

################## Milegate BSA-C40  RIN 314 at 10.161.15.124
# System status:
#	** No system alarms **
# Cards status:
#	** No alarmed cards (20 cards checked) **

################## Milegate BSA-C40-1  RIN 315 at 10.161.15.203
# System status:
#	** No system alarms **
# Cards status:
#	** No alarmed cards (18 cards checked) **

################## Milegate BSA-C40-6  RIN 316 at 10.161.15.204
# System status:
#	Alarm >> ne: Loss Of Signal On PDH Clock Source 2
#	Alarm >> ne: Protecting CU Active
# Cards status:
#	** No alarmed cards (20 cards checked) **

################## Milegate BSA-C41-0  RIN 317 at 10.161.15.125
# System status:
#	** No system alarms **
# Cards status:
#	** No alarmed cards (19 cards checked) **

################## Milegate BSA-C41  RIN 318 at 10.161.15.126
# System status:
#	** No system alarms **
# Cards status:
#	** No alarmed cards (20 cards checked) **

################## Milegate BSA-C41-5  RIN 319 at 10.161.15.205
# System status:
#	** No system alarms **
# Cards status:
#	** No alarmed cards (20 cards checked) **

################## Milegate BSA-C41-6  RIN 320 at 10.161.15.206
# System status:
#	Alarm >> ne: Loss Of Signal On PDH Clock Source 2
# Cards status:
#	** No alarmed cards (21 cards checked) **

################## Milegate BSA-C42-0  RIN 30 at 10.161.15.81
# System status:
#	** No system alarms **
# Cards status:
#	** No alarmed cards (19 cards checked) **

################## Milegate BSA-C42  RIN 31 at 10.161.15.82
# System status:
#	** No system alarms **
# Cards status:
#	** No alarmed cards (21 cards checked) **

################## Milegate BSA-C42-2  RIN 32 at 10.161.15.127
# System status:
#	** No system alarms **
# Cards status:
#	** No alarmed cards (18 cards checked) **

################## Milegate BSA-C42-3  RIN 33 at 10.161.15.162
# System status:
#	Alarm >> ne: Protecting CU Active
# Cards status:
#	** No alarmed cards (18 cards checked) **

################## Milegate BSA-C43-0  RIN 34 at 10.161.15.88
# System status:
#	** No system alarms **
# Cards status:
#	** No alarmed cards (16 cards checked) **

################## Milegate BSA-C43-4  RIN 35 at 10.161.15.89
# System status:
#	** No system alarms **
# Cards status:
#	** No alarmed cards (20 cards checked) **

################## Milegate BSA-C43-2  RIN 36 at 10.161.15.128
# System status:
#	** No system alarms **
# Cards status:
#	** No alarmed cards (18 cards checked) **

################## Milegate BSA-C43-3  RIN 37 at 10.161.15.129
# System status:
#	** No system alarms **
# Cards status:
#	** No alarmed cards (20 cards checked) **

################## Milegate BSA-C44-0  RIN 38 at 10.161.15.101
# System status:
#	** No system alarms **
# Cards status:
#	** No alarmed cards (14 cards checked) **

################## Milegate BSA-C44-4  RIN 39 at 10.161.15.102
# System status:
#	** No system alarms **
# Cards status:
#	** No alarmed cards (21 cards checked) **

################## Milegate BSA-C44-5  RIN 40 at 10.161.15.130
# System status:
#	** No system alarms **
# Cards status:
#	** No alarmed cards (18 cards checked) **

################## Milegate BSA-C44-6  RIN 41 at 10.161.15.131
# System status:
#	Alarm >> ne: Protecting CU Active
# Cards status:
#	** No alarmed cards (21 cards checked) **

################## Milegate BSA-C45-0  RIN 151 at 10.161.15.137
# System status:
#	** No system alarms **
# Cards status:
#	** No alarmed cards (14 cards checked) **

################## Milegate BSA-C45-4  RIN 152 at 10.161.15.138
# System status:
#	** No system alarms **
# Cards status:
#	** No alarmed cards (20 cards checked) **

################## Milegate BSA-C45-5  RIN 153 at 10.161.15.183
# System status:
#	** No system alarms **
# Cards status:
#	** No alarmed cards (18 cards checked) **

################## Milegate BSA-C45-6  RIN 154 at 10.161.15.184
# System status:
#	** No system alarms **
# Cards status:
#	** No alarmed cards (20 cards checked) **

################## Milegate BSA-C46-0  RIN 155 at 10.161.15.139
# System status:
#	Alarm >> ne: Protecting CU Active
# Cards status:
#	** No alarmed cards (14 cards checked) **

################## Milegate BSA-C46  RIN 156 at 10.161.15.140
# System status:
#	** No system alarms **
# Cards status:
#	** No alarmed cards (20 cards checked) **

################## Milegate BSA-C46-2  RIN 157 at 10.161.15.185
# System status:
#	** No system alarms **
# Cards status:
#	** No alarmed cards (18 cards checked) **

################## Milegate BSA-C46-3  RIN 158 at 10.161.15.186
# System status:
#	Alarm >> ne: Protecting CU Active
# Cards status:
#	** No alarmed cards (19 cards checked) **

################## Milegate BSA-C47-0  RIN 114 at 10.161.15.141
# System status:
#	** No system alarms **
# Cards status:
#	** No alarmed cards (14 cards checked) **

################## Milegate BSA-C47  RIN 115 at 10.161.15.142
# System status:
#	** No system alarms **
# Cards status:
#	** No alarmed cards (20 cards checked) **

################## Milegate BSA-C47-2  RIN 116 at 10.161.15.143
# System status:
#	** No system alarms **
# Cards status:
#	** No alarmed cards (18 cards checked) **

################## Milegate BSA-C47-6  RIN 117 at 10.161.253.17
# System status:
#	** No system alarms **
# Cards status:
#	** No alarmed cards (20 cards checked) **

################## Milegate BSA-C48-0  RIN 501 at 10.161.15.144
# System status:
#	** No system alarms **
# Cards status:
#	** No alarmed cards (18 cards checked) **

################## Milegate BSA-C48  RIN 502 at 10.161.15.145
# System status:
#	** No system alarms **
# Cards status:
#	** No alarmed cards (21 cards checked) **

################## Milegate BSA-C48-2  RIN 503 at 10.161.15.146
# System status:
#	** No system alarms **
# Cards status:
#	** No alarmed cards (21 cards checked) **

################## Milegate BSA-C48-3  RIN 504 at 10.161.253.9
# System status:
#	** No system alarms **
# Cards status:
#	** No alarmed cards (18 cards checked) **

################## Milegate BSA-C49-0  RIN 505 at 10.161.15.163
# System status:
#	** No system alarms **
# Cards status:
#	** No alarmed cards (14 cards checked) **

################## Milegate BSA-C49-4  RIN 506 at 10.161.15.164
# System status:
#	** No system alarms **
# Cards status:
#	** No alarmed cards (20 cards checked) **

################## Milegate BSA-C49-5  RIN 507 at 10.161.15.165
# System status:
#	** No system alarms **
# Cards status:
#	** No alarmed cards (18 cards checked) **

################## Milegate BSA-C49-6  RIN 508 at 10.161.15.166
# System status:
#	** No system alarms **
# Cards status:
#	** No alarmed cards (18 cards checked) **

################## Milegate BSA-C50-0  RIN 509 at 10.161.15.167
# System status:
#	** No system alarms **
# Cards status:
#	** No alarmed cards (13 cards checked) **

################## Milegate BSA-C50-1  RIN 510 at 10.161.15.168
# System status:
#	** No system alarms **
# Cards status:
#	** No alarmed cards (20 cards checked) **

################## Milegate BSA-C50-2  RIN 511 at 10.161.15.169
# System status:
#	** No system alarms **
# Cards status:
#	** No alarmed cards (18 cards checked) **

################## Milegate BSA-C50-3  RIN 512 at 10.161.15.170
# System status:
#	** No system alarms **
# Cards status:
#	** No alarmed cards (20 cards checked) **

################## Milegate BSA-C51-0  RIN 111 at 10.161.15.179
# System status:
#	** No system alarms **
# Cards status:
#	** No alarmed cards (16 cards checked) **

################## Milegate BSA-C51  RIN 112 at 10.161.15.180
# System status:
#	** No system alarms **
# Cards status:
#	** No alarmed cards (21 cards checked) **

################## Milegate BSA-C51-2  RIN 113 at 10.161.15.181
# System status:
#	Alarm >> ne: Protecting CU Active
# Cards status:
#	** No alarmed cards (18 cards checked) **

################## Milegate BSA-C52-0  RIN 181 at 10.161.15.218
# System status:
#	** No system alarms **
# Cards status:
#	** No alarmed cards (18 cards checked) **

################## Milegate BSA-C52  RIN 182 at 10.161.15.219
# System status:
#	** No system alarms **
# Cards status:
#	** No alarmed cards (20 cards checked) **

################## Milegate BSA-C52-2  RIN 183 at 10.161.15.220
# System status:
#	** No system alarms **
# Cards status:
#	** No alarmed cards (18 cards checked) **

################## Milegate BSA-C53-0  RIN 185 at 10.161.15.221
# System status:
#	** No system alarms **
# Cards status:
#	** No alarmed cards (15 cards checked) **

################## Milegate BSA-C53  RIN 186 at 10.161.15.222
# System status:
#	** No system alarms **
# Cards status:
#	** No alarmed cards (20 cards checked) **

################## Milegate BSA-C53-2  RIN 187 at 10.161.15.223
# System status:
#	** No system alarms **
# Cards status:
#	** No alarmed cards (18 cards checked) **

################## Milegate BSA-C53-6  RIN 188 at 10.161.253.20
# System status:
#	** No system alarms **
# Cards status:
#	** No alarmed cards (18 cards checked) **

################## Milegate BSA-C54-0  RIN 379 at 10.161.15.239
# System status:
#	** No system alarms **
# Cards status:
#	** No alarmed cards (17 cards checked) **

################## Milegate BSA-C54-1  RIN 380 at 10.161.15.240
# System status:
#	** No system alarms **
# Cards status:
#	** No alarmed cards (19 cards checked) **

################## Milegate BSA-C54-4  RIN 479 at 10.161.253.250
# System status:
#	** No system alarms **
# Cards status:
#	** No alarmed cards (8 cards checked) **

################## Milegate BSA-C55-0  RIN 387 at 10.161.253.18
# System status:
#	** No system alarms **
# Cards status:
#	** No alarmed cards (15 cards checked) **

################## Milegate BSA-C55-4  RIN 388 at 10.161.253.19
# System status:
#	** No system alarms **
# Cards status:
#	** No alarmed cards (20 cards checked) **

################## Milegate BSA-C57-5  RIN 403 at 10.161.253.54
# System status:
#	Alarm >> ne: Protecting CU Active
# Cards status:
#	** No alarmed cards (18 cards checked) **

################## Milegate BSA-C57-6  RIN 404 at 10.161.253.55
# System status:
#	** No system alarms **
# Cards status:
#	** No alarmed cards (13 cards checked) **

################## Milegate BSA-C57-0  RIN 88 at 10.161.15.249
# System status:
#	Alarm >> ne: Protecting CU Active
# Cards status:
#	** No alarmed cards (19 cards checked) **

################## Milegate BSA-C57-4  RIN 89 at 10.161.15.250
# System status:
#	** No system alarms **
# Cards status:
#	** No alarmed cards (20 cards checked) **

################## Milegate BSA-C58-5  RIN 413 at 10.161.253.52
# System status:
#	** No system alarms **
# Cards status:
#	** No alarmed cards (19 cards checked) **

################## Milegate BSA-C58-6  RIN 414 at 10.161.253.53
# System status:
#	** No system alarms **
# Cards status:
#	** No alarmed cards (18 cards checked) **

################## Milegate BSA-C58-0  RIN 90 at 10.161.15.247
# System status:
#	** No system alarms **
# Cards status:
#	** No alarmed cards (14 cards checked) **

################## Milegate BSA-C58-4  RIN 91 at 10.161.15.248
# System status:
#	** No system alarms **
# Cards status:
#	** No alarmed cards (21 cards checked) **

################## Milegate BSA-C59-5  RIN 415 at 10.161.253.50
# System status:
#	Alarm >> ne: Protecting CU Active
# Cards status:
#	** No alarmed cards (18 cards checked) **

################## Milegate BSA-C59-6  RIN 416 at 10.161.253.51
# System status:
#	** No system alarms **
# Cards status:
#	** No alarmed cards (20 cards checked) **

################## Milegate BSA-C59-0  RIN 92 at 10.161.15.245
# System status:
#	** No system alarms **
# Cards status:
#	** No alarmed cards (14 cards checked) **

################## Milegate BSA-C59  RIN 93 at 10.161.15.246
# System status:
#	** No system alarms **
# Cards status:
#	** No alarmed cards (21 cards checked) **

################## Milegate BSA-C60-0  RIN 94 at 10.161.15.243
# System status:
#	** No system alarms **
# Cards status:
#	** No alarmed cards (14 cards checked) **

################## Milegate BSA-C60-4  RIN 95 at 10.161.15.244
# System status:
#	** No system alarms **
# Cards status:
#	** No alarmed cards (21 cards checked) **

################## Milegate BSA-C60-1  RIN 96 at 10.161.253.44
# System status:
#	** No system alarms **
# Cards status:
#	** No alarmed cards (12 cards checked) **

################## Milegate BSA-C60-5  RIN 97 at 10.161.253.45
# System status:
#	** No system alarms **
# Cards status:
#	** No alarmed cards (20 cards checked) **

################## Milegate BSA-C61-0  RIN 323 at 10.161.15.216
# System status:
#	** No system alarms **
# Cards status:
#	** No alarmed cards (15 cards checked) **

################## Milegate BSA-C61  RIN 324 at 10.161.15.217
# System status:
#	** No system alarms **
# Cards status:
#	** No alarmed cards (10 cards checked) **

################## Milegate BSA-C62-0  RIN 383 at 10.161.15.237
# System status:
#	** No system alarms **
# Cards status:
#	** No alarmed cards (17 cards checked) **

################## Milegate BSA-C62  RIN 384 at 10.161.15.238
# System status:
#	** No system alarms **
# Cards status:
#	** No alarmed cards (19 cards checked) **

################## Milegate BSA-C62-4  RIN 385 at 10.161.253.103
# System status:
#	** No system alarms **
# Cards status:
#	** No alarmed cards (19 cards checked) **

################## Milegate BSA-C62-5  RIN 386 at 10.161.253.104
# System status:
#	** No system alarms **
# Cards status:
#	** No alarmed cards (19 cards checked) **

################## Milegate BSA-C63-0  RIN 398 at 10.164.1.22
# System status:
#	** No system alarms **
# Cards status:
#	** No alarmed cards (19 cards checked) **

################## Milegate BSA-C63  RIN 399 at 10.164.1.23
# System status:
#	** No system alarms **
# Cards status:
#	** No alarmed cards (20 cards checked) **

################## Milegate BSA-C63-2  RIN 400 at 10.164.1.29
# System status:
#	** No system alarms **
# Cards status:
#	** No alarmed cards (20 cards checked) **

################## Milegate BSA-C64-1  RIN 410 at 10.161.253.34
# System status:
#	** No system alarms **
# Cards status:
#	** No alarmed cards (18 cards checked) **

################## Milegate BSA-C64-4  RIN 411 at 10.161.253.35
# System status:
#	** No system alarms **
# Cards status:
#	** No alarmed cards (20 cards checked) **

################## Milegate BSA-C64-5  RIN 412 at 10.161.253.36
# System status:
#	** No system alarms **
# Cards status:
#	** No alarmed cards (20 cards checked) **

################## Milegate BSA-C64-0  RIN 426 at 10.161.253.33
# System status:
#	** No system alarms **
# Cards status:
#	** No alarmed cards (19 cards checked) **

################## Milegate BSA-C65-0  RIN 402 at 10.164.1.24
# System status:
#	** No system alarms **
# Cards status:
#	** No alarmed cards (19 cards checked) **

################## Milegate BSA-C65-4  RIN 403 at 10.164.1.25
# System status:
#	** No system alarms **
# Cards status:
#	** No alarmed cards (16 cards checked) **

################## Milegate BSA-C65-5  RIN 404 at 10.164.1.30
# System status:
#	** No system alarms **
# Cards status:
#	** No alarmed cards (20 cards checked) **

################## Milegate BSA-C66-0  RIN 291 at 10.161.253.65
# System status:
#	** No system alarms **
# Cards status:
#	** No alarmed cards (19 cards checked) **

################## Milegate BSA-C66-4  RIN 292 at 10.161.253.66
# System status:
#	** No system alarms **
# Cards status:
#	** No alarmed cards (21 cards checked) **

################## Milegate BSA-C66-5  RIN 293 at 10.161.253.67
################## Milegate BSA-C66-1  RIN 294 at 10.161.253.91
# System status:
#	** No system alarms **
# Cards status:
#	** No alarmed cards (18 cards checked) **

################## Milegate BSA-C68  RIN 372 at 10.161.253.37
# System status:
#	** No system alarms **
# Cards status:
#	** No alarmed cards (14 cards checked) **

################## Milegate BSA-C68-4  RIN 373 at 10.161.253.38
# System status:
#	** No system alarms **
# Cards status:
#	** No alarmed cards (21 cards checked) **

################## Milegate BSA-C69-0  RIN 529 at 10.164.1.77
# System status:
#	** No system alarms **
# Cards status:
#	** No alarmed cards (21 cards checked) **

################## Milegate BSA-C69-4  RIN 530 at 10.164.1.78
# System status:
#	** No system alarms **
# Cards status:
#	** No alarmed cards (21 cards checked) **

################## Milegate BSA-C70-0  RIN 531 at 10.164.1.75
# System status:
#	** No system alarms **
# Cards status:
#	** No alarmed cards (19 cards checked) **

################## Milegate BSA-C70-4  RIN 532 at 10.164.1.76
# System status:
#	** No system alarms **
# Cards status:
#	** No alarmed cards (8 cards checked) **

################## Milegate BSA-C71-0  RIN 143 at 10.161.253.56
# System status:
#	** No system alarms **
# Cards status:
#	** No alarmed cards (21 cards checked) **

################## Milegate BSA-C71-4  RIN 144 at 10.161.253.57
# System status:
#	** No system alarms **
# Cards status:
#	** No alarmed cards (20 cards checked) **

################## Milegate BSA-C71-5  RIN 145 at 10.161.253.90
# System status:
#	** No system alarms **
# Cards status:
#	** No alarmed cards (20 cards checked) **

################## Milegate BSA-C71-6  RIN 427 at 10.161.253.112
# System status:
#	** No system alarms **
# Cards status:
#	** No alarmed cards (18 cards checked) **

################## Milegate BSA-C72-0  RIN 417 at 10.164.1.1
# System status:
#	** No system alarms **
# Cards status:
#	** No alarmed cards (18 cards checked) **

################## Milegate BSA-C72-4  RIN 418 at 10.164.1.2
# System status:
#	** No system alarms **
# Cards status:
#	** No alarmed cards (20 cards checked) **

################## Milegate BSA-C72-5  RIN 419 at 10.164.1.136
# System status:
#	** No system alarms **
# Cards status:
#	** No alarmed cards (18 cards checked) **

################## Milegate BSA-C72-6  RIN 56 at 10.164.1.220
# System status:
#	** No system alarms **
# Cards status:
#	** No alarmed cards (14 cards checked) **

################## Milegate BSA-C73-0  RIN 420 at 10.164.1.3
# System status:
#	** No system alarms **
# Cards status:
#	** No alarmed cards (13 cards checked) **

################## Milegate BSA-C73  RIN 421 at 10.164.1.4
# System status:
#	** No system alarms **
# Cards status:
#	** No alarmed cards (7 cards checked) **

################## Milegate BSA-C74-0  RIN 329 at 10.161.253.28
# System status:
#	** No system alarms **
# Cards status:
#	** No alarmed cards (13 cards checked) **

################## Milegate BSA-C74  RIN 330 at 10.161.253.30
# System status:
#	Alarm >> ne: Protecting CU Active
# Cards status:
#	** No alarmed cards (20 cards checked) **

################## Milegate BSA-C74-5  RIN 392 at 10.161.253.69
# System status:
#	** No system alarms **
# Cards status:
#	** No alarmed cards (20 cards checked) **

################## Milegate BSA-C74-6  RIN 394 at 10.161.253.70
# System status:
#	** No system alarms **
# Cards status:
#	** No alarmed cards (20 cards checked) **

################## Milegate BSA-C75-1  RIN 395 at 10.161.253.29
# System status:
#	** No system alarms **
# Cards status:
#	** No alarmed cards (13 cards checked) **

################## Milegate BSA-C75  RIN 396 at 10.161.253.31
# System status:
#	Alarm >> ne: Protecting CU Active
# Cards status:
#	** No alarmed cards (20 cards checked) **

################## Milegate BSA-C75-5  RIN 397 at 10.161.253.87
# System status:
#	** No system alarms **
# Cards status:
#	** No alarmed cards (20 cards checked) **

################## Milegate BSA-C76-5  RIN 274 at 10.164.1.208
# System status:
#	** No system alarms **
# Cards status:
#	** No alarmed cards (20 cards checked) **

################## Milegate BSA-C76-0  RIN 460 at 10.164.1.47
# System status:
#	** No system alarms **
# Cards status:
#	** No alarmed cards (19 cards checked) **

################## Milegate BSA-C76-4  RIN 461 at 10.164.1.48
# System status:
#	** No system alarms **
# Cards status:
#	** No alarmed cards (21 cards checked) **

################## Milegate BSA-C77-0  RIN 472 at 10.164.1.49
# System status:
#	** No system alarms **
# Cards status:
#	** No alarmed cards (13 cards checked) **

################## Milegate BSA-C77-4  RIN 473 at 10.164.1.50
# System status:
#	** No system alarms **
# Cards status:
#	** No alarmed cards (20 cards checked) **

################## Milegate BSA-C77-5  RIN 474 at 10.164.1.168
# System status:
#	** No system alarms **
# Cards status:
#	** No alarmed cards (18 cards checked) **

################## Milegate BSA-C78-0  RIN 456 at 10.164.1.51
# System status:
#	** No system alarms **
# Cards status:
#	** No alarmed cards (19 cards checked) **

################## Milegate BSA-C78-4  RIN 457 at 10.164.1.52
# System status:
#	Alarm >> ne: Protecting CU Active
# Cards status:
#	** No alarmed cards (15 cards checked) **

################## Milegate BSA-C80-0  RIN 476 at 10.164.1.55
# System status:
#	Alarm >> ne: Protecting CU Active
# Cards status:
#	** No alarmed cards (14 cards checked) **

################## Milegate BSA-C80-4  RIN 477 at 10.164.1.56
# System status:
#	Alarm >> ne: Protecting CU Active
# Cards status:
#	** No alarmed cards (21 cards checked) **

################## Milegate BSA-C80-5  RIN 478 at 10.164.1.167
# System status:
#	** No system alarms **
# Cards status:
#	** No alarmed cards (18 cards checked) **

################## Milegate BSA-C82-0  RIN 452 at 10.164.1.59
# System status:
#	** No system alarms **
# Cards status:
#	** No alarmed cards (13 cards checked) **

################## Milegate BSA-C82  RIN 453 at 10.164.1.60
# System status:
#	Alarm >> ne: Protecting CU Active
# Cards status:
#	** No alarmed cards (21 cards checked) **

################## Milegate BSA-C83-0  RIN 480 at 10.164.1.61
# System status:
#	** No system alarms **
# Cards status:
#	** No alarmed cards (13 cards checked) **

################## Milegate BSA-C83-4  RIN 481 at 10.164.1.62
# System status:
#	** No system alarms **
# Cards status:
#	** No alarmed cards (20 cards checked) **

################## Milegate BSA-C84-0  RIN 428 at 10.161.253.71
# System status:
#	** No system alarms **
# Cards status:
#	** No alarmed cards (14 cards checked) **

################## Milegate BSA-C84-4  RIN 429 at 10.161.253.72
# System status:
#	Alarm >> ne: Protecting CU Active
# Cards status:
#	** No alarmed cards (20 cards checked) **

################## Milegate BSA-C85-5  RIN 519 at 10.161.253.114
# System status:
#	** No system alarms **
# Cards status:
#	** No alarmed cards (18 cards checked) **

################## Milegate BSA-C85-0  RIN 525 at 10.161.253.73
# System status:
#	** No system alarms **
# Cards status:
#	** No alarmed cards (16 cards checked) **

################## Milegate BSA-C85-4  RIN 526 at 10.161.253.74
# System status:
#	** No system alarms **
# Cards status:
#	** No alarmed cards (21 cards checked) **

################## Milegate BSA-C86-0  RIN 302 at 10.161.253.58
# System status:
#	** No system alarms **
# Cards status:
#	** No alarmed cards (13 cards checked) **

################## Milegate BSA-C86-4  RIN 303 at 10.161.253.59
# System status:
#	** No system alarms **
# Cards status:
#	** No alarmed cards (21 cards checked) **

################## Milegate BSA-C86-5  RIN 337 at 10.161.253.106
# System status:
#	** No system alarms **
# Cards status:
#	** No alarmed cards (18 cards checked) **

################## Milegate BSA-C87-0  RIN 527 at 10.161.253.75
# System status:
#	** No system alarms **
# Cards status:
#	** No alarmed cards (13 cards checked) **

################## Milegate BSA-C87-4  RIN 528 at 10.161.253.76
# System status:
#	Alarm >> ne: Loss Of Signal On PDH Clock Source 2
# Cards status:
#	** No alarmed cards (20 cards checked) **

################## Milegate BSA-C87-5  RIN 549 at 10.161.253.98
# System status:
#	Alarm >> ne: Protecting CU Active
# Cards status:
#	** No alarmed cards (20 cards checked) **

################## Milegate BSA-C88-0  RIN 560 at 10.164.1.83
# System status:
#	** No system alarms **
# Cards status:
#	** No alarmed cards (13 cards checked) **

################## Milegate BSA-C88  RIN 561 at 10.164.1.84
# System status:
#	** No system alarms **
# Cards status:
#	** No alarmed cards (21 cards checked) **

################## Milegate BSA-C88-5  RIN 583 at 10.164.1.219
# System status:
#	** No system alarms **
# Cards status:
#	** No alarmed cards (14 cards checked) **

################## Milegate BSA-C89-0  RIN 564 at 10.164.1.85
# System status:
#	** No system alarms **
# Cards status:
#	** No alarmed cards (18 cards checked) **

################## Milegate BSA-C89  RIN 565 at 10.164.1.86
# System status:
#	** No system alarms **
# Cards status:
#	** No alarmed cards (18 cards checked) **

################## Milegate BSA-C90-0  RIN 568 at 10.164.1.87
# System status:
#	** No system alarms **
# Cards status:
#	** No alarmed cards (13 cards checked) **

################## Milegate BSA-C90-1  RIN 569 at 10.164.1.88
# System status:
#	** No system alarms **
# Cards status:
#	** No alarmed cards (20 cards checked) **

################## Milegate BSA-C91-0  RIN 547 at 10.164.1.79
# System status:
#	** No system alarms **
# Cards status:
#	** No alarmed cards (13 cards checked) **

################## Milegate BSA-C91-4  RIN 548 at 10.164.1.80
# System status:
#	** No system alarms **
# Cards status:
#	** No alarmed cards (20 cards checked) **

################## Milegate BSA-C92-5  RIN 550 at 10.164.1.221
# System status:
#	** No system alarms **
# Cards status:
#	** No alarmed cards (14 cards checked) **

################## Milegate BSA-C92-0  RIN 551 at 10.164.1.81
# System status:
#	** No system alarms **
# Cards status:
#	** No alarmed cards (14 cards checked) **

################## Milegate BSA-C92-4  RIN 552 at 10.164.1.82
# System status:
#	** No system alarms **
# Cards status:
#	** No alarmed cards (20 cards checked) **

################## Milegate BSA-C94-6  RIN 218 at 10.164.1.212
# System status:
#	** No system alarms **
# Cards status:
#	** No alarmed cards (18 cards checked) **

################## Milegate BSA-C94-0  RIN 570 at 10.164.1.91
# System status:
#	** No system alarms **
# Cards status:
#	** No alarmed cards (17 cards checked) **

################## Milegate BSA-C94-4  RIN 571 at 10.164.1.92
# System status:
#	** No system alarms **
# Cards status:
#	** No alarmed cards (20 cards checked) **

################## Milegate BSA-C94-5  RIN 572 at 10.164.1.135
# System status:
#	** No system alarms **
# Cards status:
#	** No alarmed cards (20 cards checked) **

################## Milegate BSA-C95-0  RIN 574 at 10.164.1.93
# System status:
#	** No system alarms **
# Cards status:
#	** No alarmed cards (18 cards checked) **

################## Milegate BSA-C95-4  RIN 575 at 10.164.1.94
# System status:
#	** No system alarms **
# Cards status:
#	** No alarmed cards (20 cards checked) **

################## Milegate BSA-C95-5  RIN 576 at 10.164.1.106
# System status:
#	** No system alarms **
# Cards status:
#	** No alarmed cards (18 cards checked) **

################## Milegate BSA-C95-6  RIN 577 at 10.164.1.107
# System status:
#	** No system alarms **
# Cards status:
#	** No alarmed cards (18 cards checked) **

################## Milegate BSA-C96-0  RIN 578 at 10.164.1.95
# System status:
#	** No system alarms **
# Cards status:
#	** No alarmed cards (13 cards checked) **

################## Milegate BSA-C96  RIN 579 at 10.164.1.96
# System status:
#	** No system alarms **
# Cards status:
#	** No alarmed cards (21 cards checked) **

################## Milegate BSA-C96-5  RIN 580 at 10.164.1.108
# System status:
#	Alarm >> ne: Loss Of Signal On PDH Clock Source 1
# Cards status:
#	** No alarmed cards (18 cards checked) **

################## Milegate BSA-C96-6  RIN 581 at 10.164.1.109
# System status:
#	Alarm >> ne: Protecting CU Active
# Cards status:
#	** No alarmed cards (18 cards checked) **

################## Milegate BSA-C97-0  RIN 582 at 10.164.1.97
# System status:
#	** No system alarms **
# Cards status:
#	** No alarmed cards (13 cards checked) **

################## Milegate BSA-C97-4  RIN 583 at 10.164.1.98
# System status:
#	** No system alarms **
# Cards status:
#	** No alarmed cards (20 cards checked) **

################## Milegate BSA-C97-5  RIN 584 at 10.164.1.110
# System status:
#	** No system alarms **
# Cards status:
#	** No alarmed cards (20 cards checked) **

################## Milegate BSA-C97-6  RIN 585 at 10.164.1.111
# System status:
#	** No system alarms **
# Cards status:
#	** No alarmed cards (16 cards checked) **

################## Milegate BSA-C99-0  RIN 533 at 10.164.1.125
# System status:
#	Alarm >> ne: Protecting CU Active
# Cards status:
#	** No alarmed cards (13 cards checked) **

################## Milegate BSA-C99-4  RIN 534 at 10.164.1.126
# System status:
#	** No system alarms **
# Cards status:
#	** No alarmed cards (21 cards checked) **

################## Milegate BSA-C99-5  RIN 535 at 10.164.1.133
# System status:
#	** No system alarms **
# Cards status:
#	** No alarmed cards (18 cards checked) **

################## Milegate BSA-C99-6  RIN 536 at 10.164.1.134
# System status:
#	Alarm >> ne: Protecting CU Active
# Cards status:
#	** No alarmed cards (18 cards checked) **

################## Milegate BSA-D01-0  RIN 537 at 10.164.1.120
# System status:
#	** No system alarms **
# Cards status:
#	** No alarmed cards (13 cards checked) **

################## Milegate BSA-D01-4  RIN 538 at 10.164.1.121
# System status:
#	** No system alarms **
# Cards status:
#	** No alarmed cards (20 cards checked) **

################## Milegate BSA-D01-5  RIN 539 at 10.164.1.131
# System status:
#	Alarm >> ne: NE Temperature Limit Approaching
# Cards status:
#	** No alarmed cards (18 cards checked) **

################## Milegate BSA-D01-6  RIN 540 at 10.164.1.132
# System status:
#	** No system alarms **
# Cards status:
#	** No alarmed cards (20 cards checked) **

################## Milegate BSA-D02-0  RIN 541 at 10.164.1.122
# System status:
#	** No system alarms **
# Cards status:
#	** No alarmed cards (13 cards checked) **

################## Milegate BSA-D02-4  RIN 542 at 10.164.1.123
# System status:
#	Alarm >> fan: Partial Fan Breakdown
# Cards status:
#	** No alarmed cards (20 cards checked) **

################## Milegate BSA-D02-5  RIN 543 at 10.164.1.129
# System status:
#	** No system alarms **
# Cards status:
#	** No alarmed cards (18 cards checked) **

################## Milegate BSA-D02-6  RIN 544 at 10.164.1.130
# System status:
#	** No system alarms **
# Cards status:
#	** No alarmed cards (18 cards checked) **

################## Milegate BSA-D03-0  RIN 545 at 10.164.1.127
# System status:
#	** No system alarms **
# Cards status:
#	** No alarmed cards (17 cards checked) **

################## Milegate BSA-D03-4  RIN 546 at 10.164.1.128
# System status:
#	Alarm >> ne: Protecting CU Active
# Cards status:
#	** No alarmed cards (20 cards checked) **

################## Milegate BSA-D03-5  RIN 557 at 10.164.1.137
# System status:
#	** No system alarms **
# Cards status:
#	** No alarmed cards (20 cards checked) **

################## Milegate BSA-D04-0  RIN 586 at 10.164.1.112
# System status:
#	** No system alarms **
# Cards status:
#	** No alarmed cards (16 cards checked) **

################## Milegate BSA-D04-4  RIN 587 at 10.164.1.113
# System status:
#	** No system alarms **
# Cards status:
#	** No alarmed cards (18 cards checked) **

################## Milegate BSA-D06-0  RIN 344 at 10.164.1.146
# System status:
#	** No system alarms **
# Cards status:
#	** No alarmed cards (16 cards checked) **

################## Milegate BSA-D06-4  RIN 345 at 10.164.1.147
# System status:
#	** No system alarms **
# Cards status:
#	** No alarmed cards (18 cards checked) **

################## Milegate BSA-D07-0  RIN 430 at 10.164.1.148
# System status:
#	** No system alarms **
# Cards status:
#	** No alarmed cards (16 cards checked) **

################## Milegate BSA-D07-4  RIN 431 at 10.164.1.149
# System status:
#	** No system alarms **
# Cards status:
#	** No alarmed cards (18 cards checked) **

################## Milegate BSA-D08-0  RIN 442 at 10.164.1.155
# System status:
#	Alarm >> ne: Protecting CU Active
# Cards status:
#	** No alarmed cards (16 cards checked) **

################## Milegate BSA-D08-4  RIN 443 at 10.164.1.156
# System status:
#	** No system alarms **
# Cards status:
#	** No alarmed cards (18 cards checked) **

################## Milegate BSA-D08-5  RIN 462 at 10.164.1.163
# System status:
#	** No system alarms **
# Cards status:
#	** No alarmed cards (18 cards checked) **

################## Milegate BSA-D08-6  RIN 463 at 10.164.1.164
# System status:
#	Alarm >> ne: Protecting CU Active
# Cards status:
#	** No alarmed cards (18 cards checked) **

################## Milegate BSA-D09-6  RIN 206 at 10.164.1.214
# System status:
#	** No system alarms **
# Cards status:
#	** No alarmed cards (18 cards checked) **

################## Milegate BSA-D09-0  RIN 444 at 10.164.1.157
# System status:
#	** No system alarms **
# Cards status:
#	** No alarmed cards (16 cards checked) **

################## Milegate BSA-D09-4  RIN 445 at 10.164.1.158
# System status:
#	** No system alarms **
# Cards status:
#	** No alarmed cards (18 cards checked) **

################## Milegate BSA-D09-5  RIN 556 at 10.164.1.205
# System status:
#	** No system alarms **
# Cards status:
#	** No alarmed cards (18 cards checked) **

################## Milegate BSA-D10-0  RIN 446 at 10.164.1.159
# System status:
#	** No system alarms **
# Cards status:
#	** No alarmed cards (16 cards checked) **

################## Milegate BSA-D10-4  RIN 447 at 10.164.1.160
# System status:
#	** No system alarms **
# Cards status:
#	** No alarmed cards (18 cards checked) **

################## Milegate BSA-D10-5  RIN 454 at 10.164.1.161
# System status:
#	Alarm >> ne: Protecting CU Active
# Cards status:
#	** No alarmed cards (18 cards checked) **

################## Milegate BSA-D10-6  RIN 455 at 10.164.1.162
# System status:
#	** No system alarms **
# Cards status:
#	** No alarmed cards (18 cards checked) **

################## Milegate BSA-D11-4  RIN 464 at 10.164.1.170
# System status:
#	** No system alarms **
# Cards status:
#	** No alarmed cards (18 cards checked) **

################## Milegate BSA-D11-5  RIN 465 at 10.164.1.171
# System status:
#	Alarm >> ne: Protecting CU Active
# Cards status:
#	** No alarmed cards (18 cards checked) **

################## Milegate BSA-D11-6  RIN 466 at 10.164.1.172
# System status:
#	** No system alarms **
# Cards status:
#	** No alarmed cards (18 cards checked) **

################## Milegate BSA-D12-0  RIN 467 at 10.164.1.173
# System status:
#	** No system alarms **
# Cards status:
#	** No alarmed cards (19 cards checked) **

################## Milegate BSA-D12-4  RIN 468 at 10.164.1.174
# System status:
#	** No system alarms **
# Cards status:
#	** No alarmed cards (18 cards checked) **

################## Milegate BSA-D12-5  RIN 469 at 10.164.1.175
# System status:
#	** No system alarms **
# Cards status:
#	** No alarmed cards (18 cards checked) **

################## Milegate BSA-D12-6  RIN 470 at 10.164.1.176
# System status:
#	** No system alarms **
# Cards status:
#	** No alarmed cards (18 cards checked) **

################## Milegate BSA-D13-0  RIN 514 at 10.164.1.177
# System status:
#	** No system alarms **
# Cards status:
#	** No alarmed cards (19 cards checked) **

################## Milegate BSA-D13-4  RIN 515 at 10.164.1.178
# System status:
#	** No system alarms **
# Cards status:
#	** No alarmed cards (18 cards checked) **

################## Milegate BSA-D13-5  RIN 516 at 10.164.1.179
# System status:
#	** No system alarms **
# Cards status:
#	** No alarmed cards (18 cards checked) **

################## Milegate BSA-D13-6  RIN 517 at 10.164.1.180
# System status:
#	** No system alarms **
# Cards status:
#	** No alarmed cards (18 cards checked) **

################## Milegate BSA-D14-0  RIN 553 at 10.164.1.181
# System status:
#	Alarm >> ne: Protecting CU Active
# Cards status:
#	** No alarmed cards (16 cards checked) **

################## Milegate BSA-D14-4  RIN 554 at 10.164.1.182
# System status:
#	** No system alarms **
# Cards status:
#	** No alarmed cards (18 cards checked) **

################## Milegate BSA-D14-5  RIN 555 at 10.164.1.183
# System status:
#	** No system alarms **
# Cards status:
#	** No alarmed cards (18 cards checked) **

################## Milegate BSA-D15-0  RIN 593 at 10.164.1.184
# System status:
#	** No system alarms **
# Cards status:
#	** No alarmed cards (18 cards checked) **

################## Milegate BSA-D15-4  RIN 594 at 10.164.1.185
# System status:
#	** No system alarms **
# Cards status:
#	** No alarmed cards (18 cards checked) **

################## Milegate BSA-D15-5  RIN 595 at 10.164.1.186
# System status:
#	** No system alarms **
# Cards status:
#	** No alarmed cards (19 cards checked) **

################## Milegate BSA-D16-0  RIN 438 at 10.164.1.187
# System status:
#	** No system alarms **
# Cards status:
#	** No alarmed cards (19 cards checked) **

################## Milegate BSA-D16-4  RIN 439 at 10.164.1.188
# System status:
#	** No system alarms **
# Cards status:
#	** No alarmed cards (18 cards checked) **

################## Milegate BSA-D16-5  RIN 488 at 10.164.1.189
# System status:
#	** No system alarms **
# Cards status:
#	** No alarmed cards (18 cards checked) **

################## Milegate BSA-D16-6  RIN 489 at 10.164.1.190
# System status:
#	** No system alarms **
# Cards status:
#	** No alarmed cards (18 cards checked) **

################## Milegate BSA-D17-0  RIN 562 at 10.164.1.191
# System status:
#	** No system alarms **
# Cards status:
#	** No alarmed cards (18 cards checked) **

################## Milegate BSA-D17-4  RIN 563 at 10.164.1.192
# System status:
#	** No system alarms **
# Cards status:
#	** No alarmed cards (18 cards checked) **

################## Milegate BSA-D17-5  RIN 566 at 10.164.1.193
# System status:
#	** No system alarms **
# Cards status:
#	** No alarmed cards (18 cards checked) **

################## Milegate BSA-D17-6  RIN 567 at 10.164.1.194
# System status:
#	** No system alarms **
# Cards status:
#	** No alarmed cards (18 cards checked) **

################## Milegate BSA-D18-0  RIN 596 at 10.164.1.195
# System status:
#	** No system alarms **
# Cards status:
#	** No alarmed cards (17 cards checked) **

################## Milegate BSA-D18-4  RIN 597 at 10.164.1.196
# System status:
#	** No system alarms **
# Cards status:
#	** No alarmed cards (18 cards checked) **

################## Milegate BSA-D18-5  RIN 598 at 10.164.1.197
# System status:
#	** No system alarms **
# Cards status:
#	** No alarmed cards (18 cards checked) **

################## Milegate BSA-D18-6  RIN 599 at 10.164.1.198
# System status:
#	** No system alarms **
# Cards status:
#	** No alarmed cards (19 cards checked) **

################## Milegate BSA-D19-0  RIN 556 at 10.164.1.199
# System status:
#	** No system alarms **
# Cards status:
#	** No alarmed cards (19 cards checked) **

################## Milegate BSA-D19-4  RIN 558 at 10.164.1.200
# System status:
#	** No system alarms **
# Cards status:
#	** No alarmed cards (18 cards checked) **

################## Milegate BSA-D20-0  RIN 459 at 10.164.1.201
# System status:
#	** No system alarms **
# Cards status:
#	** No alarmed cards (18 cards checked) **

################## Milegate BSA-D20-4  RIN 471 at 10.164.1.202
# System status:
#	** No system alarms **
# Cards status:
#	** No alarmed cards (19 cards checked) **

################## Milegate BSA-D20-5  RIN 475 at 10.164.1.203
# System status:
#	** No system alarms **
# Cards status:
#	** No alarmed cards (18 cards checked) **

################## Milegate BSA-D20-6  RIN 479 at 10.164.1.204
# System status:
#	** No system alarms **
# Cards status:
#	** No alarmed cards (18 cards checked) **

################## Milegate BSA-D21-0  RIN 450 at 10.164.1.217
# System status:
#	** No system alarms **
# Cards status:
#	** No alarmed cards (17 cards checked) **

################## Milegate BSA-D21-4  RIN 451 at 10.164.1.218
# System status:
#	** No system alarms **
# Cards status:
#	** No alarmed cards (17 cards checked) **

################## Milegate BSA-D22-0  RIN 452 at 10.164.1.222
# System status:
#	Alarm >> ne: Loss Of Signal On PDH Clock Source 3
# Cards status:
#	** No alarmed cards (19 cards checked) **

################## Milegate BSA-D22-4  RIN 453 at 10.164.1.223
# System status:
#	** No system alarms **
# Cards status:
#	** No alarmed cards (17 cards checked) **

################## Milegate BSA-D22-5  RIN 454 at 10.164.1.224
# System status:
#	** No system alarms **
# Cards status:
#	** No alarmed cards (17 cards checked) **

################## Milegate BSA-I04  RIN 12 at 10.161.21.12
# System status:
#	** No system alarms **
# Cards status:
#	** No alarmed cards (21 cards checked) **

################## Milegate BSA-I04-6  RIN 532 at 10.161.253.132
# System status:
#	Alarm >> ne: Loss Of Signal On PDH Clock Source 1
#	Alarm >> ne: Loss Of Signal On PDH Clock Source 2
# Cards status:
#	** No alarmed cards (16 cards checked) **

################## Milegate BSA-I06  RIN 229 at 10.161.10.36
################## Milegate BSA-I06-1  RIN  at 10.161.253.32
# System status:
#	** No system alarms **
# Cards status:
#	** No alarmed cards (8 cards checked) **

################## Milegate BSA-I08-4  RIN 348 at 10.161.243.218
# System status:
#	** No system alarms **
# Cards status:
#	** No alarmed cards (7 cards checked) **

################## Milegate BSA-I10-2  RIN 256 at 10.161.243.63
# System status:
#	** No system alarms **
# Cards status:
#	** No alarmed cards (21 cards checked) **

################## Milegate BSA-I10-1  RIN 263 at 10.161.17.101
# System status:
#	** No system alarms **
# Cards status:
#	** No alarmed cards (21 cards checked) **

################## Milegate BSA-I12  RIN 458 at 10.164.1.166
# System status:
#	** No system alarms **
# Cards status:
#	** No alarmed cards (3 cards checked) **

################## Milegate BSA-V02-0  RIN 137 at 10.161.253.26
# System status:
#	** No system alarms **
# Cards status:
#	** No alarmed cards (21 cards checked) **

################## Milegate BSA-V07  RIN 28 at 10.161.17.218
# System status:
#	** No system alarms **
# Cards status:
#	** No alarmed cards (21 cards checked) **

################## Milegate BSA-V07-2  RIN 29 at 10.161.17.219
# System status:
#	Alarm >> fan: Partial Fan Breakdown
# Cards status:
#	** No alarmed cards (19 cards checked) **

################## Milegate BSA-V07-3  RIN 30 at 10.161.18.133
# System status:
#	** No system alarms **
# Cards status:
#	** No alarmed cards (19 cards checked) **

################## Milegate BSA-V09-3  RIN 204 at 10.161.18.166
# System status:
#	** No system alarms **
# Cards status:
#	** No alarmed cards (18 cards checked) **

################## Milegate BSA-V09-5  RIN 206 at 10.161.243.224
# System status:
#	** No system alarms **
# Cards status:
#	** No alarmed cards (18 cards checked) **

################## Milegate BSA-V11-3  RIN 305 at 10.161.18.172
# System status:
#	** No system alarms **
# Cards status:
#	** No alarmed cards (19 cards checked) **

################## Milegate BSA-V11-4  RIN 307 at 10.161.243.68
# System status:
#	** No system alarms **
# Cards status:
#	** No alarmed cards (19 cards checked) **

################## Milegate BSA-V12-5  RIN 324 at 10.161.17.165
# System status:
#	Alarm >> ne: Protecting CU Active
# Cards status:
#	** No alarmed cards (21 cards checked) **

################## Milegate BSA-V12-6  RIN 325 at 10.161.17.182
# System status:
#	Alarm >> fan: Partial Fan Breakdown
# Cards status:
#	** No alarmed cards (18 cards checked) **

################## Milegate BSA-V12-7  RIN 56 at 10.161.15.48
# System status:
#	** No system alarms **
# Cards status:
#	** No alarmed cards (18 cards checked) **

################## Milegate BSA-V16-2  RIN 177 at 10.161.17.166
# System status:
#	** No system alarms **
# Cards status:
#	** No alarmed cards (19 cards checked) **

################## Milegate BSA-V16  RIN 178 at 10.161.17.164
# System status:
#	Alarm >> fan: Partial Fan Breakdown
# Cards status:
#	** No alarmed cards (18 cards checked) **

################## Milegate BSA-V16-3  RIN 179 at 10.161.18.134
# System status:
#	** No system alarms **
# Cards status:
#	** No alarmed cards (21 cards checked) **

################## Milegate BSA-V16-4  RIN 180 at 10.161.243.219
# System status:
#	** No system alarms **
# Cards status:
#	** No alarmed cards (21 cards checked) **

################## Milegate BSA-V17-3  RIN 142 at 10.161.253.64
# System status:
#	** No system alarms **
# Cards status:
#	** No alarmed cards (18 cards checked) **

################## Milegate BSA-V19-4  RIN 216 at 10.161.243.222
# System status:
#	** No system alarms **
# Cards status:
#	** No alarmed cards (19 cards checked) **

################## Milegate BSA-V21  RIN 93 at 10.161.17.172
# System status:
#	** No system alarms **
# Cards status:
#	** No alarmed cards (18 cards checked) **

################## Milegate BSA-V21-2  RIN 94 at 10.161.17.173
# System status:
#	** No system alarms **
# Cards status:
#	** No alarmed cards (19 cards checked) **

############### ** General status for BSA ** ###############
# Total hosts checked: 549
# Total system alarms: 106
# Total cards alarms: 1
# Total redundancy errors: 0
############################################################
