################## Zhone CBA-A01  RIN 69 at 10.161.53.134
# System status:
#	** No system alarms **
# Cards status:
#	** No alarmed cards (8 cards checked) **
# Uplink redundancy errors:
#	** No errors **

################## Zhone CBA-A01-2  RIN 71 at 10.161.53.135
# System status:
#	** No system alarms **
# Cards status:
#	** No alarmed cards (8 cards checked) **
# Uplink redundancy errors:
#	** No errors **

################## Zhone CBA-A02  RIN 73 at 10.161.53.136
# System status:
#	** No system alarms **
# Cards status:
#	** No alarmed cards (8 cards checked) **
# Uplink redundancy errors:
#	** No errors **

################## Zhone CBA-A03  RIN 10 at 10.161.53.137
# System status:
#	** No system alarms **
# Cards status:
#	** No alarmed cards (9 cards checked) **
# Uplink redundancy errors:
#	** No errors **

################## Zhone CBA-A05-2  RIN 44 at 10.161.53.246
# System status:
#	** No system alarms **
# Cards status:
#	** No alarmed cards (5 cards checked) **
# Uplink redundancy errors:
#	** No errors **

################## Zhone CBA-A06  RIN 20 at 10.161.53.141
# System status:
#	** No system alarms **
# Cards status:
#	** No alarmed cards (8 cards checked) **
# Uplink redundancy errors:
#	** No errors **

################## Zhone CBA-A06-2  RIN 96 at 10.161.53.142
# System status:
#	** No system alarms **
# Cards status:
#	** No alarmed cards (8 cards checked) **
# Uplink redundancy errors:
#	** No errors **

################## Zhone CBA-A07  RIN 131 at 10.161.53.143
# System status:
#	** No system alarms **
# Cards status:
#	** No alarmed cards (8 cards checked) **
# Uplink redundancy errors:
#	** No errors **

################## Zhone CBA-A07-2  RIN 26 at 10.161.53.144
# System status:
#	** No system alarms **
# Cards status:
#	** No alarmed cards (8 cards checked) **
# Uplink redundancy errors:
#	** No errors **

################## Zhone CBA-A08-2  RIN 12 at 10.161.53.146
# System status:
#	** No system alarms **
# Cards status:
#	** No alarmed cards (8 cards checked) **
# Uplink redundancy errors:
#	** No errors **

################## Zhone CBA-A09  RIN 155 at 10.161.53.147
# System status:
#	** No system alarms **
# Cards status:
#	** No alarmed cards (8 cards checked) **
# Uplink redundancy errors:
#	** No errors **

################## Zhone CBA-A09-2  RIN 36 at 10.161.53.148
# System status:
#	** No system alarms **
# Cards status:
#	** No alarmed cards (8 cards checked) **
# Uplink redundancy errors:
#	** No errors **

################## Zhone CBA-A10-2  RIN 134 at 10.161.53.150
# System status:
#	** No system alarms **
# Cards status:
#	** No alarmed cards (9 cards checked) **
# Uplink redundancy errors:
#	** No errors **

################## Zhone CBA-A10  RIN 68 at 10.161.53.149
# System status:
#	Alarm >> system - power_supply_a_failure - minor
# Cards status:
#	** No alarmed cards (8 cards checked) **
# Uplink redundancy errors:
#	** No errors **

################## Zhone CBA-A11-2  RIN 11 at 10.161.53.152
# System status:
#	** No system alarms **
# Cards status:
#	** No alarmed cards (8 cards checked) **
# Uplink redundancy errors:
#	** No errors **

################## Zhone CBA-A11  RIN 4 at 10.161.53.151
# System status:
#	** No system alarms **
# Cards status:
#	** No alarmed cards (8 cards checked) **
# Uplink redundancy errors:
#	** No errors **

################## Zhone CBA-A12  RIN 85 at 10.161.53.153
# System status:
#	** No system alarms **
# Cards status:
#	** No alarmed cards (8 cards checked) **
# Uplink redundancy errors:
#	** No errors **

################## Zhone CBA-A12-2  RIN 88 at 10.161.53.154
# System status:
#	** No system alarms **
# Cards status:
#	** No alarmed cards (6 cards checked) **
# Uplink redundancy errors:
#	** No errors **

################## Zhone CBA-A13  RIN 52 at 10.161.53.155
# System status:
#	** No system alarms **
# Cards status:
#	** No alarmed cards (9 cards checked) **
# Uplink redundancy errors:
#	** No errors **

################## Zhone CBA-A14-2  RIN 15 at 10.161.53.158
# System status:
#	** No system alarms **
# Cards status:
#	** No alarmed cards (8 cards checked) **
# Uplink redundancy errors:
#	** No errors **

################## Zhone CBA-A14  RIN 6 at 10.161.53.157
# System status:
#	** No system alarms **
# Cards status:
#	** No alarmed cards (8 cards checked) **
# Uplink redundancy errors:
#	** No errors **

################## Zhone CBA-A16-2  RIN 17 at 10.161.53.161
# System status:
#	** No system alarms **
# Cards status:
#	** No alarmed cards (8 cards checked) **
# Uplink redundancy errors:
#	** No errors **

################## Zhone CBA-A16  RIN 75 at 10.161.53.160
# System status:
#	** No system alarms **
# Cards status:
#	** No alarmed cards (8 cards checked) **
# Uplink redundancy errors:
#	** No errors **

################## Zhone CBA-A17  RIN 94 at 10.161.53.162
# System status:
#	** No system alarms **
# Cards status:
#	** No alarmed cards (9 cards checked) **
# Uplink redundancy errors:
#	** No errors **

################## Zhone CBA-A18  RIN 7 at 10.161.53.163
# System status:
#	** No system alarms **
# Cards status:
#	** No alarmed cards (8 cards checked) **
# Uplink redundancy errors:
#	** No errors **

################## Zhone CBA-A19  RIN 31 at 10.161.53.165
# System status:
#	** No system alarms **
# Cards status:
#	** No alarmed cards (9 cards checked) **
# Uplink redundancy errors:
#	** No errors **

################## Zhone CBA-A20  RIN 139 at 10.161.53.166
# System status:
#	** No system alarms **
# Cards status:
#	** No alarmed cards (8 cards checked) **
# Uplink redundancy errors:
#	** No errors **

################## Zhone CBA-A20-2  RIN 142 at 10.161.53.167
# System status:
#	Alarm >> system - power_supply_a_failure - minor
# Cards status:
#	** No alarmed cards (8 cards checked) **
# Uplink redundancy errors:
#	** No errors **

################## Zhone CBA-A21  RIN 114 at 10.161.53.168
# System status:
#	** No system alarms **
# Cards status:
#	** No alarmed cards (8 cards checked) **
# Uplink redundancy errors:
#	** No errors **

################## Zhone CBA-A22-4  RIN 132 at 10.161.53.170
# System status:
#	** No system alarms **
# Cards status:
#	** No alarmed cards (8 cards checked) **
# Uplink redundancy errors:
#	** No errors **

################## Zhone CBA-A23  RIN 111 at 10.161.53.171
# System status:
#	** No system alarms **
# Cards status:
#	** No alarmed cards (8 cards checked) **
# Uplink redundancy errors:
#	** No errors **

################## Zhone CBA-A23-2  RIN 24 at 10.161.53.248
# System status:
#	** No system alarms **
# Cards status:
#	** No alarmed cards (8 cards checked) **
# Uplink redundancy errors:
#	** No errors **

################## Zhone CBA-A24-2  RIN 107 at 10.161.53.174
# System status:
#	** No system alarms **
# Cards status:
#	** No alarmed cards (8 cards checked) **
# Uplink redundancy errors:
#	** No errors **

################## Zhone CBA-A24  RIN 99 at 10.161.53.173
# System status:
#	** No system alarms **
# Cards status:
#	** No alarmed cards (8 cards checked) **
# Uplink redundancy errors:
#	** No errors **

################## Zhone CBA-A25  RIN 95 at 10.161.53.175
# System status:
#	** No system alarms **
# Cards status:
#	** No alarmed cards (8 cards checked) **
# Uplink redundancy errors:
#	** No errors **

################## Zhone CBA-A25-2  RIN 97 at 10.161.53.176
# System status:
#	** No system alarms **
# Cards status:
#	** No alarmed cards (9 cards checked) **
# Uplink redundancy errors:
#	** No errors **

################## Zhone CBA-A26-3  RIN 3 at 10.161.97.18
# System status:
#	** No system alarms **
# Cards status:
#	** No alarmed cards (5 cards checked) **
# Uplink redundancy errors:
#	** No errors **

################## Zhone CBA-A27  RIN 122 at 10.161.53.178
# System status:
#	** No system alarms **
# Cards status:
#	** No alarmed cards (9 cards checked) **
# Uplink redundancy errors:
#	** No errors **

################## Zhone CBA-A27-2  RIN 125 at 10.161.53.179
# System status:
#	** No system alarms **
# Cards status:
#	** No alarmed cards (8 cards checked) **
# Uplink redundancy errors:
#	** No errors **

################## Zhone CBA-A29-4  RIN 93 at 10.161.53.238
# System status:
#	Alarm >> system - power_supply_a_failure - minor
# Cards status:
#	** No alarmed cards (8 cards checked) **
# Uplink redundancy errors:
#	** No errors **

################## Zhone CBA-A30-2  RIN 13 at 10.161.53.182
# System status:
#	** No system alarms **
# Cards status:
#	** No alarmed cards (8 cards checked) **
# Uplink redundancy errors:
#	** No errors **

################## Zhone CBA-A30  RIN 2 at 10.161.53.181
# System status:
#	** No system alarms **
# Cards status:
#	** No alarmed cards (8 cards checked) **
# Uplink redundancy errors:
#	** No errors **

################## Zhone CBA-A31  RIN 86 at 10.161.53.183
# System status:
#	** No system alarms **
# Cards status:
#	** No alarmed cards (8 cards checked) **
# Uplink redundancy errors:
#	** No errors **

################## Zhone CBA-A31-2  RIN 89 at 10.161.53.184
# System status:
#	** No system alarms **
# Cards status:
#	** No alarmed cards (9 cards checked) **
# Uplink redundancy errors:
#	** No errors **

################## Zhone CBA-A32-4  RIN 38 at 10.161.53.185
# System status:
#	** No system alarms **
# Cards status:
#	** No alarmed cards (9 cards checked) **
# Uplink redundancy errors:
#	** No errors **

################## Zhone CBA-A33  RIN 136 at 10.161.53.186
# System status:
#	** No system alarms **
# Cards status:
#	** No alarmed cards (9 cards checked) **
# Uplink redundancy errors:
#	** No errors **

################## Zhone CBA-A34  RIN 144 at 10.161.53.187
# System status:
#	** No system alarms **
# Cards status:
#	** No alarmed cards (8 cards checked) **
# Uplink redundancy errors:
#	** No errors **

################## Zhone CBA-A35  RIN 16 at 10.161.53.188
# System status:
#	** No system alarms **
# Cards status:
#	** No alarmed cards (8 cards checked) **
# Uplink redundancy errors:
#	** No errors **

################## Zhone CBA-A36  RIN 140 at 10.161.53.189
# System status:
#	** No system alarms **
# Cards status:
#	** No alarmed cards (8 cards checked) **
# Uplink redundancy errors:
#	** No errors **

################## Zhone CBA-A37  RIN 115 at 10.161.53.239
# System status:
#	** No system alarms **
# Cards status:
#	** No alarmed cards (8 cards checked) **
# Uplink redundancy errors:
#	** No errors **

################## Zhone CBA-A38  RIN 25 at 10.161.53.198
# System status:
#	Alarm >> system - power_supply_a_failure - minor
# Cards status:
#	** No alarmed cards (8 cards checked) **
# Uplink redundancy errors:
#	** No errors **

################## Zhone CBA-A39  RIN 130 at 10.161.53.199
# System status:
#	** No system alarms **
# Cards status:
#	** No alarmed cards (8 cards checked) **
# Uplink redundancy errors:
#	** No errors **

################## Zhone CBA-A39-3  RIN 40 at 10.161.53.190
# System status:
#	** No system alarms **
# Cards status:
#	** No alarmed cards (9 cards checked) **
# Uplink redundancy errors:
#	** No errors **

################## Zhone CBA-V05  RIN 145 at 10.161.53.192
############### ** General status for CBA ** ###############
# Total hosts checked: 54
# Total system alarms: 4
# Total cards alarms: 0
# Total redundancy errors: 0
############################################################
