################## Milegate CBA-901-99  RIN  at 10.161.53.237
# System status:
#	** No system alarms **
# Cards status:
#	** No alarmed cards (21 cards checked) **

################## Milegate CBA-A01-6  RIN 91 at 10.161.97.5
# System status:
#	** No system alarms **
# Cards status:
#	** No alarmed cards (18 cards checked) **

################## Milegate CBA-A02-1  RIN 470 at 10.161.97.73
# System status:
#	** No system alarms **
# Cards status:
#	** No alarmed cards (20 cards checked) **

################## Milegate CBA-A02-2  RIN 9 at 10.161.53.201
# System status:
#	** No system alarms **
# Cards status:
#	** No alarmed cards (19 cards checked) **

################## Milegate CBA-A03-0  RIN 471 at 10.161.97.74
# System status:
#	** No system alarms **
# Cards status:
#	** No alarmed cards (18 cards checked) **

################## Milegate CBA-A03-2  RIN 81 at 10.161.53.234
# System status:
#	** No system alarms **
# Cards status:
#	** No alarmed cards (21 cards checked) **

################## Milegate CBA-A04-1  RIN 170 at 10.161.97.48
# System status:
#	** No system alarms **
# Cards status:
#	** No alarmed cards (20 cards checked) **

################## Milegate CBA-A05  RIN 21 at 10.161.53.200
# System status:
#	** No system alarms **
# Cards status:
#	** No alarmed cards (19 cards checked) **

################## Milegate CBA-A06-6  RIN 109 at 10.161.97.27
# System status:
#	** No system alarms **
# Cards status:
#	** No alarmed cards (20 cards checked) **

################## Milegate CBA-A07-3  RIN 138 at 10.161.53.131
# System status:
#	** No system alarms **
# Cards status:
#	** No alarmed cards (20 cards checked) **

################## Milegate CBA-A07-99  RIN 28 at 10.161.53.236
# System status:
#	** No system alarms **
# Cards status:
#	** No alarmed cards (21 cards checked) **

################## Milegate CBA-A08-3  RIN 32 at 10.161.53.211
# System status:
#	** No system alarms **
# Cards status:
#	** No alarmed cards (21 cards checked) **

################## Milegate CBA-A08  RIN 78 at 10.161.53.145
# System status:
#	** No system alarms **
# Cards status:
#	** No alarmed cards (19 cards checked) **

################## Milegate CBA-A09-0  RIN 34 at 10.161.97.56
# System status:
#	** No system alarms **
# Cards status:
#	** No alarmed cards (21 cards checked) **

################## Milegate CBA-A09-3  RIN 37 at 10.161.53.219
# System status:
#	** No system alarms **
# Cards status:
#	** No alarmed cards (21 cards checked) **

################## Milegate CBA-A10-3  RIN 153 at 10.161.53.224
# System status:
#	** No system alarms **
# Cards status:
#	** No alarmed cards (21 cards checked) **

################## Milegate CBA-A10-4  RIN 588 at 10.161.97.45
# System status:
#	** No system alarms **
# Cards status:
#	** No alarmed cards (21 cards checked) **

################## Milegate CBA-A11-0  RIN 352 at 10.161.97.58
# System status:
#	** No system alarms **
# Cards status:
#	** No alarmed cards (21 cards checked) **

################## Milegate CBA-A12-3  RIN 22 at 10.161.53.220
# System status:
#	Alarm >> fan: Partial Fan Breakdown
# Cards status:
#	** No alarmed cards (18 cards checked) **

################## Milegate CBA-A12-0  RIN 375 at 10.161.97.83
# System status:
#	** No system alarms **
# Cards status:
#	** No alarmed cards (19 cards checked) **

################## Milegate CBA-A13-2  RIN 14 at 10.161.53.156
# System status:
#	** No system alarms **
# Cards status:
#	** No alarmed cards (21 cards checked) **

################## Milegate CBA-A13-3  RIN 35 at 10.161.53.159
# System status:
#	** No system alarms **
# Cards status:
#	** No alarmed cards (21 cards checked) **

################## Milegate CBA-A14-1  RIN 353 at 10.161.97.59
# System status:
#	** No system alarms **
# Cards status:
#	** No alarmed cards (20 cards checked) **

################## Milegate CBA-A15-2  RIN 157 at 10.161.53.240
# System status:
#	** No system alarms **
# Cards status:
#	** No alarmed cards (21 cards checked) **

################## Milegate CBA-A16-3  RIN 118 at 10.161.97.31
# System status:
#	** No system alarms **
# Cards status:
#	** No alarmed cards (21 cards checked) **

################## Milegate CBA-A17-2  RIN 105 at 10.161.53.217
# System status:
#	** No system alarms **
# Cards status:
#	** No alarmed cards (20 cards checked) **

################## Milegate CBA-A18-5  RIN 30 at 10.161.53.164
# System status:
#	** No system alarms **
# Cards status:
#	** No alarmed cards (21 cards checked) **

################## Milegate CBA-A19-2  RIN 106 at 10.161.53.216
# System status:
#	** No system alarms **
# Cards status:
#	** No alarmed cards (19 cards checked) **

################## Milegate CBA-A20-6  RIN 135 at 10.161.97.19
# System status:
#	** No system alarms **
# Cards status:
#	** No alarmed cards (21 cards checked) **

################## Milegate CBA-A21-3  RIN 110 at 10.161.97.3
# System status:
#	** No system alarms **
# Cards status:
#	** No alarmed cards (19 cards checked) **

################## Milegate CBA-A21-5  RIN 119 at 10.161.53.169
# System status:
#	** No system alarms **
# Cards status:
#	** No alarmed cards (20 cards checked) **

################## Milegate CBA-A22-5  RIN 146 at 10.161.53.208
# System status:
#	** No system alarms **
# Cards status:
#	** No alarmed cards (21 cards checked) **

################## Milegate CBA-A22-0  RIN 169 at 10.161.97.44
# System status:
#	** No system alarms **
# Cards status:
#	** No alarmed cards (18 cards checked) **

################## Milegate CBA-A23-3  RIN 82 at 10.161.53.172
# System status:
#	** No system alarms **
# Cards status:
#	** No alarmed cards (19 cards checked) **

################## Milegate CBA-A24-3  RIN 123 at 10.161.97.2
# System status:
#	** No system alarms **
# Cards status:
#	** No alarmed cards (21 cards checked) **

################## Milegate CBA-A25-3  RIN 92 at 10.161.53.205
# System status:
#	** No system alarms **
# Cards status:
#	** No alarmed cards (19 cards checked) **

################## Milegate CBA-A26-0  RIN 373 at 10.161.97.81
# System status:
#	** No system alarms **
# Cards status:
#	** No alarmed cards (14 cards checked) **

################## Milegate CBA-A26  RIN 65 at 10.161.53.130
# System status:
#	** No system alarms **
# Cards status:
#	** No alarmed cards (18 cards checked) **

################## Milegate CBA-A26-2  RIN 66 at 10.161.53.214
# System status:
#	** No system alarms **
# Cards status:
#	** No alarmed cards (18 cards checked) **

################## Milegate CBA-A27-0  RIN 120 at 10.161.99.179
# System status:
#	** No system alarms **
# Cards status:
#	** No alarmed cards (21 cards checked) **

################## Milegate CBA-A29-2  RIN 112 at 10.161.53.252
# System status:
#	** No system alarms **
# Cards status:
#	** No alarmed cards (17 cards checked) **

################## Milegate CBA-A29-0  RIN 180 at 10.161.97.85
# System status:
#	** No system alarms **
# Cards status:
#	** No alarmed cards (21 cards checked) **

################## Milegate CBA-A29-3  RIN 98 at 10.161.97.8
# System status:
#	** No system alarms **
# Cards status:
#	** No alarmed cards (17 cards checked) **

################## Milegate CBA-A30-6  RIN 23 at 10.161.97.39
# System status:
#	** No system alarms **
# Cards status:
#	** No alarmed cards (19 cards checked) **

################## Milegate CBA-A32-6  RIN 164 at 10.161.97.40
# System status:
#	** No system alarms **
# Cards status:
#	** No alarmed cards (20 cards checked) **

################## Milegate CBA-A32-5  RIN 39 at 10.161.53.204
# System status:
#	** No system alarms **
# Cards status:
#	** No alarmed cards (19 cards checked) **

################## Milegate CBA-A33-2  RIN 143 at 10.161.53.213
# System status:
#	** No system alarms **
# Cards status:
#	** No alarmed cards (19 cards checked) **

################## Milegate CBA-A33-0  RIN 153 at 10.161.97.79
# System status:
#	** No system alarms **
# Cards status:
#	** No alarmed cards (19 cards checked) **

################## Milegate CBA-A34-2  RIN 33 at 10.161.53.215
# System status:
#	** No system alarms **
# Cards status:
#	** No alarmed cards (19 cards checked) **

################## Milegate CBA-A34-0  RIN 374 at 10.161.97.82
# System status:
#	** No system alarms **
# Cards status:
#	** No alarmed cards (19 cards checked) **

################## Milegate CBA-A34-3  RIN 49 at 10.161.53.197
# System status:
#	Alarm >> fan: Partial Fan Breakdown
# Cards status:
#	** No alarmed cards (19 cards checked) **

################## Milegate CBA-A35-3  RIN 151 at 10.161.53.228
# System status:
#	** No system alarms **
# Cards status:
#	** No alarmed cards (19 cards checked) **

################## Milegate CBA-A35-0  RIN 159 at 10.161.99.211
# System status:
#	** No system alarms **
# Cards status:
#	** No alarmed cards (18 cards checked) **

################## Milegate CBA-A35-2  RIN 19 at 10.161.53.129
# System status:
#	** No system alarms **
# Cards status:
#	** No alarmed cards (18 cards checked) **

################## Milegate CBA-A36-3  RIN 41 at 10.161.53.253
# System status:
#	Alarm >> ne: Protecting CU Active
# Cards status:
#	** No alarmed cards (19 cards checked) **

################## Milegate CBA-A36-2  RIN 61 at 10.161.53.209
# System status:
#	** No system alarms **
# Cards status:
#	** No alarmed cards (12 cards checked) **

################## Milegate CBA-A37-2  RIN 121 at 10.161.53.212
# System status:
#	** No system alarms **
# Cards status:
#	** No alarmed cards (18 cards checked) **

################## Milegate CBA-A37-0  RIN 126 at 10.161.99.194
# System status:
#	** No system alarms **
# Cards status:
#	** No alarmed cards (18 cards checked) **

################## Milegate CBA-A37-3  RIN 55 at 10.161.53.243
# System status:
#	** No system alarms **
# Cards status:
#	** No alarmed cards (19 cards checked) **

################## Milegate CBA-A38-1  RIN 67 at 10.161.53.235
# System status:
#	** No system alarms **
# Cards status:
#	** No alarmed cards (12 cards checked) **

################## Milegate CBA-A39-2  RIN 160 at 10.161.53.241
# System status:
#	** No system alarms **
# Cards status:
#	** No alarmed cards (18 cards checked) **

################## Milegate CBA-A39-5  RIN 174 at 10.161.99.202
# System status:
#	** No system alarms **
# Cards status:
#	** No alarmed cards (19 cards checked) **

################## Milegate CBA-A40-2  RIN 5 at 10.161.53.222
# System status:
#	Alarm >> fan: Total Fan Breakdown
# Cards status:
#	** No alarmed cards (18 cards checked) **

################## Milegate CBA-A40-3  RIN 53 at 10.161.97.13
# System status:
#	** No system alarms **
# Cards status:
#	** No alarmed cards (20 cards checked) **

################## Milegate CBA-A40  RIN 54 at 10.161.53.221
# System status:
#	** No system alarms **
# Cards status:
#	** No alarmed cards (18 cards checked) **

################## Milegate CBA-A41  RIN 70 at 10.161.53.226
# System status:
#	** No system alarms **
# Cards status:
#	** No alarmed cards (19 cards checked) **

################## Milegate CBA-A41-2  RIN 72 at 10.161.53.227
# System status:
#	** No system alarms **
# Cards status:
#	** No alarmed cards (19 cards checked) **

################## Milegate CBA-A41-3  RIN 76 at 10.161.97.11
# System status:
#	** No system alarms **
# Cards status:
#	** No alarmed cards (21 cards checked) **

################## Milegate CBA-A42-2  RIN 158 at 10.161.53.247
# System status:
#	Alarm >> fan: Total Fan Breakdown
# Cards status:
#	** No alarmed cards (18 cards checked) **

################## Milegate CBA-A42-3  RIN 161 at 10.161.97.7
# System status:
#	** No system alarms **
# Cards status:
#	** No alarmed cards (21 cards checked) **

################## Milegate CBA-A42  RIN 48 at 10.161.53.230
# System status:
#	Alarm >> fan: Partial Fan Breakdown
# Cards status:
#	** No alarmed cards (18 cards checked) **

################## Milegate CBA-A43-5  RIN 51 at 10.161.53.195
# System status:
#	** No system alarms **
# Cards status:
#	** No alarmed cards (18 cards checked) **

################## Milegate CBA-A43-4  RIN 56 at 10.161.53.231
# System status:
#	** No system alarms **
# Cards status:
#	** No alarmed cards (19 cards checked) **

################## Milegate CBA-A43-6  RIN 57 at 10.161.97.78
# System status:
#	** No system alarms **
# Cards status:
#	** No alarmed cards (18 cards checked) **

################## Milegate CBA-A44  RIN 0 at 10.161.99.210
# System status:
#	** No system alarms **
# Cards status:
#	** No alarmed cards (19 cards checked) **

################## Milegate CBA-A44-4  RIN 162 at 10.161.53.244
# System status:
#	Alarm >> ne: Protecting CU Active
# Cards status:
#	** No alarmed cards (18 cards checked) **

################## Milegate CBA-A44-5  RIN 163 at 10.161.53.245
# System status:
#	** No system alarms **
# Cards status:
#	** No alarmed cards (18 cards checked) **

################## Milegate CBA-A44-6  RIN 167 at 10.161.97.10
# System status:
#	** No system alarms **
# Cards status:
#	** No alarmed cards (20 cards checked) **

################## Milegate CBA-A45  RIN 45 at 10.161.53.177
# System status:
#	** No system alarms **
# Cards status:
#	** No alarmed cards (19 cards checked) **

################## Milegate CBA-A45-2  RIN 46 at 10.161.53.233
# System status:
#	Alarm >> ne: Protecting CU Active
# Cards status:
#	** No alarmed cards (21 cards checked) **

################## Milegate CBA-A45-6  RIN 47 at 10.161.97.9
# System status:
#	** No system alarms **
# Cards status:
#	** No alarmed cards (20 cards checked) **

################## Milegate CBA-A46  RIN 108 at 10.161.97.14
# System status:
#	** No system alarms **
# Cards status:
#	** No alarmed cards (14 cards checked) **

################## Milegate CBA-A46-1  RIN 113 at 10.161.97.15
# System status:
#	** No system alarms **
# Cards status:
#	** No alarmed cards (17 cards checked) **

################## Milegate CBA-A47-0  RIN 124 at 10.161.97.16
# System status:
#	** No system alarms **
# Cards status:
#	** No alarmed cards (19 cards checked) **

################## Milegate CBA-A47-4  RIN 127 at 10.161.97.17
# System status:
#	** No system alarms **
# Cards status:
#	** No alarmed cards (20 cards checked) **

################## Milegate CBA-A48-0  RIN 133 at 10.161.97.20
# System status:
#	** No system alarms **
# Cards status:
#	** No alarmed cards (18 cards checked) **

################## Milegate CBA-A48  RIN 137 at 10.161.97.21
# System status:
#	** No system alarms **
# Cards status:
#	** No alarmed cards (20 cards checked) **

################## Milegate CBA-A48-5  RIN 141 at 10.161.97.22
# System status:
#	** No system alarms **
# Cards status:
#	** No alarmed cards (19 cards checked) **

################## Milegate CBA-A49-0  RIN 540 at 10.161.97.28
# System status:
#	** No system alarms **
# Cards status:
#	** No alarmed cards (13 cards checked) **

################## Milegate CBA-A49  RIN 541 at 10.161.97.29
# System status:
#	** No system alarms **
# Cards status:
#	** No alarmed cards (12 cards checked) **

################## Milegate CBA-A49-2  RIN 542 at 10.161.97.30
# System status:
#	** No system alarms **
# Cards status:
#	** No alarmed cards (18 cards checked) **

################## Milegate CBA-A50-0  RIN 536 at 10.161.97.32
# System status:
#	** No system alarms **
# Cards status:
#	** No alarmed cards (19 cards checked) **

################## Milegate CBA-A50-4  RIN 537 at 10.161.97.33
# System status:
#	** No system alarms **
# Cards status:
#	** No alarmed cards (20 cards checked) **

################## Milegate CBA-A51-0  RIN 593 at 10.161.97.34
# System status:
#	** No system alarms **
# Cards status:
#	** No alarmed cards (13 cards checked) **

################## Milegate CBA-A51-4  RIN 594 at 10.161.97.35
# System status:
#	** No system alarms **
# Cards status:
#	** No alarmed cards (12 cards checked) **

################## Milegate CBA-A52  RIN 597 at 10.161.97.36
# System status:
#	** No system alarms **
# Cards status:
#	** No alarmed cards (19 cards checked) **

################## Milegate CBA-A52-4  RIN 598 at 10.161.97.37
# System status:
#	** No system alarms **
# Cards status:
#	** No alarmed cards (18 cards checked) **

################## Milegate CBA-A52-5  RIN 599 at 10.161.97.38
# System status:
#	** No system alarms **
# Cards status:
#	** No alarmed cards (19 cards checked) **

################## Milegate CBA-A53-0  RIN 589 at 10.161.97.42
# System status:
#	** No system alarms **
# Cards status:
#	** No alarmed cards (13 cards checked) **

################## Milegate CBA-A53  RIN 590 at 10.161.97.43
# System status:
#	** No system alarms **
# Cards status:
#	** No alarmed cards (20 cards checked) **

################## Milegate CBA-A54-0  RIN 57 at 10.161.97.50
# System status:
#	** No system alarms **
# Cards status:
#	** No alarmed cards (13 cards checked) **

################## Milegate CBA-A54-4  RIN 58 at 10.161.97.53
# System status:
#	** No system alarms **
# Cards status:
#	** No alarmed cards (20 cards checked) **

################## Milegate CBA-A55-0  RIN 59 at 10.161.97.54
# System status:
#	** No system alarms **
# Cards status:
#	** No alarmed cards (13 cards checked) **

################## Milegate CBA-A55-4  RIN 60 at 10.161.97.55
# System status:
#	** No system alarms **
# Cards status:
#	** No alarmed cards (20 cards checked) **

################## Milegate CBA-A57-4  RIN 578 at 10.161.97.84
# System status:
#	Alarm >> ne: Protecting CU Active
# Cards status:
#	** No alarmed cards (17 cards checked) **

################## Milegate CBA-A57-0  RIN 580 at 10.161.97.63
# System status:
#	** No system alarms **
# Cards status:
#	** No alarmed cards (17 cards checked) **

################## Milegate CBA-A58-0  RIN 581 at 10.161.97.64
# System status:
#	** No system alarms **
# Cards status:
#	** No alarmed cards (15 cards checked) **

################## Milegate CBA-A59-0  RIN 583 at 10.161.97.66
# System status:
#	** No system alarms **
# Cards status:
#	** No alarmed cards (15 cards checked) **

################## Milegate CBA-V01-2  RIN 29 at 10.161.53.207
# System status:
#	** No system alarms **
# Cards status:
#	** No alarmed cards (18 cards checked) **

################## Milegate CBA-V01  RIN 63 at 10.161.53.206
# System status:
#	** No system alarms **
# Cards status:
#	** No alarmed cards (17 cards checked) **

################## Milegate CBA-V04  RIN 128 at 10.161.53.203
# System status:
#	** No system alarms **
# Cards status:
#	** No alarmed cards (18 cards checked) **

################## Milegate CBA-V04-2  RIN 156 at 10.161.53.202
# System status:
#	Alarm >> ne: Protecting CU Active
#	Alarm >> fan: Unit Not Available
# Cards status:
#	** No alarmed cards (18 cards checked) **

################## Milegate CBA-V04-3  RIN 165 at 10.161.53.232
# System status:
#	** No system alarms **
# Cards status:
#	** No alarmed cards (19 cards checked) **

################## Milegate CBA-V04-7  RIN 168 at 10.161.97.24
# System status:
#	** No system alarms **
# Cards status:
#	** No alarmed cards (18 cards checked) **

################## Milegate CBA-V05-4  RIN 147 at 10.161.97.4
# System status:
#	** No system alarms **
# Cards status:
#	** No alarmed cards (21 cards checked) **

################## Milegate CBA-V05-3  RIN 149 at 10.161.97.25
# System status:
#	** No system alarms **
# Cards status:
#	** No alarmed cards (14 cards checked) **

############### ** General status for CBA ** ###############
# Total hosts checked: 116
# Total system alarms: 11
# Total cards alarms: 0
# Total redundancy errors: 0
############################################################
