################## Milegate GNA-909-99  RIN  at 10.161.145.250
# System status:
#	** No system alarms **
# Cards status:
#	** No alarmed cards (20 cards checked) **

################## Milegate GNA-A01-2  RIN 251 at 10.161.145.246
# System status:
#	** No system alarms **
# Cards status:
#	** No alarmed cards (17 cards checked) **

################## Milegate GNA-A01-3  RIN 252 at 10.164.32.43
# System status:
#	Alarm >> ne: Loss Of Signal On PDH Clock Source 2
# Cards status:
#	** No alarmed cards (21 cards checked) **

################## Milegate GNA-A02-2  RIN 255 at 10.161.145.237
# System status:
#	Alarm >> ne: Protecting CU Active
# Cards status:
#	** No alarmed cards (20 cards checked) **

################## Milegate GNA-A02-0  RIN 256 at 10.164.32.2
# System status:
#	** No system alarms **
# Cards status:
#	** No alarmed cards (19 cards checked) **

################## Milegate GNA-A03-2  RIN 188 at 10.161.145.217
# System status:
#	** No system alarms **
# Cards status:
#	** No alarmed cards (21 cards checked) **

################## Milegate GNA-A04-0  RIN 0 at 10.161.139.201
# System status:
#	** No system alarms **
# Cards status:
#	** No alarmed cards (10 cards checked) **

################## Milegate GNA-A04  RIN 246 at 10.161.139.153
# System status:
#	** No system alarms **
# Cards status:
#	** No alarmed cards (19 cards checked) **

################## Milegate GNA-A04-2  RIN 247 at 10.161.139.152
# System status:
#	** No system alarms **
# Cards status:
#	** No alarmed cards (19 cards checked) **

################## Milegate GNA-A05-2  RIN 323 at 10.161.139.82
# System status:
#	** No system alarms **
# Cards status:
#	** No alarmed cards (19 cards checked) **

################## Milegate GNA-A05-3  RIN 324 at 10.161.139.238
# System status:
#	** No system alarms **
# Cards status:
#	** No alarmed cards (21 cards checked) **

################## Milegate GNA-A08-2  RIN 231 at 10.161.139.93
# System status:
#	** No system alarms **
# Cards status:
#	** No alarmed cards (21 cards checked) **

################## Milegate GNA-A09-5  RIN 243 at 10.161.139.157
# System status:
#	** No system alarms **
# Cards status:
#	** No alarmed cards (21 cards checked) **

################## Milegate GNA-A09-6  RIN 244 at 10.164.32.5
# System status:
#	** No system alarms **
# Cards status:
#	** No alarmed cards (17 cards checked) **

################## Milegate GNA-A0B1  RIN  at 10.161.139.215
# System status:
#	** No system alarms **
# Cards status:
#	** No alarmed cards (20 cards checked) **

################## Milegate GNA-A0B-2  RIN  at 10.161.139.226
# System status:
#	** No system alarms **
# Cards status:
#	** No alarmed cards (13 cards checked) **

################## Milegate GNA-A0G-4  RIN  at 10.161.139.234
# System status:
#	Alarm >> fan: Partial Fan Breakdown
# Cards status:
#	** No alarmed cards (21 cards checked) **

################## Milegate GNA-A0G-3  RIN  at 10.161.140.217
# System status:
#	Alarm >> ne: Protecting CU Active
#	Alarm >> fan: Partial Fan Breakdown
# Cards status:
#	** No alarmed cards (18 cards checked) **

################## Milegate GNA-A0G-2  RIN  at 10.161.139.140
# System status:
#	** No system alarms **
# Cards status:
#	** No alarmed cards (18 cards checked) **

################## Milegate GNA-A0I-2  RIN  at 10.161.139.110
# System status:
#	Alarm >> ne: Protecting CU Active
# Cards status:
#	** No alarmed cards (21 cards checked) **

################## Milegate GNA-A0M-0  RIN  at 10.161.137.73
# System status:
#	** No system alarms **
# Cards status:
#	** No alarmed cards (21 cards checked) **

################## Milegate GNA-A0S-2  RIN  at 10.161.145.227
# System status:
#	Alarm >> fan: Partial Fan Breakdown
# Cards status:
#	** No alarmed cards (19 cards checked) **

################## Milegate GNA-A0S-6  RIN  at 10.164.32.198
# System status:
#	** No system alarms **
# Cards status:
#	** No alarmed cards (21 cards checked) **

################## Milegate GNA-A0T-2  RIN  at 10.161.145.200
# System status:
#	** No system alarms **
# Cards status:
#	** No alarmed cards (21 cards checked) **

################## Milegate GNA-A0V-2  RIN  at 10.161.139.103
# System status:
#	** No system alarms **
# Cards status:
#	** No alarmed cards (21 cards checked) **

################## Milegate GNA-A0W-2  RIN  at 10.161.139.89
# System status:
#	Alarm >> ne: Protecting CU Active
# Cards status:
#	** No alarmed cards (21 cards checked) **

################## Milegate GNA-A11-2  RIN 191 at 10.161.139.91
# System status:
#	** No system alarms **
# Cards status:
#	** No alarmed cards (21 cards checked) **

################## Milegate GNA-A11-3  RIN 192 at 10.161.139.235
# System status:
#	** No system alarms **
# Cards status:
#	** No alarmed cards (21 cards checked) **

################## Milegate GNA-A12-3  RIN 185 at 10.161.139.249
# System status:
#	** No system alarms **
# Cards status:
#	** No alarmed cards (21 cards checked) **

################## Milegate GNA-A13-4  RIN 173 at 10.164.43.183
# System status:
#	** No system alarms **
# Cards status:
#	** No alarmed cards (18 cards checked) **

################## Milegate GNA-A14-2  RIN 147 at 10.161.139.120
# System status:
#	Alarm >> fan: Partial Fan Breakdown
# Cards status:
#	** No alarmed cards (19 cards checked) **

################## Milegate GNA-A18-5  RIN 385 at 10.164.43.161
# System status:
#	** No system alarms **
# Cards status:
#	** No alarmed cards (13 cards checked) **

################## Milegate GNA-A18  RIN 535 at 10.161.93.246
# System status:
#	Alarm >> ne: Protecting CU Active
# Cards status:
#	** No alarmed cards (20 cards checked) **

################## Milegate GNA-A19-6  RIN 487 at 10.164.32.196
# System status:
#	** No system alarms **
# Cards status:
#	** No alarmed cards (17 cards checked) **

################## Milegate GNA-A19-0  RIN 86 at 10.164.32.225
# System status:
#	** No system alarms **
# Cards status:
#	** No alarmed cards (18 cards checked) **

################## Milegate GNA-A19-5  RIN 88 at 10.161.139.86
# System status:
#	** No system alarms **
# Cards status:
#	** No alarmed cards (21 cards checked) **

################## Milegate GNA-A1B-2  RIN  at 10.161.139.99
# System status:
#	** No system alarms **
# Cards status:
#	** No alarmed cards (21 cards checked) **

################## Milegate GNA-A1B-3  RIN  at 10.161.139.236
# System status:
#	** No system alarms **
# Cards status:
#	** No alarmed cards (21 cards checked) **

################## Milegate GNA-A1E-4  RIN  at 10.161.139.52
# System status:
#	** No system alarms **
# Cards status:
#	** No alarmed cards (20 cards checked) **

################## Milegate GNA-A1E-6  RIN  at 10.164.43.32
# System status:
#	** No system alarms **
# Cards status:
#	** No alarmed cards (18 cards checked) **

################## Milegate GNA-A1H-0  RIN  at 10.164.43.101
# System status:
#	** No system alarms **
# Cards status:
#	** No alarmed cards (20 cards checked) **

################## Milegate GNA-A1J-99  RIN  at 10.161.137.43
# System status:
#	Alarm >> ne: Loss Of Signal On PDH Clock Source 1
#	Alarm >> ne: Loss Of Signal On PDH Clock Source 2
# Cards status:
#	** No alarmed cards (21 cards checked) **

################## Milegate GNA-A1J-2  RIN  at 10.161.139.117
# System status:
#	Alarm >> ne: Loss Of Signal On PDH Clock Source 1
#	Alarm >> ne: Protecting CU Active
# Cards status:
#	** No alarmed cards (21 cards checked) **

################## Milegate GNA-A1J-6  RIN  at 10.164.43.30
# System status:
#	Alarm >> ne: Loss Of Signal On PDH Clock Source 1
# Cards status:
#	** No alarmed cards (16 cards checked) **

################## Milegate GNA-A1L-7  RIN  at 10.161.139.165
# System status:
#	** No system alarms **
# Cards status:
#	** No alarmed cards (19 cards checked) **

################## Milegate GNA-A1L-8  RIN  at 10.161.139.190
# System status:
#	** No system alarms **
# Cards status:
#	** No alarmed cards (21 cards checked) **

################## Milegate GNA-A1L-0  RIN  at 10.164.32.216
# System status:
#	** No system alarms **
# Cards status:
#	** No alarmed cards (21 cards checked) **

################## Milegate GNA-A1M-2  RIN  at 10.161.139.56
# System status:
#	Alarm >> ne: Protecting CU Active
#	Alarm >> fan: Partial Fan Breakdown
# Cards status:
#	** No alarmed cards (20 cards checked) **

################## Milegate GNA-A1M-6  RIN  at 10.164.32.193
# System status:
#	** No system alarms **
# Cards status:
#	** No alarmed cards (21 cards checked) **

################## Milegate GNA-A20-99  RIN 85 at 10.161.137.103
# System status:
#	** No system alarms **
# Cards status:
#	** No alarmed cards (21 cards checked) **

################## Milegate GNA-A23  RIN 91 at 10.161.139.43
# System status:
#	Alarm >> ne: Protecting CU Active
# Cards status:
#	** No alarmed cards (21 cards checked) **

################## Milegate GNA-A23-4  RIN 94 at 10.161.139.240
# System status:
#	** No system alarms **
# Cards status:
#	** No alarmed cards (20 cards checked) **

################## Milegate GNA-A25-6  RIN 0 at 10.164.43.180
################## Milegate GNA-A25-2  RIN 311 at 10.161.139.90
# System status:
#	** No system alarms **
# Cards status:
#	** No alarmed cards (15 cards checked) **

################## Milegate GNA-A28-2  RIN 303 at 10.161.93.219
# System status:
#	** No system alarms **
# Cards status:
#	** No alarmed cards (13 cards checked) **

################## Milegate GNA-A31-2  RIN 307 at 10.161.93.207
# System status:
#	** No system alarms **
# Cards status:
#	** No alarmed cards (21 cards checked) **

################## Milegate GNA-A34  RIN 350 at 10.161.145.222
# System status:
#	** No system alarms **
# Cards status:
#	** No alarmed cards (19 cards checked) **

################## Milegate GNA-A34-2  RIN 351 at 10.161.139.107
# System status:
#	Alarm >> ne: Protecting CU Active
# Cards status:
#	** No alarmed cards (21 cards checked) **

################## Milegate GNA-A34-99  RIN 352 at 10.164.32.4
# System status:
#	** No system alarms **
# Cards status:
#	** No alarmed cards (20 cards checked) **

################## Milegate GNA-A37-6  RIN 293 at 10.164.32.195
# System status:
#	** No system alarms **
# Cards status:
#	** No alarmed cards (18 cards checked) **

################## Milegate GNA-A38-2  RIN 347 at 10.161.93.239
# System status:
#	Alarm >> fan: Partial Fan Breakdown
# Cards status:
#	** No alarmed cards (11 cards checked) **

################## Milegate GNA-A38-6  RIN 348 at 10.164.32.197
# System status:
#	Alarm >> ne: Protecting CU Active
# Cards status:
#	** No alarmed cards (16 cards checked) **

################## Milegate GNA-A39-0  RIN 576 at 10.161.141.29
# System status:
#	** No system alarms **
# Cards status:
#	** No alarmed cards (20 cards checked) **

################## Milegate GNA-A40-99  RIN 270 at 10.161.145.240
# System status:
#	Alarm >> ne: Loss Of Signal On PDH Clock Source 1
# Cards status:
#	** No alarmed cards (20 cards checked) **

################## Milegate GNA-A40-4  RIN 272 at 10.161.139.232
# System status:
#	** No system alarms **
# Cards status:
#	** No alarmed cards (21 cards checked) **

################## Milegate GNA-A40-1  RIN 273 at 10.164.43.48
# System status:
#	Alarm >> ne: Protecting CU Active
# Cards status:
#	** No alarmed cards (17 cards checked) **

################## Milegate GNA-A41-0  RIN 539 at 10.161.140.163
# System status:
#	** No system alarms **
# Cards status:
#	** No alarmed cards (17 cards checked) **

################## Milegate GNA-A42-99  RIN 24 at 10.164.32.45
# System status:
#	Alarm >> ne: Protecting CU Active
#	Alarm >> fan: Partial Fan Breakdown
# Cards status:
#	** No alarmed cards (17 cards checked) **

################## Milegate GNA-A43  RIN 218 at 10.161.139.220
# System status:
#	Alarm >> ne: Protecting CU Active
#	Alarm >> fan: Partial Fan Breakdown
# Cards status:
#	** No alarmed cards (21 cards checked) **

################## Milegate GNA-A43-2  RIN 219 at 10.161.139.219
# System status:
#	** No system alarms **
# Cards status:
#	** No alarmed cards (17 cards checked) **

################## Milegate GNA-A43-1  RIN 220 at 10.161.139.233
# System status:
#	** No system alarms **
# Cards status:
#	** No alarmed cards (15 cards checked) **

################## Milegate GNA-A44-5  RIN 277 at 10.164.43.160
# System status:
#	** No system alarms **
# Cards status:
#	** No alarmed cards (15 cards checked) **

################## Milegate GNA-A44  RIN 66 at 10.161.139.149
# System status:
#	** No system alarms **
# Cards status:
#	** No alarmed cards (21 cards checked) **

################## Milegate GNA-A45-3  RIN 64 at 10.161.137.128
# System status:
#	** No system alarms **
# Cards status:
#	** No alarmed cards (21 cards checked) **

################## Milegate GNA-A46-2  RIN 331 at 10.161.145.251
# System status:
#	** No system alarms **
# Cards status:
#	** No alarmed cards (20 cards checked) **

################## Milegate GNA-A46-3  RIN 332 at 10.161.139.225
# System status:
#	Alarm >> ne: Loss Of Signal On PDH Clock Source 2
# Cards status:
#	** No alarmed cards (13 cards checked) **

################## Milegate GNA-A48-0  RIN 109 at 10.161.137.86
# System status:
#	** No system alarms **
# Cards status:
#	** No alarmed cards (20 cards checked) **

################## Milegate GNA-A49  RIN 103 at 10.161.139.105
# System status:
#	** No system alarms **
# Cards status:
#	** No alarmed cards (20 cards checked) **

################## Milegate GNA-A50-2  RIN 115 at 10.161.139.62
# System status:
#	** No system alarms **
# Cards status:
#	** No alarmed cards (21 cards checked) **

################## Milegate GNA-A50-3  RIN 117 at 10.161.139.253
# System status:
#	** No system alarms **
# Cards status:
#	** No alarmed cards (21 cards checked) **

################## Milegate GNA-A52-2  RIN 111 at 10.161.145.235
# System status:
#	** No system alarms **
# Cards status:
#	** No alarmed cards (18 cards checked) **

################## Milegate GNA-A52-0  RIN 113 at 10.161.137.107
# System status:
#	** No system alarms **
# Cards status:
#	** No alarmed cards (20 cards checked) **

################## Milegate GNA-A53-5  RIN 395 at 10.161.93.211
# System status:
#	Alarm >> ne: Protecting CU Active
# Cards status:
#	** No alarmed cards (20 cards checked) **

################## Milegate GNA-A53-6  RIN 396 at 10.164.43.39
# System status:
#	** No system alarms **
# Cards status:
#	** No alarmed cards (20 cards checked) **

################## Milegate GNA-A53-0  RIN 397 at 10.164.43.38
# System status:
#	** No system alarms **
# Cards status:
#	** No alarmed cards (19 cards checked) **

################## Milegate GNA-A55-5  RIN 119 at 10.161.139.206
# System status:
#	** No system alarms **
# Cards status:
#	** No alarmed cards (21 cards checked) **

################## Milegate GNA-A55-6  RIN 120 at 10.164.43.89
# System status:
#	** No system alarms **
# Cards status:
#	** No alarmed cards (14 cards checked) **

################## Milegate GNA-A56-1  RIN 101 at 10.161.93.193
# System status:
#	** No system alarms **
# Cards status:
#	** No alarmed cards (18 cards checked) **

################## Milegate GNA-A56-2  RIN 102 at 10.161.93.198
# System status:
#	** No system alarms **
# Cards status:
#	** No alarmed cards (21 cards checked) **

################## Milegate GNA-A56-3  RIN 103 at 10.161.93.204
# System status:
#	** No system alarms **
# Cards status:
#	** No alarmed cards (21 cards checked) **

################## Milegate GNA-A56-0  RIN 104 at 10.161.141.12
# System status:
#	** No system alarms **
# Cards status:
#	** No alarmed cards (19 cards checked) **

################## Milegate GNA-A58-2  RIN 391 at 10.161.93.228
################## Milegate GNA-A59-2  RIN 28 at 10.161.93.209
# System status:
#	** No system alarms **
# Cards status:
#	** No alarmed cards (19 cards checked) **

################## Milegate GNA-A60-2  RIN 205 at 10.164.43.179
################## Milegate GNA-A61-4  RIN 25 at 10.164.43.4
# System status:
#	** No system alarms **
# Cards status:
#	** No alarmed cards (21 cards checked) **

################## Milegate GNA-A61-2  RIN 26 at 10.161.93.212
# System status:
#	** No system alarms **
# Cards status:
#	** No alarmed cards (21 cards checked) **

################## Milegate GNA-A61-3  RIN 86 at 10.161.139.243
# System status:
#	Alarm >> ne: Protecting CU Active
# Cards status:
#	** No alarmed cards (20 cards checked) **

################## Milegate GNA-A65  RIN 452 at 10.164.43.175
# System status:
#	Alarm >> ne: Loss Of Signal On PDH Clock Source 1
# Cards status:
#	** No alarmed cards (7 cards checked) **

################## Milegate GNA-A65-6  RIN 50 at 10.164.32.122
# System status:
#	** No system alarms **
# Cards status:
#	** No alarmed cards (21 cards checked) **

################## Milegate GNA-A65-7  RIN 51 at 10.164.32.123
# System status:
#	** No system alarms **
# Cards status:
#	** No alarmed cards (21 cards checked) **

################## Milegate GNA-A66  RIN 46 at 10.161.139.102
# System status:
#	** No system alarms **
# Cards status:
#	** No alarmed cards (19 cards checked) **

################## Milegate GNA-A66-2  RIN 47 at 10.161.139.119
# System status:
#	** No system alarms **
# Cards status:
#	** No alarmed cards (21 cards checked) **

################## Milegate GNA-A66-0  RIN 48 at 10.164.43.40
# System status:
#	** No system alarms **
# Cards status:
#	** No alarmed cards (20 cards checked) **

################## Milegate GNA-A67  RIN 142 at 10.161.139.130
# System status:
#	** No system alarms **
# Cards status:
#	** No alarmed cards (21 cards checked) **

################## Milegate GNA-A67-99  RIN 143 at 10.161.93.251
# System status:
#	** No system alarms **
# Cards status:
#	** No alarmed cards (20 cards checked) **

################## Milegate GNA-A67-3  RIN 144 at 10.164.32.44
# System status:
#	** No system alarms **
# Cards status:
#	** No alarmed cards (20 cards checked) **

################## Milegate GNA-A67-2  RIN 18 at 10.161.139.251
# System status:
#	** No system alarms **
# Cards status:
#	** No alarmed cards (21 cards checked) **

################## Milegate GNA-A68-2  RIN 363 at 10.161.139.136
# System status:
#	** No system alarms **
# Cards status:
#	** No alarmed cards (19 cards checked) **

################## Milegate GNA-A68-3  RIN 364 at 10.161.139.171
# System status:
#	** No system alarms **
# Cards status:
#	** No alarmed cards (16 cards checked) **

################## Milegate GNA-A74  RIN 215 at 10.161.145.202
# System status:
#	** No system alarms **
# Cards status:
#	** No alarmed cards (19 cards checked) **

################## Milegate GNA-A74-3  RIN 216 at 10.164.43.56
# System status:
#	** No system alarms **
# Cards status:
#	** No alarmed cards (19 cards checked) **

################## Milegate GNA-A76-99  RIN 126 at 10.161.139.34
# System status:
#	** No system alarms **
# Cards status:
#	** No alarmed cards (20 cards checked) **

################## Milegate GNA-A76-3  RIN 128 at 10.161.139.81
# System status:
#	** No system alarms **
# Cards status:
#	** No alarmed cards (19 cards checked) **

################## Milegate GNA-A76-0  RIN 129 at 10.161.137.120
# System status:
#	Alarm >> ne: Protecting CU Active
# Cards status:
#	** No alarmed cards (21 cards checked) **

################## Milegate GNA-A79-2  RIN 167 at 10.161.139.132
# System status:
#	** No system alarms **
# Cards status:
#	** No alarmed cards (19 cards checked) **

################## Milegate GNA-A81-0  RIN 124 at 10.161.137.52
# System status:
#	** No system alarms **
# Cards status:
#	** No alarmed cards (21 cards checked) **

################## Milegate GNA-A90  RIN 130 at 10.161.139.28
# System status:
#	** No system alarms **
# Cards status:
#	** No alarmed cards (18 cards checked) **

################## Milegate GNA-A90-4  RIN 133 at 10.161.141.34
# System status:
#	Alarm >> fan: Partial Fan Breakdown
# Cards status:
#	** No alarmed cards (21 cards checked) **

################## Milegate GNA-A94-2  RIN 163 at 10.161.139.66
# System status:
#	** No system alarms **
# Cards status:
#	** No alarmed cards (19 cards checked) **

################## Milegate GNA-A98  RIN 170 at 10.161.139.7
# System status:
#	Alarm >> ne: Protecting CU Active
# Cards status:
#	** No alarmed cards (19 cards checked) **

################## Milegate GNA-A98-99  RIN 173 at 10.164.32.13
# System status:
#	** No system alarms **
# Cards status:
#	** No alarmed cards (20 cards checked) **

################## Milegate GNA-A99-0  RIN 136 at 10.161.137.14
# System status:
#	Alarm >> fan: Partial Fan Breakdown
# Cards status:
#	** No alarmed cards (21 cards checked) **

################## Milegate GNA-A99-3  RIN 137 at 10.161.139.184
# System status:
#	** No system alarms **
# Cards status:
#	** No alarmed cards (21 cards checked) **

################## Milegate GNA-B03  RIN 222 at 10.161.145.230
# System status:
#	** No system alarms **
# Cards status:
#	** No alarmed cards (21 cards checked) **

################## Milegate GNA-B03-2  RIN 223 at 10.161.145.231
# System status:
#	** No system alarms **
# Cards status:
#	** No alarmed cards (19 cards checked) **

################## Milegate GNA-B03-4  RIN 225 at 10.161.139.241
# System status:
#	** No system alarms **
# Cards status:
#	** No alarmed cards (18 cards checked) **

################## Milegate GNA-B04-2  RIN 55 at 10.161.139.104
# System status:
#	Alarm >> fan: Total Fan Breakdown
# Cards status:
#	** No alarmed cards (21 cards checked) **

################## Milegate GNA-B04-0  RIN 97 at 10.161.137.63
# System status:
#	** No system alarms **
# Cards status:
#	** No alarmed cards (21 cards checked) **

################## Milegate GNA-B05-5  RIN 43 at 10.161.145.206
# System status:
#	** No system alarms **
# Cards status:
#	** No alarmed cards (21 cards checked) **

################## Milegate GNA-B05-2  RIN 44 at 10.164.43.7
# System status:
#	Alarm >> ne: Protecting CU Active
# Cards status:
#	** No alarmed cards (21 cards checked) **

################## Milegate GNA-B06-2  RIN 383 at 10.161.139.87
# System status:
#	** No system alarms **
# Cards status:
#	** No alarmed cards (21 cards checked) **

################## Milegate GNA-B07-2  RIN 166 at 10.161.145.223
# System status:
#	** No system alarms **
# Cards status:
#	** No alarmed cards (21 cards checked) **

################## Milegate GNA-B07-6  RIN 168 at 10.164.32.192
# System status:
#	** No system alarms **
# Cards status:
#	** No alarmed cards (17 cards checked) **

################## Milegate GNA-B12  RIN 210 at 10.161.145.203
# System status:
#	** No system alarms **
# Cards status:
#	** No alarmed cards (19 cards checked) **

################## Milegate GNA-B12-2  RIN 211 at 10.161.145.204
# System status:
#	** No system alarms **
# Cards status:
#	** No alarmed cards (18 cards checked) **

################## Milegate GNA-B12-3  RIN 212 at 10.161.139.209
# System status:
#	Alarm >> fan: Partial Fan Breakdown
# Cards status:
#	** No alarmed cards (18 cards checked) **

################## Milegate GNA-B13  RIN 218 at 10.161.145.207
# System status:
#	** No system alarms **
# Cards status:
#	** No alarmed cards (21 cards checked) **

################## Milegate GNA-B13-2  RIN 219 at 10.161.145.208
# System status:
#	** No system alarms **
# Cards status:
#	** No alarmed cards (21 cards checked) **

################## Milegate GNA-B13-3  RIN 220 at 10.161.145.209
# System status:
#	** No system alarms **
# Cards status:
#	** No alarmed cards (19 cards checked) **

################## Milegate GNA-B14  RIN 262 at 10.161.145.232
# System status:
#	** No system alarms **
# Cards status:
#	** No alarmed cards (18 cards checked) **

################## Milegate GNA-B14-2  RIN 263 at 10.161.145.233
# System status:
#	** No system alarms **
# Cards status:
#	** No alarmed cards (20 cards checked) **

################## Milegate GNA-B14-5  RIN 88 at 10.161.140.180
# System status:
#	** No system alarms **
# Cards status:
#	** No alarmed cards (20 cards checked) **

################## Milegate GNA-B15  RIN 42 at 10.161.139.71
# System status:
#	Alarm >> fan: Partial Fan Breakdown
# Cards status:
#	** No alarmed cards (19 cards checked) **

################## Milegate GNA-B15-2  RIN 43 at 10.161.139.72
# System status:
#	** No system alarms **
# Cards status:
#	** No alarmed cards (19 cards checked) **

################## Milegate GNA-B15-3  RIN 44 at 10.161.139.113
# System status:
#	** No system alarms **
# Cards status:
#	** No alarmed cards (19 cards checked) **

################## Milegate GNA-B16  RIN 210 at 10.161.139.133
# System status:
#	** No system alarms **
# Cards status:
#	** No alarmed cards (21 cards checked) **

################## Milegate GNA-B16-2  RIN 211 at 10.161.139.134
# System status:
#	** No system alarms **
# Cards status:
#	** No alarmed cards (21 cards checked) **

################## Milegate GNA-B16-3  RIN 212 at 10.161.145.248
# System status:
#	** No system alarms **
# Cards status:
#	** No alarmed cards (21 cards checked) **

################## Milegate GNA-B16-0  RIN 213 at 10.161.140.181
# System status:
#	** No system alarms **
# Cards status:
#	** No alarmed cards (19 cards checked) **

################## Milegate GNA-B17  RIN 386 at 10.161.139.73
# System status:
#	Alarm >> ne: Protecting CU Active
# Cards status:
#	** No alarmed cards (21 cards checked) **

################## Milegate GNA-B17-2  RIN 387 at 10.161.139.92
# System status:
#	** No system alarms **
# Cards status:
#	** No alarmed cards (19 cards checked) **

################## Milegate GNA-B17-3  RIN 388 at 10.161.139.109
# System status:
#	** No system alarms **
# Cards status:
#	** No alarmed cards (21 cards checked) **

################## Milegate GNA-B17-0  RIN 420 at 10.161.137.118
# System status:
#	** No system alarms **
# Cards status:
#	** No alarmed cards (20 cards checked) **

################## Milegate GNA-B18  RIN 12 at 10.161.139.74
# System status:
#	** No system alarms **
# Cards status:
#	** No alarmed cards (20 cards checked) **

################## Milegate GNA-B18-3  RIN 464 at 10.161.139.229
# System status:
#	** No system alarms **
# Cards status:
#	** No alarmed cards (20 cards checked) **

################## Milegate GNA-B19  RIN 170 at 10.161.145.195
# System status:
#	** No system alarms **
# Cards status:
#	** No alarmed cards (21 cards checked) **

################## Milegate GNA-B19-2  RIN 171 at 10.161.145.196
# System status:
#	** No system alarms **
# Cards status:
#	** No alarmed cards (21 cards checked) **

################## Milegate GNA-B19-3  RIN 172 at 10.161.145.197
# System status:
#	Alarm >> ne: Protecting CU Active
# Cards status:
#	** No alarmed cards (21 cards checked) **

################## Milegate GNA-B20-2  RIN 14 at 10.161.93.210
# System status:
#	** No system alarms **
# Cards status:
#	** No alarmed cards (20 cards checked) **

################## Milegate GNA-B20  RIN 15 at 10.161.93.202
################## Milegate GNA-B20-3  RIN 16 at 10.164.32.47
# System status:
#	** No system alarms **
# Cards status:
#	** No alarmed cards (18 cards checked) **

################## Milegate GNA-B21-3  RIN 93 at 10.161.139.192
# System status:
#	Alarm >> ne: Protecting CU Active
#	Alarm >> fan: Partial Fan Breakdown
# Cards status:
#	** No alarmed cards (21 cards checked) **

################## Milegate GNA-B22  RIN 181 at 10.161.145.214
# System status:
#	Alarm >> fan: Partial Fan Breakdown
# Cards status:
#	** No alarmed cards (18 cards checked) **

################## Milegate GNA-B22-3  RIN 184 at 10.161.139.141
# System status:
#	** No system alarms **
# Cards status:
#	** No alarmed cards (21 cards checked) **

################## Milegate GNA-B22-4  RIN 185 at 10.161.139.248
# System status:
#	** No system alarms **
# Cards status:
#	** No alarmed cards (19 cards checked) **

################## Milegate GNA-B22-2  RIN 237 at 10.161.145.215
# System status:
#	** No system alarms **
# Cards status:
#	** No alarmed cards (18 cards checked) **

################## Milegate GNA-B23-2  RIN 115 at 10.161.145.229
# System status:
#	** No system alarms **
# Cards status:
#	** No alarmed cards (20 cards checked) **

################## Milegate GNA-B23-3  RIN 116 at 10.164.32.52
# System status:
#	Alarm >> fan: Partial Fan Breakdown
# Cards status:
#	** No alarmed cards (20 cards checked) **

################## Milegate GNA-B24-2  RIN 299 at 10.161.139.101
# System status:
#	** No system alarms **
# Cards status:
#	** No alarmed cards (21 cards checked) **

################## Milegate GNA-B24-3  RIN 300 at 10.161.139.106
# System status:
#	** No system alarms **
# Cards status:
#	** No alarmed cards (21 cards checked) **

################## Milegate GNA-B24  RIN 541 at 10.161.139.100
# System status:
#	** No system alarms **
# Cards status:
#	** No alarmed cards (21 cards checked) **

################## Milegate GNA-B25  RIN 278 at 10.161.145.238
# System status:
#	** No system alarms **
# Cards status:
#	** No alarmed cards (21 cards checked) **

################## Milegate GNA-B25-2  RIN 279 at 10.161.145.239
# System status:
#	** No system alarms **
# Cards status:
#	** No alarmed cards (20 cards checked) **

################## Milegate GNA-B25-0  RIN 281 at 10.161.140.194
# System status:
#	** No system alarms **
# Cards status:
#	** No alarmed cards (19 cards checked) **

################## Milegate GNA-B26  RIN 22 at 10.161.145.212
# System status:
#	** No system alarms **
# Cards status:
#	** No alarmed cards (18 cards checked) **

################## Milegate GNA-B26-2  RIN 23 at 10.161.145.213
# System status:
#	Alarm >> ne: Protecting CU Active
# Cards status:
#	** No alarmed cards (20 cards checked) **

################## Milegate GNA-B26-3  RIN 24 at 10.164.32.58
# System status:
#	** No system alarms **
# Cards status:
#	** No alarmed cards (21 cards checked) **

################## Milegate GNA-B27  RIN 30 at 10.161.145.220
################## Milegate GNA-B27-2  RIN 31 at 10.161.145.221
# System status:
#	** No system alarms **
# Cards status:
#	** No alarmed cards (20 cards checked) **

################## Milegate GNA-B27-3  RIN 32 at 10.161.139.207
# System status:
#	** No system alarms **
# Cards status:
#	** No alarmed cards (18 cards checked) **

################## Milegate GNA-B27-0  RIN 41 at 10.161.140.191
# System status:
#	** No system alarms **
# Cards status:
#	** No alarmed cards (19 cards checked) **

################## Milegate GNA-B28-2  RIN 27 at 10.161.145.252
# System status:
#	Alarm >> ne: Protecting CU Active
# Cards status:
#	** No alarmed cards (21 cards checked) **

################## Milegate GNA-B28-3  RIN 28 at 10.161.145.253
# System status:
#	** No system alarms **
# Cards status:
#	** No alarmed cards (18 cards checked) **

################## Milegate GNA-B28  RIN 29 at 10.161.145.249
# System status:
#	** No system alarms **
# Cards status:
#	** No alarmed cards (21 cards checked) **

################## Milegate GNA-B30  RIN 82 at 10.161.93.236
# System status:
#	** No system alarms **
# Cards status:
#	** No alarmed cards (20 cards checked) **

################## Milegate GNA-B30-4  RIN 85 at 10.161.139.208
# System status:
#	** No system alarms **
# Cards status:
#	** No alarmed cards (18 cards checked) **

################## Milegate GNA-B31-2  RIN 14 at 10.161.93.218
# System status:
#	** No system alarms **
# Cards status:
#	** No alarmed cards (20 cards checked) **

################## Milegate GNA-B31  RIN 17 at 10.161.93.217
# System status:
#	Alarm >> fan: Partial Fan Breakdown
# Cards status:
#	** No alarmed cards (18 cards checked) **

################## Milegate GNA-B32  RIN 334 at 10.161.93.222
# System status:
#	** No system alarms **
# Cards status:
#	** No alarmed cards (21 cards checked) **

################## Milegate GNA-B32-2  RIN 335 at 10.161.93.223
# System status:
#	** No system alarms **
# Cards status:
#	** No alarmed cards (18 cards checked) **

################## Milegate GNA-B32-3  RIN 336 at 10.164.32.26
# System status:
#	Alarm >> ne: Protecting CU Active
# Cards status:
#	** No alarmed cards (21 cards checked) **

################## Milegate GNA-B33-2  RIN 2 at 10.161.93.225
# System status:
#	** No system alarms **
# Cards status:
#	** No alarmed cards (21 cards checked) **

################## Milegate GNA-B33  RIN 4 at 10.161.93.224
# System status:
#	Alarm >> ne: Protecting CU Active
# Cards status:
#	** No alarmed cards (21 cards checked) **

################## Milegate GNA-B34-6  RIN 216 at 10.164.43.113
# System status:
#	** No system alarms **
# Cards status:
#	** No alarmed cards (18 cards checked) **

################## Milegate GNA-B37-2  RIN 18 at 10.161.93.214
# System status:
#	** No system alarms **
# Cards status:
#	** No alarmed cards (19 cards checked) **

################## Milegate GNA-B37-3  RIN 19 at 10.161.139.193
# System status:
#	** No system alarms **
# Cards status:
#	** No alarmed cards (21 cards checked) **

################## Milegate GNA-B37-0  RIN 20 at 10.164.32.231
# System status:
#	** No system alarms **
# Cards status:
#	** No alarmed cards (19 cards checked) **

################## Milegate GNA-B37  RIN 21 at 10.161.93.213
# System status:
#	** No system alarms **
# Cards status:
#	** No alarmed cards (21 cards checked) **

################## Milegate GNA-B39-2  RIN 199 at 10.164.32.19
# System status:
#	** No system alarms **
# Cards status:
#	** No alarmed cards (21 cards checked) **

################## Milegate GNA-B39-4  RIN 200 at 10.161.139.125
# System status:
#	** No system alarms **
# Cards status:
#	** No alarmed cards (20 cards checked) **

################## Milegate GNA-B40  RIN 378 at 10.161.93.238
# System status:
#	** No system alarms **
# Cards status:
#	** No alarmed cards (18 cards checked) **

################## Milegate GNA-B40-99  RIN 381 at 10.161.140.215
# System status:
#	** No system alarms **
# Cards status:
#	** No alarmed cards (21 cards checked) **

################## Milegate GNA-B40-1  RIN 429 at 10.161.141.23
# System status:
#	** No system alarms **
# Cards status:
#	** No alarmed cards (19 cards checked) **

################## Milegate GNA-B41-3  RIN 446 at 10.164.43.98
# System status:
#	** No system alarms **
# Cards status:
#	** No alarmed cards (13 cards checked) **

################## Milegate GNA-B41-6  RIN 447 at 10.164.43.99
# System status:
#	** No system alarms **
# Cards status:
#	** No alarmed cards (19 cards checked) **

################## Milegate GNA-B41-7  RIN 448 at 10.164.43.100
# System status:
#	** No system alarms **
# Cards status:
#	** No alarmed cards (18 cards checked) **

################## Milegate GNA-B42  RIN 354 at 10.161.93.253
# System status:
#	** No system alarms **
# Cards status:
#	** No alarmed cards (21 cards checked) **

################## Milegate GNA-B42-2  RIN 355 at 10.161.93.247
# System status:
#	** No system alarms **
# Cards status:
#	** No alarmed cards (21 cards checked) **

################## Milegate GNA-B42-3  RIN 356 at 10.161.93.233
# System status:
#	Alarm >> ne: Protecting CU Active
#	Alarm >> fan: Partial Fan Breakdown
# Cards status:
#	** No alarmed cards (18 cards checked) **

################## Milegate GNA-B42-1  RIN 357 at 10.164.32.57
# System status:
#	** No system alarms **
# Cards status:
#	** No alarmed cards (19 cards checked) **

################## Milegate GNA-B43  RIN 138 at 10.161.139.166
# System status:
#	Alarm >> ne: Protecting CU Active
# Cards status:
#	** No alarmed cards (21 cards checked) **

################## Milegate GNA-B43-3  RIN 140 at 10.161.139.231
# System status:
#	** No system alarms **
# Cards status:
#	** No alarmed cards (21 cards checked) **

################## Milegate GNA-B44-0  RIN 110 at 10.161.139.199
# System status:
#	** No system alarms **
# Cards status:
#	** No alarmed cards (21 cards checked) **

################## Milegate GNA-B44  RIN 111 at 10.161.139.200
# System status:
#	Alarm >> fan: Partial Fan Breakdown
# Cards status:
#	** No alarmed cards (21 cards checked) **

################## Milegate GNA-B44-5  RIN 112 at 10.164.43.34
# System status:
#	** No system alarms **
# Cards status:
#	** No alarmed cards (20 cards checked) **

################## Milegate GNA-B45  RIN 358 at 10.161.139.198
# System status:
#	** No system alarms **
# Cards status:
#	** No alarmed cards (21 cards checked) **

################## Milegate GNA-B45-2  RIN 359 at 10.161.139.222
# System status:
#	Alarm >> ne: Loss Of Signal On PDH Clock Source 2
#	Alarm >> ne: Protecting CU Active
# Cards status:
#	** No alarmed cards (18 cards checked) **

################## Milegate GNA-B45-3  RIN 360 at 10.164.32.240
# System status:
#	** No system alarms **
# Cards status:
#	** No alarmed cards (18 cards checked) **

################## Milegate GNA-B45-0  RIN 361 at 10.161.140.214
# System status:
#	Alarm >> ne: Protecting CU Active
# Cards status:
#	** No alarmed cards (18 cards checked) **

################## Milegate GNA-B46-6  RIN 100 at 10.164.43.111
# System status:
#	** No system alarms **
# Cards status:
#	** No alarmed cards (8 cards checked) **

################## Milegate GNA-B46-2  RIN 32 at 10.164.32.105
# System status:
#	** No system alarms **
# Cards status:
#	** No alarmed cards (21 cards checked) **

################## Milegate GNA-B46-0  RIN 37 at 10.161.139.217
# System status:
#	** No system alarms **
# Cards status:
#	** No alarmed cards (17 cards checked) **

################## Milegate GNA-B46  RIN 531 at 10.161.139.218
# System status:
#	Alarm >> ne: Protecting CU Active
# Cards status:
#	** No alarmed cards (21 cards checked) **

################## Milegate GNA-B47-99  RIN 314 at 10.161.139.246
# System status:
#	** No system alarms **
# Cards status:
#	** No alarmed cards (21 cards checked) **

################## Milegate GNA-B47-2-99  RIN 315 at 10.161.139.245
# System status:
#	** No system alarms **
# Cards status:
#	** No alarmed cards (19 cards checked) **

################## Milegate GNA-B47-5  RIN 316 at 10.164.43.35
# System status:
#	** No system alarms **
# Cards status:
#	** No alarmed cards (19 cards checked) **

################## Milegate GNA-B47-2  RIN 542 at 10.164.32.18
# System status:
#	** No system alarms **
# Cards status:
#	** No alarmed cards (11 cards checked) **

################## Milegate GNA-B48-99  RIN 19 at 10.161.139.252
# System status:
#	** No system alarms **
# Cards status:
#	** No alarmed cards (20 cards checked) **

################## Milegate GNA-B48-1  RIN 468 at 10.164.32.103
# System status:
#	** No system alarms **
# Cards status:
#	** No alarmed cards (20 cards checked) **

################## Milegate GNA-B49-0  RIN 193 at 10.164.32.8
# System status:
#	** No system alarms **
# Cards status:
#	** No alarmed cards (21 cards checked) **

################## Milegate GNA-B49-2  RIN 196 at 10.164.32.104
# System status:
#	** No system alarms **
# Cards status:
#	** No alarmed cards (21 cards checked) **

################## Milegate GNA-B49-1  RIN 200 at 10.164.32.9
# System status:
#	** No system alarms **
# Cards status:
#	** No alarmed cards (21 cards checked) **

################## Milegate GNA-B50-6  RIN 459 at 10.164.43.186
# System status:
#	** No system alarms **
# Cards status:
#	** No alarmed cards (4 cards checked) **

################## Milegate GNA-B50-0  RIN 50 at 10.164.32.21
# System status:
#	** No system alarms **
# Cards status:
#	** No alarmed cards (19 cards checked) **

################## Milegate GNA-B50-1  RIN 51 at 10.164.32.22
# System status:
#	** No system alarms **
# Cards status:
#	** No alarmed cards (21 cards checked) **

################## Milegate GNA-B50-2  RIN 52 at 10.164.32.23
# System status:
#	** No system alarms **
# Cards status:
#	** No alarmed cards (11 cards checked) **

################## Milegate GNA-B51  RIN 282 at 10.164.32.10
# System status:
#	** No system alarms **
# Cards status:
#	** No alarmed cards (19 cards checked) **

################## Milegate GNA-B51-1  RIN 283 at 10.164.32.11
# System status:
#	Alarm >> fan: Partial Fan Breakdown
# Cards status:
#	** No alarmed cards (20 cards checked) **

################## Milegate GNA-B51-5  RIN 284 at 10.164.43.76
# System status:
#	** No system alarms **
# Cards status:
#	** No alarmed cards (18 cards checked) **

################## Milegate GNA-B52-0  RIN 2 at 10.164.32.14
# System status:
#	Alarm >> ne: Protecting CU Active
# Cards status:
#	** No alarmed cards (19 cards checked) **

################## Milegate GNA-B52-1  RIN 3 at 10.164.32.15
# System status:
#	Alarm >> ne: Protecting CU Active
# Cards status:
#	** No alarmed cards (21 cards checked) **

################## Milegate GNA-B52-5  RIN 469 at 10.164.32.152
# System status:
#	** No system alarms **
# Cards status:
#	** No alarmed cards (18 cards checked) **

################## Milegate GNA-B52-6  RIN 5 at 10.164.43.83
# System status:
#	** No system alarms **
# Cards status:
#	** No alarmed cards (18 cards checked) **

################## Milegate GNA-B53  RIN 286 at 10.164.32.16
# System status:
#	** No system alarms **
# Cards status:
#	** No alarmed cards (21 cards checked) **

################## Milegate GNA-B53-1  RIN 287 at 10.164.32.17
# System status:
#	** No system alarms **
# Cards status:
#	** No alarmed cards (21 cards checked) **

################## Milegate GNA-B53-5  RIN 288 at 10.164.43.79
# System status:
#	** No system alarms **
# Cards status:
#	** No alarmed cards (19 cards checked) **

################## Milegate GNA-B54  RIN 242 at 10.164.32.24
# System status:
#	** No system alarms **
# Cards status:
#	** No alarmed cards (18 cards checked) **

################## Milegate GNA-B54-1  RIN 243 at 10.164.32.25
# System status:
#	** No system alarms **
# Cards status:
#	** No alarmed cards (20 cards checked) **

################## Milegate GNA-B54-5  RIN 244 at 10.164.32.155
# System status:
#	** No system alarms **
# Cards status:
#	** No alarmed cards (20 cards checked) **

################## Milegate GNA-B55-6  RIN 160 at 10.164.43.117
# System status:
#	** No system alarms **
# Cards status:
#	** No alarmed cards (9 cards checked) **

################## Milegate GNA-B55-5  RIN 25 at 10.164.32.30
# System status:
#	** No system alarms **
# Cards status:
#	** No alarmed cards (20 cards checked) **

################## Milegate GNA-B55-4  RIN 36 at 10.164.32.29
# System status:
#	** No system alarms **
# Cards status:
#	** No alarmed cards (20 cards checked) **

################## Milegate GNA-B55-0  RIN 40 at 10.164.32.28
# System status:
#	Alarm >> ne: Loss Of Signal On PDH Clock Source 2
# Cards status:
#	** No alarmed cards (15 cards checked) **

################## Milegate GNA-B56-0  RIN 201 at 10.164.32.31
# System status:
#	** No system alarms **
# Cards status:
#	** No alarmed cards (21 cards checked) **

################## Milegate GNA-B56  RIN 204 at 10.164.32.32
# System status:
#	** No system alarms **
# Cards status:
#	** No alarmed cards (21 cards checked) **

################## Milegate GNA-B57  RIN 118 at 10.164.32.33
# System status:
#	Alarm >> ne: Loss Of Signal On PDH Clock Source 2
# Cards status:
#	** No alarmed cards (20 cards checked) **

################## Milegate GNA-B57-1  RIN 119 at 10.164.32.34
# System status:
#	** No system alarms **
# Cards status:
#	** No alarmed cards (21 cards checked) **

################## Milegate GNA-B57-5  RIN 121 at 10.164.43.95
# System status:
#	** No system alarms **
# Cards status:
#	** No alarmed cards (20 cards checked) **

################## Milegate GNA-B58-0  RIN 126 at 10.164.32.35
# System status:
#	** No system alarms **
# Cards status:
#	** No alarmed cards (19 cards checked) **

################## Milegate GNA-B58-4  RIN 127 at 10.164.32.36
# System status:
#	Alarm >> ne: Protecting CU Active
# Cards status:
#	** No alarmed cards (20 cards checked) **

################## Milegate GNA-B58-5  RIN 128 at 10.164.32.37
# System status:
#	** No system alarms **
# Cards status:
#	** No alarmed cards (21 cards checked) **

################## Milegate GNA-B58  RIN 578 at 10.164.43.184
# System status:
#	** No system alarms **
# Cards status:
#	** No alarmed cards (5 cards checked) **

################## Milegate GNA-B59-0  RIN 33 at 10.164.32.61
# System status:
#	Alarm >> ne: Loss Of Signal On PDH Clock Source 1
# Cards status:
#	** No alarmed cards (19 cards checked) **

################## Milegate GNA-B59-4  RIN 34 at 10.164.32.62
# System status:
#	Alarm >> ne: Protecting CU Active
# Cards status:
#	** No alarmed cards (20 cards checked) **

################## Milegate GNA-B59-2  RIN 35 at 10.164.32.124
# System status:
#	** No system alarms **
# Cards status:
#	** No alarmed cards (18 cards checked) **

################## Milegate GNA-B59-3  RIN 36 at 10.164.32.125
# System status:
#	** No system alarms **
# Cards status:
#	** No alarmed cards (20 cards checked) **

################## Milegate GNA-B60-0  RIN 122 at 10.164.32.38
# System status:
#	** No system alarms **
# Cards status:
#	** No alarmed cards (19 cards checked) **

################## Milegate GNA-B60-1  RIN 123 at 10.164.32.39
# System status:
#	** No system alarms **
# Cards status:
#	** No alarmed cards (21 cards checked) **

################## Milegate GNA-B60-5  RIN 149 at 10.164.43.103
# System status:
#	** No system alarms **
# Cards status:
#	** No alarmed cards (18 cards checked) **

################## Milegate GNA-B62-0  RIN 290 at 10.164.32.48
# System status:
#	** No system alarms **
# Cards status:
#	** No alarmed cards (13 cards checked) **

################## Milegate GNA-B62-4  RIN 291 at 10.164.32.49
# System status:
#	** No system alarms **
# Cards status:
#	** No alarmed cards (20 cards checked) **

################## Milegate GNA-B63-0  RIN 422 at 10.164.32.74
# System status:
#	** No system alarms **
# Cards status:
#	** No alarmed cards (21 cards checked) **

################## Milegate GNA-B63  RIN 423 at 10.164.32.75
# System status:
#	** No system alarms **
# Cards status:
#	** No alarmed cards (21 cards checked) **

################## Milegate GNA-B63-5  RIN 424 at 10.164.43.138
# System status:
#	** No system alarms **
# Cards status:
#	** No alarmed cards (9 cards checked) **

################## Milegate GNA-B64-0  RIN 401 at 10.164.32.63
# System status:
#	Alarm >> fan: Partial Fan Breakdown
# Cards status:
#	** No alarmed cards (19 cards checked) **

################## Milegate GNA-B64  RIN 402 at 10.164.32.64
# System status:
#	** No system alarms **
# Cards status:
#	** No alarmed cards (21 cards checked) **

################## Milegate GNA-B64-1  RIN 403 at 10.164.32.244
# System status:
#	** No system alarms **
# Cards status:
#	** No alarmed cards (20 cards checked) **

################## Milegate GNA-B64-6  RIN 497 at 10.164.43.190
# System status:
#	Alarm >> ne: Protecting CU Active
# Cards status:
#	** No alarmed cards (9 cards checked) **

################## Milegate GNA-B65-6  RIN 404 at 10.164.43.94
# System status:
#	** No system alarms **
# Cards status:
#	** No alarmed cards (12 cards checked) **

################## Milegate GNA-B65-0  RIN 405 at 10.164.32.67
# System status:
#	** No system alarms **
# Cards status:
#	** No alarmed cards (19 cards checked) **

################## Milegate GNA-B65  RIN 406 at 10.164.32.68
# System status:
#	** No system alarms **
# Cards status:
#	** No alarmed cards (20 cards checked) **

################## Milegate GNA-B65-1  RIN 407 at 10.164.32.227
# System status:
#	** No system alarms **
# Cards status:
#	** No alarmed cards (18 cards checked) **

################## Milegate GNA-B66-0  RIN 409 at 10.164.32.65
# System status:
#	** No system alarms **
# Cards status:
#	** No alarmed cards (14 cards checked) **

################## Milegate GNA-B66-4  RIN 410 at 10.164.32.66
# System status:
#	** No system alarms **
# Cards status:
#	** No alarmed cards (21 cards checked) **

################## Milegate GNA-B66-5  RIN 411 at 10.164.43.27
# System status:
#	** No system alarms **
# Cards status:
#	** No alarmed cards (20 cards checked) **

################## Milegate GNA-B66-6  RIN 436 at 10.164.43.176
# System status:
#	** No system alarms **
# Cards status:
#	** No alarmed cards (18 cards checked) **

################## Milegate GNA-B67-0  RIN 297 at 10.164.32.53
# System status:
#	** No system alarms **
# Cards status:
#	** No alarmed cards (21 cards checked) **

################## Milegate GNA-B67-4  RIN 298 at 10.164.32.54
# System status:
#	** No system alarms **
# Cards status:
#	** No alarmed cards (21 cards checked) **

################## Milegate GNA-B67-5  RIN 304 at 10.164.43.80
# System status:
#	** No system alarms **
# Cards status:
#	** No alarmed cards (20 cards checked) **

################## Milegate GNA-B67  RIN 400 at 10.164.43.166
# System status:
#	** No system alarms **
# Cards status:
#	** No alarmed cards (8 cards checked) **

################## Milegate GNA-B68-0  RIN 294 at 10.164.32.59
# System status:
#	** No system alarms **
# Cards status:
#	** No alarmed cards (19 cards checked) **

################## Milegate GNA-B68  RIN 295 at 10.164.32.60
# System status:
#	** No system alarms **
# Cards status:
#	** No alarmed cards (20 cards checked) **

################## Milegate GNA-B68-5  RIN 296 at 10.164.32.228
# System status:
#	** No system alarms **
# Cards status:
#	** No alarmed cards (20 cards checked) **

################## Milegate GNA-B69-0  RIN 274 at 10.164.32.55
# System status:
#	** No system alarms **
# Cards status:
#	** No alarmed cards (18 cards checked) **

################## Milegate GNA-B69-4  RIN 275 at 10.164.32.56
# System status:
#	** No system alarms **
# Cards status:
#	** No alarmed cards (20 cards checked) **

################## Milegate GNA-B69-5  RIN 276 at 10.164.43.17
# System status:
#	Alarm >> ne: Loss Of Signal On PDH Clock Source 2
# Cards status:
#	** No alarmed cards (18 cards checked) **

################## Milegate GNA-B69  RIN 442 at 10.164.43.174
# System status:
#	Alarm >> ne: Loss Of Signal On PDH Clock Source 1
# Cards status:
#	** No alarmed cards (8 cards checked) **

################## Milegate GNA-B70-5  RIN 153 at 10.164.43.104
# System status:
#	** No system alarms **
# Cards status:
#	** No alarmed cards (18 cards checked) **

################## Milegate GNA-B70-0  RIN 95 at 10.164.32.69
# System status:
#	** No system alarms **
# Cards status:
#	** No alarmed cards (18 cards checked) **

################## Milegate GNA-B70-1  RIN 96 at 10.164.32.70
# System status:
#	** No system alarms **
# Cards status:
#	** No alarmed cards (20 cards checked) **

################## Milegate GNA-B76-99  RIN 129 at 10.164.32.95
# System status:
#	** No system alarms **
# Cards status:
#	** No alarmed cards (19 cards checked) **

################## Milegate GNA-B76-2-99  RIN 130 at 10.164.32.96
# System status:
#	** No system alarms **
# Cards status:
#	** No alarmed cards (21 cards checked) **

################## Milegate GNA-B76-5  RIN 131 at 10.164.43.15
# System status:
#	Alarm >> ne: Loss Of Signal On PDH Clock Source 2
#	Alarm >> ne: Protecting CU Active
# Cards status:
#	** No alarmed cards (21 cards checked) **

################## Milegate GNA-B76-SIP  RIN 456 at 10.164.43.182
# System status:
#	** No system alarms **
# Cards status:
#	** No alarmed cards (5 cards checked) **

################## Milegate GNA-B77  RIN 158 at 10.164.32.112
# System status:
#	** No system alarms **
# Cards status:
#	** No alarmed cards (21 cards checked) **

################## Milegate GNA-B77-1  RIN 159 at 10.164.32.113
# System status:
#	** No system alarms **
# Cards status:
#	** No alarmed cards (21 cards checked) **

################## Milegate GNA-B78-99  RIN 322 at 10.164.32.97
# System status:
#	** No system alarms **
# Cards status:
#	** No alarmed cards (15 cards checked) **

################## Milegate GNA-B78-2-99  RIN 323 at 10.164.32.98
# System status:
#	** No system alarms **
# Cards status:
#	** No alarmed cards (20 cards checked) **

################## Milegate GNA-B78-5  RIN 324 at 10.164.32.233
# System status:
#	** No system alarms **
# Cards status:
#	** No alarmed cards (20 cards checked) **

################## Milegate GNA-B78-6  RIN 353 at 10.164.43.110
# System status:
#	** No system alarms **
# Cards status:
#	** No alarmed cards (8 cards checked) **

################## Milegate GNA-B79  RIN 398 at 10.164.32.115
# System status:
#	** No system alarms **
# Cards status:
#	** No alarmed cards (20 cards checked) **

################## Milegate GNA-B79-1  RIN 399 at 10.164.32.116
# System status:
#	** No system alarms **
# Cards status:
#	** No alarmed cards (21 cards checked) **

################## Milegate GNA-B79-6  RIN 455 at 10.164.43.187
# System status:
#	** No system alarms **
# Cards status:
#	** No alarmed cards (5 cards checked) **

################## Milegate GNA-B80-0  RIN 138 at 10.164.32.91
# System status:
#	** No system alarms **
# Cards status:
#	** No alarmed cards (20 cards checked) **

################## Milegate GNA-B80-1  RIN 139 at 10.164.32.92
# System status:
#	** No system alarms **
# Cards status:
#	** No alarmed cards (21 cards checked) **

################## Milegate GNA-B82-0  RIN 342 at 10.164.32.99
# System status:
#	** No system alarms **
# Cards status:
#	** No alarmed cards (19 cards checked) **

################## Milegate GNA-B82  RIN 343 at 10.164.32.100
# System status:
#	** No system alarms **
# Cards status:
#	** No alarmed cards (21 cards checked) **

################## Milegate GNA-B82-2  RIN 344 at 10.164.32.140
# System status:
#	** No system alarms **
# Cards status:
#	** No alarmed cards (21 cards checked) **

################## Milegate GNA-B82-3  RIN 345 at 10.164.32.141
# System status:
#	** No system alarms **
# Cards status:
#	** No alarmed cards (21 cards checked) **

################## Milegate GNA-B83-0  RIN 38 at 10.164.32.119
# System status:
#	Alarm >> fan: Partial Fan Breakdown
# Cards status:
#	** No alarmed cards (19 cards checked) **

################## Milegate GNA-B83-4  RIN 39 at 10.164.32.120
# System status:
#	** No system alarms **
# Cards status:
#	** No alarmed cards (21 cards checked) **

################## Milegate GNA-B84-0  RIN 362 at 10.164.32.108
# System status:
#	** No system alarms **
# Cards status:
#	** No alarmed cards (19 cards checked) **

################## Milegate GNA-B84  RIN 363 at 10.164.32.109
# System status:
#	** No system alarms **
# Cards status:
#	** No alarmed cards (21 cards checked) **

################## Milegate GNA-B84-2  RIN 364 at 10.164.32.110
# System status:
#	** No system alarms **
# Cards status:
#	** No alarmed cards (18 cards checked) **

################## Milegate GNA-B84-6  RIN 365 at 10.164.43.82
# System status:
#	Alarm >> ne: Loss Of Signal On PDH Clock Source 2
# Cards status:
#	** No alarmed cards (19 cards checked) **

################## Milegate GNA-B85-0  RIN 133 at 10.164.32.93
# System status:
#	** No system alarms **
# Cards status:
#	** No alarmed cards (19 cards checked) **

################## Milegate GNA-B85-4  RIN 134 at 10.164.32.94
# System status:
#	** No system alarms **
# Cards status:
#	** No alarmed cards (20 cards checked) **

################## Milegate GNA-B85-5  RIN 135 at 10.164.32.226
# System status:
#	** No system alarms **
# Cards status:
#	** No alarmed cards (18 cards checked) **

################## Milegate GNA-B85-6  RIN 136 at 10.164.43.75
# System status:
#	** No system alarms **
# Cards status:
#	** No alarmed cards (18 cards checked) **

################## Milegate GNA-B88-0  RIN 54 at 10.164.32.142
# System status:
#	** No system alarms **
# Cards status:
#	** No alarmed cards (18 cards checked) **

################## Milegate GNA-B88  RIN 55 at 10.164.32.143
# System status:
#	** No system alarms **
# Cards status:
#	** No alarmed cards (20 cards checked) **

################## Milegate GNA-B88-2  RIN 56 at 10.164.32.144
# System status:
#	Alarm >> ne: Protecting CU Active
# Cards status:
#	** No alarmed cards (21 cards checked) **

################## Milegate GNA-B89-0  RIN 58 at 10.164.32.172
# System status:
#	** No system alarms **
# Cards status:
#	** No alarmed cards (21 cards checked) **

################## Milegate GNA-B89-1  RIN 59 at 10.164.32.173
# System status:
#	** No system alarms **
# Cards status:
#	** No alarmed cards (18 cards checked) **

################## Milegate GNA-B89-3  RIN 60 at 10.164.32.174
# System status:
#	** No system alarms **
# Cards status:
#	** No alarmed cards (15 cards checked) **

################## Milegate GNA-B90-0  RIN 182 at 10.164.32.158
# System status:
#	** No system alarms **
# Cards status:
#	** No alarmed cards (20 cards checked) **

################## Milegate GNA-B90  RIN 183 at 10.164.32.159
# System status:
#	** No system alarms **
# Cards status:
#	** No alarmed cards (21 cards checked) **

################## Milegate GNA-B91-0  RIN 186 at 10.164.32.156
# System status:
#	** No system alarms **
# Cards status:
#	** No alarmed cards (20 cards checked) **

################## Milegate GNA-B91  RIN 187 at 10.164.32.157
# System status:
#	** No system alarms **
# Cards status:
#	** No alarmed cards (20 cards checked) **

################## Milegate GNA-B92-0  RIN 190 at 10.164.32.160
# System status:
#	** No system alarms **
# Cards status:
#	** No alarmed cards (20 cards checked) **

################## Milegate GNA-B92  RIN 191 at 10.164.32.161
# System status:
#	** No system alarms **
# Cards status:
#	** No alarmed cards (20 cards checked) **

################## Milegate GNA-B93-0  RIN 194 at 10.164.32.176
# System status:
#	** No system alarms **
# Cards status:
#	** No alarmed cards (15 cards checked) **

################## Milegate GNA-B93  RIN 195 at 10.164.32.177
# System status:
#	** No system alarms **
# Cards status:
#	** No alarmed cards (14 cards checked) **

################## Milegate GNA-B94-0  RIN 198 at 10.164.32.178
# System status:
#	** No system alarms **
# Cards status:
#	** No alarmed cards (16 cards checked) **

################## Milegate GNA-B94  RIN 199 at 10.164.32.179
# System status:
#	** No system alarms **
# Cards status:
#	** No alarmed cards (16 cards checked) **

################## Milegate GNA-B95-6  RIN 157 at 10.164.43.81
# System status:
#	** No system alarms **
# Cards status:
#	** No alarmed cards (19 cards checked) **

################## Milegate GNA-B95  RIN 289 at 10.164.32.147
# System status:
#	** No system alarms **
# Cards status:
#	** No alarmed cards (21 cards checked) **

################## Milegate GNA-B95-2  RIN 487 at 10.164.32.148
# System status:
#	** No system alarms **
# Cards status:
#	** No alarmed cards (18 cards checked) **

################## Milegate GNA-B95-0  RIN 554 at 10.164.32.145
# System status:
#	** No system alarms **
# Cards status:
#	** No alarmed cards (16 cards checked) **

################## Milegate GNA-B97-01  RIN 143 at 10.164.32.201
# System status:
#	** No system alarms **
# Cards status:
#	** No alarmed cards (21 cards checked) **

################## Milegate GNA-B97-4  RIN 144 at 10.164.43.37
# System status:
#	** No system alarms **
# Cards status:
#	** No alarmed cards (19 cards checked) **

################## Milegate GNA-B98-0  RIN 246 at 10.164.32.183
# System status:
#	** No system alarms **
# Cards status:
#	** No alarmed cards (19 cards checked) **

################## Milegate GNA-B98  RIN 247 at 10.164.32.184
# System status:
#	Alarm >> ne: Protecting CU Active
# Cards status:
#	** No alarmed cards (21 cards checked) **

################## Milegate GNA-B98-2  RIN 248 at 10.164.32.185
# System status:
#	Alarm >> ne: Loss Of Signal On PDH Clock Source 1
# Cards status:
#	** No alarmed cards (20 cards checked) **

################## Milegate GNA-B99  RIN 523 at 10.164.32.187
# System status:
#	** No system alarms **
# Cards status:
#	** No alarmed cards (20 cards checked) **

################## Milegate GNA-B99-0  RIN 524 at 10.164.32.186
# System status:
#	** No system alarms **
# Cards status:
#	** No alarmed cards (19 cards checked) **

################## Milegate GNA-C01-1  RIN 263 at 10.164.32.205
# System status:
#	** No system alarms **
# Cards status:
#	** No alarmed cards (19 cards checked) **

################## Milegate GNA-C01-0  RIN 530 at 10.164.32.204
# System status:
#	Alarm >> ne: Loss Of Signal On PDH Clock Source 1
# Cards status:
#	** No alarmed cards (18 cards checked) **

################## Milegate GNA-C02-4  RIN 308 at 10.164.43.91
# System status:
#	** No system alarms **
# Cards status:
#	** No alarmed cards (15 cards checked) **

################## Milegate GNA-C02-0  RIN 326 at 10.164.32.206
# System status:
#	** No system alarms **
# Cards status:
#	** No alarmed cards (16 cards checked) **

################## Milegate GNA-C02-1  RIN 327 at 10.164.32.207
# System status:
#	** No system alarms **
# Cards status:
#	** No alarmed cards (18 cards checked) **

################## Milegate GNA-C03-0  RIN 250 at 10.164.32.208
# System status:
#	** No system alarms **
# Cards status:
#	** No alarmed cards (16 cards checked) **

################## Milegate GNA-C03-1  RIN 251 at 10.164.32.209
# System status:
#	** No system alarms **
# Cards status:
#	** No alarmed cards (18 cards checked) **

################## Milegate GNA-C04-0  RIN 98 at 10.164.32.210
# System status:
#	** No system alarms **
# Cards status:
#	** No alarmed cards (16 cards checked) **

################## Milegate GNA-C04-1  RIN 99 at 10.164.32.211
# System status:
#	** No system alarms **
# Cards status:
#	** No alarmed cards (18 cards checked) **

################## Milegate GNA-C05-6  RIN 321 at 10.164.43.29
# System status:
#	** No system alarms **
# Cards status:
#	** No alarmed cards (17 cards checked) **

################## Milegate GNA-C06-0  RIN 266 at 10.164.32.212
# System status:
#	Alarm >> ne: Loss Of Signal On PDH Clock Source 1
# Cards status:
#	** No alarmed cards (19 cards checked) **

################## Milegate GNA-C06-4  RIN 267 at 10.164.32.213
# System status:
#	Alarm >> ne: Protecting CU Active
# Cards status:
#	** No alarmed cards (20 cards checked) **

################## Milegate GNA-C06-5  RIN 268 at 10.164.43.45
# System status:
#	** No system alarms **
# Cards status:
#	** No alarmed cards (20 cards checked) **

################## Milegate GNA-C06-6  RIN 269 at 10.164.43.108
# System status:
#	** No system alarms **
# Cards status:
#	** No alarmed cards (7 cards checked) **

################## Milegate GNA-C07-4  RIN 272 at 10.164.43.8
# System status:
#	** No system alarms **
# Cards status:
#	** No alarmed cards (20 cards checked) **

################## Milegate GNA-C10-3  RIN 169 at 10.164.32.248
# System status:
#	Alarm >> ne: Loss Of Signal On PDH Clock Source 2
# Cards status:
#	** No alarmed cards (19 cards checked) **

################## Milegate GNA-C14-4  RIN 331 at 10.164.32.242
# System status:
#	** No system alarms **
# Cards status:
#	** No alarmed cards (19 cards checked) **

################## Milegate GNA-C14-5  RIN 332 at 10.164.32.243
# System status:
#	** No system alarms **
# Cards status:
#	** No alarmed cards (19 cards checked) **

################## Milegate GNA-C14-6  RIN 333 at 10.164.43.106
# System status:
#	** No system alarms **
# Cards status:
#	** No alarmed cards (17 cards checked) **

################## Milegate GNA-C15-6  RIN 425 at 10.164.43.93
# System status:
#	** No system alarms **
# Cards status:
#	** No alarmed cards (17 cards checked) **

################## Milegate GNA-C15-0  RIN 426 at 10.164.32.245
# System status:
#	** No system alarms **
# Cards status:
#	** No alarmed cards (13 cards checked) **

################## Milegate GNA-C15-1  RIN 427 at 10.164.32.246
# System status:
#	** No system alarms **
# Cards status:
#	** No alarmed cards (20 cards checked) **

################## Milegate GNA-C15-2  RIN 428 at 10.164.32.247
# System status:
#	** No system alarms **
# Cards status:
#	** No alarmed cards (19 cards checked) **

################## Milegate GNA-C16-0  RIN 282 at 10.164.32.234
# System status:
#	Alarm >> ne: Protecting CU Active
# Cards status:
#	** No alarmed cards (12 cards checked) **

################## Milegate GNA-C16-4  RIN 283 at 10.164.32.237
# System status:
#	** No system alarms **
# Cards status:
#	** No alarmed cards (19 cards checked) **

################## Milegate GNA-C17-0  RIN 286 at 10.164.32.235
# System status:
#	** No system alarms **
# Cards status:
#	** No alarmed cards (19 cards checked) **

################## Milegate GNA-C17-4  RIN 287 at 10.164.32.238
# System status:
#	** No system alarms **
# Cards status:
#	** No alarmed cards (19 cards checked) **

################## Milegate GNA-C18  RIN 213 at 10.164.32.239
# System status:
#	** No system alarms **
# Cards status:
#	** No alarmed cards (19 cards checked) **

################## Milegate GNA-C18-5  RIN 217 at 10.164.43.42
# System status:
#	** No system alarms **
# Cards status:
#	** No alarmed cards (17 cards checked) **

################## Milegate GNA-C18-0  RIN 221 at 10.164.32.236
# System status:
#	** No system alarms **
# Cards status:
#	** No alarmed cards (13 cards checked) **

################## Milegate GNA-C18-1  RIN 389 at 10.164.43.96
################## Milegate GNA-C19-4  RIN 432 at 10.164.43.3
# System status:
#	** No system alarms **
# Cards status:
#	** No alarmed cards (19 cards checked) **

################## Milegate GNA-C19-0  RIN 439 at 10.164.43.2
# System status:
#	** No system alarms **
# Cards status:
#	** No alarmed cards (19 cards checked) **

################## Milegate GNA-C20-0  RIN 290 at 10.164.32.250
# System status:
#	** No system alarms **
# Cards status:
#	** No alarmed cards (12 cards checked) **

################## Milegate GNA-C20-4  RIN 291 at 10.164.32.251
# System status:
#	** No system alarms **
# Cards status:
#	** No alarmed cards (19 cards checked) **

################## Milegate GNA-C22-0  RIN 440 at 10.164.43.13
# System status:
#	** No system alarms **
# Cards status:
#	** No alarmed cards (14 cards checked) **

################## Milegate GNA-C22-4  RIN 441 at 10.164.43.14
# System status:
#	Alarm >> ne: Protecting CU Active
# Cards status:
#	** No alarmed cards (12 cards checked) **

################## Milegate GNA-C23-0  RIN 437 at 10.164.43.11
# System status:
#	Alarm >> ne: Loss Of Signal On PDH Clock Source 2
# Cards status:
#	** No alarmed cards (19 cards checked) **

################## Milegate GNA-C23-4  RIN 438 at 10.164.43.12
# System status:
#	** No system alarms **
# Cards status:
#	** No alarmed cards (18 cards checked) **

################## Milegate GNA-C23-5  RIN 442 at 10.164.43.171
# System status:
#	Alarm >> ne: Loss Of Signal On PDH Clock Source 1
# Cards status:
#	** No alarmed cards (7 cards checked) **

################## Milegate GNA-C24-4  RIN 450 at 10.164.43.22
# System status:
#	** No system alarms **
# Cards status:
#	** No alarmed cards (9 cards checked) **

################## Milegate GNA-C25-4  RIN 454 at 10.164.43.24
# System status:
#	** No system alarms **
# Cards status:
#	** No alarmed cards (19 cards checked) **

################## Milegate GNA-C26-4  RIN 458 at 10.164.43.26
# System status:
#	** No system alarms **
# Cards status:
#	** No alarmed cards (7 cards checked) **

################## Milegate GNA-C28-0  RIN 294 at 10.164.43.49
# System status:
#	Alarm >> ne: Loss Of Signal On PDH Clock Source 2
# Cards status:
#	** No alarmed cards (14 cards checked) **

################## Milegate GNA-C28  RIN 295 at 10.164.43.50
# System status:
#	Alarm >> ne: Protecting CU Active
# Cards status:
#	** No alarmed cards (20 cards checked) **

################## Milegate GNA-C28-5  RIN 547 at 10.164.43.189
# System status:
#	Alarm >> ne: Protecting CU Active
# Cards status:
#	** No alarmed cards (9 cards checked) **

################## Milegate GNA-C29-0  RIN 334 at 10.164.43.61
# System status:
#	** No system alarms **
# Cards status:
#	** No alarmed cards (17 cards checked) **

################## Milegate GNA-C29-4  RIN 335 at 10.164.43.62
# System status:
#	** No system alarms **
# Cards status:
#	** No alarmed cards (19 cards checked) **

################## Milegate GNA-C29-5  RIN 336 at 10.164.43.84
# System status:
#	Alarm >> ne: Protecting CU Active
# Cards status:
#	** No alarmed cards (18 cards checked) **

################## Milegate GNA-C29-6  RIN 337 at 10.164.43.92
# System status:
#	** No system alarms **
# Cards status:
#	** No alarmed cards (17 cards checked) **

################## Milegate GNA-C30  RIN 249 at 10.164.43.64
# System status:
#	** No system alarms **
# Cards status:
#	** No alarmed cards (19 cards checked) **

################## Milegate GNA-C30-0  RIN 253 at 10.164.43.63
# System status:
#	** No system alarms **
# Cards status:
#	** No alarmed cards (16 cards checked) **

################## Milegate GNA-C30-5  RIN 498 at 10.164.43.109
# System status:
#	** No system alarms **
# Cards status:
#	** No alarmed cards (17 cards checked) **

################## Milegate GNA-C32-0  RIN 178 at 10.164.43.51
# System status:
#	** No system alarms **
# Cards status:
#	** No alarmed cards (12 cards checked) **

################## Milegate GNA-C32-4  RIN 179 at 10.164.43.52
# System status:
#	** No system alarms **
# Cards status:
#	** No alarmed cards (19 cards checked) **

################## Milegate GNA-C35-4  RIN 419 at 10.164.43.88
# System status:
#	** No system alarms **
# Cards status:
#	** No alarmed cards (17 cards checked) **

################## Milegate GNA-C35-5  RIN 421 at 10.164.43.105
# System status:
#	Alarm >> ne: Protecting CU Active
# Cards status:
#	** No alarmed cards (17 cards checked) **

################## Milegate GNA-C36-5  RIN 412 at 10.164.43.107
# System status:
#	** No system alarms **
# Cards status:
#	** No alarmed cards (18 cards checked) **

################## Milegate GNA-C36-4  RIN 417 at 10.164.43.86
# System status:
#	Alarm >> ne: Protecting CU Active
# Cards status:
#	** No alarmed cards (19 cards checked) **

################## Milegate GNA-C36-6  RIN 545 at 10.164.43.188
# System status:
#	Alarm >> ne: Protecting CU Active
# Cards status:
#	** No alarmed cards (17 cards checked) **

################## Milegate GNA-C37-0  RIN 0 at 10.164.43.122
# System status:
#	** No system alarms **
# Cards status:
#	** No alarmed cards (10 cards checked) **

################## Milegate GNA-C37-4  RIN 470 at 10.164.43.123
# System status:
#	Alarm >> ne: Protecting CU Active
# Cards status:
#	** No alarmed cards (17 cards checked) **

################## Milegate GNA-C37-5  RIN 471 at 10.164.43.124
# System status:
#	Alarm >> ne: Protecting CU Active
# Cards status:
#	** No alarmed cards (17 cards checked) **

################## Milegate GNA-C37-6  RIN 472 at 10.164.43.125
# System status:
#	** No system alarms **
# Cards status:
#	** No alarmed cards (17 cards checked) **

################## Milegate GNA-C38-4  RIN 473 at 10.164.43.120
# System status:
#	** No system alarms **
# Cards status:
#	** No alarmed cards (17 cards checked) **

################## Milegate GNA-C38-5  RIN 474 at 10.164.43.121
# System status:
#	** No system alarms **
# Cards status:
#	** No alarmed cards (18 cards checked) **

################## Milegate GNA-C39-0  RIN 0 at 10.164.43.126
# System status:
#	** No system alarms **
# Cards status:
#	** No alarmed cards (17 cards checked) **

################## Milegate GNA-C39-4  RIN 475 at 10.164.43.127
# System status:
#	Alarm >> ne: Protecting CU Active
# Cards status:
#	** No alarmed cards (17 cards checked) **

################## Milegate GNA-C39-5  RIN 476 at 10.164.43.128
# System status:
#	** No system alarms **
# Cards status:
#	** No alarmed cards (17 cards checked) **

################## Milegate GNA-C39-6  RIN 477 at 10.164.43.129
# System status:
#	** No system alarms **
# Cards status:
#	** No alarmed cards (17 cards checked) **

################## Milegate GNA-C40-4  RIN 478 at 10.164.43.131
# System status:
#	** No system alarms **
# Cards status:
#	** No alarmed cards (17 cards checked) **

################## Milegate GNA-C40-5  RIN 479 at 10.164.43.132
# System status:
#	** No system alarms **
# Cards status:
#	** No alarmed cards (17 cards checked) **

################## Milegate GNA-C40-6  RIN 480 at 10.164.43.133
# System status:
#	** No system alarms **
# Cards status:
#	** No alarmed cards (17 cards checked) **

################## Milegate GNA-C41-0  RIN 0 at 10.164.43.134
# System status:
#	** No system alarms **
# Cards status:
#	** No alarmed cards (15 cards checked) **

################## Milegate GNA-C41-4  RIN 481 at 10.164.43.135
# System status:
#	** No system alarms **
# Cards status:
#	** No alarmed cards (17 cards checked) **

################## Milegate GNA-C41-5  RIN 482 at 10.164.43.136
# System status:
#	** No system alarms **
# Cards status:
#	** No alarmed cards (17 cards checked) **

################## Milegate GNA-C41-6  RIN 483 at 10.164.43.137
# System status:
#	** No system alarms **
# Cards status:
#	** No alarmed cards (17 cards checked) **

################## Milegate GNA-C42-0  RIN 484 at 10.164.43.139
# System status:
#	** No system alarms **
# Cards status:
#	** No alarmed cards (21 cards checked) **

################## Milegate GNA-C42-4  RIN 485 at 10.164.43.140
# System status:
#	** No system alarms **
# Cards status:
#	** No alarmed cards (19 cards checked) **

################## Milegate GNA-C43-0  RIN 501 at 10.164.43.141
# System status:
#	** No system alarms **
# Cards status:
#	** No alarmed cards (19 cards checked) **

################## Milegate GNA-C43-4  RIN 502 at 10.164.43.142
# System status:
#	Alarm >> ne: Protecting CU Active
# Cards status:
#	** No alarmed cards (21 cards checked) **

################## Milegate GNA-C44-0  RIN 505 at 10.164.43.144
# System status:
#	** No system alarms **
# Cards status:
#	** No alarmed cards (19 cards checked) **

################## Milegate GNA-C44-4  RIN 506 at 10.164.43.145
# System status:
#	** No system alarms **
# Cards status:
#	** No alarmed cards (18 cards checked) **

################## Milegate GNA-C44-5  RIN 507 at 10.164.43.146
# System status:
#	** No system alarms **
# Cards status:
#	** No alarmed cards (17 cards checked) **

################## Milegate GNA-C44-6  RIN 508 at 10.164.43.147
# System status:
#	** No system alarms **
# Cards status:
#	** No alarmed cards (17 cards checked) **

################## Milegate GNA-C45-0  RIN 510 at 10.164.43.148
# System status:
#	Alarm >> ne: Loss Of Signal On PDH Clock Source 2
# Cards status:
#	** No alarmed cards (20 cards checked) **

################## Milegate GNA-C45-4  RIN 511 at 10.164.43.149
# System status:
#	** No system alarms **
# Cards status:
#	** No alarmed cards (17 cards checked) **

################## Milegate GNA-C45-5  RIN 512 at 10.164.43.150
# System status:
#	** No system alarms **
# Cards status:
#	** No alarmed cards (17 cards checked) **

################## Milegate GNA-C45-6  RIN 513 at 10.164.43.151
# System status:
#	** No system alarms **
# Cards status:
#	** No alarmed cards (17 cards checked) **

################## Milegate GNA-C46-0  RIN 514 at 10.164.43.152
# System status:
#	** No system alarms **
# Cards status:
#	** No alarmed cards (19 cards checked) **

################## Milegate GNA-C46-4  RIN 515 at 10.164.43.153
# System status:
#	** No system alarms **
# Cards status:
#	** No alarmed cards (17 cards checked) **

################## Milegate GNA-C46-5  RIN 516 at 10.164.43.154
# System status:
#	** No system alarms **
# Cards status:
#	** No alarmed cards (17 cards checked) **

################## Milegate GNA-C46-6  RIN 517 at 10.164.43.155
# System status:
#	** No system alarms **
# Cards status:
#	** No alarmed cards (17 cards checked) **

################## Milegate GNA-C47-0  RIN 518 at 10.164.43.156
# System status:
#	Alarm >> ne: Protecting CU Active
# Cards status:
#	** No alarmed cards (17 cards checked) **

################## Milegate GNA-C47-4  RIN 519 at 10.164.43.157
# System status:
#	** No system alarms **
# Cards status:
#	** No alarmed cards (17 cards checked) **

################## Milegate GNA-C47-5  RIN 520 at 10.164.43.158
# System status:
#	** No system alarms **
# Cards status:
#	** No alarmed cards (17 cards checked) **

################## Milegate GNA-C47-6  RIN 521 at 10.164.43.159
# System status:
#	** No system alarms **
# Cards status:
#	** No alarmed cards (17 cards checked) **

################## Milegate GNA-I01-4  RIN 11 at 10.164.32.106
# System status:
#	** No system alarms **
# Cards status:
#	** No alarmed cards (20 cards checked) **

################## Milegate GNA-I01-0  RIN 20 at 10.161.140.200
# System status:
#	** No system alarms **
# Cards status:
#	** No alarmed cards (21 cards checked) **

################## Milegate GNA-I02-2-99  RIN 192 at 10.161.139.205
# System status:
#	** No system alarms **
# Cards status:
#	** No alarmed cards (21 cards checked) **

################## Milegate GNA-I02  RIN 205 at 10.161.145.218
# System status:
#	** No system alarms **
# Cards status:
#	** No alarmed cards (19 cards checked) **

################## Milegate GNA-I02-99  RIN 245 at 10.161.145.219
# System status:
#	** No system alarms **
# Cards status:
#	** No alarmed cards (20 cards checked) **

################## Milegate GNA-I02-7  RIN 546 at 10.164.43.185
################## Milegate GNA-I03-2  RIN 48 at 10.161.93.203
# System status:
#	** No system alarms **
# Cards status:
#	** No alarmed cards (20 cards checked) **

################## Milegate GNA-I04-3  RIN 10 at 10.161.88.242
# System status:
#	** No system alarms **
# Cards status:
#	** No alarmed cards (19 cards checked) **

################## Milegate GNA-I04-7  RIN 4 at 10.161.88.192
# System status:
#	** No system alarms **
# Cards status:
#	** No alarmed cards (19 cards checked) **

################## Milegate GNA-I04  RIN 5 at 10.161.139.96
# System status:
#	Alarm >> ne: Protecting CU Active
# Cards status:
#	** No alarmed cards (19 cards checked) **

################## Milegate GNA-I04-5  RIN 6 at 10.161.139.97
# System status:
#	** No system alarms **
# Cards status:
#	** No alarmed cards (20 cards checked) **

################## Milegate GNA-I04-6  RIN 7 at 10.161.139.98
# System status:
#	** No system alarms **
# Cards status:
#	** No alarmed cards (19 cards checked) **

################## Milegate GNA-I04-1  RIN 8 at 10.161.88.240
# System status:
#	** No system alarms **
# Cards status:
#	** No alarmed cards (21 cards checked) **

################## Milegate GNA-I04-2  RIN 9 at 10.161.88.241
# System status:
#	** No system alarms **
# Cards status:
#	** No alarmed cards (19 cards checked) **

################## Milegate GNA-V04-6  RIN 197 at 10.164.43.118
# System status:
#	** No system alarms **
# Cards status:
#	** No alarmed cards (14 cards checked) **

################## Milegate GNA-V04-5  RIN 76 at 10.164.43.36
# System status:
#	** No system alarms **
# Cards status:
#	** No alarmed cards (19 cards checked) **

################## Milegate GNA-V05-2  RIN 490 at 10.161.93.243
# System status:
#	** No system alarms **
# Cards status:
#	** No alarmed cards (19 cards checked) **

################## Milegate GNA-V05-1  RIN 68 at 10.161.93.248
# System status:
#	Alarm >> fan: Partial Fan Breakdown
# Cards status:
#	** No alarmed cards (17 cards checked) **

################## Milegate GNA-V07-0  RIN 105 at 10.164.32.71
# System status:
#	** No system alarms **
# Cards status:
#	** No alarmed cards (17 cards checked) **

################## Milegate GNA-V07-1  RIN 106 at 10.164.32.72
# System status:
#	** No system alarms **
# Cards status:
#	** No alarmed cards (21 cards checked) **

################## Milegate GNA-V07-2  RIN 107 at 10.164.32.73
# System status:
#	** No system alarms **
# Cards status:
#	** No alarmed cards (20 cards checked) **

################## Milegate GNA-V08-1  RIN 208 at 10.161.145.226
# System status:
#	** No system alarms **
# Cards status:
#	** No alarmed cards (21 cards checked) **

################## Milegate GNA-V08-6  RIN 209 at 10.161.139.185
# System status:
#	** No system alarms **
# Cards status:
#	** No alarmed cards (17 cards checked) **

################## Milegate GNA-V09-4  RIN 174 at 10.161.145.198
# System status:
#	Alarm >> ne: Protecting CU Active
# Cards status:
#	** No alarmed cards (20 cards checked) **

################## Milegate GNA-V09-6  RIN 176 at 10.164.43.28
# System status:
#	Alarm >> ne: Loss Of Signal On PDH Clock Source 2
# Cards status:
#	** No alarmed cards (18 cards checked) **

############### ** General status for GNA ** ###############
# Total hosts checked: 478
# Total system alarms: 102
# Total cards alarms: 0
# Total redundancy errors: 0
############################################################
