################## Zhone GNA-A01  RIN 250 at 10.161.145.245
# System status:
#	** No system alarms **
# Cards status:
#	** No alarmed cards (9 cards checked) **
# Uplink redundancy errors:
#	** No errors **

################## Zhone GNA-A02-99  RIN 254 at 10.161.145.236
# System status:
#	** No system alarms **
# Cards status:
#	** No alarmed cards (10 cards checked) **
# Uplink redundancy errors:
#	** No errors **

################## Zhone GNA-A03  RIN 189 at 10.161.145.216
# System status:
#	** No system alarms **
# Cards status:
#	** No alarmed cards (11 cards checked) **
# Uplink redundancy errors:
#	** No errors **

################## Zhone GNA-A05  RIN 322 at 10.161.139.9
# System status:
#	** No system alarms **
# Cards status:
#	** No alarmed cards (9 cards checked) **
# Uplink redundancy errors:
#	** No errors **

################## Zhone GNA-A08  RIN 230 at 10.161.139.49
# System status:
#	** No system alarms **
# Cards status:
#	** No alarmed cards (9 cards checked) **
# Uplink redundancy errors:
#	** No errors **

################## Zhone GNA-A09-4  RIN 242 at 10.161.139.156
# System status:
#	** No system alarms **
# Cards status:
#	** No alarmed cards (9 cards checked) **
# Uplink redundancy errors:
#	** No errors **

################## Zhone GNA-A0B  RIN  at 10.161.93.199
# System status:
#	** No system alarms **
# Cards status:
#	** No alarmed cards (9 cards checked) **
# Uplink redundancy errors:
#	** No errors **

################## Zhone GNA-A0G  RIN  at 10.161.139.139
# System status:
#	** No system alarms **
# Cards status:
#	** No alarmed cards (8 cards checked) **
# Uplink redundancy errors:
#	** No errors **

################## Zhone GNA-A0I  RIN  at 10.161.139.13
# System status:
#	** No system alarms **
# Cards status:
#	** No alarmed cards (10 cards checked) **
# Uplink redundancy errors:
#	** No errors **

################## Zhone GNA-A0M  RIN  at 10.161.139.18
# System status:
#	** No system alarms **
# Cards status:
#	** No alarmed cards (9 cards checked) **
# Uplink redundancy errors:
#	** No errors **

################## Zhone GNA-A0M-2  RIN  at 10.161.139.70
# System status:
#	** No system alarms **
# Cards status:
#	** No alarmed cards (8 cards checked) **
# Uplink redundancy errors:
#	** No errors **

################## Zhone GNA-A0S  RIN  at 10.161.93.215
# System status:
#	** No system alarms **
# Cards status:
#	** No alarmed cards (9 cards checked) **
# Uplink redundancy errors:
#	** No errors **

################## Zhone GNA-A0T  RIN  at 10.161.145.199
# System status:
#	** No system alarms **
# Cards status:
#	** No alarmed cards (9 cards checked) **
# Uplink redundancy errors:
#	** No errors **

################## Zhone GNA-A0V  RIN  at 10.161.139.20
# System status:
#	** No system alarms **
# Cards status:
#	** No alarmed cards (8 cards checked) **
# Uplink redundancy errors:
#	** No errors **

################## Zhone GNA-A0W  RIN  at 10.161.139.19
# System status:
#	** No system alarms **
# Cards status:
#	** No alarmed cards (9 cards checked) **
# Uplink redundancy errors:
#	** No errors **

################## Zhone GNA-A11  RIN 190 at 10.161.139.17
# System status:
#	** No system alarms **
# Cards status:
#	** No alarmed cards (9 cards checked) **
# Uplink redundancy errors:
#	** No errors **

################## Zhone GNA-A12  RIN 182 at 10.161.139.59
# System status:
#	** No system alarms **
# Cards status:
#	** No alarmed cards (9 cards checked) **
# Uplink redundancy errors:
#	** No errors **

################## Zhone GNA-A12-2  RIN 183 at 10.161.139.75
# System status:
#	** No system alarms **
# Cards status:
#	** No alarmed cards (8 cards checked) **
# Uplink redundancy errors:
#	** No errors **

################## Zhone GNA-A13  RIN 70 at 10.161.139.25
################## Zhone GNA-A13-2  RIN 71 at 10.161.139.80
# System status:
#	** No system alarms **
# Cards status:
#	** No alarmed cards (10 cards checked) **
# Uplink redundancy errors:
#	** No errors **

################## Zhone GNA-A14  RIN 146 at 10.161.139.32
# System status:
#	** No system alarms **
# Cards status:
#	** No alarmed cards (9 cards checked) **
# Uplink redundancy errors:
#	** No errors **

################## Zhone GNA-A19-4  RIN 87 at 10.161.139.45
# System status:
#	** No system alarms **
# Cards status:
#	** No alarmed cards (9 cards checked) **
# Uplink redundancy errors:
#	** No errors **

################## Zhone GNA-A1B  RIN  at 10.161.139.16
# System status:
#	** No system alarms **
# Cards status:
#	** No alarmed cards (9 cards checked) **
# Uplink redundancy errors:
#	** No errors **

################## Zhone GNA-A1E-2  RIN  at 10.161.139.38
# System status:
#	** No system alarms **
# Cards status:
#	** No alarmed cards (9 cards checked) **
# Uplink redundancy errors:
#	** No errors **

################## Zhone GNA-A1G  RIN  at 10.161.139.51
# System status:
#	** No system alarms **
# Cards status:
#	** No alarmed cards (8 cards checked) **
# Uplink redundancy errors:
#	** No errors **

################## Zhone GNA-A1G-2  RIN  at 10.161.139.79
# System status:
#	** No system alarms **
# Cards status:
#	** No alarmed cards (9 cards checked) **
# Uplink redundancy errors:
#	** No errors **

################## Zhone GNA-A1H  RIN  at 10.161.139.50
# System status:
#	** No system alarms **
# Cards status:
#	** No alarmed cards (8 cards checked) **
# Uplink redundancy errors:
#	** No errors **

################## Zhone GNA-A1H-2  RIN  at 10.161.139.84
# System status:
#	** No system alarms **
# Cards status:
#	** No alarmed cards (8 cards checked) **
# Uplink redundancy errors:
#	** No errors **

################## Zhone GNA-A1J  RIN  at 10.161.139.27
# System status:
#	** No system alarms **
# Cards status:
#	** No alarmed cards (10 cards checked) **
# Uplink redundancy errors:
#	** No errors **

################## Zhone GNA-A1L-6  RIN  at 10.161.139.164
# System status:
#	** No system alarms **
# Cards status:
#	** No alarmed cards (10 cards checked) **
# Uplink redundancy errors:
#	** No errors **

################## Zhone GNA-A1M  RIN  at 10.161.139.48
# System status:
#	** No system alarms **
# Cards status:
#	** No alarmed cards (9 cards checked) **
# Uplink redundancy errors:
#	** No errors **

################## Zhone GNA-A20  RIN 83 at 10.161.139.44
# System status:
#	** No system alarms **
# Cards status:
#	** No alarmed cards (9 cards checked) **
# Uplink redundancy errors:
#	** No errors **

################## Zhone GNA-A20-2  RIN 84 at 10.161.139.115
# System status:
#	** No system alarms **
# Cards status:
#	** No alarmed cards (6 cards checked) **
# Uplink redundancy errors:
#	** No errors **

################## Zhone GNA-A23-2  RIN 92 at 10.161.139.55
# System status:
#	** No system alarms **
# Cards status:
#	** No alarmed cards (8 cards checked) **
# Uplink redundancy errors:
#	** No errors **

################## Zhone GNA-A25  RIN 310 at 10.161.139.21
# System status:
#	Alarm >> system - power_supply_b_failure - minor
# Cards status:
#	** No alarmed cards (9 cards checked) **
# Uplink redundancy errors:
#	** No errors **

################## Zhone GNA-A28  RIN 302 at 10.161.139.46
# System status:
#	** No system alarms **
# Cards status:
#	** No alarmed cards (10 cards checked) **
# Uplink redundancy errors:
#	** No errors **

################## Zhone GNA-A31  RIN 306 at 10.161.139.47
# System status:
#	** No system alarms **
# Cards status:
#	** No alarmed cards (9 cards checked) **
# Uplink redundancy errors:
#	** No errors **

################## Zhone GNA-A37-4  RIN 537 at 10.161.139.10
# System status:
#	** No system alarms **
# Cards status:
#	** No alarmed cards (8 cards checked) **
# Uplink redundancy errors:
#	** No errors **

################## Zhone GNA-A37-5  RIN 538 at 10.161.139.64
# System status:
#	** No system alarms **
# Cards status:
#	** No alarmed cards (5 cards checked) **
# Uplink redundancy errors:
#	** No errors **

################## Zhone GNA-A38  RIN 346 at 10.161.93.234
# System status:
#	** No system alarms **
# Cards status:
#	** No alarmed cards (10 cards checked) **
# Uplink redundancy errors:
#	** No errors **

################## Zhone GNA-A39  RIN 575 at 10.161.139.12
# System status:
#	** No system alarms **
# Cards status:
#	** No alarmed cards (8 cards checked) **
# Uplink redundancy errors:
#	** No errors **

################## Zhone GNA-A39-2  RIN 577 at 10.161.139.61
# System status:
#	** No system alarms **
# Cards status:
#	** No alarmed cards (7 cards checked) **
# Uplink redundancy errors:
#	** No errors **

################## Zhone GNA-A41  RIN 540 at 10.161.93.227
# System status:
#	** No system alarms **
# Cards status:
#	** No alarmed cards (10 cards checked) **
# Uplink redundancy errors:
#	** No errors **

################## Zhone GNA-A42  RIN 22 at 10.161.139.31
# System status:
#	** No system alarms **
# Cards status:
#	** No alarmed cards (9 cards checked) **
# Uplink redundancy errors:
#	** No errors **

################## Zhone GNA-A45  RIN 62 at 10.161.139.26
# System status:
#	** No system alarms **
# Cards status:
#	** No alarmed cards (8 cards checked) **
# Uplink redundancy errors:
#	** No errors **

################## Zhone GNA-A45-2  RIN 63 at 10.161.139.60
# System status:
#	** No system alarms **
# Cards status:
#	** No alarmed cards (9 cards checked) **
# Uplink redundancy errors:
#	** No errors **

################## Zhone GNA-A46  RIN 330 at 10.161.93.245
# System status:
#	** No system alarms **
# Cards status:
#	** No alarmed cards (8 cards checked) **
# Uplink redundancy errors:
#	** No errors **

################## Zhone GNA-A48  RIN 106 at 10.161.139.39
# System status:
#	** No system alarms **
# Cards status:
#	** No alarmed cards (10 cards checked) **
# Uplink redundancy errors:
#	** No errors **

################## Zhone GNA-A48-2  RIN 107 at 10.161.139.76
# System status:
#	** No system alarms **
# Cards status:
#	** No alarmed cards (8 cards checked) **
# Uplink redundancy errors:
#	** No errors **

################## Zhone GNA-A49-5  RIN 102 at 10.161.139.148
# System status:
#	** No system alarms **
# Cards status:
#	** No alarmed cards (7 cards checked) **
# Uplink redundancy errors:
#	** No errors **

################## Zhone GNA-A50  RIN 114 at 10.161.139.41
# System status:
#	** No system alarms **
# Cards status:
#	** No alarmed cards (9 cards checked) **
# Uplink redundancy errors:
#	** No errors **

################## Zhone GNA-A52  RIN 110 at 10.161.139.42
# System status:
#	** No system alarms **
# Cards status:
#	** No alarmed cards (9 cards checked) **
# Uplink redundancy errors:
#	** No errors **

################## Zhone GNA-A53-4  RIN 394 at 10.161.93.195
# System status:
#	** No system alarms **
# Cards status:
#	** No alarmed cards (8 cards checked) **
# Uplink redundancy errors:
#	** No errors **

################## Zhone GNA-A55-4  RIN 533 at 10.161.93.197
# System status:
#	** No system alarms **
# Cards status:
#	** No alarmed cards (9 cards checked) **
# Uplink redundancy errors:
#	** No errors **

################## Zhone GNA-A58  RIN 390 at 10.161.93.196
# System status:
#	** No system alarms **
# Cards status:
#	** No alarmed cards (9 cards checked) **
# Uplink redundancy errors:
#	** No errors **

################## Zhone GNA-A58-4  RIN 392 at 10.161.139.145
# System status:
#	** No system alarms **
# Cards status:
#	** No alarmed cards (10 cards checked) **
# Uplink redundancy errors:
#	** No errors **

################## Zhone GNA-A59  RIN 33 at 10.161.93.208
# System status:
#	** No system alarms **
# Cards status:
#	** No alarmed cards (9 cards checked) **
# Uplink redundancy errors:
#	** No errors **

################## Zhone GNA-A60  RIN 202 at 10.161.139.111
# System status:
#	** No system alarms **
# Cards status:
#	** No alarmed cards (9 cards checked) **
# Uplink redundancy errors:
#	** No errors **

################## Zhone GNA-A60-4  RIN 203 at 10.161.139.112
# System status:
#	** No system alarms **
# Cards status:
#	** No alarmed cards (7 cards checked) **
# Uplink redundancy errors:
#	** No errors **

################## Zhone GNA-A68  RIN 362 at 10.161.139.135
# System status:
#	** No system alarms **
# Cards status:
#	** No alarmed cards (9 cards checked) **
# Uplink redundancy errors:
#	** No errors **

################## Zhone GNA-A74-2  RIN 214 at 10.161.145.201
# System status:
#	** No system alarms **
# Cards status:
#	** No alarmed cards (8 cards checked) **
# Uplink redundancy errors:
#	** No errors **

################## Zhone GNA-A76-2  RIN 127 at 10.161.139.35
# System status:
#	** No system alarms **
# Cards status:
#	** No alarmed cards (9 cards checked) **
# Uplink redundancy errors:
#	** No errors **

################## Zhone GNA-A79  RIN 166 at 10.161.139.131
# System status:
#	** No system alarms **
# Cards status:
#	** No alarmed cards (9 cards checked) **
# Uplink redundancy errors:
#	** No errors **

################## Zhone GNA-A81  RIN 122 at 10.161.139.36
# System status:
#	** No system alarms **
# Cards status:
#	** No alarmed cards (9 cards checked) **
# Uplink redundancy errors:
#	** No errors **

################## Zhone GNA-A81-2  RIN 123 at 10.161.139.37
# System status:
#	** No system alarms **
# Cards status:
#	** No alarmed cards (8 cards checked) **
# Uplink redundancy errors:
#	** No errors **

################## Zhone GNA-A90-2  RIN 131 at 10.161.139.33
# System status:
#	** No system alarms **
# Cards status:
#	** No alarmed cards (9 cards checked) **
# Uplink redundancy errors:
#	** No errors **

################## Zhone GNA-A90-3  RIN 132 at 10.161.139.175
# System status:
#	** No system alarms **
# Cards status:
#	** No alarmed cards (9 cards checked) **
# Uplink redundancy errors:
#	** No errors **

################## Zhone GNA-A94  RIN 162 at 10.161.139.6
# System status:
#	** No system alarms **
# Cards status:
#	** No alarmed cards (9 cards checked) **
# Uplink redundancy errors:
#	** No errors **

################## Zhone GNA-A98-2  RIN 171 at 10.161.139.67
# System status:
#	** No system alarms **
# Cards status:
#	** No alarmed cards (9 cards checked) **
# Uplink redundancy errors:
#	** No errors **

################## Zhone GNA-A99  RIN 134 at 10.161.139.5
# System status:
#	** No system alarms **
# Cards status:
#	** No alarmed cards (9 cards checked) **
# Uplink redundancy errors:
#	** No errors **

################## Zhone GNA-A99-2  RIN 135 at 10.161.139.22
# System status:
#	Alarm >> system - power_supply_a_failure - minor
# Cards status:
#	** No alarmed cards (8 cards checked) **
# Uplink redundancy errors:
#	** No errors **

################## Zhone GNA-B01  RIN 206 at 10.161.139.121
# System status:
#	** No system alarms **
# Cards status:
#	** No alarmed cards (9 cards checked) **
# Uplink redundancy errors:
#	** No errors **

################## Zhone GNA-B04  RIN 54 at 10.161.139.23
# System status:
#	** No system alarms **
# Cards status:
#	** No alarmed cards (9 cards checked) **
# Uplink redundancy errors:
#	** No errors **

################## Zhone GNA-B05  RIN 42 at 10.161.145.205
# System status:
#	** No system alarms **
# Cards status:
#	** No alarmed cards (10 cards checked) **
# Uplink redundancy errors:
#	** No errors **

################## Zhone GNA-B06  RIN 382 at 10.161.139.15
# System status:
#	Alarm >> system - power_supply_a_failure - minor
# Cards status:
#	** No alarmed cards (9 cards checked) **
# Uplink redundancy errors:
#	** No errors **

################## Zhone GNA-B07  RIN 167 at 10.161.139.126
# System status:
#	** No system alarms **
# Cards status:
#	** No alarmed cards (10 cards checked) **
# Uplink redundancy errors:
#	** No errors **

################## Zhone GNA-B14-3  RIN 264 at 10.161.145.234
# System status:
#	Alarm >> system - shelf_controller_fault - critical
# Cards status:
#	** No alarmed cards (11 cards checked) **
# Uplink redundancy errors:
#	** No errors **

################## Zhone GNA-B18-2  RIN 463 at 10.161.93.201
# System status:
#	** No system alarms **
# Cards status:
#	** No alarmed cards (8 cards checked) **
# Uplink redundancy errors:
#	** No errors **

################## Zhone GNA-B21  RIN 90 at 10.161.139.88
# System status:
#	** No system alarms **
# Cards status:
#	** No alarmed cards (9 cards checked) **
# Uplink redundancy errors:
#	** No errors **

################## Zhone GNA-B21-2  RIN 91 at 10.161.139.114
# System status:
#	** No system alarms **
# Cards status:
#	** No alarmed cards (9 cards checked) **
# Uplink redundancy errors:
#	** No errors **

################## Zhone GNA-B23  RIN 114 at 10.161.145.228
# System status:
#	** No system alarms **
# Cards status:
#	** No alarmed cards (9 cards checked) **
# Uplink redundancy errors:
#	** No errors **

################## Zhone GNA-B25-3  RIN 280 at 10.161.139.176
# System status:
#	** No system alarms **
# Cards status:
#	** No alarmed cards (10 cards checked) **
# Uplink redundancy errors:
#	** No errors **

################## Zhone GNA-B30-2  RIN 522 at 10.161.93.235
# System status:
#	** No system alarms **
# Cards status:
#	** No alarmed cards (9 cards checked) **
# Uplink redundancy errors:
#	** No errors **

################## Zhone GNA-B31-3  RIN 15 at 10.161.139.177
# System status:
#	** No system alarms **
# Cards status:
#	** No alarmed cards (10 cards checked) **
# Uplink redundancy errors:
#	** No errors **

################## Zhone GNA-B33-3  RIN 3 at 10.161.93.226
# System status:
#	** No system alarms **
# Cards status:
#	** No alarmed cards (13 cards checked) **
# Uplink redundancy errors:
#	** No errors **

################## Zhone GNA-B34  RIN 7 at 10.161.93.216
# System status:
#	** No system alarms **
# Cards status:
#	** No alarmed cards (11 cards checked) **
# Uplink redundancy errors:
#	** No errors **

################## Zhone GNA-B34-2  RIN 8 at 10.161.139.195
# System status:
#	** No system alarms **
# Cards status:
#	** No alarmed cards (11 cards checked) **
# Uplink redundancy errors:
#	** No errors **

################## Zhone GNA-B39  RIN 198 at 10.161.93.232
# System status:
#	** No system alarms **
# Cards status:
#	** No alarmed cards (8 cards checked) **
# Uplink redundancy errors:
#	** No errors **

################## Zhone GNA-B40-2  RIN 379 at 10.161.93.237
# System status:
#	** No system alarms **
# Cards status:
#	** No alarmed cards (9 cards checked) **
# Uplink redundancy errors:
#	** No errors **

################## Zhone GNA-B43-2  RIN 139 at 10.161.139.172
# System status:
#	** No system alarms **
# Cards status:
#	** No alarmed cards (8 cards checked) **
# Uplink redundancy errors:
#	** No errors **

################## Zhone GNA-B97  RIN 142 at 10.164.32.200
# System status:
#	Alarm >> system - fan_speed_error - minor
# Cards status:
#	** No alarmed cards (11 cards checked) **
# Uplink redundancy errors:
#	** No errors **

################## Zhone GNA-C05-0  RIN 318 at 10.164.32.222
# System status:
#	Alarm >> system - not_in_redundant_mode - major
# Cards status:
#	** No alarmed cards (10 cards checked) **
# Uplink redundancy errors:
#	Error >> Secondary - 1-b-2-0/eth - Inactive - Inactive

################## Zhone GNA-C05-1  RIN 319 at 10.164.32.223
# System status:
#	** No system alarms **
# Cards status:
#	** No alarmed cards (11 cards checked) **
# Uplink redundancy errors:
#	** No errors **

################## Zhone GNA-C05-2  RIN 320 at 10.164.32.224
# System status:
#	** No system alarms **
# Cards status:
#	** No alarmed cards (11 cards checked) **
# Uplink redundancy errors:
#	** No errors **

################## Zhone GNA-C07-0  RIN 270 at 10.164.32.217
# System status:
#	Alarm >> system - not_in_redundant_mode - major
# Cards status:
#	Alarm >> b: MXK FOUR GIGE  - ["(BOOTING)"]
# Uplink redundancy errors:
#	Error >> Secondary - 1-b-2-0/eth - Inactive - Inactive

################## Zhone GNA-C07-1  RIN 271 at 10.164.32.218
# System status:
#	** No system alarms **
# Cards status:
#	** No alarmed cards (11 cards checked) **
# Uplink redundancy errors:
#	** No errors **

################## Zhone GNA-C10-0  RIN 174 at 10.164.32.219
# System status:
#	** No system alarms **
# Cards status:
#	** No alarmed cards (11 cards checked) **
# Uplink redundancy errors:
#	** No errors **

################## Zhone GNA-C10-1  RIN 175 at 10.164.32.220
# System status:
#	** No system alarms **
# Cards status:
#	** No alarmed cards (11 cards checked) **
# Uplink redundancy errors:
#	** No errors **

################## Zhone GNA-C10-2  RIN 176 at 10.164.32.221
# System status:
#	** No system alarms **
# Cards status:
#	** No alarmed cards (11 cards checked) **
# Uplink redundancy errors:
#	** No errors **

################## Zhone GNA-C24-0  RIN 449 at 10.164.43.21
# System status:
#	** No system alarms **
# Cards status:
#	** No alarmed cards (19 cards checked) **
# Uplink redundancy errors:
#	** No errors **

################## Zhone GNA-C25-0  RIN 453 at 10.164.43.23
# System status:
#	** No system alarms **
# Cards status:
#	** No alarmed cards (19 cards checked) **
# Uplink redundancy errors:
#	** No errors **

################## Zhone GNA-C26-0  RIN 457 at 10.164.43.25
# System status:
#	Alarm >> system - not_in_redundant_mode - major
# Cards status:
#	** No alarmed cards (18 cards checked) **
# Uplink redundancy errors:
#	Error >> Secondary - 1-b-2-0/eth - Inactive - Inactive

################## Zhone GNA-C35-0  RIN 418 at 10.164.43.87
# System status:
#	** No system alarms **
# Cards status:
#	** No alarmed cards (20 cards checked) **
# Uplink redundancy errors:
#	** No errors **

################## Zhone GNA-C36-0  RIN 416 at 10.164.43.85
# System status:
#	** No system alarms **
# Cards status:
#	** No alarmed cards (19 cards checked) **
# Uplink redundancy errors:
#	** No errors **

################## Zhone GNA-I03  RIN 47 at 10.161.139.24
# System status:
#	** No system alarms **
# Cards status:
#	** No alarmed cards (10 cards checked) **
# Uplink redundancy errors:
#	** No errors **

################## Zhone GNA-I03-3  RIN 49 at 10.161.139.178
# System status:
#	** No system alarms **
# Cards status:
#	** No alarmed cards (10 cards checked) **
# Uplink redundancy errors:
#	** No errors **

################## Zhone GNA-V01  RIN 326 at 10.161.139.53
# System status:
#	** No system alarms **
# Cards status:
#	** No alarmed cards (9 cards checked) **
# Uplink redundancy errors:
#	** No errors **

################## Zhone GNA-V01-2  RIN 327 at 10.161.139.54
# System status:
#	** No system alarms **
# Cards status:
#	** No alarmed cards (8 cards checked) **
# Uplink redundancy errors:
#	** No errors **

################## Zhone GNA-V01-3  RIN 328 at 10.161.139.116
# System status:
#	** No system alarms **
# Cards status:
#	** No alarmed cards (9 cards checked) **
# Uplink redundancy errors:
#	** No errors **

################## Zhone GNA-V04  RIN 74 at 10.164.32.153
# System status:
#	** No system alarms **
# Cards status:
#	** No alarmed cards (9 cards checked) **
# Uplink redundancy errors:
#	** No errors **

################## Zhone GNA-V05  RIN 491 at 10.161.93.242
# System status:
#	** No system alarms **
# Cards status:
#	** No alarmed cards (9 cards checked) **
# Uplink redundancy errors:
#	** No errors **

################## Zhone GNA-V08  RIN 206 at 10.161.145.224
# System status:
#	** No system alarms **
# Cards status:
#	** No alarmed cards (9 cards checked) **
# Uplink redundancy errors:
#	** No errors **

################## Zhone GNA-V08-2  RIN 207 at 10.161.145.225
# System status:
#	** No system alarms **
# Cards status:
#	** No alarmed cards (10 cards checked) **
# Uplink redundancy errors:
#	** No errors **

############### ** General status for GNA ** ###############
# Total hosts checked: 113
# Total system alarms: 8
# Total cards alarms: 1
# Total redundancy errors: 3
############################################################
