################## Milegate GRS-A01-0  RIN 186 at 10.209.1.186
# System status:
#	Alarm >> ne: Loss Of Signal On PDH Clock Source 1
# Cards status:
#	** No alarmed cards (15 cards checked) **

################## Milegate GRS-A01-4  RIN 187 at 10.209.1.187
# System status:
#	Alarm >> ne: Protecting CU Active
# Cards status:
#	** No alarmed cards (19 cards checked) **

################## Milegate GRS-A02-0  RIN 190 at 10.209.1.190
# System status:
#	** No system alarms **
# Cards status:
#	** No alarmed cards (20 cards checked) **

################## Milegate GRS-A02-1  RIN 191 at 10.209.1.191
# System status:
#	Alarm >> fan: Partial Fan Breakdown
# Cards status:
#	** No alarmed cards (20 cards checked) **

################## Milegate GRS-A02-5  RIN 192 at 10.209.1.192
# System status:
#	** No system alarms **
# Cards status:
#	** No alarmed cards (19 cards checked) **

################## Milegate GRS-A03-0  RIN 170 at 10.209.1.170
# System status:
#	Alarm >> ne: Protecting CU Active
# Cards status:
#	** No alarmed cards (17 cards checked) **

################## Milegate GRS-A03-1  RIN 171 at 10.209.1.171
# System status:
#	Alarm >> fan: Partial Fan Breakdown
# Cards status:
#	** No alarmed cards (20 cards checked) **

################## Milegate GRS-A03-5  RIN 172 at 10.209.1.172
# System status:
#	Alarm >> ne: Loss Of Signal On PDH Clock Source 1
#	Alarm >> fan: Partial Fan Breakdown
# Cards status:
#	** No alarmed cards (9 cards checked) **

################## Milegate GRS-A03-6  RIN 173 at 10.209.1.173
# System status:
#	** No system alarms **
# Cards status:
#	** No alarmed cards (5 cards checked) **

################## Milegate GRS-A04-0  RIN 178 at 10.209.1.178
# System status:
#	Alarm >> ne: Loss Of Signal On PDH Clock Source 2
# Cards status:
#	** No alarmed cards (21 cards checked) **

################## Milegate GRS-A04-1  RIN 179 at 10.209.1.179
# System status:
#	** No system alarms **
# Cards status:
#	** No alarmed cards (19 cards checked) **

################## Milegate GRS-A04-5  RIN 180 at 10.209.1.180
# System status:
#	** No system alarms **
# Cards status:
#	** No alarmed cards (3 cards checked) **

################## Milegate GRS-A05-0  RIN 162 at 10.209.1.162
# System status:
#	** No system alarms **
# Cards status:
#	** No alarmed cards (15 cards checked) **

################## Milegate GRS-A05-1  RIN 163 at 10.209.1.163
# System status:
#	Alarm >> fan: Partial Fan Breakdown
# Cards status:
#	** No alarmed cards (20 cards checked) **

################## Milegate GRS-A05-2  RIN 164 at 10.209.1.164
# System status:
#	** No system alarms **
# Cards status:
#	** No alarmed cards (19 cards checked) **

################## Milegate GRS-A05-3  RIN 165 at 10.209.1.165
# System status:
#	** No system alarms **
# Cards status:
#	** No alarmed cards (15 cards checked) **

################## Milegate GRS-A06-0  RIN 166 at 10.209.1.166
# System status:
#	** No system alarms **
# Cards status:
#	** No alarmed cards (17 cards checked) **

################## Milegate GRS-A06-4  RIN 167 at 10.209.1.167
# System status:
#	** No system alarms **
# Cards status:
#	** No alarmed cards (20 cards checked) **

################## Milegate GRS-A07-0  RIN 118 at 10.209.1.118
# System status:
#	** No system alarms **
# Cards status:
#	** No alarmed cards (17 cards checked) **

################## Milegate GRS-A07  RIN 119 at 10.209.1.119
# System status:
#	** No system alarms **
# Cards status:
#	** No alarmed cards (20 cards checked) **

################## Milegate GRS-A07-5  RIN 128 at 10.209.1.120
# System status:
#	** No system alarms **
# Cards status:
#	** No alarmed cards (6 cards checked) **

################## Milegate GRS-A08-0  RIN 126 at 10.209.1.126
# System status:
#	** No system alarms **
# Cards status:
#	** No alarmed cards (15 cards checked) **

################## Milegate GRS-A08-4  RIN 127 at 10.209.1.127
# System status:
#	** No system alarms **
# Cards status:
#	** No alarmed cards (20 cards checked) **

################## Milegate GRS-A08-5  RIN 443 at 10.209.1.128
# System status:
#	** No system alarms **
# Cards status:
#	** No alarmed cards (5 cards checked) **

################## Milegate GRS-A09-0  RIN 158 at 10.209.1.158
# System status:
#	Alarm >> ne: Loss Of Signal On PDH Clock Source 1
# Cards status:
#	** No alarmed cards (17 cards checked) **

################## Milegate GRS-A09  RIN 159 at 10.209.1.159
# System status:
#	** No system alarms **
# Cards status:
#	** No alarmed cards (19 cards checked) **

################## Milegate GRS-A09-2  RIN 160 at 10.209.1.160
# System status:
#	** No system alarms **
# Cards status:
#	** No alarmed cards (15 cards checked) **

################## Milegate GRS-A09-3  RIN 161 at 10.209.1.161
# System status:
#	** No system alarms **
# Cards status:
#	** No alarmed cards (12 cards checked) **

################## Milegate GRS-A10-0  RIN 150 at 10.209.1.150
# System status:
#	Alarm >> ne: Loss Of Signal On PDH Clock Source 1
#	Alarm >> ne: Protecting CU Active
# Cards status:
#	** No alarmed cards (15 cards checked) **

################## Milegate GRS-A10-1  RIN 151 at 10.209.1.151
# System status:
#	** No system alarms **
# Cards status:
#	** No alarmed cards (19 cards checked) **

################## Milegate GRS-A10-5  RIN 152 at 10.209.1.152
################## Milegate GRS-A11-0  RIN 194 at 10.209.1.194
# System status:
#	** No system alarms **
# Cards status:
#	** No alarmed cards (20 cards checked) **

################## Milegate GRS-A11  RIN 195 at 10.209.1.195
# System status:
#	** No system alarms **
# Cards status:
#	** No alarmed cards (20 cards checked) **

################## Milegate GRS-A11-5  RIN 196 at 10.209.1.196
# System status:
#	** No system alarms **
# Cards status:
#	Alarm >> unit-2 - SUPC4 R1D - Plugged

################## Milegate GRS-A12-0  RIN 198 at 10.209.1.198
# System status:
#	Alarm >> fan: Total Fan Breakdown
# Cards status:
#	** No alarmed cards (19 cards checked) **

################## Milegate GRS-A12-1  RIN 199 at 10.209.1.199
# System status:
#	** No system alarms **
# Cards status:
#	** No alarmed cards (19 cards checked) **

################## Milegate GRS-A12-5  RIN 200 at 10.209.1.200
# System status:
#	** No system alarms **
# Cards status:
#	** No alarmed cards (20 cards checked) **

################## Milegate GRS-A12-6  RIN 479 at 10.209.1.201
# System status:
#	** No system alarms **
# Cards status:
#	** No alarmed cards (13 cards checked) **

################## Milegate GRS-A13-0  RIN 146 at 10.209.1.146
# System status:
#	Alarm >> ne: Loss Of Signal On PDH Clock Source 1
# Cards status:
#	** No alarmed cards (19 cards checked) **

################## Milegate GRS-A13-1  RIN 147 at 10.209.1.147
# System status:
#	** No system alarms **
# Cards status:
#	** No alarmed cards (20 cards checked) **

################## Milegate GRS-A13-5  RIN 431 at 10.209.1.148
# System status:
#	** No system alarms **
# Cards status:
#	** No alarmed cards (7 cards checked) **

################## Milegate GRS-A14-99  RIN 106 at 10.209.1.106
# System status:
#	Alarm >> ne: Loss Of Signal On PDH Clock Source 1
# Cards status:
#	** No alarmed cards (18 cards checked) **

################## Milegate GRS-A14-2-99  RIN 107 at 10.209.1.107
# System status:
#	Alarm >> ne: Loss Of Signal On PDH Clock Source 1
#	Alarm >> fan: Partial Fan Breakdown
# Cards status:
#	** No alarmed cards (21 cards checked) **

################## Milegate GRS-A14-5  RIN 108 at 10.209.1.108
# System status:
#	** No system alarms **
# Cards status:
#	** No alarmed cards (9 cards checked) **

################## Milegate GRS-A15-0  RIN 110 at 10.209.1.110
# System status:
#	** No system alarms **
# Cards status:
#	** No alarmed cards (19 cards checked) **

################## Milegate GRS-A15-1  RIN 111 at 10.209.1.111
# System status:
#	** No system alarms **
# Cards status:
#	** No alarmed cards (20 cards checked) **

################## Milegate GRS-A15-2  RIN 112 at 10.209.1.112
# System status:
#	Alarm >> ne: Loss Of Signal On PDH Clock Source 1
# Cards status:
#	** No alarmed cards (17 cards checked) **

################## Milegate GRS-A15-5  RIN 113 at 10.209.1.113
# System status:
#	Alarm >> ne: Protecting CU Active
# Cards status:
#	** No alarmed cards (9 cards checked) **

################## Milegate GRS-A16  RIN 134 at 10.209.1.134
# System status:
#	** No system alarms **
# Cards status:
#	** No alarmed cards (19 cards checked) **

################## Milegate GRS-A16-1  RIN 135 at 10.209.1.135
# System status:
#	Alarm >> fan: Partial Fan Breakdown
# Cards status:
#	** No alarmed cards (19 cards checked) **

################## Milegate GRS-A16-5  RIN 498 at 10.209.1.136
# System status:
#	** No system alarms **
# Cards status:
#	** No alarmed cards (13 cards checked) **

################## Milegate GRS-A17  RIN 264 at 10.209.2.95
# System status:
#	** No system alarms **
# Cards status:
#	** No alarmed cards (5 cards checked) **

################## Milegate GRS-A18-4  RIN 495 at 10.209.2.20
# System status:
#	Alarm >> ne: Protecting CU Active
# Cards status:
#	** No alarmed cards (7 cards checked) **

################## Milegate GRS-A19  RIN 215 at 10.209.1.215
# System status:
#	** No system alarms **
# Cards status:
#	** No alarmed cards (19 cards checked) **

################## Milegate GRS-A19-1  RIN 216 at 10.209.1.216
# System status:
#	Alarm >> fan: Partial Fan Breakdown
# Cards status:
#	** No alarmed cards (19 cards checked) **

################## Milegate GRS-A19-2  RIN 217 at 10.209.1.217
# System status:
#	** No system alarms **
# Cards status:
#	** No alarmed cards (21 cards checked) **

################## Milegate GRS-A20-0  RIN 154 at 10.209.1.154
# System status:
#	** No system alarms **
# Cards status:
#	** No alarmed cards (21 cards checked) **

################## Milegate GRS-A20-1  RIN 155 at 10.209.1.155
# System status:
#	** No system alarms **
# Cards status:
#	** No alarmed cards (20 cards checked) **

################## Milegate GRS-A20-5  RIN 156 at 10.209.1.156
# System status:
#	** No system alarms **
# Cards status:
#	** No alarmed cards (4 cards checked) **

################## Milegate GRS-A21-99  RIN 10 at 10.209.1.10
# System status:
#	Alarm >> ne: Loss Of Signal On PDH Clock Source 1
# Cards status:
#	** No alarmed cards (17 cards checked) **

################## Milegate GRS-A21-2-99  RIN 11 at 10.209.1.11
# System status:
#	** No system alarms **
# Cards status:
#	** No alarmed cards (19 cards checked) **

################## Milegate GRS-A22-0  RIN 46 at 10.209.1.46
# System status:
#	** No system alarms **
# Cards status:
#	** No alarmed cards (16 cards checked) **

################## Milegate GRS-A22-1  RIN 47 at 10.209.1.47
# System status:
#	** No system alarms **
# Cards status:
#	** No alarmed cards (20 cards checked) **

################## Milegate GRS-A22-5  RIN 48 at 10.209.1.48
# System status:
#	** No system alarms **
# Cards status:
#	** No alarmed cards (6 cards checked) **

################## Milegate GRS-A23-0  RIN 6 at 10.209.1.6
# System status:
#	Alarm >> fan: Partial Fan Breakdown
# Cards status:
#	** No alarmed cards (14 cards checked) **

################## Milegate GRS-A23-1  RIN 7 at 10.209.1.7
# System status:
#	** No system alarms **
# Cards status:
#	** No alarmed cards (19 cards checked) **

################## Milegate GRS-A23-5  RIN 8 at 10.209.1.8
# System status:
#	Alarm >> ne: Protecting CU Active
# Cards status:
#	** No alarmed cards (13 cards checked) **

################## Milegate GRS-A25-0  RIN 38 at 10.209.1.38
# System status:
#	Alarm >> ne: Loss Of Signal On PDH Clock Source 1
# Cards status:
#	** No alarmed cards (17 cards checked) **

################## Milegate GRS-A25-4  RIN 39 at 10.209.1.39
# System status:
#	Alarm >> fan: Partial Fan Breakdown
# Cards status:
#	** No alarmed cards (19 cards checked) **

################## Milegate GRS-A26-0  RIN 34 at 10.209.1.34
# System status:
#	** No system alarms **
# Cards status:
#	** No alarmed cards (15 cards checked) **

################## Milegate GRS-A26-1  RIN 35 at 10.209.1.35
# System status:
#	** No system alarms **
# Cards status:
#	** No alarmed cards (19 cards checked) **

################## Milegate GRS-A26-2  RIN 36 at 10.209.1.36
# System status:
#	** No system alarms **
# Cards status:
#	** No alarmed cards (20 cards checked) **

################## Milegate GRS-A26-3  RIN 37 at 10.209.1.37
# System status:
#	Alarm >> ne: Protecting CU Active
# Cards status:
#	** No alarmed cards (9 cards checked) **

################## Milegate GRS-A27-5  RIN 45 at 10.209.1.100
# System status:
#	** No system alarms **
# Cards status:
#	** No alarmed cards (6 cards checked) **

################## Milegate GRS-A27-99  RIN 98 at 10.209.1.98
# System status:
#	** No system alarms **
# Cards status:
#	** No alarmed cards (15 cards checked) **

################## Milegate GRS-A27-2-99  RIN 99 at 10.209.1.99
# System status:
#	Alarm >> ne: Protecting CU Active
# Cards status:
#	** No alarmed cards (19 cards checked) **

################## Milegate GRS-A28-0  RIN 94 at 10.209.1.94
# System status:
#	** No system alarms **
# Cards status:
#	** No alarmed cards (16 cards checked) **

################## Milegate GRS-A28-1  RIN 95 at 10.209.1.95
# System status:
#	Alarm >> fan: Partial Fan Breakdown
# Cards status:
#	** No alarmed cards (19 cards checked) **

################## Milegate GRS-A30-0  RIN 50 at 10.209.1.50
# System status:
#	Alarm >> ne: Loss Of Signal On PDH Clock Source 1
# Cards status:
#	** No alarmed cards (15 cards checked) **

################## Milegate GRS-A30-4  RIN 51 at 10.209.1.51
# System status:
#	** No system alarms **
# Cards status:
#	** No alarmed cards (19 cards checked) **

################## Milegate GRS-A31  RIN 14 at 10.209.1.14
# System status:
#	** No system alarms **
# Cards status:
#	** No alarmed cards (14 cards checked) **

################## Milegate GRS-A31-2  RIN 15 at 10.209.1.15
# System status:
#	** No system alarms **
# Cards status:
#	** No alarmed cards (19 cards checked) **

################## Milegate GRS-A31-3  RIN 16 at 10.209.1.16
# System status:
#	** No system alarms **
# Cards status:
#	** No alarmed cards (19 cards checked) **

################## Milegate GRS-A31-4  RIN 17 at 10.209.1.17
# System status:
#	Alarm >> ne: Protecting CU Active
# Cards status:
#	** No alarmed cards (8 cards checked) **

################## Milegate GRS-A32-0  RIN 18 at 10.209.1.18
# System status:
#	Alarm >> ne: Loss Of Signal On PDH Clock Source 1
# Cards status:
#	** No alarmed cards (15 cards checked) **

################## Milegate GRS-A32-4  RIN 19 at 10.209.1.19
# System status:
#	** No system alarms **
# Cards status:
#	** No alarmed cards (19 cards checked) **

################## Milegate GRS-A33-0  RIN 22 at 10.209.1.22
# System status:
#	Alarm >> ne: Loss Of Signal On PDH Clock Source 1
# Cards status:
#	** No alarmed cards (17 cards checked) **

################## Milegate GRS-A33  RIN 23 at 10.209.1.23
# System status:
#	** No system alarms **
# Cards status:
#	** No alarmed cards (20 cards checked) **

################## Milegate GRS-A34-0  RIN 54 at 10.209.1.54
# System status:
#	Alarm >> ne: Protecting CU Active
# Cards status:
#	** No alarmed cards (15 cards checked) **

################## Milegate GRS-A34-1  RIN 55 at 10.209.1.55
# System status:
#	** No system alarms **
# Cards status:
#	** No alarmed cards (19 cards checked) **

################## Milegate GRS-A34-2  RIN 56 at 10.209.1.56
# System status:
#	** No system alarms **
# Cards status:
#	** No alarmed cards (17 cards checked) **

################## Milegate GRS-A34-3  RIN 57 at 10.209.1.57
# System status:
#	** No system alarms **
# Cards status:
#	** No alarmed cards (17 cards checked) **

################## Milegate GRS-A35-0  RIN 74 at 10.209.1.74
# System status:
#	** No system alarms **
# Cards status:
#	** No alarmed cards (15 cards checked) **

################## Milegate GRS-A35-1  RIN 75 at 10.209.1.75
# System status:
#	** No system alarms **
# Cards status:
#	** No alarmed cards (19 cards checked) **

################## Milegate GRS-A35-99  RIN 76 at 10.209.1.76
# System status:
#	** No system alarms **
# Cards status:
#	** No alarmed cards (17 cards checked) **

################## Milegate GRS-A35-2-99  RIN 77 at 10.209.1.77
# System status:
#	Alarm >> ne: Protecting CU Active
# Cards status:
#	** No alarmed cards (16 cards checked) **

################## Milegate GRS-A36  RIN 90 at 10.209.1.90
# System status:
#	** No system alarms **
# Cards status:
#	** No alarmed cards (16 cards checked) **

################## Milegate GRS-A36-1  RIN 91 at 10.209.1.91
# System status:
#	** No system alarms **
# Cards status:
#	** No alarmed cards (19 cards checked) **

################## Milegate GRS-A36-2  RIN 92 at 10.209.1.92
# System status:
#	Alarm >> ne: Protecting CU Active
# Cards status:
#	** No alarmed cards (18 cards checked) **

################## Milegate GRS-A36-3  RIN 93 at 10.209.1.93
# System status:
#	** No system alarms **
# Cards status:
#	** No alarmed cards (19 cards checked) **

################## Milegate GRS-A40-4  RIN 219 at 10.209.1.219
# System status:
#	** No system alarms **
# Cards status:
#	** No alarmed cards (19 cards checked) **

################## Milegate GRS-A41-0  RIN 26 at 10.209.1.26
# System status:
#	Alarm >> ne: Loss Of Signal On PDH Clock Source 1
# Cards status:
#	** No alarmed cards (17 cards checked) **

################## Milegate GRS-A41-1  RIN 27 at 10.209.1.27
# System status:
#	** No system alarms **
# Cards status:
#	** No alarmed cards (19 cards checked) **

################## Milegate GRS-A42-0  RIN 30 at 10.209.1.30
# System status:
#	Alarm >> fan: Partial Fan Breakdown
# Cards status:
#	** No alarmed cards (15 cards checked) **

################## Milegate GRS-A42-1  RIN 31 at 10.209.1.31
# System status:
#	** No system alarms **
# Cards status:
#	** No alarmed cards (19 cards checked) **

################## Milegate GRS-A42-2  RIN 32 at 10.209.1.32
# System status:
#	** No system alarms **
# Cards status:
#	** No alarmed cards (17 cards checked) **

################## Milegate GRS-A42-3  RIN 33 at 10.209.1.33
# System status:
#	** No system alarms **
# Cards status:
#	** No alarmed cards (20 cards checked) **

################## Milegate GRS-A47-99  RIN 66 at 10.209.1.66
# System status:
#	Alarm >> ne: Loss Of Signal On PDH Clock Source 1
# Cards status:
#	** No alarmed cards (15 cards checked) **

################## Milegate GRS-A47-2-99  RIN 67 at 10.209.1.67
# System status:
#	** No system alarms **
# Cards status:
#	** No alarmed cards (19 cards checked) **

################## Milegate GRS-A47-0  RIN 68 at 10.209.1.68
# System status:
#	** No system alarms **
# Cards status:
#	** No alarmed cards (17 cards checked) **

################## Milegate GRS-A47-1  RIN 69 at 10.209.1.69
# System status:
#	** No system alarms **
# Cards status:
#	** No alarmed cards (19 cards checked) **

################## Milegate GRS-A48-0  RIN 206 at 10.209.1.206
# System status:
#	Alarm >> ne: Loss Of Signal On PDH Clock Source 1
#	Alarm >> ne: Protecting CU Active
# Cards status:
#	** No alarmed cards (15 cards checked) **

################## Milegate GRS-A48-4  RIN 207 at 10.209.1.207
# System status:
#	Alarm >> ne: Protecting CU Active
# Cards status:
#	** No alarmed cards (19 cards checked) **

################## Milegate GRS-A49-0  RIN 210 at 10.209.1.210
# System status:
#	** No system alarms **
# Cards status:
#	** No alarmed cards (21 cards checked) **

################## Milegate GRS-A49-4  RIN 211 at 10.209.1.211
# System status:
#	** No system alarms **
# Cards status:
#	** No alarmed cards (19 cards checked) **

################## Milegate GRS-A49-5  RIN 212 at 10.209.1.212
# System status:
#	** No system alarms **
# Cards status:
#	** No alarmed cards (19 cards checked) **

################## Milegate GRS-A49-6  RIN 213 at 10.209.1.213
# System status:
#	** No system alarms **
# Cards status:
#	** No alarmed cards (19 cards checked) **

################## Milegate GRS-A50  RIN 223 at 10.209.1.223
# System status:
#	** No system alarms **
# Cards status:
#	** No alarmed cards (21 cards checked) **

################## Milegate GRS-A51-4  RIN 249 at 10.209.1.249
# System status:
#	Alarm >> ne: Protecting CU Active
# Cards status:
#	** No alarmed cards (21 cards checked) **

################## Milegate GRS-A52-3  RIN 253 at 10.209.2.1
# System status:
#	Alarm >> ne: Loss Of Signal On PDH Clock Source 2
# Cards status:
#	** No alarmed cards (20 cards checked) **

################## Milegate GRS-A53  RIN 257 at 10.209.2.5
# System status:
#	Alarm >> ne: Protecting CU Active
# Cards status:
#	** No alarmed cards (21 cards checked) **

################## Milegate GRS-A54-0  RIN 230 at 10.209.1.230
# System status:
#	** No system alarms **
# Cards status:
#	** No alarmed cards (15 cards checked) **

################## Milegate GRS-A54  RIN 231 at 10.209.1.231
# System status:
#	** No system alarms **
# Cards status:
#	** No alarmed cards (20 cards checked) **

################## Milegate GRS-A55-4  RIN 237 at 10.209.1.237
# System status:
#	** No system alarms **
# Cards status:
#	** No alarmed cards (21 cards checked) **

################## Milegate GRS-A56-4  RIN 229 at 10.209.1.229
# System status:
#	** No system alarms **
# Cards status:
#	** No alarmed cards (18 cards checked) **

################## Milegate GRS-A57-0  RIN 238 at 10.209.1.238
# System status:
#	Alarm >> ne: Loss Of Signal On PDH Clock Source 1
# Cards status:
#	** No alarmed cards (14 cards checked) **

################## Milegate GRS-A57-4  RIN 239 at 10.209.1.239
# System status:
#	Alarm >> ne: Protecting CU Active
# Cards status:
#	** No alarmed cards (20 cards checked) **

################## Milegate GRS-A57-5  RIN 240 at 10.209.1.240
# System status:
#	Alarm >> ne: Protecting CU Active
# Cards status:
#	** No alarmed cards (11 cards checked) **

################## Milegate GRS-A58-4  RIN 262 at 10.209.2.9
# System status:
#	Alarm >> ne: Protecting CU Active
# Cards status:
#	** No alarmed cards (19 cards checked) **

################## Milegate GRS-A60-2  RIN 285 at 10.209.2.36
# System status:
#	** No system alarms **
# Cards status:
#	** No alarmed cards (19 cards checked) **

################## Milegate GRS-A61-4  RIN 301 at 10.209.2.56
# System status:
#	Alarm >> ne: Protecting CU Active
# Cards status:
#	** No alarmed cards (19 cards checked) **

################## Milegate GRS-A61-5  RIN 459 at 10.209.2.57
# System status:
#	** No system alarms **
# Cards status:
#	** No alarmed cards (13 cards checked) **

################## Milegate GRS-A62-4  RIN 289 at 10.209.2.40
# System status:
#	Alarm >> ne: Loss Of Signal On PDH Clock Source 2
# Cards status:
#	** No alarmed cards (13 cards checked) **

################## Milegate GRS-A63-4  RIN 309 at 10.209.2.60
# System status:
#	Alarm >> ne: Protecting CU Active
# Cards status:
#	** No alarmed cards (19 cards checked) **

################## Milegate GRS-A64-4  RIN 312 at 10.209.2.63
# System status:
#	Alarm >> ne: Loss Of Signal On PDH Clock Source 2
# Cards status:
#	** No alarmed cards (7 cards checked) **

################## Milegate GRS-A68-4  RIN 321 at 10.209.2.115
# System status:
#	Alarm >> fan: Partial Fan Breakdown
# Cards status:
#	** No alarmed cards (19 cards checked) **

################## Milegate GRS-A68-5  RIN 335 at 10.209.2.116
# System status:
#	** No system alarms **
# Cards status:
#	** No alarmed cards (17 cards checked) **

################## Milegate GRS-A68-6  RIN 438 at 10.209.2.117
# System status:
#	** No system alarms **
# Cards status:
#	** No alarmed cards (6 cards checked) **

################## Milegate GRS-A69-0  RIN 324 at 10.209.2.122
# System status:
#	** No system alarms **
# Cards status:
#	** No alarmed cards (17 cards checked) **

################## Milegate GRS-A69-4  RIN 325 at 10.209.2.123
# System status:
#	** No system alarms **
# Cards status:
#	** No alarmed cards (20 cards checked) **

################## Milegate GRS-A70-0  RIN 328 at 10.209.2.126
# System status:
#	** No system alarms **
# Cards status:
#	** No alarmed cards (13 cards checked) **

################## Milegate GRS-A70-4  RIN 329 at 10.209.2.127
# System status:
#	Alarm >> ne: Protecting CU Active
# Cards status:
#	** No alarmed cards (19 cards checked) **

################## Milegate GRS-A70-5  RIN 439 at 10.209.2.129
# System status:
#	** No system alarms **
# Cards status:
#	** No alarmed cards (4 cards checked) **

################## Milegate GRS-A71-0  RIN 332 at 10.209.2.118
# System status:
#	** No system alarms **
# Cards status:
#	** No alarmed cards (13 cards checked) **

################## Milegate GRS-A71-4  RIN 333 at 10.209.2.119
# System status:
#	Alarm >> ne: Protecting CU Active
# Cards status:
#	** No alarmed cards (19 cards checked) **

################## Milegate GRS-A72-0  RIN 297 at 10.209.2.50
# System status:
#	** No system alarms **
# Cards status:
#	** No alarmed cards (21 cards checked) **

################## Milegate GRS-A72  RIN 298 at 10.209.2.51
# System status:
#	** No system alarms **
# Cards status:
#	** No alarmed cards (20 cards checked) **

################## Milegate GRS-A73-4  RIN 345 at 10.209.2.99
# System status:
#	** No system alarms **
# Cards status:
#	** No alarmed cards (21 cards checked) **

################## Milegate GRS-A73-5  RIN 426 at 10.209.2.100
# System status:
#	** No system alarms **
# Cards status:
#	** No alarmed cards (18 cards checked) **

################## Milegate GRS-A74-6  RIN 313 at 10.209.2.104
# System status:
#	Alarm >> ne: Protecting CU Active
# Cards status:
#	** No alarmed cards (6 cards checked) **

################## Milegate GRS-A74-4  RIN 365 at 10.209.2.103
# System status:
#	Alarm >> ne: Protecting CU Active
# Cards status:
#	** No alarmed cards (21 cards checked) **

################## Milegate GRS-A74-5  RIN 530 at 10.209.2.105
# System status:
#	Alarm >> ne: Protecting CU Active
# Cards status:
#	** No alarmed cards (9 cards checked) **

################## Milegate GRS-A75-1  RIN 340 at 10.209.2.108
# System status:
#	** No system alarms **
# Cards status:
#	** No alarmed cards (17 cards checked) **

################## Milegate GRS-A75-4  RIN 369 at 10.209.2.107
# System status:
#	** No system alarms **
# Cards status:
#	** No alarmed cards (21 cards checked) **

################## Milegate GRS-A75-5  RIN 474 at 10.209.2.109
# System status:
#	Alarm >> ne: Protecting CU Active
# Cards status:
#	** No alarmed cards (6 cards checked) **

################## Milegate GRS-A76-SIP  RIN 129 at 10.209.2.113
# System status:
#	** No system alarms **
# Cards status:
#	** No alarmed cards (6 cards checked) **

################## Milegate GRS-A76-5  RIN 336 at 10.209.2.112
# System status:
#	** No system alarms **
# Cards status:
#	** No alarmed cards (19 cards checked) **

################## Milegate GRS-A76  RIN 361 at 10.209.2.111
# System status:
#	** No system alarms **
# Cards status:
#	** No alarmed cards (20 cards checked) **

################## Milegate GRS-A77-5  RIN 337 at 10.209.2.132
# System status:
#	** No system alarms **
# Cards status:
#	** No alarmed cards (17 cards checked) **

################## Milegate GRS-A77-4  RIN 373 at 10.209.2.131
# System status:
#	** No system alarms **
# Cards status:
#	** No alarmed cards (19 cards checked) **

################## Milegate GRS-A77-6  RIN 442 at 10.209.2.133
################## Milegate GRS-A78-5  RIN 322 at 10.209.2.93
# System status:
#	** No system alarms **
# Cards status:
#	** No alarmed cards (17 cards checked) **

################## Milegate GRS-A78-6  RIN 341 at 10.209.2.92
# System status:
#	Alarm >> ne: Protecting CU Active
# Cards status:
#	** No alarmed cards (11 cards checked) **

################## Milegate GRS-A78-4  RIN 349 at 10.209.2.91
# System status:
#	Alarm >> ne: Protecting CU Active
# Cards status:
#	** No alarmed cards (21 cards checked) **

################## Milegate GRS-A79-4  RIN 353 at 10.209.2.87
# System status:
#	** No system alarms **
# Cards status:
#	** No alarmed cards (21 cards checked) **

################## Milegate GRS-A80-0  RIN 356 at 10.209.2.70
# System status:
#	** No system alarms **
# Cards status:
#	** No alarmed cards (12 cards checked) **

################## Milegate GRS-A80  RIN 357 at 10.209.2.71
# System status:
#	** No system alarms **
# Cards status:
#	** No alarmed cards (19 cards checked) **

################## Milegate GRS-A80-5  RIN 503 at 10.209.2.73
# System status:
#	Alarm >> ne: Protecting CU Active
# Cards status:
#	** No alarmed cards (6 cards checked) **

################## Milegate GRS-A81-4  RIN 377 at 10.209.2.79
# System status:
#	Alarm >> ne: Protecting CU Active
# Cards status:
#	** No alarmed cards (19 cards checked) **

################## Milegate GRS-A82-0  RIN 380 at 10.209.1.62
# System status:
#	** No system alarms **
# Cards status:
#	** No alarmed cards (19 cards checked) **

################## Milegate GRS-A82-4  RIN 381 at 10.209.1.63
# System status:
#	Alarm >> ne: Protecting CU Active
# Cards status:
#	** No alarmed cards (20 cards checked) **

################## Milegate GRS-A82-5  RIN 471 at 10.209.1.65
# System status:
#	** No system alarms **
# Cards status:
#	** No alarmed cards (13 cards checked) **

################## Milegate GRS-A83-0  RIN 516 at 10.209.1.58
# System status:
#	Alarm >> ne: Protecting CU Active
# Cards status:
#	** No alarmed cards (13 cards checked) **

################## Milegate GRS-A83-4  RIN 517 at 10.209.1.59
# System status:
#	** No system alarms **
# Cards status:
#	** No alarmed cards (19 cards checked) **

################## Milegate GRS-A83-5  RIN 519 at 10.209.1.61
# System status:
#	Alarm >> ne: Protecting CU Active
# Cards status:
#	** No alarmed cards (19 cards checked) **

################## Milegate GRS-A84-0  RIN 508 at 10.209.2.14
# System status:
#	Alarm >> ne: Protecting CU Active
# Cards status:
#	** No alarmed cards (19 cards checked) **

################## Milegate GRS-A84-4  RIN 509 at 10.209.2.15
# System status:
#	** No system alarms **
# Cards status:
#	** No alarmed cards (20 cards checked) **

################## Milegate GRS-A84-5  RIN 511 at 10.209.2.17
# System status:
#	** No system alarms **
# Cards status:
#	** No alarmed cards (9 cards checked) **

################## Milegate GRS-A85-0  RIN 512 at 10.209.2.26
# System status:
#	Alarm >> ne: Protecting CU Active
# Cards status:
#	** No alarmed cards (19 cards checked) **

################## Milegate GRS-A85  RIN 513 at 10.209.2.27
# System status:
#	Alarm >> ne: Protecting CU Active
# Cards status:
#	** No alarmed cards (20 cards checked) **

################## Milegate GRS-A85-5  RIN 515 at 10.209.2.29
################## Milegate GRS-A86-5  RIN 323 at 10.209.2.136
# System status:
#	** No system alarms **
# Cards status:
#	** No alarmed cards (17 cards checked) **

################## Milegate GRS-A86-0  RIN 520 at 10.209.2.134
# System status:
#	** No system alarms **
# Cards status:
#	** No alarmed cards (21 cards checked) **

################## Milegate GRS-A86-4  RIN 521 at 10.209.2.135
# System status:
#	** No system alarms **
# Cards status:
#	** No alarmed cards (20 cards checked) **

################## Milegate GRS-A87-5  RIN 455 at 10.209.2.33
# System status:
#	** No system alarms **
# Cards status:
#	** No alarmed cards (13 cards checked) **

################## Milegate GRS-A87-0  RIN 524 at 10.209.2.30
# System status:
#	Alarm >> ne: Protecting CU Active
# Cards status:
#	** No alarmed cards (13 cards checked) **

################## Milegate GRS-A87-4  RIN 525 at 10.209.2.31
# System status:
#	** No system alarms **
# Cards status:
#	** No alarmed cards (20 cards checked) **

################## Milegate GRS-A88-0  RIN 528 at 10.209.2.138
# System status:
#	Alarm >> ne: Loss Of Signal On PDH Clock Source 1
# Cards status:
#	** No alarmed cards (21 cards checked) **

################## Milegate GRS-A88-4  RIN 529 at 10.209.2.139
# System status:
#	** No system alarms **
# Cards status:
#	** No alarmed cards (20 cards checked) **

################## Milegate GRS-A88-5  RIN 530 at 10.209.2.140
# System status:
#	Alarm >> ne: Loss Of Signal On PDH Clock Source 1
#	Alarm >> ne: Loss Of Signal On PDH Clock Source 2
#	Alarm >> ne: Protecting CU Active
# Cards status:
#	** No alarmed cards (9 cards checked) **

################## Milegate GRS-A89-4  RIN 549 at 10.209.2.143
# System status:
#	Alarm >> ne: Protecting CU Active
# Cards status:
#	** No alarmed cards (20 cards checked) **

################## Milegate GRS-I02-7  RIN 103 at 10.209.1.103
# System status:
#	** No system alarms **
# Cards status:
#	** No alarmed cards (17 cards checked) **

################## Milegate GRS-I02-99  RIN 87 at 10.209.1.87
# System status:
#	** No system alarms **
# Cards status:
#	** No alarmed cards (17 cards checked) **

################## Milegate GRS-I02-5  RIN 88 at 10.209.1.88
# System status:
#	** No system alarms **
# Cards status:
#	** No alarmed cards (19 cards checked) **

################## Milegate GRS-I02-6  RIN 89 at 10.209.1.89
# System status:
#	** No system alarms **
# Cards status:
#	** No alarmed cards (13 cards checked) **

################## Milegate GRS-I03-99  RIN 139 at 10.209.1.139
# System status:
#	** No system alarms **
# Cards status:
#	** No alarmed cards (18 cards checked) **

################## Milegate GRS-I03-2-99  RIN 140 at 10.209.1.140
# System status:
#	** No system alarms **
# Cards status:
#	** No alarmed cards (19 cards checked) **

################## Milegate GRS-I03-0  RIN 430 at 10.209.1.138
# System status:
#	Alarm >> ne: Loss Of Signal On PDH Clock Source 1
# Cards status:
#	** No alarmed cards (15 cards checked) **

################## Milegate GRS-I04-1  RIN 114 at 10.209.1.115
# System status:
#	** No system alarms **
# Cards status:
#	** No alarmed cards (17 cards checked) **

################## Milegate GRS-I04-2  RIN 115 at 10.209.1.116
# System status:
#	** No system alarms **
# Cards status:
#	** No alarmed cards (20 cards checked) **

################## Milegate GRS-I05-99  RIN 175 at 10.209.1.175
# System status:
#	** No system alarms **
# Cards status:
#	** No alarmed cards (17 cards checked) **

################## Milegate GRS-I05-2-99  RIN 176 at 10.209.1.176
# System status:
#	** No system alarms **
# Cards status:
#	** No alarmed cards (19 cards checked) **

################## Milegate GRS-I05-6  RIN 182 at 10.209.1.182
# System status:
#	** No system alarms **
# Cards status:
#	** No alarmed cards (17 cards checked) **

################## Milegate GRS-I05-7  RIN 183 at 10.209.1.183
# System status:
#	** No system alarms **
# Cards status:
#	** No alarmed cards (8 cards checked) **

################## Milegate GRS-I06-1  RIN 2 at 10.209.1.2
# System status:
#	** No system alarms **
# Cards status:
#	** No alarmed cards (17 cards checked) **

################## Milegate GRS-I06-2  RIN 3 at 10.209.1.3
# System status:
#	** No system alarms **
# Cards status:
#	** No alarmed cards (20 cards checked) **

################## Milegate GRS-I06-0  RIN 427 at 10.209.1.1
# System status:
#	** No system alarms **
# Cards status:
#	** No alarmed cards (19 cards checked) **

################## Milegate GRS-I07-1  RIN 130 at 10.209.1.131
# System status:
#	** No system alarms **
# Cards status:
#	** No alarmed cards (21 cards checked) **

################## Milegate GRS-I07-2  RIN 131 at 10.209.1.132
# System status:
#	Alarm >> ne: Protecting CU Active
# Cards status:
#	** No alarmed cards (20 cards checked) **

################## Milegate GRS-I09-1  RIN 70 at 10.209.1.71
# System status:
#	** No system alarms **
# Cards status:
#	** No alarmed cards (17 cards checked) **

################## Milegate GRS-I09-2  RIN 71 at 10.209.1.72
# System status:
#	** No system alarms **
# Cards status:
#	** No alarmed cards (19 cards checked) **

################## Milegate GRS-I09-3  RIN 78 at 10.209.1.78
# System status:
#	Alarm >> ne: Protecting CU Active
# Cards status:
#	** No alarmed cards (17 cards checked) **

################## Milegate GRS-I09-4  RIN 79 at 10.209.1.79
# System status:
#	** No system alarms **
# Cards status:
#	** No alarmed cards (5 cards checked) **

############### ** General status for GRS ** ###############
# Total hosts checked: 213
# Total system alarms: 80
# Total cards alarms: 1
# Total redundancy errors: 0
############################################################
