################## Zhone GRS-A01-1  RIN 188 at 10.209.1.188
# System status:
#	Alarm >> system - power_supply_b_failure - minor
# Cards status:
#	** No alarmed cards (11 cards checked) **
# Uplink redundancy errors:
#	** No errors **

################## Zhone GRS-A01-2  RIN 189 at 10.209.1.189
# System status:
#	Alarm >> system - power_supply_a_failure - minor
# Cards status:
#	Alarm >> b: MXK FOUR GIGE  - ["(NOT_PROV)"]
# Uplink redundancy errors:
#	** No errors **

################## Zhone GRS-A06-1  RIN 168 at 10.209.1.168
# System status:
#	Alarm >> system - power_supply_b_failure - minor
# Cards status:
#	** No alarmed cards (11 cards checked) **
# Uplink redundancy errors:
#	** No errors **

################## Zhone GRS-A06-2  RIN 169 at 10.209.1.169
# System status:
#	Alarm >> system - power_supply_a_failure - minor
# Cards status:
#	** No alarmed cards (5 cards checked) **
# Uplink redundancy errors:
#	** No errors **

################## Zhone GRS-A17-0  RIN 263 at 10.209.2.94
# System status:
#	Alarm >> system - power_supply_b_failure - minor
# Cards status:
#	** No alarmed cards (19 cards checked) **
# Uplink redundancy errors:
#	Error >> Secondary - 1-b-2-0/eth - Down - Down

################## Zhone GRS-A18  RIN 267 at 10.209.2.18
# System status:
#	Alarm >> system - power_supply_b_failure - minor
# Cards status:
#	** No alarmed cards (12 cards checked) **
# Uplink redundancy errors:
#	** No errors **

################## Zhone GRS-A18-1  RIN 268 at 10.209.2.19
# System status:
#	Alarm >> system - power_supply_a_failure - minor
# Cards status:
#	** No alarmed cards (12 cards checked) **
# Uplink redundancy errors:
#	** No errors **

################## Zhone GRS-A19-0  RIN 214 at 10.209.1.214
# System status:
#	Alarm >> system - power_supply_a_failure - minor
# Cards status:
#	** No alarmed cards (11 cards checked) **
# Uplink redundancy errors:
#	** No errors **

################## Zhone GRS-A21-1  RIN 12 at 10.209.1.12
# System status:
#	Alarm >> system - power_supply_b_failure - minor
# Cards status:
#	** No alarmed cards (18 cards checked) **
# Uplink redundancy errors:
#	** No errors **

################## Zhone GRS-A25-1  RIN 40 at 10.209.1.40
# System status:
#	Alarm >> system - power_supply_b_failure - minor
# Cards status:
#	** No alarmed cards (19 cards checked) **
# Uplink redundancy errors:
#	** No errors **

################## Zhone GRS-A25-2  RIN 41 at 10.209.1.41
# System status:
#	Alarm >> system - power_supply_a_failure - minor
# Cards status:
#	** No alarmed cards (20 cards checked) **
# Uplink redundancy errors:
#	Error >> Secondary - 1-b-2-0/eth - Down - Down

################## Zhone GRS-A28-2  RIN 100 at 10.209.1.96
# System status:
#	Alarm >> system - power_supply_b_failure - minor
# Cards status:
#	** No alarmed cards (11 cards checked) **
# Uplink redundancy errors:
#	** No errors **

################## Zhone GRS-A28-3  RIN 101 at 10.209.1.97
# System status:
#	Alarm >> system - power_supply_a_failure - minor
# Cards status:
#	** No alarmed cards (7 cards checked) **
# Uplink redundancy errors:
#	** No errors **

################## Zhone GRS-A30-1  RIN 52 at 10.209.1.52
# System status:
#	Alarm >> system - power_supply_b_failure - minor
# Cards status:
#	** No alarmed cards (4 cards checked) **
# Uplink redundancy errors:
#	** No errors **

################## Zhone GRS-A30-2  RIN 53 at 10.209.1.53
# System status:
#	Alarm >> system - power_supply_a_failure - minor
# Cards status:
#	** No alarmed cards (11 cards checked) **
# Uplink redundancy errors:
#	** No errors **

################## Zhone GRS-A32-1  RIN 20 at 10.209.1.20
# System status:
#	Alarm >> system - power_supply_b_failure - minor
# Cards status:
#	** No alarmed cards (19 cards checked) **
# Uplink redundancy errors:
#	** No errors **

################## Zhone GRS-A32-2  RIN 21 at 10.209.1.21
# System status:
#	Alarm >> system - power_supply_b_failure - minor
# Cards status:
#	** No alarmed cards (19 cards checked) **
# Uplink redundancy errors:
#	** No errors **

################## Zhone GRS-A33-1  RIN 24 at 10.209.1.24
# System status:
#	Alarm >> system - power_supply_b_failure - minor
# Cards status:
#	** No alarmed cards (11 cards checked) **
# Uplink redundancy errors:
#	** No errors **

################## Zhone GRS-A33-2  RIN 25 at 10.209.1.25
# System status:
#	Alarm >> system - power_supply_a_failure - minor
# Cards status:
#	** No alarmed cards (5 cards checked) **
# Uplink redundancy errors:
#	** No errors **

################## Zhone GRS-A40-0  RIN 218 at 10.209.1.218
# System status:
#	Alarm >> system - power_supply_a_failure - minor
#	Alarm >> system - fan_speed_error - minor
# Cards status:
#	** No alarmed cards (11 cards checked) **
# Uplink redundancy errors:
#	** No errors **

################## Zhone GRS-A40-1  RIN 220 at 10.209.1.220
# System status:
#	Alarm >> system - power_supply_a_failure - minor
# Cards status:
#	** No alarmed cards (11 cards checked) **
# Uplink redundancy errors:
#	** No errors **

################## Zhone GRS-A40-2  RIN 221 at 10.209.1.221
# System status:
#	Alarm >> system - power_supply_b_failure - minor
# Cards status:
#	** No alarmed cards (11 cards checked) **
# Uplink redundancy errors:
#	** No errors **

################## Zhone GRS-A41-2  RIN 28 at 10.209.1.28
# System status:
#	Alarm >> system - power_supply_a_failure - minor
# Cards status:
#	** No alarmed cards (11 cards checked) **
# Uplink redundancy errors:
#	** No errors **

################## Zhone GRS-A41-3  RIN 29 at 10.209.1.29
# System status:
#	Alarm >> system - power_supply_a_failure - minor
# Cards status:
#	** No alarmed cards (9 cards checked) **
# Uplink redundancy errors:
#	** No errors **

################## Zhone GRS-A48-1  RIN 208 at 10.209.1.208
# System status:
#	Alarm >> system - power_supply_b_failure - minor
# Cards status:
#	** No alarmed cards (7 cards checked) **
# Uplink redundancy errors:
#	** No errors **

################## Zhone GRS-A48-2  RIN 209 at 10.209.1.209
# System status:
#	Alarm >> system - power_supply_a_failure - minor
# Cards status:
#	** No alarmed cards (11 cards checked) **
# Uplink redundancy errors:
#	** No errors **

################## Zhone GRS-A50-0  RIN 222 at 10.209.1.222
# System status:
#	Alarm >> system - power_supply_a_failure - minor
# Cards status:
#	** No alarmed cards (11 cards checked) **
# Uplink redundancy errors:
#	** No errors **

################## Zhone GRS-A50-1  RIN 224 at 10.209.1.224
# System status:
#	Alarm >> system - power_supply_a_failure - minor
# Cards status:
#	** No alarmed cards (11 cards checked) **
# Uplink redundancy errors:
#	** No errors **

################## Zhone GRS-A50-2  RIN 225 at 10.209.1.225
# System status:
#	Alarm >> system - power_supply_a_failure - minor
# Cards status:
#	** No alarmed cards (11 cards checked) **
# Uplink redundancy errors:
#	** No errors **

################## Zhone GRS-A51-0  RIN 246 at 10.209.1.246
# System status:
#	Alarm >> system - power_supply_b_failure - minor
# Cards status:
#	** No alarmed cards (11 cards checked) **
# Uplink redundancy errors:
#	** No errors **

################## Zhone GRS-A51-1  RIN 247 at 10.209.1.247
# System status:
#	Alarm >> system - power_supply_b_failure - minor
# Cards status:
#	** No alarmed cards (11 cards checked) **
# Uplink redundancy errors:
#	** No errors **

################## Zhone GRS-A51-2  RIN 248 at 10.209.1.248
# System status:
#	Alarm >> system - power_supply_a_failure - minor
# Cards status:
#	** No alarmed cards (12 cards checked) **
# Uplink redundancy errors:
#	** No errors **

################## Zhone GRS-A52-0  RIN 250 at 10.209.1.250
# System status:
#	Alarm >> system - power_supply_a_failure - minor
# Cards status:
#	** No alarmed cards (11 cards checked) **
# Uplink redundancy errors:
#	** No errors **

################## Zhone GRS-A52-1  RIN 251 at 10.209.1.251
# System status:
#	Alarm >> system - power_supply_b_failure - minor
# Cards status:
#	** No alarmed cards (11 cards checked) **
# Uplink redundancy errors:
#	** No errors **

################## Zhone GRS-A52-2  RIN 252 at 10.209.1.252
# System status:
#	Alarm >> system - power_supply_a_failure - minor
# Cards status:
#	** No alarmed cards (11 cards checked) **
# Uplink redundancy errors:
#	** No errors **

################## Zhone GRS-A53-0  RIN 254 at 10.209.2.2
# System status:
#	Alarm >> system - power_supply_a_failure - minor
# Cards status:
#	** No alarmed cards (12 cards checked) **
# Uplink redundancy errors:
#	** No errors **

################## Zhone GRS-A53-1  RIN 255 at 10.209.2.3
# System status:
#	Alarm >> system - power_supply_b_failure - minor
# Cards status:
#	** No alarmed cards (11 cards checked) **
# Uplink redundancy errors:
#	** No errors **

################## Zhone GRS-A53-2  RIN 256 at 10.209.2.4
# System status:
#	Alarm >> system - power_supply_a_failure - minor
# Cards status:
#	** No alarmed cards (11 cards checked) **
# Uplink redundancy errors:
#	** No errors **

################## Zhone GRS-A54-1  RIN 232 at 10.209.1.232
# System status:
#	Alarm >> system - power_supply_a_failure - minor
# Cards status:
#	Alarm >> 1: MXK 72 PORT POTS  - ["(CONFIGURING)"]
# Uplink redundancy errors:
#	** No errors **

################## Zhone GRS-A54-2  RIN 233 at 10.209.1.233
# System status:
#	Alarm >> system - power_supply_a_failure - minor
# Cards status:
#	** No alarmed cards (7 cards checked) **
# Uplink redundancy errors:
#	** No errors **

################## Zhone GRS-A55-0  RIN 234 at 10.209.1.234
# System status:
#	Alarm >> system - power_supply_a_failure - minor
# Cards status:
#	** No alarmed cards (11 cards checked) **
# Uplink redundancy errors:
#	** No errors **

################## Zhone GRS-A55-1  RIN 235 at 10.209.1.235
# System status:
#	Alarm >> system - power_supply_b_failure - minor
# Cards status:
#	** No alarmed cards (11 cards checked) **
# Uplink redundancy errors:
#	** No errors **

################## Zhone GRS-A55-2  RIN 236 at 10.209.1.236
# System status:
#	Alarm >> system - power_supply_a_failure - minor
# Cards status:
#	** No alarmed cards (11 cards checked) **
# Uplink redundancy errors:
#	** No errors **

################## Zhone GRS-A56-0  RIN 226 at 10.209.1.226
# System status:
#	Alarm >> system - power_supply_a_failure - minor
# Cards status:
#	** No alarmed cards (11 cards checked) **
# Uplink redundancy errors:
#	** No errors **

################## Zhone GRS-A56-1  RIN 227 at 10.209.1.227
# System status:
#	Alarm >> system - power_supply_b_failure - minor
# Cards status:
#	** No alarmed cards (11 cards checked) **
# Uplink redundancy errors:
#	** No errors **

################## Zhone GRS-A56-2  RIN 228 at 10.209.1.228
# System status:
#	Alarm >> system - power_supply_a_failure - minor
# Cards status:
#	** No alarmed cards (11 cards checked) **
# Uplink redundancy errors:
#	** No errors **

################## Zhone GRS-A58-0  RIN 259 at 10.209.2.6
# System status:
#	Alarm >> system - power_supply_b_failure - minor
# Cards status:
#	** No alarmed cards (11 cards checked) **
# Uplink redundancy errors:
#	** No errors **

################## Zhone GRS-A58-1  RIN 260 at 10.209.2.7
# System status:
#	Alarm >> system - power_supply_a_failure - minor
# Cards status:
#	** No alarmed cards (11 cards checked) **
# Uplink redundancy errors:
#	** No errors **

################## Zhone GRS-A58-2  RIN 261 at 10.209.2.8
# System status:
#	Alarm >> system - power_supply_b_failure - minor
# Cards status:
#	** No alarmed cards (11 cards checked) **
# Uplink redundancy errors:
#	** No errors **

################## Zhone GRS-A59-0  RIN 72 at 10.209.1.73
# System status:
#	Alarm >> system - power_supply_b_failure - minor
# Cards status:
#	** No alarmed cards (19 cards checked) **
# Uplink redundancy errors:
#	** No errors **

################## Zhone GRS-A59-1  RIN 73 at 10.209.1.80
# System status:
#	Alarm >> system - power_supply_b_failure - minor
# Cards status:
#	** No alarmed cards (19 cards checked) **
# Uplink redundancy errors:
#	Error >> Secondary - 1-b-2-0/eth - Down - Down

################## Zhone GRS-A59-2  RIN 80 at 10.209.1.81
# System status:
#	Alarm >> system - power_supply_b_failure - minor
# Cards status:
#	** No alarmed cards (19 cards checked) **
# Uplink redundancy errors:
#	** No errors **

################## Zhone GRS-A59-3  RIN 81 at 10.209.1.82
# System status:
#	Alarm >> system - power_supply_b_failure - minor
# Cards status:
#	** No alarmed cards (19 cards checked) **
# Uplink redundancy errors:
#	** No errors **

################## Zhone GRS-A60-0  RIN 283 at 10.209.2.34
# System status:
#	Alarm >> system - power_supply_b_failure - minor
#	Alarm >> system - not_in_redundant_mode - major
# Cards status:
#	** No alarmed cards (18 cards checked) **
# Uplink redundancy errors:
#	Error >> Secondary - 1-b-2-0/eth - Inactive - Inactive

################## Zhone GRS-A60-1  RIN 284 at 10.209.2.35
# System status:
#	Alarm >> system - power_supply_a_failure - minor
# Cards status:
#	** No alarmed cards (19 cards checked) **
# Uplink redundancy errors:
#	** No errors **

################## Zhone GRS-A60-3  RIN 286 at 10.209.2.37
# System status:
#	Alarm >> system - power_supply_b_failure - minor
#	Alarm >> system - not_in_redundant_mode - major
# Cards status:
#	** No alarmed cards (18 cards checked) **
# Uplink redundancy errors:
#	Error >> Secondary - 1-b-2-0/eth - Inactive - Inactive

################## Zhone GRS-A61-0  RIN 303 at 10.209.2.54
# System status:
#	Alarm >> system - power_supply_b_failure - minor
# Cards status:
#	** No alarmed cards (19 cards checked) **
# Uplink redundancy errors:
#	** No errors **

################## Zhone GRS-A61-1  RIN 304 at 10.209.2.55
# System status:
#	Alarm >> system - power_supply_a_failure - minor
# Cards status:
#	** No alarmed cards (20 cards checked) **
# Uplink redundancy errors:
#	** No errors **

################## Zhone GRS-A62-0  RIN 287 at 10.209.2.38
# System status:
#	Alarm >> system - power_supply_b_failure - minor
# Cards status:
#	** No alarmed cards (20 cards checked) **
# Uplink redundancy errors:
#	** No errors **

################## Zhone GRS-A62-1  RIN 288 at 10.209.2.39
# System status:
#	Alarm >> system - power_supply_a_failure - minor
# Cards status:
#	** No alarmed cards (19 cards checked) **
# Uplink redundancy errors:
#	** No errors **

################## Zhone GRS-A63-0  RIN 307 at 10.209.2.58
# System status:
#	Alarm >> system - power_supply_b_failure - minor
# Cards status:
#	** No alarmed cards (20 cards checked) **
# Uplink redundancy errors:
#	** No errors **

################## Zhone GRS-A63-1  RIN 308 at 10.209.2.59
# System status:
#	Alarm >> system - power_supply_a_failure - minor
# Cards status:
#	** No alarmed cards (19 cards checked) **
# Uplink redundancy errors:
#	** No errors **

################## Zhone GRS-A64-0  RIN 311 at 10.209.2.62
# System status:
#	Alarm >> system - power_supply_a_failure - minor
# Cards status:
#	** No alarmed cards (20 cards checked) **
# Uplink redundancy errors:
#	** No errors **

################## Zhone GRS-A65-0  RIN 291 at 10.209.2.42
# System status:
#	Alarm >> system - power_supply_b_failure - minor
# Cards status:
#	** No alarmed cards (20 cards checked) **
# Uplink redundancy errors:
#	** No errors **

################## Zhone GRS-A65-1  RIN 292 at 10.209.2.43
# System status:
#	Alarm >> system - power_supply_b_failure - minor
# Cards status:
#	** No alarmed cards (19 cards checked) **
# Uplink redundancy errors:
#	** No errors **

################## Zhone GRS-A66-0  RIN 315 at 10.209.2.66
# System status:
#	Alarm >> system - power_supply_b_failure - minor
# Cards status:
#	** No alarmed cards (20 cards checked) **
# Uplink redundancy errors:
#	** No errors **

################## Zhone GRS-A66-1  RIN 316 at 10.209.2.67
# System status:
#	Alarm >> system - power_supply_a_failure - minor
# Cards status:
#	** No alarmed cards (19 cards checked) **
# Uplink redundancy errors:
#	** No errors **

################## Zhone GRS-A67-0  RIN 293 at 10.209.2.46
# System status:
#	Alarm >> system - power_supply_b_failure - minor
# Cards status:
#	** No alarmed cards (19 cards checked) **
# Uplink redundancy errors:
#	** No errors **

################## Zhone GRS-A67-1  RIN 294 at 10.209.2.47
# System status:
#	Alarm >> system - power_supply_a_failure - minor
# Cards status:
#	** No alarmed cards (19 cards checked) **
# Uplink redundancy errors:
#	** No errors **

################## Zhone GRS-A68-0  RIN 320 at 10.209.2.114
# System status:
#	Alarm >> system - power_supply_b_failure - minor
# Cards status:
#	** No alarmed cards (19 cards checked) **
# Uplink redundancy errors:
#	Error >> Secondary - 1-b-2-0/eth - Down - Down

################## Zhone GRS-A70-1  RIN 300 at 10.209.2.128
# System status:
#	Alarm >> system - power_supply_a_failure - minor
# Cards status:
#	** No alarmed cards (17 cards checked) **
# Uplink redundancy errors:
#	Error >> Secondary - 1-b-2-0/eth - Down - Down

################## Zhone GRS-A71-1  RIN 334 at 10.209.2.120
# System status:
#	Alarm >> system - power_supply_a_failure - minor
# Cards status:
#	** No alarmed cards (19 cards checked) **
# Uplink redundancy errors:
#	Error >> Secondary - 1-b-2-0/eth - Down - Down

################## Zhone GRS-A71-2  RIN 539 at 10.209.2.121
# System status:
#	Alarm >> system - power_supply_b_failure - minor
# Cards status:
#	** No alarmed cards (18 cards checked) **
# Uplink redundancy errors:
#	Error >> Secondary - 1-b-2-0/eth - Down - Down

################## Zhone GRS-A72-1  RIN 290 at 10.209.2.52
# System status:
#	Alarm >> system - power_supply_b_failure - minor
# Cards status:
#	** No alarmed cards (18 cards checked) **
# Uplink redundancy errors:
#	Error >> Secondary - 1-b-2-0/eth - Down - Down

################## Zhone GRS-A73-0  RIN 344 at 10.209.2.98
# System status:
#	Alarm >> system - power_supply_b_failure - minor
# Cards status:
#	** No alarmed cards (19 cards checked) **
# Uplink redundancy errors:
#	Error >> Secondary - 1-b-2-0/eth - Down - Down

################## Zhone GRS-A75-0  RIN 368 at 10.209.2.106
# System status:
#	Alarm >> system - power_supply_b_failure - minor
# Cards status:
#	** No alarmed cards (19 cards checked) **
# Uplink redundancy errors:
#	Error >> Secondary - 1-b-2-0/eth - Down - Down

################## Zhone GRS-A76-0  RIN 360 at 10.209.2.110
# System status:
#	Alarm >> system - power_supply_b_failure - minor
# Cards status:
#	** No alarmed cards (19 cards checked) **
# Uplink redundancy errors:
#	Error >> Secondary - 1-b-2-0/eth - Down - Down

################## Zhone GRS-A77  RIN 372 at 10.209.2.130
# System status:
#	Alarm >> system - power_supply_b_failure - minor
# Cards status:
#	** No alarmed cards (19 cards checked) **
# Uplink redundancy errors:
#	** No errors **

################## Zhone GRS-A78-0  RIN 348 at 10.209.2.90
# System status:
#	Alarm >> system - power_supply_b_failure - minor
# Cards status:
#	** No alarmed cards (19 cards checked) **
# Uplink redundancy errors:
#	Error >> Secondary - 1-b-2-0/eth - Down - Down

################## Zhone GRS-A79-1  RIN 338 at 10.209.2.88
# System status:
#	Alarm >> system - power_supply_b_failure - minor
# Cards status:
#	** No alarmed cards (18 cards checked) **
# Uplink redundancy errors:
#	Error >> Secondary - 1-b-2-0/eth - Down - Down

################## Zhone GRS-A79-0  RIN 352 at 10.209.2.86
# System status:
#	Alarm >> system - power_supply_b_failure - minor
# Cards status:
#	** No alarmed cards (20 cards checked) **
# Uplink redundancy errors:
#	** No errors **

################## Zhone GRS-A80-1  RIN 331 at 10.209.2.72
# System status:
#	Alarm >> system - power_supply_a_failure - minor
# Cards status:
#	** No alarmed cards (19 cards checked) **
# Uplink redundancy errors:
#	Error >> Secondary - 1-b-2-0/eth - Down - Down

################## Zhone GRS-A81-0  RIN 376 at 10.209.2.78
# System status:
#	Alarm >> system - power_supply_b_failure - minor
# Cards status:
#	** No alarmed cards (20 cards checked) **
# Uplink redundancy errors:
#	Error >> Secondary - 1-b-2-0/eth - Down - Down

################## Zhone GRS-A81-1  RIN 531 at 10.209.2.80
# System status:
#	Alarm >> system - power_supply_b_failure - minor
# Cards status:
#	** No alarmed cards (18 cards checked) **
# Uplink redundancy errors:
#	** No errors **

################## Zhone GRS-A82-1  RIN 342 at 10.209.1.64
# System status:
#	Alarm >> system - power_supply_a_failure - minor
# Cards status:
#	** No alarmed cards (19 cards checked) **
# Uplink redundancy errors:
#	** No errors **

################## Zhone GRS-A83-1  RIN 518 at 10.209.1.60
# System status:
#	Alarm >> system - power_supply_a_failure - minor
# Cards status:
#	** No alarmed cards (13 cards checked) **
# Uplink redundancy errors:
#	Error >> Secondary - 1-b-2-0/eth - Down - Down

################## Zhone GRS-A84-1  RIN 510 at 10.209.2.16
# System status:
#	Alarm >> system - power_supply_a_failure - minor
# Cards status:
#	** No alarmed cards (19 cards checked) **
# Uplink redundancy errors:
#	Error >> Secondary - 1-b-2-0/eth - Down - Down

################## Zhone GRS-A85-1  RIN 514 at 10.209.2.28
# System status:
#	Alarm >> system - power_supply_a_failure - minor
# Cards status:
#	** No alarmed cards (15 cards checked) **
# Uplink redundancy errors:
#	Error >> Secondary - 1-b-2-0/eth - Down - Down

################## Zhone GRS-A87-1  RIN 526 at 10.209.2.32
# System status:
#	Alarm >> system - power_supply_a_failure - minor
# Cards status:
#	** No alarmed cards (19 cards checked) **
# Uplink redundancy errors:
#	Error >> Secondary - 1-b-2-0/eth - Down - Down

################## Zhone GRS-A89-0  RIN 548 at 10.209.2.142
# System status:
#	Alarm >> system - power_supply_a_failure - minor
# Cards status:
#	** No alarmed cards (19 cards checked) **
# Uplink redundancy errors:
#	Error >> Secondary - 1-b-2-0/eth - Down - Down

############### ** General status for GRS ** ###############
# Total hosts checked: 90
# Total system alarms: 93
# Total cards alarms: 2
# Total redundancy errors: 22
############################################################
