################## Zhone JAI-A01-1  RIN 64 at 10.211.193.63
# System status:
#	** No system alarms **
# Cards status:
#	** No alarmed cards (11 cards checked) **
# Uplink redundancy errors:
#	** No errors **

################## Zhone JAI-A10-1  RIN 12 at 10.211.193.11
# System status:
#	** No system alarms **
# Cards status:
#	** No alarmed cards (17 cards checked) **
# Uplink redundancy errors:
#	** No errors **

################## Zhone JAI-A11-1  RIN 28 at 10.211.193.27
# System status:
#	** No system alarms **
# Cards status:
#	** No alarmed cards (11 cards checked) **
# Uplink redundancy errors:
#	** No errors **

################## Zhone JAI-A12-1  RIN 24 at 10.211.193.23
# System status:
#	** No system alarms **
# Cards status:
#	** No alarmed cards (11 cards checked) **
# Uplink redundancy errors:
#	** No errors **

################## Zhone JAI-A13-1  RIN 72 at 10.211.193.71
# System status:
#	** No system alarms **
# Cards status:
#	** No alarmed cards (19 cards checked) **
# Uplink redundancy errors:
#	** No errors **

################## Zhone JAI-A13-2  RIN 73 at 10.211.193.72
# System status:
#	** No system alarms **
# Cards status:
#	** No alarmed cards (19 cards checked) **
# Uplink redundancy errors:
#	** No errors **

################## Zhone JAI-A14-1  RIN 76 at 10.211.193.75
# System status:
#	Alarm >> system - fan_speed_error - minor
# Cards status:
#	** No alarmed cards (19 cards checked) **
# Uplink redundancy errors:
#	** No errors **

################## Zhone JAI-A15-1  RIN 16 at 10.211.193.123
# System status:
#	Alarm >> system - power_supply_b_failure - minor
# Cards status:
#	** No alarmed cards (19 cards checked) **
# Uplink redundancy errors:
#	** No errors **

################## Zhone JAI-A18-0  RIN 86 at 10.211.193.85
# System status:
#	** No system alarms **
# Cards status:
#	** No alarmed cards (11 cards checked) **
# Uplink redundancy errors:
#	** No errors **

################## Zhone JAI-A18-2  RIN 88 at 10.211.193.87
# System status:
#	Alarm >> system - power_supply_b_failure - minor
# Cards status:
#	** No alarmed cards (19 cards checked) **
# Uplink redundancy errors:
#	** No errors **

################## Zhone JAI-A22-0  RIN 102 at 10.211.193.101
# System status:
#	Alarm >> system - power_supply_b_failure - minor
# Cards status:
#	** No alarmed cards (19 cards checked) **
# Uplink redundancy errors:
#	** No errors **

################## Zhone JAI-A22-1  RIN 103 at 10.211.193.102
# System status:
#	Alarm >> system - power_supply_b_failure - minor
# Cards status:
#	** No alarmed cards (19 cards checked) **
# Uplink redundancy errors:
#	** No errors **

################## Zhone JAI-A23-0  RIN 78 at 10.211.193.77
# System status:
#	Alarm >> system - power_supply_b_failure - minor
# Cards status:
#	** No alarmed cards (19 cards checked) **
# Uplink redundancy errors:
#	** No errors **

################## Zhone JAI-A25-0  RIN 126 at 10.211.193.129
# System status:
#	Alarm >> system - power_supply_a_failure - minor
# Cards status:
#	** No alarmed cards (19 cards checked) **
# Uplink redundancy errors:
#	** No errors **

############### ** General status for JAI ** ###############
# Total hosts checked: 14
# Total system alarms: 7
# Total cards alarms: 0
# Total redundancy errors: 0
############################################################
