################## Zhone MAU-A01-0  RIN 74 at 10.209.241.74
# System status:
#	Alarm >> system - power_supply_a_failure - minor
# Cards status:
#	Alarm >> 10: MXK 24 PORT VDSL2 POTS  - ["(CONFIGURING)"]
# Uplink redundancy errors:
#	** No errors **

################## Zhone MAU-A02-0  RIN 78 at 10.209.241.78
# System status:
#	Alarm >> system - power_supply_b_failure - minor
# Cards status:
#	** No alarmed cards (19 cards checked) **
# Uplink redundancy errors:
#	** No errors **

################## Zhone MAU-A03-0  RIN 70 at 10.209.241.70
# System status:
#	Alarm >> system - power_supply_b_failure - minor
# Cards status:
#	** No alarmed cards (20 cards checked) **
# Uplink redundancy errors:
#	** No errors **

################## Zhone MAU-A03-1  RIN 71 at 10.209.241.71
# System status:
#	Alarm >> system - power_supply_b_failure - minor
# Cards status:
#	** No alarmed cards (17 cards checked) **
# Uplink redundancy errors:
#	** No errors **

################## Zhone MAU-A04-0  RIN 66 at 10.209.241.66
# System status:
#	Alarm >> system - power_supply_b_failure - minor
# Cards status:
#	** No alarmed cards (17 cards checked) **
# Uplink redundancy errors:
#	** No errors **

################## Zhone MAU-A04-1  RIN 67 at 10.209.241.67
# System status:
#	Alarm >> system - power_supply_b_failure - minor
# Cards status:
#	** No alarmed cards (17 cards checked) **
# Uplink redundancy errors:
#	** No errors **

################## Zhone MAU-A05-0  RIN 6 at 10.209.241.6
# System status:
#	Alarm >> system - power_supply_a_failure - minor
# Cards status:
#	** No alarmed cards (18 cards checked) **
# Uplink redundancy errors:
#	** No errors **

################## Zhone MAU-A05-1  RIN 7 at 10.209.241.7
# System status:
#	Alarm >> system - power_supply_b_failure - minor
# Cards status:
#	** No alarmed cards (17 cards checked) **
# Uplink redundancy errors:
#	** No errors **

################## Zhone MAU-A06-0  RIN 10 at 10.209.241.10
# System status:
#	Alarm >> system - power_supply_a_failure - minor
# Cards status:
#	** No alarmed cards (18 cards checked) **
# Uplink redundancy errors:
#	Error >> Secondary - 1-b-2-0/eth - Down - Down

################## Zhone MAU-A06-1  RIN 11 at 10.209.241.11
# System status:
#	Alarm >> system - power_supply_b_failure - minor
# Cards status:
#	** No alarmed cards (17 cards checked) **
# Uplink redundancy errors:
#	Error >> Secondary - 1-b-2-0/eth - Down - Down

################## Zhone MAU-A07-0  RIN 14 at 10.209.241.14
# System status:
#	Alarm >> system - power_supply_a_failure - minor
# Cards status:
#	** No alarmed cards (17 cards checked) **
# Uplink redundancy errors:
#	** No errors **

################## Zhone MAU-A07-1  RIN 15 at 10.209.241.15
# System status:
#	Alarm >> system - power_supply_b_failure - minor
# Cards status:
#	** No alarmed cards (17 cards checked) **
# Uplink redundancy errors:
#	** No errors **

################## Zhone MAU-A08-0  RIN 34 at 10.209.241.34
################## Zhone MAU-A08-1  RIN 35 at 10.209.241.35
################## Zhone MAU-A09-0  RIN 38 at 10.209.241.38
################## Zhone MAU-A09-1  RIN 39 at 10.209.241.39
################## Zhone MAU-A10-0  RIN 98 at 10.209.241.130
# System status:
#	Alarm >> system - power_supply_b_failure - minor
# Cards status:
#	** No alarmed cards (19 cards checked) **
# Uplink redundancy errors:
#	** No errors **

################## Zhone MAU-A10-1  RIN 99 at 10.209.241.131
# System status:
#	Alarm >> system - power_supply_b_failure - minor
# Cards status:
#	** No alarmed cards (19 cards checked) **
# Uplink redundancy errors:
#	** No errors **

################## Zhone MAU-A11-0  RIN 2 at 10.209.241.2
# System status:
#	Alarm >> system - power_supply_a_failure - minor
# Cards status:
#	** No alarmed cards (17 cards checked) **
# Uplink redundancy errors:
#	** No errors **

################## Zhone MAU-A11-1  RIN 3 at 10.209.241.3
# System status:
#	Alarm >> system - power_supply_a_failure - minor
# Cards status:
#	** No alarmed cards (17 cards checked) **
# Uplink redundancy errors:
#	** No errors **

################## Zhone MAU-A13  RIN 46 at 10.209.241.46
# System status:
#	Alarm >> system - power_supply_b_failure - minor
# Cards status:
#	** No alarmed cards (17 cards checked) **
# Uplink redundancy errors:
#	** No errors **

################## Zhone MAU-A13-1  RIN 47 at 10.209.241.47
# System status:
#	Alarm >> system - power_supply_b_failure - minor
#	Alarm >> system - not_in_redundant_mode - major
# Cards status:
#	Alarm >> b: MXK FOUR GIGE  - ["(RESET)"]
# Uplink redundancy errors:
#	Error >> Secondary - 1-b-2-0/eth - Inactive - Inactive

################## Zhone MAU-A14-0  RIN 42 at 10.209.241.42
# System status:
#	Alarm >> system - power_supply_a_failure - minor
# Cards status:
#	** No alarmed cards (18 cards checked) **
# Uplink redundancy errors:
#	** No errors **

################## Zhone MAU-A15-0  RIN 102 at 10.209.241.102
# System status:
#	Alarm >> system - power_supply_a_failure - minor
#	Alarm >> system - fan_speed_error - minor
# Cards status:
#	** No alarmed cards (18 cards checked) **
# Uplink redundancy errors:
#	** No errors **

################## Zhone MAU-A15-1  RIN 103 at 10.209.241.103
# System status:
#	Alarm >> system - power_supply_b_failure - minor
# Cards status:
#	** No alarmed cards (20 cards checked) **
# Uplink redundancy errors:
#	** No errors **

################## Zhone MAU-A16  RIN 110 at 10.209.241.110
# System status:
#	Alarm >> system - power_supply_b_failure - minor
# Cards status:
#	** No alarmed cards (19 cards checked) **
# Uplink redundancy errors:
#	** No errors **

################## Zhone MAU-A16-1  RIN 111 at 10.209.241.111
# System status:
#	Alarm >> system - power_supply_b_failure - minor
# Cards status:
#	** No alarmed cards (19 cards checked) **
# Uplink redundancy errors:
#	** No errors **

################## Zhone MAU-A17-0  RIN 102 at 10.209.241.134
# System status:
#	Alarm >> system - power_supply_b_failure - minor
# Cards status:
#	** No alarmed cards (19 cards checked) **
# Uplink redundancy errors:
#	** No errors **

################## Zhone MAU-A17-1  RIN 103 at 10.209.241.135
# System status:
#	Alarm >> system - power_supply_b_failure - minor
# Cards status:
#	** No alarmed cards (19 cards checked) **
# Uplink redundancy errors:
#	** No errors **

################## Zhone MAU-A18-0  RIN 106 at 10.209.241.106
# System status:
#	Alarm >> system - power_supply_b_failure - minor
# Cards status:
#	** No alarmed cards (19 cards checked) **
# Uplink redundancy errors:
#	** No errors **

################## Zhone MAU-A18-1  RIN 107 at 10.209.241.107
# System status:
#	Alarm >> system - power_supply_b_failure - minor
# Cards status:
#	** No alarmed cards (19 cards checked) **
# Uplink redundancy errors:
#	** No errors **

################## Zhone MAU-A18-2  RIN 108 at 10.209.241.108
# System status:
#	Alarm >> system - power_supply_a_failure - minor
# Cards status:
#	** No alarmed cards (19 cards checked) **
# Uplink redundancy errors:
#	** No errors **

################## Zhone MAU-A19-1  RIN 115 at 10.209.241.115
# System status:
#	Alarm >> system - power_supply_b_failure - minor
# Cards status:
#	** No alarmed cards (19 cards checked) **
# Uplink redundancy errors:
#	** No errors **

################## Zhone MAU-A21-0  RIN 106 at 10.209.241.138
# System status:
#	Alarm >> system - power_supply_b_failure - minor
# Cards status:
#	** No alarmed cards (19 cards checked) **
# Uplink redundancy errors:
#	** No errors **

################## Zhone MAU-A21-1  RIN 107 at 10.209.241.139
# System status:
#	Alarm >> system - power_supply_b_failure - minor
# Cards status:
#	** No alarmed cards (19 cards checked) **
# Uplink redundancy errors:
#	** No errors **

################## Zhone MAU-A22  RIN 98 at 10.209.241.98
# System status:
#	Alarm >> system - power_supply_a_failure - minor
# Cards status:
#	** No alarmed cards (19 cards checked) **
# Uplink redundancy errors:
#	** No errors **

################## Zhone MAU-A22-1  RIN 99 at 10.209.241.99
# System status:
#	Alarm >> system - power_supply_b_failure - minor
# Cards status:
#	** No alarmed cards (20 cards checked) **
# Uplink redundancy errors:
#	** No errors **

################## Zhone MAU-A23-1  RIN 132 at 10.209.241.120
# System status:
#	Alarm >> system - power_supply_b_failure - minor
# Cards status:
#	** No alarmed cards (20 cards checked) **
# Uplink redundancy errors:
#	** No errors **

################## Zhone MAU-A23-2  RIN 133 at 10.209.241.121
# System status:
#	Alarm >> system - power_supply_b_failure - minor
# Cards status:
#	** No alarmed cards (19 cards checked) **
# Uplink redundancy errors:
#	** No errors **

################## Zhone MAU-A23-0  RIN 136 at 10.209.241.118
# System status:
#	Alarm >> system - power_supply_b_failure - minor
# Cards status:
#	** No alarmed cards (19 cards checked) **
# Uplink redundancy errors:
#	** No errors **

################## Zhone MAU-A24-1  RIN 104 at 10.209.241.124
# System status:
#	Alarm >> system - power_supply_a_failure - minor
# Cards status:
#	** No alarmed cards (19 cards checked) **
# Uplink redundancy errors:
#	** No errors **

################## Zhone MAU-A24-2  RIN 105 at 10.209.241.125
# System status:
#	Alarm >> system - power_supply_b_failure - minor
# Cards status:
#	** No alarmed cards (19 cards checked) **
# Uplink redundancy errors:
#	** No errors **

################## Zhone MAU-A24-0  RIN 140 at 10.209.241.122
# System status:
#	Alarm >> system - power_supply_b_failure - minor
# Cards status:
#	** No alarmed cards (19 cards checked) **
# Uplink redundancy errors:
#	** No errors **

################## Zhone MAU-A25-1  RIN 128 at 10.209.241.128
# System status:
#	Alarm >> system - power_supply_a_failure - minor
# Cards status:
#	** No alarmed cards (19 cards checked) **
# Uplink redundancy errors:
#	** No errors **

################## Zhone MAU-A25-2  RIN 129 at 10.209.241.129
# System status:
#	Alarm >> system - power_supply_b_failure - minor
# Cards status:
#	** No alarmed cards (19 cards checked) **
# Uplink redundancy errors:
#	** No errors **

################## Zhone MAU-A25-0  RIN 144 at 10.209.241.126
# System status:
#	Alarm >> system - power_supply_b_failure - minor
# Cards status:
#	** No alarmed cards (19 cards checked) **
# Uplink redundancy errors:
#	** No errors **

################## Zhone MAU-A26-0  RIN 146 at 10.209.241.142
# System status:
#	Alarm >> system - power_supply_b_failure - minor
# Cards status:
#	** No alarmed cards (19 cards checked) **
# Uplink redundancy errors:
#	** No errors **

################## Zhone MAU-A26-1  RIN 189 at 10.209.241.144
# System status:
#	Alarm >> system - power_supply_b_failure - minor
# Cards status:
#	** No alarmed cards (18 cards checked) **
# Uplink redundancy errors:
#	** No errors **

################## Zhone MAU-A26-3  RIN 190 at 10.209.241.145
# System status:
#	Alarm >> system - power_supply_b_failure - minor
# Cards status:
#	** No alarmed cards (19 cards checked) **
# Uplink redundancy errors:
#	** No errors **

################## Zhone MAU-A27-1  RIN 56 at 10.209.241.20
# System status:
#	Alarm >> system - power_supply_b_failure - minor
# Cards status:
#	** No alarmed cards (19 cards checked) **
# Uplink redundancy errors:
#	** No errors **

################## Zhone MAU-A27-2  RIN 57 at 10.209.241.21
# System status:
#	Alarm >> system - power_supply_a_failure - minor
#	Alarm >> system - fan_speed_error - minor
# Cards status:
#	** No alarmed cards (19 cards checked) **
# Uplink redundancy errors:
#	** No errors **

################## Zhone MAU-I01-0  RIN 400 at 10.209.241.250
# System status:
#	Alarm >> system - not_in_redundant_mode - major
# Cards status:
#	** No alarmed cards (15 cards checked) **
# Uplink redundancy errors:
#	Error >> Secondary - 1-b-2-0/eth - Inactive - Inactive

################## Zhone MAU-I01-1  RIN 401 at 10.209.241.251
# System status:
#	** No system alarms **
# Cards status:
#	** No alarmed cards (19 cards checked) **
# Uplink redundancy errors:
#	** No errors **

############### ** General status for MAU ** ###############
# Total hosts checked: 53
# Total system alarms: 51
# Total cards alarms: 2
# Total redundancy errors: 4
############################################################
