################## Milegate MAU-A01-1  RIN 75 at 10.209.241.75
# System status:
#	** No system alarms **
# Cards status:
#	** No alarmed cards (7 cards checked) **

################## Milegate MAU-A02-1  RIN 79 at 10.209.241.79
# System status:
#	Alarm >> ne: Loss Of Signal On PDH Clock Source 1
# Cards status:
#	** No alarmed cards (6 cards checked) **

################## Milegate MAU-A05-CORP  RIN 0 at 10.209.241.8
# System status:
#	Alarm >> ne: Loss Of Signal On PDH Clock Source 1
# Cards status:
#	** No alarmed cards (5 cards checked) **

################## Milegate MAU-A11-2  RIN 0 at 10.209.241.4
# System status:
#	** No system alarms **
# Cards status:
#	** No alarmed cards (5 cards checked) **

################## Milegate MAU-A14-4  RIN 43 at 10.209.241.43
# System status:
#	** No system alarms **
# Cards status:
#	** No alarmed cards (7 cards checked) **

################## Milegate MAU-A18-4  RIN 109 at 10.209.241.109
# System status:
#	** No system alarms **
# Cards status:
#	** No alarmed cards (10 cards checked) **

################## Milegate MAU-A19-4  RIN 114 at 10.209.241.114
# System status:
#	** No system alarms **
# Cards status:
#	** No alarmed cards (19 cards checked) **

################## Milegate MAU-A21-4  RIN 108 at 10.209.241.140
# System status:
#	** No system alarms **
# Cards status:
#	** No alarmed cards (19 cards checked) **

################## Milegate MAU-A21-5  RIN 109 at 10.209.241.141
# System status:
#	** No system alarms **
# Cards status:
#	** No alarmed cards (19 cards checked) **

################## Milegate MAU-A23-4  RIN 137 at 10.209.241.119
# System status:
#	** No system alarms **
# Cards status:
#	** No alarmed cards (21 cards checked) **

################## Milegate MAU-A24-4  RIN 141 at 10.209.241.123
# System status:
#	** No system alarms **
# Cards status:
#	** No alarmed cards (19 cards checked) **

################## Milegate MAU-A25-4  RIN 145 at 10.209.241.127
# System status:
#	** No system alarms **
# Cards status:
#	** No alarmed cards (17 cards checked) **

################## Milegate MAU-A26-4  RIN 147 at 10.209.241.143
# System status:
#	Alarm >> ne: Protecting CU Active
# Cards status:
#	** No alarmed cards (21 cards checked) **

################## Milegate MAU-A27-0  RIN 52 at 10.209.241.18
# System status:
#	Alarm >> ne: Protecting CU Active
# Cards status:
#	** No alarmed cards (19 cards checked) **

################## Milegate MAU-A27-4  RIN 53 at 10.209.241.19
# System status:
#	** No system alarms **
# Cards status:
#	** No alarmed cards (21 cards checked) **

############### ** General status for MAU ** ###############
# Total hosts checked: 15
# Total system alarms: 4
# Total cards alarms: 0
# Total redundancy errors: 0
############################################################
