################## Zhone MCZ-A01  RIN 424 at 10.209.21.21
# System status:
#	Alarm >> system - power_supply_b_failure - minor
# Cards status:
#	** No alarmed cards (20 cards checked) **
# Uplink redundancy errors:
#	** No errors **

################## Zhone MCZ-A03-0  RIN 420 at 10.209.21.3
# System status:
#	Alarm >> system - power_supply_b_failure - minor
# Cards status:
#	** No alarmed cards (19 cards checked) **
# Uplink redundancy errors:
#	Error >> Secondary - 1-b-2-0/eth - Down - Down

################## Zhone MCZ-A05-0  RIN 408 at 10.209.21.5
# System status:
#	Alarm >> system - power_supply_b_failure - minor
# Cards status:
#	** No alarmed cards (20 cards checked) **
# Uplink redundancy errors:
#	Error >> Secondary - 1-b-2-0/eth - Down - Down

################## Zhone MCZ-A11-0  RIN 416 at 10.209.21.9
# System status:
#	Alarm >> system - power_supply_b_failure - minor
# Cards status:
#	** No alarmed cards (19 cards checked) **
# Uplink redundancy errors:
#	Error >> Secondary - 1-b-2-0/eth - Down - Down

################## Zhone MCZ-A15  RIN 428 at 10.209.21.11
# System status:
#	Alarm >> system - power_supply_b_failure - minor
# Cards status:
#	** No alarmed cards (19 cards checked) **
# Uplink redundancy errors:
#	Error >> Secondary - 1-b-2-0/eth - Down - Down

################## Zhone MCZ-A16-0  RIN 432 at 10.209.21.13
# System status:
#	Alarm >> system - power_supply_b_failure - minor
# Cards status:
#	** No alarmed cards (19 cards checked) **
# Uplink redundancy errors:
#	Error >> Secondary - 1-b-2-0/eth - Down - Down

################## Zhone MCZ-A21-0  RIN 436 at 10.209.21.15
# System status:
#	Alarm >> system - power_supply_b_failure - minor
# Cards status:
#	** No alarmed cards (19 cards checked) **
# Uplink redundancy errors:
#	Error >> Secondary - 1-b-2-0/eth - Down - Down

################## Zhone MCZ-A22-0  RIN 440 at 10.209.21.17
# System status:
#	Alarm >> system - power_supply_b_failure - minor
# Cards status:
#	** No alarmed cards (19 cards checked) **
# Uplink redundancy errors:
#	Error >> Secondary - 1-b-2-0/eth - Down - Down

################## Zhone MCZ-I01  RIN 492 at 10.209.21.19
# System status:
#	Alarm >> system - not_in_redundant_mode - major
# Cards status:
#	** No alarmed cards (20 cards checked) **
# Uplink redundancy errors:
#	Error >> Secondary - 1-b-2-0/eth - Down - Down

############### ** General status for MCZ ** ###############
# Total hosts checked: 9
# Total system alarms: 9
# Total cards alarms: 0
# Total redundancy errors: 8
############################################################
