################## Milegate OCO-A01-0  RIN 326 at 10.209.65.86
# System status:
#	** No system alarms **
# Cards status:
#	** No alarmed cards (16 cards checked) **

################## Milegate OCO-A01-99  RIN 327 at 10.209.65.87
# System status:
#	** No system alarms **
# Cards status:
#	** No alarmed cards (19 cards checked) **

################## Milegate OCO-A01-1  RIN 328 at 10.209.65.88
# System status:
#	** No system alarms **
# Cards status:
#	** No alarmed cards (21 cards checked) **

################## Milegate OCO-A01-2  RIN 329 at 10.209.65.89
# System status:
#	** No system alarms **
# Cards status:
#	** No alarmed cards (20 cards checked) **

################## Milegate OCO-A04-0  RIN 274 at 10.209.65.34
# System status:
#	** No system alarms **
# Cards status:
#	Alarm >> unit-15 - SUAD3 - Plugged

################## Milegate OCO-A04  RIN 275 at 10.209.65.35
# System status:
#	Alarm >> fan: Partial Fan Breakdown
# Cards status:
#	** No alarmed cards (20 cards checked) **

################## Milegate OCO-A04-5  RIN 276 at 10.209.65.36
# System status:
#	Alarm >> ne: Protecting CU Active
# Cards status:
#	** No alarmed cards (19 cards checked) **

################## Milegate OCO-A06-0  RIN 250 at 10.209.65.10
# System status:
#	Alarm >> ne: Loss Of Signal On PDH Clock Source 1
#	Alarm >> ne: Protecting CU Active
# Cards status:
#	** No alarmed cards (19 cards checked) **

################## Milegate OCO-A06-1  RIN 251 at 10.209.65.11
# System status:
#	Alarm >> fan: Partial Fan Breakdown
# Cards status:
#	** No alarmed cards (19 cards checked) **

################## Milegate OCO-A06-5  RIN 252 at 10.209.65.12
# System status:
#	** No system alarms **
# Cards status:
#	** No alarmed cards (19 cards checked) **

################## Milegate OCO-A06-6  RIN 253 at 10.209.65.13
# System status:
#	Alarm >> ne: Protecting CU Active
# Cards status:
#	** No alarmed cards (19 cards checked) **

################## Milegate OCO-A07-0  RIN 254 at 10.209.65.14
# System status:
#	** No system alarms **
# Cards status:
#	** No alarmed cards (15 cards checked) **

################## Milegate OCO-A07-1  RIN 255 at 10.209.65.15
# System status:
#	** No system alarms **
# Cards status:
#	** No alarmed cards (19 cards checked) **

################## Milegate OCO-A07-2  RIN 256 at 10.209.65.16
# System status:
#	Alarm >> ne: Protecting CU Active
# Cards status:
#	** No alarmed cards (11 cards checked) **

################## Milegate OCO-A08-0  RIN 266 at 10.209.65.26
# System status:
#	** No system alarms **
# Cards status:
#	** No alarmed cards (15 cards checked) **

################## Milegate OCO-A08  RIN 267 at 10.209.65.27
# System status:
#	** No system alarms **
# Cards status:
#	** No alarmed cards (19 cards checked) **

################## Milegate OCO-A09-0  RIN 286 at 10.209.65.46
# System status:
#	** No system alarms **
# Cards status:
#	** No alarmed cards (19 cards checked) **

################## Milegate OCO-A09  RIN 287 at 10.209.65.47
# System status:
#	** No system alarms **
# Cards status:
#	** No alarmed cards (21 cards checked) **

################## Milegate OCO-A09-5  RIN 472 at 10.209.65.49
# System status:
#	Alarm >> ne: Protecting CU Active
# Cards status:
#	** No alarmed cards (13 cards checked) **

################## Milegate OCO-A11-0  RIN 258 at 10.209.65.18
# System status:
#	** No system alarms **
# Cards status:
#	Alarm >> unit-17 -  - Plugged

################## Milegate OCO-A11-1  RIN 259 at 10.209.65.19
# System status:
#	** No system alarms **
# Cards status:
#	** No alarmed cards (19 cards checked) **

################## Milegate OCO-A12-0  RIN 310 at 10.209.65.70
# System status:
#	Alarm >> ne: Protecting CU Active
# Cards status:
#	** No alarmed cards (15 cards checked) **

################## Milegate OCO-A12-4  RIN 311 at 10.209.65.71
# System status:
#	** No system alarms **
# Cards status:
#	** No alarmed cards (19 cards checked) **

################## Milegate OCO-A12-6  RIN 431 at 10.209.65.72
# System status:
#	** No system alarms **
# Cards status:
#	** No alarmed cards (6 cards checked) **

################## Milegate OCO-A13-0  RIN 294 at 10.209.65.54
# System status:
#	** No system alarms **
# Cards status:
#	** No alarmed cards (15 cards checked) **

################## Milegate OCO-A13-1  RIN 295 at 10.209.65.55
# System status:
#	Alarm >> ne: Protecting CU Active
# Cards status:
#	** No alarmed cards (19 cards checked) **

################## Milegate OCO-A13-5  RIN 296 at 10.209.65.56
# System status:
#	** No system alarms **
# Cards status:
#	** No alarmed cards (19 cards checked) **

################## Milegate OCO-A14-0  RIN 298 at 10.209.65.58
# System status:
#	** No system alarms **
# Cards status:
#	** No alarmed cards (14 cards checked) **

################## Milegate OCO-A14-4  RIN 299 at 10.209.65.59
# System status:
#	** No system alarms **
# Cards status:
#	** No alarmed cards (19 cards checked) **

################## Milegate OCO-A14  RIN 434 at 10.209.65.60
# System status:
#	Alarm >> ne: Protecting CU Active
# Cards status:
#	** No alarmed cards (6 cards checked) **

################## Milegate OCO-A15-0  RIN 306 at 10.209.65.66
# System status:
#	** No system alarms **
# Cards status:
#	** No alarmed cards (15 cards checked) **

################## Milegate OCO-A15  RIN 307 at 10.209.65.67
# System status:
#	Alarm >> ne: Protecting CU Active
# Cards status:
#	** No alarmed cards (19 cards checked) **

################## Milegate OCO-A15-5  RIN 435 at 10.209.65.68
# System status:
#	** No system alarms **
# Cards status:
#	** No alarmed cards (6 cards checked) **

################## Milegate OCO-A16-5  RIN 338 at 10.209.65.109
# System status:
#	** No system alarms **
# Cards status:
#	** No alarmed cards (11 cards checked) **

################## Milegate OCO-A16-4  RIN 348 at 10.209.65.108
# System status:
#	** No system alarms **
# Cards status:
#	** No alarmed cards (21 cards checked) **

################## Milegate OCO-A17-4  RIN 351 at 10.209.65.111
# System status:
#	** No system alarms **
# Cards status:
#	** No alarmed cards (21 cards checked) **

################## Milegate OCO-A17-6  RIN 353 at 10.209.65.113
# System status:
#	** No system alarms **
# Cards status:
#	** No alarmed cards (7 cards checked) **

################## Milegate OCO-A18-5  RIN 318 at 10.209.65.117
# System status:
#	** No system alarms **
# Cards status:
#	** No alarmed cards (17 cards checked) **

################## Milegate OCO-A18-4  RIN 356 at 10.209.65.116
# System status:
#	** No system alarms **
# Cards status:
#	** No alarmed cards (13 cards checked) **

################## Milegate OCO-A19-4  RIN 360 at 10.209.65.120
# System status:
#	** No system alarms **
# Cards status:
#	** No alarmed cards (19 cards checked) **

################## Milegate OCO-A19-SIP  RIN 470 at 10.209.65.121
# System status:
#	** No system alarms **
# Cards status:
#	** No alarmed cards (6 cards checked) **

################## Milegate OCO-A20-4  RIN 364 at 10.209.65.124
# System status:
#	** No system alarms **
# Cards status:
#	** No alarmed cards (9 cards checked) **

################## Milegate OCO-A21  RIN 368 at 10.209.65.128
# System status:
#	Alarm >> ne: Protecting CU Active
# Cards status:
#	** No alarmed cards (13 cards checked) **

################## Milegate OCO-A22-5  RIN 343 at 10.209.65.133
# System status:
#	Alarm >> ne: Protecting CU Active
# Cards status:
#	** No alarmed cards (20 cards checked) **

################## Milegate OCO-A22  RIN 372 at 10.209.65.132
# System status:
#	** No system alarms **
# Cards status:
#	** No alarmed cards (5 cards checked) **

################## Milegate OCO-A23-5  RIN 317 at 10.209.65.137
# System status:
#	** No system alarms **
# Cards status:
#	** No alarmed cards (11 cards checked) **

################## Milegate OCO-A23  RIN 376 at 10.209.65.136
# System status:
#	Alarm >> ne: Protecting CU Active
# Cards status:
#	** No alarmed cards (21 cards checked) **

################## Milegate OCO-A25-4  RIN 304 at 10.209.65.64
# System status:
#	** No system alarms **
# Cards status:
#	** No alarmed cards (21 cards checked) **

################## Milegate OCO-A25-2  RIN 305 at 10.209.65.65
# System status:
#	** No system alarms **
# Cards status:
#	** No alarmed cards (10 cards checked) **

################## Milegate OCO-A26-4  RIN 387 at 10.209.65.159
# System status:
#	Alarm >> ne: Protecting CU Active
# Cards status:
#	** No alarmed cards (21 cards checked) **

################## Milegate OCO-A27-4  RIN 391 at 10.209.65.147
# System status:
#	** No system alarms **
# Cards status:
#	** No alarmed cards (21 cards checked) **

################## Milegate OCO-A28  RIN 395 at 10.209.65.187
# System status:
#	** No system alarms **
# Cards status:
#	** No alarmed cards (19 cards checked) **

################## Milegate OCO-A29  RIN 399 at 10.209.65.167
# System status:
#	** No system alarms **
# Cards status:
#	** No alarmed cards (19 cards checked) **

################## Milegate OCO-A30-4  RIN 411 at 10.209.65.179
# System status:
#	** No system alarms **
# Cards status:
#	** No alarmed cards (21 cards checked) **

################## Milegate OCO-A31-4  RIN 403 at 10.209.65.171
# System status:
#	** No system alarms **
# Cards status:
#	** No alarmed cards (19 cards checked) **

################## Milegate OCO-A32-4  RIN 415 at 10.209.65.151
# System status:
#	** No system alarms **
# Cards status:
#	** No alarmed cards (9 cards checked) **

################## Milegate OCO-A33-4  RIN 419 at 10.209.65.155
# System status:
#	** No system alarms **
# Cards status:
#	** No alarmed cards (21 cards checked) **

################## Milegate OCO-A34-4  RIN 407 at 10.209.65.175
# System status:
#	** No system alarms **
# Cards status:
#	** No alarmed cards (19 cards checked) **

################## Milegate OCO-A35-0  RIN 422 at 10.209.65.182
# System status:
#	** No system alarms **
# Cards status:
#	** No alarmed cards (17 cards checked) **

################## Milegate OCO-A35-4  RIN 423 at 10.209.65.183
# System status:
#	** No system alarms **
# Cards status:
#	** No alarmed cards (17 cards checked) **

################## Milegate OCO-A36-0  RIN 61 at 10.209.65.190
# System status:
#	** No system alarms **
# Cards status:
#	** No alarmed cards (17 cards checked) **

################## Milegate OCO-A36-4  RIN 62 at 10.209.65.191
# System status:
#	** No system alarms **
# Cards status:
#	** No alarmed cards (17 cards checked) **

################## Milegate OCO-A37-0  RIN 63 at 10.209.65.194
# System status:
#	** No system alarms **
# Cards status:
#	** No alarmed cards (15 cards checked) **

################## Milegate OCO-A37-4  RIN 64 at 10.209.65.195
# System status:
#	Alarm >> ne: Protecting CU Active
# Cards status:
#	** No alarmed cards (18 cards checked) **

################## Milegate OCO-A39-0  RIN 203 at 10.209.65.202
# System status:
#	** No system alarms **
# Cards status:
#	** No alarmed cards (17 cards checked) **

################## Milegate OCO-A39-4  RIN 204 at 10.209.65.203
# System status:
#	Alarm >> ne: Protecting CU Active
# Cards status:
#	** No alarmed cards (18 cards checked) **

################## Milegate OCO-I01-99  RIN 366 at 10.209.65.2
# System status:
#	** No system alarms **
# Cards status:
#	** No alarmed cards (20 cards checked) **

################## Milegate OCO-I01-2-99  RIN 367 at 10.209.65.3
# System status:
#	** No system alarms **
# Cards status:
#	** No alarmed cards (19 cards checked) **

################## Milegate OCO-I01-6  RIN 368 at 10.209.65.4
# System status:
#	** No system alarms **
# Cards status:
#	** No alarmed cards (15 cards checked) **

################## Milegate OCO-I02-1  RIN 291 at 10.209.65.51
# System status:
#	Alarm >> ne: Protecting CU Active
# Cards status:
#	** No alarmed cards (11 cards checked) **

################## Milegate OCO-I02-2  RIN 292 at 10.209.65.52
# System status:
#	** No system alarms **
# Cards status:
#	** No alarmed cards (19 cards checked) **

################## Milegate OCO-I03-0  RIN 271 at 10.209.65.31
# System status:
#	** No system alarms **
# Cards status:
#	** No alarmed cards (19 cards checked) **

################## Milegate OCO-I03-1  RIN 272 at 10.209.65.32
# System status:
#	** No system alarms **
# Cards status:
#	** No alarmed cards (19 cards checked) **

################## Milegate OCO-I04-99  RIN 246 at 10.209.65.7
# System status:
#	** No system alarms **
# Cards status:
#	** No alarmed cards (21 cards checked) **

################## Milegate OCO-I04-2-99  RIN 247 at 10.209.65.8
# System status:
#	** No system alarms **
# Cards status:
#	** No alarmed cards (21 cards checked) **

################## Milegate OCO-I04-6  RIN 249 at 10.209.65.9
# System status:
#	** No system alarms **
# Cards status:
#	** No alarmed cards (12 cards checked) **

################## Milegate OCO-I05-5  RIN 319 at 10.209.65.141
# System status:
#	** No system alarms **
# Cards status:
#	** No alarmed cards (17 cards checked) **

################## Milegate OCO-I05  RIN 380 at 10.209.65.140
# System status:
#	Alarm >> ne: Protecting CU Active
# Cards status:
#	** No alarmed cards (19 cards checked) **

############### ** General status for OCO ** ###############
# Total hosts checked: 78
# Total system alarms: 20
# Total cards alarms: 2
# Total redundancy errors: 0
############################################################
