################## Milegate PAA-A01-0  RIN 18 at 10.211.97.17
# System status:
#	** No system alarms **
# Cards status:
#	** No alarmed cards (19 cards checked) **

################## Milegate PAA-A01  RIN 19 at 10.211.97.18
# System status:
#	** No system alarms **
# Cards status:
#	** No alarmed cards (20 cards checked) **

################## Milegate PAA-A01-5  RIN 236 at 10.211.97.19
# System status:
#	Alarm >> ne: Loss Of Signal On PDH Clock Source 1
#	Alarm >> ne: Loss Of Signal On PDH Clock Source 2
# Cards status:
#	** No alarmed cards (19 cards checked) **

################## Milegate PAA-A02-0  RIN 14 at 10.211.97.13
# System status:
#	Alarm >> fan: Partial Fan Breakdown
# Cards status:
#	** No alarmed cards (19 cards checked) **

################## Milegate PAA-A02  RIN 15 at 10.211.97.14
# System status:
#	Alarm >> ne: Protecting CU Active
# Cards status:
#	** No alarmed cards (20 cards checked) **

################## Milegate PAA-A02-5  RIN 229 at 10.211.97.15
# System status:
#	** No system alarms **
# Cards status:
#	** No alarmed cards (7 cards checked) **

################## Milegate PAA-A03-0  RIN 22 at 10.211.97.21
# System status:
#	Alarm >> ne: Loss Of Signal On PDH Clock Source 1
# Cards status:
#	** No alarmed cards (21 cards checked) **

################## Milegate PAA-A03  RIN 23 at 10.211.97.22
# System status:
#	** No system alarms **
# Cards status:
#	** No alarmed cards (20 cards checked) **

################## Milegate PAA-A04-0  RIN 26 at 10.211.97.25
# System status:
#	** No system alarms **
# Cards status:
#	** No alarmed cards (19 cards checked) **

################## Milegate PAA-A04  RIN 27 at 10.211.97.26
# System status:
#	** No system alarms **
# Cards status:
#	** No alarmed cards (16 cards checked) **

################## Milegate PAA-A05-0  RIN 42 at 10.211.97.41
# System status:
#	** No system alarms **
# Cards status:
#	** No alarmed cards (17 cards checked) **

################## Milegate PAA-A05  RIN 43 at 10.211.97.42
# System status:
#	** No system alarms **
# Cards status:
#	** No alarmed cards (20 cards checked) **

################## Milegate PAA-A06-0  RIN 30 at 10.211.97.29
# System status:
#	** No system alarms **
# Cards status:
#	** No alarmed cards (19 cards checked) **

################## Milegate PAA-A06  RIN 31 at 10.211.97.30
# System status:
#	** No system alarms **
# Cards status:
#	** No alarmed cards (20 cards checked) **

################## Milegate PAA-A06-5  RIN 89 at 10.211.97.31
# System status:
#	Alarm >> ne: Protecting CU Active
# Cards status:
#	** No alarmed cards (9 cards checked) **

################## Milegate PAA-A07-0  RIN 10 at 10.211.97.9
# System status:
#	** No system alarms **
# Cards status:
#	** No alarmed cards (17 cards checked) **

################## Milegate PAA-A07  RIN 11 at 10.211.97.10
# System status:
#	Alarm >> fan: Partial Fan Breakdown
# Cards status:
#	** No alarmed cards (19 cards checked) **

################## Milegate PAA-A07-2  RIN 12 at 10.211.97.11
# System status:
#	Alarm >> ne: Protecting CU Active
# Cards status:
#	** No alarmed cards (13 cards checked) **

################## Milegate PAA-A08-0  RIN 58 at 10.211.97.57
# System status:
#	** No system alarms **
# Cards status:
#	** No alarmed cards (15 cards checked) **

################## Milegate PAA-A08  RIN 59 at 10.211.97.58
# System status:
#	** No system alarms **
# Cards status:
#	** No alarmed cards (20 cards checked) **

################## Milegate PAA-A08-99  RIN 60 at 10.211.97.59
# System status:
#	** No system alarms **
# Cards status:
#	** No alarmed cards (9 cards checked) **

################## Milegate PAA-A08-2-99  RIN 61 at 10.211.97.60
# System status:
#	** No system alarms **
# Cards status:
#	** No alarmed cards (11 cards checked) **

################## Milegate PAA-A09-5  RIN 264 at 10.211.97.51
# System status:
#	Alarm >> ne: Protecting CU Active
# Cards status:
#	** No alarmed cards (17 cards checked) **

################## Milegate PAA-A09-0  RIN 50 at 10.211.97.49
# System status:
#	** No system alarms **
# Cards status:
#	** No alarmed cards (16 cards checked) **

################## Milegate PAA-A09  RIN 51 at 10.211.97.50
# System status:
#	** No system alarms **
# Cards status:
#	** No alarmed cards (19 cards checked) **

################## Milegate PAA-A10-0  RIN 2 at 10.211.97.1
# System status:
#	** No system alarms **
# Cards status:
#	** No alarmed cards (19 cards checked) **

################## Milegate PAA-A10-5  RIN 280 at 10.211.97.3
# System status:
#	** No system alarms **
# Cards status:
#	** No alarmed cards (13 cards checked) **

################## Milegate PAA-A10  RIN 3 at 10.211.97.2
# System status:
#	Alarm >> fan: Partial Fan Breakdown
# Cards status:
#	** No alarmed cards (19 cards checked) **

################## Milegate PAA-A11-0  RIN 54 at 10.211.97.53
# System status:
#	Alarm >> ne: Loss Of Signal On PDH Clock Source 2
# Cards status:
#	** No alarmed cards (19 cards checked) **

################## Milegate PAA-A11  RIN 55 at 10.211.97.54
# System status:
#	Alarm >> ne: Protecting CU Active
#	Alarm >> fan: Partial Fan Breakdown
# Cards status:
#	** No alarmed cards (21 cards checked) **

################## Milegate PAA-A11-2  RIN 56 at 10.211.97.55
# System status:
#	** No system alarms **
# Cards status:
#	** No alarmed cards (19 cards checked) **

################## Milegate PAA-A11-3  RIN 57 at 10.211.97.56
# System status:
#	** No system alarms **
# Cards status:
#	** No alarmed cards (19 cards checked) **

################## Milegate PAA-A12-0  RIN 46 at 10.211.97.45
# System status:
#	Alarm >> ne: Protecting CU Active
# Cards status:
#	** No alarmed cards (19 cards checked) **

################## Milegate PAA-A12  RIN 47 at 10.211.97.46
# System status:
#	** No system alarms **
# Cards status:
#	** No alarmed cards (20 cards checked) **

################## Milegate PAA-A13-5  RIN 121 at 10.211.97.7
# System status:
#	** No system alarms **
# Cards status:
#	** No alarmed cards (17 cards checked) **

################## Milegate PAA-A13-0  RIN 6 at 10.211.97.5
# System status:
#	** No system alarms **
# Cards status:
#	** No alarmed cards (15 cards checked) **

################## Milegate PAA-A13  RIN 7 at 10.211.97.6
# System status:
#	** No system alarms **
# Cards status:
#	** No alarmed cards (5 cards checked) **

################## Milegate PAA-A14-5  RIN 284 at 10.211.97.63
# System status:
#	** No system alarms **
# Cards status:
#	** No alarmed cards (11 cards checked) **

################## Milegate PAA-A14-0  RIN 62 at 10.211.97.61
# System status:
#	Alarm >> ne: Loss Of Signal On PDH Clock Source 1
# Cards status:
#	** No alarmed cards (21 cards checked) **

################## Milegate PAA-A14-4  RIN 63 at 10.211.97.62
# System status:
#	** No system alarms **
# Cards status:
#	** No alarmed cards (20 cards checked) **

################## Milegate PAA-A15-0  RIN 66 at 10.211.97.65
# System status:
#	** No system alarms **
# Cards status:
#	** No alarmed cards (20 cards checked) **

################## Milegate PAA-A15-1  RIN 67 at 10.211.97.66
# System status:
#	** No system alarms **
# Cards status:
#	** No alarmed cards (18 cards checked) **

################## Milegate PAA-A16-5  RIN 276 at 10.211.97.71
# System status:
#	Alarm >> ne: Protecting CU Active
# Cards status:
#	** No alarmed cards (13 cards checked) **

################## Milegate PAA-A16-0  RIN 70 at 10.211.97.69
# System status:
#	** No system alarms **
# Cards status:
#	** No alarmed cards (21 cards checked) **

################## Milegate PAA-A16-1  RIN 71 at 10.211.97.70
# System status:
#	** No system alarms **
# Cards status:
#	** No alarmed cards (19 cards checked) **

################## Milegate PAA-A17  RIN 83 at 10.211.97.82
# System status:
#	Alarm >> ne: Protecting CU Active
# Cards status:
#	** No alarmed cards (21 cards checked) **

################## Milegate PAA-A18-5  RIN 85 at 10.211.97.88
# System status:
#	Alarm >> ne: Protecting CU Active
# Cards status:
#	** No alarmed cards (9 cards checked) **

################## Milegate PAA-A18  RIN 87 at 10.211.97.86
# System status:
#	** No system alarms **
# Cards status:
#	** No alarmed cards (21 cards checked) **

################## Milegate PAA-A18-1  RIN 88 at 10.211.97.87
# System status:
#	** No system alarms **
# Cards status:
#	** No alarmed cards (19 cards checked) **

################## Milegate PAA-A19-4  RIN 143 at 10.211.97.142
# System status:
#	Alarm >> ne: Protecting CU Active
# Cards status:
#	** No alarmed cards (20 cards checked) **

################## Milegate PAA-A21-4  RIN 124 at 10.211.97.123
# System status:
#	** No system alarms **
# Cards status:
#	** No alarmed cards (9 cards checked) **

################## Milegate PAA-A24-4  RIN 153 at 10.211.97.151
# System status:
#	Alarm >> ne: Protecting CU Active
# Cards status:
#	** No alarmed cards (20 cards checked) **

################## Milegate PAA-A26-6  RIN 261 at 10.211.97.159
# System status:
#	** No system alarms **
# Cards status:
#	** No alarmed cards (15 cards checked) **

################## Milegate PAA-A26-0  RIN 331 at 10.211.97.157
# System status:
#	** No system alarms **
# Cards status:
#	** No alarmed cards (17 cards checked) **

################## Milegate PAA-A26-4  RIN 332 at 10.211.97.158
# System status:
#	** No system alarms **
# Cards status:
#	** No alarmed cards (19 cards checked) **

################## Milegate PAA-A27-0  RIN 333 at 10.211.97.89
# System status:
#	** No system alarms **
# Cards status:
#	** No alarmed cards (17 cards checked) **

################## Milegate PAA-A27-4  RIN 334 at 10.211.97.90
# System status:
#	** No system alarms **
# Cards status:
#	** No alarmed cards (17 cards checked) **

################## Milegate PAA-A28-0  RIN 335 at 10.211.97.91
# System status:
#	** No system alarms **
# Cards status:
#	** No alarmed cards (18 cards checked) **

################## Milegate PAA-A28-4  RIN 336 at 10.211.97.92
# System status:
#	** No system alarms **
# Cards status:
#	** No alarmed cards (19 cards checked) **

################## Milegate PAA-A29-0  RIN 318 at 10.211.97.93
# System status:
#	** No system alarms **
# Cards status:
#	** No alarmed cards (19 cards checked) **

################## Milegate PAA-A29-4  RIN 319 at 10.211.97.94
# System status:
#	** No system alarms **
# Cards status:
#	** No alarmed cards (17 cards checked) **

################## Milegate PAA-I01  RIN 102 at 10.211.97.102
# System status:
#	** No system alarms **
# Cards status:
#	** No alarmed cards (21 cards checked) **

################## Milegate PAA-I01-2  RIN 103 at 10.211.97.103
# System status:
#	** No system alarms **
# Cards status:
#	** No alarmed cards (20 cards checked) **

################## Milegate PAA-T01-99  RIN 501 at 10.211.97.253
# System status:
#	** No system alarms **
# Cards status:
#	** No alarmed cards (5 cards checked) **

############### ** General status for PAA ** ###############
# Total hosts checked: 64
# Total system alarms: 20
# Total cards alarms: 0
# Total redundancy errors: 0
############################################################
