################## Milegate SBO-A03-0  RIN 370 at 10.209.97.125
# System status:
#	** No system alarms **
# Cards status:
#	** No alarmed cards (8 cards checked) **

################## Milegate SBO-A03-1  RIN 371 at 10.209.97.126
# System status:
#	** No system alarms **
# Cards status:
#	** No alarmed cards (19 cards checked) **

################## Milegate SBO-A04-0  RIN 374 at 10.209.97.129
# System status:
#	** No system alarms **
# Cards status:
#	** No alarmed cards (18 cards checked) **

################## Milegate SBO-A04  RIN 375 at 10.209.97.130
# System status:
#	** No system alarms **
# Cards status:
#	** No alarmed cards (19 cards checked) **

################## Milegate SBO-A05-0  RIN 366 at 10.209.97.121
# System status:
#	** No system alarms **
# Cards status:
#	** No alarmed cards (10 cards checked) **

################## Milegate SBO-A05-4  RIN 367 at 10.209.97.122
# System status:
#	** No system alarms **
# Cards status:
#	** No alarmed cards (20 cards checked) **

################## Milegate SBO-A06-0  RIN 346 at 10.209.97.101
# System status:
#	Alarm >> ne: Protecting CU Active
# Cards status:
#	** No alarmed cards (17 cards checked) **

################## Milegate SBO-A06-1  RIN 347 at 10.209.97.102
# System status:
#	Alarm >> ne: Protecting CU Active
# Cards status:
#	** No alarmed cards (14 cards checked) **

################## Milegate SBO-A07-0  RIN 338 at 10.209.97.93
# System status:
#	** No system alarms **
# Cards status:
#	** No alarmed cards (11 cards checked) **

################## Milegate SBO-A07-1  RIN 339 at 10.209.97.94
# System status:
#	** No system alarms **
# Cards status:
#	** No alarmed cards (19 cards checked) **

################## Milegate SBO-A08-0  RIN 350 at 10.209.97.105
# System status:
#	** No system alarms **
# Cards status:
#	** No alarmed cards (17 cards checked) **

################## Milegate SBO-A08-1  RIN 351 at 10.209.97.106
# System status:
#	** No system alarms **
# Cards status:
#	** No alarmed cards (16 cards checked) **

################## Milegate SBO-A09-0  RIN 334 at 10.209.97.89
# System status:
#	** No system alarms **
# Cards status:
#	** No alarmed cards (10 cards checked) **

################## Milegate SBO-A09  RIN 335 at 10.209.97.90
# System status:
#	** No system alarms **
# Cards status:
#	** No alarmed cards (18 cards checked) **

################## Milegate SBO-A10-0  RIN 330 at 10.209.97.85
# System status:
#	** No system alarms **
# Cards status:
#	** No alarmed cards (11 cards checked) **

################## Milegate SBO-A10-1  RIN 331 at 10.209.97.86
# System status:
#	** No system alarms **
# Cards status:
#	** No alarmed cards (17 cards checked) **

################## Milegate SBO-A11-0  RIN 354 at 10.209.97.109
# System status:
#	** No system alarms **
# Cards status:
#	** No alarmed cards (11 cards checked) **

################## Milegate SBO-A11  RIN 355 at 10.209.97.110
# System status:
#	** No system alarms **
# Cards status:
#	** No alarmed cards (19 cards checked) **

################## Milegate SBO-A12-99  RIN 326 at 10.209.97.81
# System status:
#	** No system alarms **
# Cards status:
#	** No alarmed cards (11 cards checked) **

################## Milegate SBO-A12-2-99  RIN 327 at 10.209.97.82
# System status:
#	Alarm >> ne: Protecting CU Active
# Cards status:
#	** No alarmed cards (19 cards checked) **

################## Milegate SBO-A14-0  RIN 270 at 10.209.97.25
# System status:
#	** No system alarms **
# Cards status:
#	** No alarmed cards (11 cards checked) **

################## Milegate SBO-A14  RIN 271 at 10.209.97.26
# System status:
#	** No system alarms **
# Cards status:
#	** No alarmed cards (19 cards checked) **

################## Milegate SBO-A15-5  RIN 253 at 10.209.97.23
# System status:
#	** No system alarms **
# Cards status:
#	** No alarmed cards (15 cards checked) **

################## Milegate SBO-A15-0  RIN 266 at 10.209.97.21
# System status:
#	** No system alarms **
# Cards status:
#	** No alarmed cards (17 cards checked) **

################## Milegate SBO-A15  RIN 267 at 10.209.97.22
# System status:
#	** No system alarms **
# Cards status:
#	** No alarmed cards (20 cards checked) **

################## Milegate SBO-A16-0  RIN 310 at 10.209.97.65
# System status:
#	** No system alarms **
# Cards status:
#	** No alarmed cards (12 cards checked) **

################## Milegate SBO-A16-1  RIN 311 at 10.209.97.66
# System status:
#	** No system alarms **
# Cards status:
#	** No alarmed cards (19 cards checked) **

################## Milegate SBO-A17  RIN 386 at 10.209.97.141
# System status:
#	** No system alarms **
# Cards status:
#	** No alarmed cards (19 cards checked) **

################## Milegate SBO-A17-4  RIN 387 at 10.209.97.142
# System status:
#	** No system alarms **
# Cards status:
#	** No alarmed cards (20 cards checked) **

################## Milegate SBO-A18-0  RIN 406 at 10.209.97.161
# System status:
#	** No system alarms **
# Cards status:
#	** No alarmed cards (19 cards checked) **

################## Milegate SBO-A18-4  RIN 407 at 10.209.97.162
# System status:
#	** No system alarms **
# Cards status:
#	** No alarmed cards (20 cards checked) **

################## Milegate SBO-A19-99  RIN 262 at 10.209.97.17
# System status:
#	** No system alarms **
# Cards status:
#	** No alarmed cards (13 cards checked) **

################## Milegate SBO-A19-2-99  RIN 263 at 10.209.97.18
# System status:
#	** No system alarms **
# Cards status:
#	** No alarmed cards (20 cards checked) **

################## Milegate SBO-A20  RIN 306 at 10.209.97.61
# System status:
#	** No system alarms **
# Cards status:
#	** No alarmed cards (12 cards checked) **

################## Milegate SBO-A20-1  RIN 307 at 10.209.97.62
# System status:
#	** No system alarms **
# Cards status:
#	** No alarmed cards (19 cards checked) **

################## Milegate SBO-A20-5  RIN 308 at 10.209.97.63
# System status:
#	** No system alarms **
# Cards status:
#	** No alarmed cards (6 cards checked) **

################## Milegate SBO-A21-0  RIN 286 at 10.209.97.41
# System status:
#	** No system alarms **
# Cards status:
#	** No alarmed cards (17 cards checked) **

################## Milegate SBO-A21  RIN 287 at 10.209.97.42
# System status:
#	** No system alarms **
# Cards status:
#	** No alarmed cards (20 cards checked) **

################## Milegate SBO-A22-0  RIN 258 at 10.209.97.13
# System status:
#	** No system alarms **
# Cards status:
#	** No alarmed cards (17 cards checked) **

################## Milegate SBO-A22-1  RIN 259 at 10.209.97.14
# System status:
#	Alarm >> ne: Protecting CU Active
# Cards status:
#	** No alarmed cards (19 cards checked) **

################## Milegate SBO-A23-0  RIN 250 at 10.209.97.5
# System status:
#	** No system alarms **
# Cards status:
#	** No alarmed cards (19 cards checked) **

################## Milegate SBO-A23-1  RIN 251 at 10.209.97.6
# System status:
#	** No system alarms **
# Cards status:
#	** No alarmed cards (20 cards checked) **

################## Milegate SBO-A24-0  RIN 254 at 10.209.97.9
# System status:
#	** No system alarms **
# Cards status:
#	** No alarmed cards (18 cards checked) **

################## Milegate SBO-A24  RIN 255 at 10.209.97.10
# System status:
#	** No system alarms **
# Cards status:
#	** No alarmed cards (19 cards checked) **

################## Milegate SBO-A25-0  RIN 290 at 10.209.97.45
# System status:
#	Alarm >> ne: Protecting CU Active
# Cards status:
#	** No alarmed cards (11 cards checked) **

################## Milegate SBO-A25  RIN 291 at 10.209.97.46
# System status:
#	** No system alarms **
# Cards status:
#	** No alarmed cards (14 cards checked) **

################## Milegate SBO-A26-0  RIN 294 at 10.209.97.49
# System status:
#	** No system alarms **
# Cards status:
#	** No alarmed cards (13 cards checked) **

################## Milegate SBO-A26-1  RIN 295 at 10.209.97.50
# System status:
#	** No system alarms **
# Cards status:
#	** No alarmed cards (19 cards checked) **

################## Milegate SBO-A27-0  RIN 246 at 10.209.97.1
# System status:
#	** No system alarms **
# Cards status:
#	** No alarmed cards (17 cards checked) **

################## Milegate SBO-A27-1  RIN 247 at 10.209.97.2
# System status:
#	** No system alarms **
# Cards status:
#	** No alarmed cards (20 cards checked) **

################## Milegate SBO-A28-0  RIN 410 at 10.209.97.165
################## Milegate SBO-A28  RIN 411 at 10.209.97.166
# System status:
#	** No system alarms **
# Cards status:
#	** No alarmed cards (19 cards checked) **

################## Milegate SBO-A29-99  RIN 298 at 10.209.97.53
# System status:
#	Alarm >> ne: Protecting CU Active
# Cards status:
#	** No alarmed cards (11 cards checked) **

################## Milegate SBO-A29-2-99  RIN 299 at 10.209.97.54
# System status:
#	Alarm >> ne: Protecting CU Active
# Cards status:
#	** No alarmed cards (20 cards checked) **

################## Milegate SBO-A29-5  RIN 300 at 10.209.97.55
# System status:
#	** No system alarms **
# Cards status:
#	** No alarmed cards (4 cards checked) **

################## Milegate SBO-A31-0  RIN 426 at 10.209.97.181
# System status:
#	Alarm >> ne: Protecting CU Active
# Cards status:
#	** No alarmed cards (13 cards checked) **

################## Milegate SBO-A31  RIN 427 at 10.209.97.182
# System status:
#	** No system alarms **
# Cards status:
#	** No alarmed cards (16 cards checked) **

################## Milegate SBO-A32-0  RIN 434 at 10.209.97.189
# System status:
#	** No system alarms **
# Cards status:
#	** No alarmed cards (13 cards checked) **

################## Milegate SBO-A32-1  RIN 435 at 10.209.97.190
# System status:
#	** No system alarms **
# Cards status:
#	** No alarmed cards (19 cards checked) **

################## Milegate SBO-A33-0  RIN 430 at 10.209.97.185
# System status:
#	** No system alarms **
# Cards status:
#	** No alarmed cards (8 cards checked) **

################## Milegate SBO-A33  RIN 431 at 10.209.97.186
# System status:
#	** No system alarms **
# Cards status:
#	** No alarmed cards (19 cards checked) **

################## Milegate SBO-A34-99  RIN 274 at 10.209.97.29
# System status:
#	** No system alarms **
# Cards status:
#	** No alarmed cards (19 cards checked) **

################## Milegate SBO-A34-2-99  RIN 275 at 10.209.97.30
# System status:
#	** No system alarms **
# Cards status:
#	** No alarmed cards (19 cards checked) **

################## Milegate SBO-A35-0  RIN 390 at 10.209.97.145
# System status:
#	** No system alarms **
# Cards status:
#	** No alarmed cards (17 cards checked) **

################## Milegate SBO-A35-1  RIN 391 at 10.209.97.146
# System status:
#	** No system alarms **
# Cards status:
#	** No alarmed cards (20 cards checked) **

################## Milegate SBO-A36-0  RIN 414 at 10.209.97.169
# System status:
#	** No system alarms **
# Cards status:
#	** No alarmed cards (17 cards checked) **

################## Milegate SBO-A36-1  RIN 415 at 10.209.97.170
# System status:
#	** No system alarms **
# Cards status:
#	** No alarmed cards (19 cards checked) **

################## Milegate SBO-A37-5  RIN 41 at 10.209.97.175
# System status:
#	Alarm >> ne: Protecting CU Active
# Cards status:
#	** No alarmed cards (11 cards checked) **

################## Milegate SBO-A37-99  RIN 418 at 10.209.97.173
# System status:
#	** No system alarms **
# Cards status:
#	** No alarmed cards (15 cards checked) **

################## Milegate SBO-A37-2-99  RIN 419 at 10.209.97.174
# System status:
#	** No system alarms **
# Cards status:
#	** No alarmed cards (20 cards checked) **

################## Milegate SBO-A38-0  RIN 422 at 10.209.97.177
# System status:
#	** No system alarms **
# Cards status:
#	** No alarmed cards (17 cards checked) **

################## Milegate SBO-A38-1  RIN 423 at 10.209.97.178
# System status:
#	** No system alarms **
# Cards status:
#	** No alarmed cards (19 cards checked) **

################## Milegate SBO-A40-4  RIN 284 at 10.209.97.203
# System status:
#	** No system alarms **
# Cards status:
#	** No alarmed cards (7 cards checked) **

################## Milegate SBO-A41-4  RIN 452 at 10.209.97.207
# System status:
#	** No system alarms **
# Cards status:
#	** No alarmed cards (14 cards checked) **

################## Milegate SBO-A44-4  RIN 476 at 10.209.97.231
# System status:
#	** No system alarms **
# Cards status:
#	** No alarmed cards (13 cards checked) **

################## Milegate SBO-A44-5  RIN 477 at 10.209.97.232
# System status:
#	** No system alarms **
# Cards status:
#	** No alarmed cards (19 cards checked) **

################## Milegate SBO-A46  RIN 506 at 10.209.98.30
# System status:
#	** No system alarms **
# Cards status:
#	** No alarmed cards (17 cards checked) **

################## Milegate SBO-A50-0  RIN 490 at 10.209.97.241
# System status:
#	** No system alarms **
# Cards status:
#	** No alarmed cards (15 cards checked) **

################## Milegate SBO-A50-4  RIN 491 at 10.209.97.242
# System status:
#	** No system alarms **
# Cards status:
#	** No alarmed cards (17 cards checked) **

################## Milegate SBO-A51  RIN 508 at 10.209.98.34
# System status:
#	** No system alarms **
# Cards status:
#	** No alarmed cards (20 cards checked) **

################## Milegate SBO-I02-0  RIN 0 at 10.209.97.33
# System status:
#	** No system alarms **
# Cards status:
#	** No alarmed cards (8 cards checked) **

################## Milegate SBO-I02  RIN 279 at 10.209.97.34
# System status:
#	** No system alarms **
# Cards status:
#	** No alarmed cards (19 cards checked) **

################## Milegate SBO-I02-2  RIN 280 at 10.209.97.35
# System status:
#	** No system alarms **
# Cards status:
#	** No alarmed cards (6 cards checked) **

################## Milegate SBO-T01  RIN 500 at 10.209.97.253
# System status:
#	** No system alarms **
# Cards status:
#	Alarm >> unit-9 - SUAD3 R1C - Plugged

############### ** General status for SBO ** ###############
# Total hosts checked: 84
# Total system alarms: 9
# Total cards alarms: 1
# Total redundancy errors: 0
############################################################
