################## Milegate SNE-A01-0  RIN 58 at 10.209.33.57
# System status:
#	** No system alarms **
# Cards status:
#	** No alarmed cards (14 cards checked) **

################## Milegate SNE-A01  RIN 59 at 10.209.33.58
# System status:
#	** No system alarms **
# Cards status:
#	** No alarmed cards (19 cards checked) **

################## Milegate SNE-A03-0  RIN 66 at 10.209.33.65
# System status:
#	** No system alarms **
# Cards status:
#	** No alarmed cards (15 cards checked) **

################## Milegate SNE-A03-4  RIN 67 at 10.209.33.66
# System status:
#	** No system alarms **
# Cards status:
#	** No alarmed cards (19 cards checked) **

################## Milegate SNE-A04-0  RIN 74 at 10.209.33.73
# System status:
#	** No system alarms **
# Cards status:
#	** No alarmed cards (12 cards checked) **

################## Milegate SNE-A04-1  RIN 75 at 10.209.33.74
# System status:
#	** No system alarms **
# Cards status:
#	** No alarmed cards (20 cards checked) **

################## Milegate SNE-A05-5  RIN 309 at 10.209.33.71
# System status:
#	Alarm >> ne: Protecting CU Active
# Cards status:
#	** No alarmed cards (6 cards checked) **

################## Milegate SNE-A05-0  RIN 70 at 10.209.33.69
# System status:
#	** No system alarms **
# Cards status:
#	** No alarmed cards (15 cards checked) **

################## Milegate SNE-A05-1  RIN 71 at 10.209.33.70
# System status:
#	** No system alarms **
# Cards status:
#	** No alarmed cards (19 cards checked) **

################## Milegate SNE-A06-0  RIN 34 at 10.209.33.33
# System status:
#	** No system alarms **
# Cards status:
#	** No alarmed cards (16 cards checked) **

################## Milegate SNE-A06-1  RIN 35 at 10.209.33.34
# System status:
#	** No system alarms **
# Cards status:
#	** No alarmed cards (20 cards checked) **

################## Milegate SNE-A08-0  RIN 30 at 10.209.33.29
# System status:
#	** No system alarms **
# Cards status:
#	** No alarmed cards (10 cards checked) **

################## Milegate SNE-A08-4  RIN 31 at 10.209.33.30
# System status:
#	** No system alarms **
# Cards status:
#	** No alarmed cards (20 cards checked) **

################## Milegate SNE-A09-0  RIN 26 at 10.209.33.25
# System status:
#	Alarm >> ne: Loss Of Signal On PDH Clock Source 1
# Cards status:
#	** No alarmed cards (13 cards checked) **

################## Milegate SNE-A09  RIN 27 at 10.209.33.26
# System status:
#	Alarm >> ne: Protecting CU Active
# Cards status:
#	** No alarmed cards (15 cards checked) **

################## Milegate SNE-A10-0  RIN 6 at 10.209.33.5
# System status:
#	Alarm >> ne: Protecting CU Active
# Cards status:
#	** No alarmed cards (17 cards checked) **

################## Milegate SNE-A10-1  RIN 7 at 10.209.33.6
# System status:
#	Alarm >> ne: Protecting CU Active
# Cards status:
#	** No alarmed cards (20 cards checked) **

################## Milegate SNE-A10-5  RIN 8 at 10.209.33.7
# System status:
#	Alarm >> ne: Protecting CU Active
# Cards status:
#	** No alarmed cards (15 cards checked) **

################## Milegate SNE-A11-0  RIN 10 at 10.209.33.9
# System status:
#	** No system alarms **
# Cards status:
#	** No alarmed cards (15 cards checked) **

################## Milegate SNE-A11-4  RIN 11 at 10.209.33.10
# System status:
#	Alarm >> fan: Partial Fan Breakdown
# Cards status:
#	** No alarmed cards (8 cards checked) **

################## Milegate SNE-A12-0  RIN 14 at 10.209.33.13
# System status:
#	** No system alarms **
# Cards status:
#	** No alarmed cards (19 cards checked) **

################## Milegate SNE-A12  RIN 15 at 10.209.33.14
# System status:
#	** No system alarms **
# Cards status:
#	** No alarmed cards (20 cards checked) **

################## Milegate SNE-A14-0  RIN 18 at 10.209.33.17
# System status:
#	** No system alarms **
# Cards status:
#	** No alarmed cards (11 cards checked) **

################## Milegate SNE-A14-4  RIN 19 at 10.209.33.18
# System status:
#	** No system alarms **
# Cards status:
#	** No alarmed cards (20 cards checked) **

################## Milegate SNE-A15-0  RIN 142 at 10.209.33.141
# System status:
#	Alarm >> ne: Loss Of Signal On PDH Clock Source 4
#	Alarm >> ne: Protecting CU Active
# Cards status:
#	** No alarmed cards (19 cards checked) **

################## Milegate SNE-A15-4  RIN 143 at 10.209.33.142
# System status:
#	** No system alarms **
# Cards status:
#	** No alarmed cards (12 cards checked) **

################## Milegate SNE-A16-0  RIN 106 at 10.209.33.105
# System status:
#	Alarm >> ne: Loss Of Signal On PDH Clock Source 1
#	Alarm >> ne: Loss Of Signal On PDH Clock Source 2
# Cards status:
#	** No alarmed cards (11 cards checked) **

################## Milegate SNE-A16-1  RIN 107 at 10.209.33.106
# System status:
#	** No system alarms **
# Cards status:
#	** No alarmed cards (20 cards checked) **

################## Milegate SNE-A17-1  RIN 222 at 10.209.33.95
# System status:
#	Alarm >> ne: Protecting CU Active
# Cards status:
#	** No alarmed cards (4 cards checked) **

################## Milegate SNE-A17-0  RIN 94 at 10.209.33.93
# System status:
#	** No system alarms **
# Cards status:
#	** No alarmed cards (15 cards checked) **

################## Milegate SNE-A17  RIN 95 at 10.209.33.94
# System status:
#	** No system alarms **
# Cards status:
#	** No alarmed cards (19 cards checked) **

################## Milegate SNE-A18-0  RIN 90 at 10.209.33.89
# System status:
#	** No system alarms **
# Cards status:
#	** No alarmed cards (10 cards checked) **

################## Milegate SNE-A18-1  RIN 91 at 10.209.33.90
# System status:
#	** No system alarms **
# Cards status:
#	** No alarmed cards (20 cards checked) **

################## Milegate SNE-A19-0  RIN 138 at 10.209.33.137
# System status:
#	** No system alarms **
# Cards status:
#	** No alarmed cards (15 cards checked) **

################## Milegate SNE-A19  RIN 139 at 10.209.33.138
# System status:
#	** No system alarms **
# Cards status:
#	** No alarmed cards (19 cards checked) **

################## Milegate SNE-A20-99  RIN 134 at 10.209.33.133
# System status:
#	** No system alarms **
# Cards status:
#	** No alarmed cards (12 cards checked) **

################## Milegate SNE-A20-2-99  RIN 135 at 10.209.33.134
# System status:
#	** No system alarms **
# Cards status:
#	** No alarmed cards (19 cards checked) **

################## Milegate SNE-A20  RIN 165 at 10.209.33.135
################## Milegate SNE-A21-0  RIN 110 at 10.209.33.109
# System status:
#	** No system alarms **
# Cards status:
#	** No alarmed cards (17 cards checked) **

################## Milegate SNE-A21-1  RIN 111 at 10.209.33.110
# System status:
#	** No system alarms **
# Cards status:
#	** No alarmed cards (18 cards checked) **

################## Milegate SNE-A22  RIN 130 at 10.209.33.129
# System status:
#	** No system alarms **
# Cards status:
#	** No alarmed cards (19 cards checked) **

################## Milegate SNE-A22-99  RIN 131 at 10.209.33.130
# System status:
#	Alarm >> ne: Protecting CU Active
# Cards status:
#	** No alarmed cards (19 cards checked) **

################## Milegate SNE-A23-0  RIN 126 at 10.209.33.125
# System status:
#	** No system alarms **
# Cards status:
#	** No alarmed cards (12 cards checked) **

################## Milegate SNE-A23-1  RIN 127 at 10.209.33.126
# System status:
#	** No system alarms **
# Cards status:
#	** No alarmed cards (15 cards checked) **

################## Milegate SNE-A25  RIN 118 at 10.209.33.117
# System status:
#	** No system alarms **
# Cards status:
#	** No alarmed cards (20 cards checked) **

################## Milegate SNE-A25-99  RIN 119 at 10.209.33.118
# System status:
#	** No system alarms **
# Cards status:
#	** No alarmed cards (19 cards checked) **

################## Milegate SNE-A25-0  RIN 120 at 10.209.33.119
# System status:
#	** No system alarms **
# Cards status:
#	** No alarmed cards (19 cards checked) **

################## Milegate SNE-A25-1  RIN 121 at 10.209.33.120
# System status:
#	** No system alarms **
# Cards status:
#	** No alarmed cards (19 cards checked) **

################## Milegate SNE-A26-0  RIN 114 at 10.209.33.113
# System status:
#	** No system alarms **
# Cards status:
#	** No alarmed cards (15 cards checked) **

################## Milegate SNE-A26-4  RIN 115 at 10.209.33.114
# System status:
#	Alarm >> ne: Protecting CU Active
# Cards status:
#	** No alarmed cards (19 cards checked) **

################## Milegate SNE-A26-5  RIN 116 at 10.209.33.115
# System status:
#	** No system alarms **
# Cards status:
#	** No alarmed cards (3 cards checked) **

################## Milegate SNE-A26-6  RIN 117 at 10.209.33.116
# System status:
#	** No system alarms **
# Cards status:
#	** No alarmed cards (5 cards checked) **

################## Milegate SNE-A27-0  RIN 86 at 10.209.33.85
# System status:
#	** No system alarms **
# Cards status:
#	** No alarmed cards (11 cards checked) **

################## Milegate SNE-A27  RIN 87 at 10.209.33.86
# System status:
#	** No system alarms **
# Cards status:
#	** No alarmed cards (19 cards checked) **

################## Milegate SNE-A28-0  RIN 238 at 10.209.33.45
# System status:
#	** No system alarms **
# Cards status:
#	** No alarmed cards (11 cards checked) **

################## Milegate SNE-A28  RIN 239 at 10.209.33.46
# System status:
#	** No system alarms **
# Cards status:
#	** No alarmed cards (19 cards checked) **

################## Milegate SNE-A28-5  RIN 240 at 10.209.33.47
# System status:
#	** No system alarms **
# Cards status:
#	** No alarmed cards (17 cards checked) **

################## Milegate SNE-A29  RIN 282 at 10.209.33.51
################## Milegate SNE-A29-0  RIN 50 at 10.209.33.49
# System status:
#	Alarm >> ne: Protecting CU Active
# Cards status:
#	** No alarmed cards (15 cards checked) **

################## Milegate SNE-A29-4  RIN 51 at 10.209.33.50
# System status:
#	Alarm >> ne: Protecting CU Active
# Cards status:
#	** No alarmed cards (20 cards checked) **

################## Milegate SNE-A30  RIN 247 at 10.209.34.58
# System status:
#	** No system alarms **
# Cards status:
#	** No alarmed cards (3 cards checked) **

################## Milegate SNE-A31-2  RIN 208 at 10.209.33.210
# System status:
#	** No system alarms **
# Cards status:
#	** No alarmed cards (3 cards checked) **

################## Milegate SNE-A32-0  RIN 230 at 10.209.33.229
# System status:
#	** No system alarms **
# Cards status:
#	** No alarmed cards (17 cards checked) **

################## Milegate SNE-A32-4  RIN 231 at 10.209.33.230
# System status:
#	** No system alarms **
# Cards status:
#	** No alarmed cards (11 cards checked) **

################## Milegate SNE-A33-0  RIN 260 at 10.209.34.5
# System status:
#	** No system alarms **
# Cards status:
#	** No alarmed cards (17 cards checked) **

################## Milegate SNE-A33  RIN 261 at 10.209.34.6
# System status:
#	Alarm >> ne: Protecting CU Active
# Cards status:
#	** No alarmed cards (19 cards checked) **

################## Milegate SNE-A35  RIN 265 at 10.209.34.10
# System status:
#	** No system alarms **
# Cards status:
#	** No alarmed cards (13 cards checked) **

################## Milegate SNE-A39-2  RIN 212 at 10.209.33.211
# System status:
#	Alarm >> ne: Loss Of Signal On PDH Clock Source 1
# Cards status:
#	** No alarmed cards (5 cards checked) **

################## Milegate SNE-A40  RIN 269 at 10.209.34.2
# System status:
#	Alarm >> ne: Loss Of Signal On PDH Clock Source 1
# Cards status:
#	** No alarmed cards (21 cards checked) **

################## Milegate SNE-A40-5  RIN 270 at 10.209.34.3
# System status:
#	** No system alarms **
# Cards status:
#	** No alarmed cards (19 cards checked) **

################## Milegate SNE-A41-0  RIN 98 at 10.209.33.97
# System status:
#	** No system alarms **
# Cards status:
#	** No alarmed cards (18 cards checked) **

################## Milegate SNE-A41-4  RIN 99 at 10.209.33.98
# System status:
#	** No system alarms **
# Cards status:
#	** No alarmed cards (19 cards checked) **

################## Milegate SNE-A42-4  RIN 249 at 10.209.33.246
# System status:
#	** No system alarms **
# Cards status:
#	** No alarmed cards (14 cards checked) **

################## Milegate SNE-A42-0  RIN 252 at 10.209.33.245
# System status:
#	Alarm >> ne: Loss Of Signal On PDH Clock Source 1
#	Alarm >> ne: Loss Of Signal On PDH Clock Source 2
# Cards status:
#	** No alarmed cards (20 cards checked) **

################## Milegate SNE-A43-5  RIN 245 at 10.209.34.47
# System status:
#	** No system alarms **
# Cards status:
#	** No alarmed cards (7 cards checked) **

################## Milegate SNE-A43-0  RIN 250 at 10.209.34.16
# System status:
#	** No system alarms **
# Cards status:
#	** No alarmed cards (17 cards checked) **

################## Milegate SNE-A43-4  RIN 251 at 10.209.34.15
# System status:
#	Alarm >> ne: Protecting CU Active
# Cards status:
#	** No alarmed cards (19 cards checked) **

################## Milegate SNE-A44  RIN 273 at 10.209.34.22
# System status:
#	** No system alarms **
# Cards status:
#	** No alarmed cards (7 cards checked) **

################## Milegate SNE-A45  RIN 277 at 10.209.34.14
# System status:
#	** No system alarms **
# Cards status:
#	** No alarmed cards (12 cards checked) **

################## Milegate SNE-A46  RIN 257 at 10.209.34.26
# System status:
#	** No system alarms **
# Cards status:
#	** No alarmed cards (17 cards checked) **

################## Milegate SNE-A48-4  RIN 192 at 10.209.34.62
# System status:
#	** No system alarms **
# Cards status:
#	** No alarmed cards (17 cards checked) **

################## Milegate SNE-A49-4  RIN 194 at 10.209.34.66
# System status:
#	** No system alarms **
# Cards status:
#	** No alarmed cards (19 cards checked) **

################## Milegate SNE-A50-0  RIN 195 at 10.209.34.69
# System status:
#	Alarm >> ne: Protecting CU Active
# Cards status:
#	** No alarmed cards (16 cards checked) **

################## Milegate SNE-A50-4  RIN 196 at 10.209.34.70
# System status:
#	** No system alarms **
# Cards status:
#	** No alarmed cards (11 cards checked) **

################## Milegate SNE-A51-0  RIN 197 at 10.209.34.73
# System status:
#	Alarm >> ne: Protecting CU Active
# Cards status:
#	** No alarmed cards (17 cards checked) **

################## Milegate SNE-A51-4  RIN 198 at 10.209.34.74
# System status:
#	** No system alarms **
# Cards status:
#	** No alarmed cards (17 cards checked) **

################## Milegate SNE-A52-0  RIN 199 at 10.209.34.77
# System status:
#	** No system alarms **
# Cards status:
#	** No alarmed cards (16 cards checked) **

################## Milegate SNE-A54-0  RIN 203 at 10.209.34.85
# System status:
#	** No system alarms **
# Cards status:
#	** No alarmed cards (17 cards checked) **

################## Milegate SNE-A54-1  RIN 204 at 10.209.34.86
# System status:
#	** No system alarms **
# Cards status:
#	** No alarmed cards (11 cards checked) **

################## Milegate SNE-A54-4  RIN 205 at 10.209.34.87
# System status:
#	** No system alarms **
# Cards status:
#	** No alarmed cards (7 cards checked) **

################## Milegate SNE-A55-0  RIN 232 at 10.209.34.89
# System status:
#	** No system alarms **
# Cards status:
#	** No alarmed cards (18 cards checked) **

################## Milegate SNE-A55-4  RIN 233 at 10.209.34.90
# System status:
#	** No system alarms **
# Cards status:
#	** No alarmed cards (11 cards checked) **

################## Milegate SNE-A56-0  RIN 234 at 10.209.34.93
# System status:
#	** No system alarms **
# Cards status:
#	** No alarmed cards (17 cards checked) **

################## Milegate SNE-A56-4  RIN 235 at 10.209.34.94
# System status:
#	** No system alarms **
# Cards status:
#	** No alarmed cards (11 cards checked) **

################## Milegate SNE-A57-0  RIN 236 at 10.209.34.97
# System status:
#	** No system alarms **
# Cards status:
#	** No alarmed cards (16 cards checked) **

################## Milegate SNE-A57-4  RIN 237 at 10.209.34.98
# System status:
#	** No system alarms **
# Cards status:
#	** No alarmed cards (11 cards checked) **

################## Milegate SNE-A61-0  RIN 402 at 10.209.34.101
# System status:
#	** No system alarms **
# Cards status:
#	** No alarmed cards (18 cards checked) **

################## Milegate SNE-A61  RIN 403 at 10.209.34.102
# System status:
#	** No system alarms **
# Cards status:
#	** No alarmed cards (7 cards checked) **

################## Milegate SNE-I01-0  RIN 2 at 10.209.33.1
# System status:
#	** No system alarms **
# Cards status:
#	** No alarmed cards (12 cards checked) **

################## Milegate SNE-I01-4  RIN  at 10.209.33.2
# System status:
#	** No system alarms **
# Cards status:
#	** No alarmed cards (20 cards checked) **

################## Milegate SNE-I01-5  RIN 3 at 10.209.33.3
# System status:
#	** No system alarms **
# Cards status:
#	** No alarmed cards (17 cards checked) **

################## Milegate SNE-I02-1  RIN 123 at 10.209.33.122
# System status:
#	** No system alarms **
# Cards status:
#	** No alarmed cards (16 cards checked) **

################## Milegate SNE-I02-2  RIN 124 at 10.209.33.123
# System status:
#	** No system alarms **
# Cards status:
#	** No alarmed cards (17 cards checked) **

################## Milegate SNE-I03-4  RIN 54 at 10.209.33.54
# System status:
#	** No system alarms **
# Cards status:
#	** No alarmed cards (17 cards checked) **

################## Milegate SNE-I03-5  RIN 55 at 10.209.33.55
# System status:
#	** No system alarms **
# Cards status:
#	** No alarmed cards (6 cards checked) **

############### ** General status for SNE ** ###############
# Total hosts checked: 105
# Total system alarms: 24
# Total cards alarms: 0
# Total redundancy errors: 0
############################################################
