################## Milegate SOC-A01-0  RIN 166 at 10.211.225.165
# System status:
#	** No system alarms **
# Cards status:
#	** No alarmed cards (19 cards checked) **

################## Milegate SOC-A01  RIN 167 at 10.211.225.166
# System status:
#	** No system alarms **
# Cards status:
#	** No alarmed cards (20 cards checked) **

################## Milegate SOC-A01-5  RIN 168 at 10.211.225.167
# System status:
#	** No system alarms **
# Cards status:
#	** No alarmed cards (17 cards checked) **

################## Milegate SOC-A02-0  RIN 162 at 10.211.225.161
# System status:
#	Alarm >> ne: Loss Of Signal On PDH Clock Source 1
# Cards status:
#	** No alarmed cards (18 cards checked) **

################## Milegate SOC-A02-4  RIN 163 at 10.211.225.162
# System status:
#	** No system alarms **
# Cards status:
#	** No alarmed cards (20 cards checked) **

################## Milegate SOC-A02-5  RIN 164 at 10.211.225.163
# System status:
#	** No system alarms **
# Cards status:
#	** No alarmed cards (9 cards checked) **

################## Milegate SOC-A03-0  RIN 154 at 10.211.225.153
# System status:
#	Alarm >> ne: Loss Of Signal On PDH Clock Source 1
# Cards status:
#	** No alarmed cards (16 cards checked) **

################## Milegate SOC-A03  RIN 155 at 10.211.225.154
# System status:
#	** No system alarms **
# Cards status:
#	** No alarmed cards (19 cards checked) **

################## Milegate SOC-A04-5  RIN 140 at 10.211.225.151
# System status:
#	** No system alarms **
# Cards status:
#	** No alarmed cards (17 cards checked) **

################## Milegate SOC-A04-0  RIN 150 at 10.211.225.149
# System status:
#	Alarm >> ne: Loss Of Signal On PDH Clock Source 1
# Cards status:
#	** No alarmed cards (17 cards checked) **

################## Milegate SOC-A04  RIN 151 at 10.211.225.150
# System status:
#	** No system alarms **
# Cards status:
#	** No alarmed cards (20 cards checked) **

################## Milegate SOC-A05-0  RIN 146 at 10.211.225.145
# System status:
#	** No system alarms **
# Cards status:
#	** No alarmed cards (15 cards checked) **

################## Milegate SOC-A05  RIN 147 at 10.211.225.146
# System status:
#	** No system alarms **
# Cards status:
#	** No alarmed cards (20 cards checked) **

################## Milegate SOC-A05-5  RIN 403 at 10.211.225.147
################## Milegate SOC-A06-99  RIN 170 at 10.211.225.169
# System status:
#	** No system alarms **
# Cards status:
#	** No alarmed cards (21 cards checked) **

################## Milegate SOC-A06-0  RIN 171 at 10.211.225.170
# System status:
#	Alarm >> ne: Loss Of Signal On PDH Clock Source 2
# Cards status:
#	** No alarmed cards (21 cards checked) **

################## Milegate SOC-A06-5  RIN 173 at 10.211.225.171
# System status:
#	** No system alarms **
# Cards status:
#	Alarm >> unit-15 - LOMI8 - Plugged
#	Alarm >> unit-16 - STIM1 - Plugged

################## Milegate SOC-A07-0  RIN 174 at 10.211.225.173
# System status:
#	** No system alarms **
# Cards status:
#	** No alarmed cards (17 cards checked) **

################## Milegate SOC-A07  RIN 175 at 10.211.225.174
# System status:
#	Alarm >> ne: Protecting CU Active
# Cards status:
#	** No alarmed cards (19 cards checked) **

################## Milegate SOC-A07-5  RIN 176 at 10.211.225.175
# System status:
#	** No system alarms **
# Cards status:
#	** No alarmed cards (8 cards checked) **

################## Milegate SOC-A08-0  RIN 142 at 10.211.225.141
# System status:
#	** No system alarms **
# Cards status:
#	** No alarmed cards (13 cards checked) **

################## Milegate SOC-A08  RIN 143 at 10.211.225.142
# System status:
#	** No system alarms **
# Cards status:
#	** No alarmed cards (18 cards checked) **

################## Milegate SOC-A08-5  RIN 144 at 10.211.225.143
################## Milegate SOC-A09-0  RIN 22 at 10.211.225.21
# System status:
#	** No system alarms **
# Cards status:
#	** No alarmed cards (20 cards checked) **

################## Milegate SOC-A09  RIN 23 at 10.211.225.22
# System status:
#	** No system alarms **
# Cards status:
#	** No alarmed cards (16 cards checked) **

################## Milegate SOC-A09-5  RIN 24 at 10.211.225.23
# System status:
#	Alarm >> ne: Protecting CU Active
# Cards status:
#	** No alarmed cards (11 cards checked) **

################## Milegate SOC-A10-0  RIN 26 at 10.211.225.25
# System status:
#	** No system alarms **
# Cards status:
#	** No alarmed cards (20 cards checked) **

################## Milegate SOC-A10  RIN 27 at 10.211.225.26
# System status:
#	Alarm >> ne: Protecting CU Active
# Cards status:
#	** No alarmed cards (21 cards checked) **

################## Milegate SOC-A10-5  RIN 29 at 10.211.225.27
# System status:
#	Alarm >> ne: Protecting CU Active
# Cards status:
#	** No alarmed cards (9 cards checked) **

################## Milegate SOC-A11-0  RIN 186 at 10.211.225.185
# System status:
#	** No system alarms **
# Cards status:
#	** No alarmed cards (19 cards checked) **

################## Milegate SOC-A11  RIN 187 at 10.211.225.186
# System status:
#	** No system alarms **
# Cards status:
#	** No alarmed cards (20 cards checked) **

################## Milegate SOC-A12-0  RIN 182 at 10.211.225.181
# System status:
#	** No system alarms **
# Cards status:
#	** No alarmed cards (19 cards checked) **

################## Milegate SOC-A12  RIN 183 at 10.211.225.182
# System status:
#	Alarm >> ne: Protecting CU Active
# Cards status:
#	** No alarmed cards (20 cards checked) **

################## Milegate SOC-A18-0  RIN 30 at 10.211.225.29
# System status:
#	** No system alarms **
# Cards status:
#	** No alarmed cards (17 cards checked) **

################## Milegate SOC-A18  RIN 31 at 10.211.225.30
# System status:
#	** No system alarms **
# Cards status:
#	** No alarmed cards (20 cards checked) **

################## Milegate SOC-A19-0  RIN 194 at 10.211.225.193
# System status:
#	** No system alarms **
# Cards status:
#	** No alarmed cards (19 cards checked) **

################## Milegate SOC-A19  RIN 195 at 10.211.225.194
# System status:
#	** No system alarms **
# Cards status:
#	** No alarmed cards (21 cards checked) **

################## Milegate SOC-A19-5  RIN 196 at 10.211.225.195
# System status:
#	Alarm >> ne: Protecting CU Active
# Cards status:
#	** No alarmed cards (17 cards checked) **

################## Milegate SOC-A20-0  RIN 190 at 10.211.225.189
# System status:
#	Alarm >> ne: Loss Of Signal On PDH Clock Source 2
#	Alarm >> ne: Protecting CU Active
# Cards status:
#	** No alarmed cards (15 cards checked) **

################## Milegate SOC-A20  RIN 191 at 10.211.225.190
# System status:
#	** No system alarms **
# Cards status:
#	** No alarmed cards (19 cards checked) **

################## Milegate SOC-A21-5  RIN 13 at 10.211.225.15
# System status:
#	Alarm >> ne: Protecting CU Active
# Cards status:
#	** No alarmed cards (17 cards checked) **

################## Milegate SOC-A21-0  RIN 14 at 10.211.225.13
# System status:
#	Alarm >> ne: Loss Of Signal On PDH Clock Source 2
# Cards status:
#	** No alarmed cards (17 cards checked) **

################## Milegate SOC-A21  RIN 15 at 10.211.225.14
# System status:
#	** No system alarms **
# Cards status:
#	** No alarmed cards (20 cards checked) **

################## Milegate SOC-A22-0  RIN 10 at 10.211.225.9
# System status:
#	** No system alarms **
# Cards status:
#	** No alarmed cards (17 cards checked) **

################## Milegate SOC-A22  RIN 11 at 10.211.225.10
# System status:
#	** No system alarms **
# Cards status:
#	** No alarmed cards (20 cards checked) **

################## Milegate SOC-A22-5  RIN 17 at 10.211.225.11
# System status:
#	** No system alarms **
# Cards status:
#	** No alarmed cards (9 cards checked) **

################## Milegate SOC-A23-0  RIN 138 at 10.211.225.137
# System status:
#	** No system alarms **
# Cards status:
#	** No alarmed cards (19 cards checked) **

################## Milegate SOC-A23  RIN 139 at 10.211.225.138
# System status:
#	Alarm >> ne: Protecting CU Active
# Cards status:
#	** No alarmed cards (20 cards checked) **

################## Milegate SOC-A24-0  RIN 134 at 10.211.225.133
# System status:
#	** No system alarms **
# Cards status:
#	** No alarmed cards (17 cards checked) **

################## Milegate SOC-A24  RIN 135 at 10.211.225.134
# System status:
#	** No system alarms **
# Cards status:
#	** No alarmed cards (17 cards checked) **

################## Milegate SOC-A24-2  RIN 136 at 10.211.225.135
# System status:
#	** No system alarms **
# Cards status:
#	** No alarmed cards (16 cards checked) **

################## Milegate SOC-A24-3  RIN 137 at 10.211.225.237
# System status:
#	** No system alarms **
# Cards status:
#	** No alarmed cards (3 cards checked) **

################## Milegate SOC-A25-0  RIN 130 at 10.211.225.129
# System status:
#	Alarm >> ne: Loss Of Signal On PDH Clock Source 1
# Cards status:
#	** No alarmed cards (13 cards checked) **

################## Milegate SOC-A25  RIN 131 at 10.211.225.130
# System status:
#	** No system alarms **
# Cards status:
#	** No alarmed cards (20 cards checked) **

################## Milegate SOC-A25-5  RIN 132 at 10.211.225.131
# System status:
#	** No system alarms **
# Cards status:
#	** No alarmed cards (3 cards checked) **

################## Milegate SOC-A25-6  RIN 133 at 10.211.225.132
# System status:
#	Alarm >> ne: Loss Of Signal On PDH Clock Source 2
# Cards status:
#	** No alarmed cards (11 cards checked) **

################## Milegate SOC-A26-0  RIN 122 at 10.211.225.121
# System status:
#	** No system alarms **
# Cards status:
#	** No alarmed cards (19 cards checked) **

################## Milegate SOC-A26  RIN 123 at 10.211.225.122
# System status:
#	** No system alarms **
# Cards status:
#	** No alarmed cards (20 cards checked) **

################## Milegate SOC-A27-0  RIN 126 at 10.211.225.125
# System status:
#	** No system alarms **
# Cards status:
#	** No alarmed cards (15 cards checked) **

################## Milegate SOC-A27  RIN 127 at 10.211.225.126
# System status:
#	Alarm >> ne: Protecting CU Active
# Cards status:
#	** No alarmed cards (19 cards checked) **

################## Milegate SOC-A27-5  RIN 128 at 10.211.225.127
# System status:
#	Alarm >> ne: Loss Of Signal On PDH Clock Source 1
#	Alarm >> ne: Loss Of Signal On PDH Clock Source 2
# Cards status:
#	** No alarmed cards (11 cards checked) **

################## Milegate SOC-A28-0  RIN 34 at 10.211.225.33
# System status:
#	** No system alarms **
# Cards status:
#	** No alarmed cards (17 cards checked) **

################## Milegate SOC-A28  RIN 35 at 10.211.225.34
# System status:
#	** No system alarms **
# Cards status:
#	** No alarmed cards (20 cards checked) **

################## Milegate SOC-A29-5  RIN 21 at 10.211.225.7
# System status:
#	** No system alarms **
# Cards status:
#	** No alarmed cards (17 cards checked) **

################## Milegate SOC-A29-0  RIN 6 at 10.211.225.5
# System status:
#	Alarm >> ne: Loss Of Signal On PDH Clock Source 1
# Cards status:
#	** No alarmed cards (15 cards checked) **

################## Milegate SOC-A29  RIN 7 at 10.211.225.6
# System status:
#	** No system alarms **
# Cards status:
#	** No alarmed cards (19 cards checked) **

################## Milegate SOC-A30-5  RIN 104 at 10.211.225.3
################## Milegate SOC-A30-0  RIN 2 at 10.211.225.1
# System status:
#	** No system alarms **
# Cards status:
#	** No alarmed cards (19 cards checked) **

################## Milegate SOC-A30  RIN 3 at 10.211.225.2
# System status:
#	Alarm >> ne: Protecting CU Active
# Cards status:
#	** No alarmed cards (20 cards checked) **

################## Milegate SOC-A31-0  RIN 206 at 10.211.225.205
# System status:
#	** No system alarms **
# Cards status:
#	** No alarmed cards (19 cards checked) **

################## Milegate SOC-A31-1  RIN 207 at 10.211.225.206
# System status:
#	Alarm >> ne: Protecting CU Active
# Cards status:
#	** No alarmed cards (20 cards checked) **

################## Milegate SOC-A31-2  RIN 208 at 10.211.225.207
# System status:
#	** No system alarms **
# Cards status:
#	** No alarmed cards (11 cards checked) **

################## Milegate SOC-A32-0  RIN 210 at 10.211.225.209
# System status:
#	** No system alarms **
# Cards status:
#	** No alarmed cards (17 cards checked) **

################## Milegate SOC-A32-4  RIN 211 at 10.211.225.210
# System status:
#	** No system alarms **
# Cards status:
#	** No alarmed cards (19 cards checked) **

################## Milegate SOC-A32-5  RIN 212 at 10.211.225.211
# System status:
#	** No system alarms **
# Cards status:
#	** No alarmed cards (19 cards checked) **

################## Milegate SOC-A33-0  RIN 202 at 10.211.225.201
# System status:
#	Alarm >> ne: Loss Of Signal On PDH Clock Source 1
# Cards status:
#	** No alarmed cards (18 cards checked) **

################## Milegate SOC-A33-4  RIN 203 at 10.211.225.202
# System status:
#	** No system alarms **
# Cards status:
#	** No alarmed cards (20 cards checked) **

################## Milegate SOC-A33-5  RIN 204 at 10.211.225.203
# System status:
#	** No system alarms **
# Cards status:
#	** No alarmed cards (19 cards checked) **

################## Milegate SOC-A34-4  RIN 223 at 10.211.225.222
# System status:
#	** No system alarms **
# Cards status:
#	** No alarmed cards (21 cards checked) **

################## Milegate SOC-A34-5  RIN 224 at 10.211.225.223
# System status:
#	Alarm >> ne: Protecting CU Active
# Cards status:
#	** No alarmed cards (11 cards checked) **

################## Milegate SOC-A35  RIN 227 at 10.211.225.226
# System status:
#	** No system alarms **
# Cards status:
#	** No alarmed cards (13 cards checked) **

################## Milegate SOC-A36-4  RIN 65 at 10.211.225.64
# System status:
#	Alarm >> ne: Loss Of Signal On PDH Clock Source 1
# Cards status:
#	** No alarmed cards (5 cards checked) **

################## Milegate SOC-A37  RIN 69 at 10.211.225.68
# System status:
#	** No system alarms **
# Cards status:
#	** No alarmed cards (9 cards checked) **

################## Milegate SOC-A38-4  RIN 235 at 10.211.225.242
# System status:
#	Alarm >> ne: Protecting CU Active
# Cards status:
#	** No alarmed cards (21 cards checked) **

################## Milegate SOC-A39-5  RIN 41 at 10.211.225.43
# System status:
#	** No system alarms **
# Cards status:
#	** No alarmed cards (17 cards checked) **

################## Milegate SOC-A39-4  RIN 43 at 10.211.225.42
# System status:
#	** No system alarms **
# Cards status:
#	** No alarmed cards (21 cards checked) **

################## Milegate SOC-A40-5  RIN 232 at 10.211.225.247
# System status:
#	** No system alarms **
# Cards status:
#	** No alarmed cards (17 cards checked) **

################## Milegate SOC-A40-4  RIN 446 at 10.211.225.246
# System status:
#	** No system alarms **
# Cards status:
#	** No alarmed cards (20 cards checked) **

################## Milegate SOC-A41-4  RIN 120 at 10.211.225.47
# System status:
#	** No system alarms **
# Cards status:
#	** No alarmed cards (7 cards checked) **

################## Milegate SOC-A44-1  RIN 19 at 10.211.225.18
# System status:
#	Alarm >> ne: Loss Of Signal On PDH Clock Source 2
# Cards status:
#	** No alarmed cards (19 cards checked) **

################## Milegate SOC-A50-1  RIN 231 at 10.211.225.230
# System status:
#	Alarm >> ne: Protecting CU Active
# Cards status:
#	** No alarmed cards (19 cards checked) **

################## Milegate SOC-A51-4  RIN 283 at 10.211.238.70
# System status:
#	** No system alarms **
# Cards status:
#	** No alarmed cards (17 cards checked) **

################## Milegate SOC-A54-0  RIN 240 at 10.211.238.73
# System status:
#	** No system alarms **
# Cards status:
#	** No alarmed cards (17 cards checked) **

################## Milegate SOC-A54-4  RIN 241 at 10.211.238.74
# System status:
#	** No system alarms **
# Cards status:
#	** No alarmed cards (17 cards checked) **

################## Milegate SOC-A55-0  RIN 284 at 10.211.238.79
# System status:
#	** No system alarms **
# Cards status:
#	** No alarmed cards (16 cards checked) **

################## Milegate SOC-A55-4  RIN 285 at 10.211.238.80
# System status:
#	Alarm >> ne: Protecting CU Active
# Cards status:
#	** No alarmed cards (17 cards checked) **

################## Milegate SOC-A56-0  RIN 286 at 10.211.238.81
# System status:
#	** No system alarms **
# Cards status:
#	** No alarmed cards (15 cards checked) **

################## Milegate SOC-A56-4  RIN 287 at 10.211.238.82
# System status:
#	** No system alarms **
# Cards status:
#	** No alarmed cards (17 cards checked) **

################## Milegate SOC-A56-5  RIN 288 at 10.211.238.83
# System status:
#	** No system alarms **
# Cards status:
#	** No alarmed cards (17 cards checked) **

################## Milegate SOC-A57-0  RIN 242 at 10.211.238.75
# System status:
#	** No system alarms **
# Cards status:
#	** No alarmed cards (15 cards checked) **

################## Milegate SOC-A57-4  RIN 243 at 10.211.238.76
# System status:
#	** No system alarms **
# Cards status:
#	** No alarmed cards (17 cards checked) **

################## Milegate SOC-A58-0  RIN 244 at 10.211.238.77
# System status:
#	** No system alarms **
# Cards status:
#	** No alarmed cards (17 cards checked) **

################## Milegate SOC-A58-4  RIN 245 at 10.211.238.78
# System status:
#	** No system alarms **
# Cards status:
#	** No alarmed cards (17 cards checked) **

################## Milegate SOC-A59-0  RIN 289 at 10.211.238.85
# System status:
#	** No system alarms **
# Cards status:
#	** No alarmed cards (17 cards checked) **

################## Milegate SOC-A59-4  RIN 290 at 10.211.238.86
# System status:
#	** No system alarms **
# Cards status:
#	** No alarmed cards (17 cards checked) **

################## Milegate SOC-A60-0  RIN 291 at 10.211.238.87
# System status:
#	** No system alarms **
# Cards status:
#	** No alarmed cards (17 cards checked) **

################## Milegate SOC-A60-4  RIN 292 at 10.211.238.88
# System status:
#	** No system alarms **
# Cards status:
#	** No alarmed cards (17 cards checked) **

################## Milegate SOC-A61-0  RIN 293 at 10.211.238.89
# System status:
#	** No system alarms **
# Cards status:
#	** No alarmed cards (17 cards checked) **

################## Milegate SOC-A61-4  RIN 294 at 10.211.238.90
# System status:
#	** No system alarms **
# Cards status:
#	** No alarmed cards (17 cards checked) **

################## Milegate SOC-A62-0  RIN 295 at 10.211.238.91
# System status:
#	Alarm >> ne: Protecting CU Active
# Cards status:
#	** No alarmed cards (17 cards checked) **

################## Milegate SOC-A62-4  RIN 296 at 10.211.238.92
# System status:
#	** No system alarms **
# Cards status:
#	** No alarmed cards (16 cards checked) **

############### ** General status for SOC ** ###############
# Total hosts checked: 111
# Total system alarms: 31
# Total cards alarms: 2
# Total redundancy errors: 0
############################################################
