################## Milegate SPO-A01-0  RIN 55 at 10.214.3.60
# System status:
#	** No system alarms **
# Cards status:
#	** No alarmed cards (8 cards checked) **

################## Milegate SPO-A03-0  RIN 56 at 10.214.3.62
# System status:
#	Alarm >> ne: Protecting CU Active
# Cards status:
#	** No alarmed cards (8 cards checked) **

################## Milegate SPO-A04-0  RIN 57 at 10.214.3.64
# System status:
#	** No system alarms **
# Cards status:
#	** No alarmed cards (7 cards checked) **

################## Milegate SPO-A05-0  RIN 58 at 10.214.3.66
# System status:
#	** No system alarms **
# Cards status:
#	** No alarmed cards (14 cards checked) **

################## Milegate SPO-A06-0  RIN 26 at 10.214.3.20
# System status:
#	** No system alarms **
# Cards status:
#	** No alarmed cards (9 cards checked) **

################## Milegate SPO-A07-0  RIN 74 at 10.214.3.82
# System status:
#	** No system alarms **
# Cards status:
#	** No alarmed cards (12 cards checked) **

################## Milegate SPO-A08-0  RIN 75 at 10.214.3.84
# System status:
#	Alarm >> ne: Protecting CU Active
# Cards status:
#	** No alarmed cards (7 cards checked) **

################## Milegate SPO-A11-0  RIN 77 at 10.214.3.88
# System status:
#	** No system alarms **
# Cards status:
#	** No alarmed cards (9 cards checked) **

################## Milegate SPO-A12  RIN 78 at 10.214.3.90
# System status:
#	** No system alarms **
# Cards status:
#	** No alarmed cards (8 cards checked) **

################## Milegate SPO-A14-0  RIN 80 at 10.214.3.94
# System status:
#	** No system alarms **
# Cards status:
#	** No alarmed cards (10 cards checked) **

################## Milegate SPO-A15-0  RIN 27 at 10.214.3.22
# System status:
#	Alarm >> ne: Protecting CU Active
# Cards status:
#	** No alarmed cards (9 cards checked) **

################## Milegate SPO-A16-0  RIN 28 at 10.214.3.24
# System status:
#	Alarm >> ne: Protecting CU Active
# Cards status:
#	** No alarmed cards (10 cards checked) **

################## Milegate SPO-A17-0  RIN 29 at 10.214.3.26
# System status:
#	** No system alarms **
# Cards status:
#	** No alarmed cards (7 cards checked) **

################## Milegate SPO-A18-0  RIN 30 at 10.214.3.28
# System status:
#	** No system alarms **
# Cards status:
#	** No alarmed cards (10 cards checked) **

################## Milegate SPO-A19-0  RIN 60 at 10.214.3.70
# System status:
#	** No system alarms **
# Cards status:
#	** No alarmed cards (9 cards checked) **

################## Milegate SPO-A20-0  RIN 61 at 10.214.3.72
# System status:
#	Alarm >> ne: Protecting CU Active
# Cards status:
#	** No alarmed cards (9 cards checked) **

################## Milegate SPO-A21-0  RIN 62 at 10.214.3.74
# System status:
#	** No system alarms **
# Cards status:
#	** No alarmed cards (8 cards checked) **

################## Milegate SPO-A23-0  RIN 124 at 10.214.3.130
# System status:
#	** No system alarms **
# Cards status:
#	** No alarmed cards (21 cards checked) **

################## Milegate SPO-A26-0  RIN 125 at 10.214.3.132
# System status:
#	** No system alarms **
# Cards status:
#	** No alarmed cards (7 cards checked) **

################## Milegate SPO-A27-0  RIN 126 at 10.214.3.134
# System status:
#	** No system alarms **
# Cards status:
#	** No alarmed cards (8 cards checked) **

################## Milegate SPO-A28-0  RIN 83 at 10.214.3.100
# System status:
#	** No system alarms **
# Cards status:
#	** No alarmed cards (7 cards checked) **

################## Milegate SPO-A29-0  RIN 84 at 10.214.3.102
# System status:
#	** No system alarms **
# Cards status:
#	** No alarmed cards (13 cards checked) **

################## Milegate SPO-A30-0  RIN 63 at 10.214.3.76
# System status:
#	Alarm >> ne: Protecting CU Active
# Cards status:
#	** No alarmed cards (9 cards checked) **

################## Milegate SPO-A31-0  RIN 32 at 10.214.3.32
# System status:
#	** No system alarms **
# Cards status:
#	** No alarmed cards (11 cards checked) **

################## Milegate SPO-A32-0  RIN 85 at 10.214.3.104
# System status:
#	** No system alarms **
# Cards status:
#	** No alarmed cards (14 cards checked) **

################## Milegate SPO-A33-0  RIN 86 at 10.214.3.106
# System status:
#	Alarm >> ne: Protecting CU Active
# Cards status:
#	** No alarmed cards (8 cards checked) **

################## Milegate SPO-A34-0  RIN 87 at 10.214.3.108
# System status:
#	Alarm >> ne: Protecting CU Active
# Cards status:
#	** No alarmed cards (9 cards checked) **

################## Milegate SPO-A35-0  RIN 33 at 10.214.3.34
# System status:
#	** No system alarms **
# Cards status:
#	** No alarmed cards (12 cards checked) **

################## Milegate SPO-A37-0  RIN 11 at 10.214.3.2
# System status:
#	** No system alarms **
# Cards status:
#	** No alarmed cards (9 cards checked) **

################## Milegate SPO-A38-0  RIN 12 at 10.214.3.4
# System status:
#	** No system alarms **
# Cards status:
#	** No alarmed cards (7 cards checked) **

################## Milegate SPO-A39-0  RIN 13 at 10.214.3.6
# System status:
#	** No system alarms **
# Cards status:
#	** No alarmed cards (8 cards checked) **

################## Milegate SPO-A40-0  RIN 34 at 10.214.3.36
# System status:
#	** No system alarms **
# Cards status:
#	** No alarmed cards (8 cards checked) **

################## Milegate SPO-A41-0  RIN 128 at 10.214.3.136
# System status:
#	** No system alarms **
# Cards status:
#	** No alarmed cards (8 cards checked) **

################## Milegate SPO-A42-0  RIN 88 at 10.214.3.110
# System status:
#	** No system alarms **
# Cards status:
#	** No alarmed cards (7 cards checked) **

################## Milegate SPO-A44-0  RIN 35 at 10.214.3.38
# System status:
#	** No system alarms **
# Cards status:
#	** No alarmed cards (12 cards checked) **

################## Milegate SPO-A46-0  RIN 89 at 10.214.3.112
# System status:
#	** No system alarms **
# Cards status:
#	** No alarmed cards (11 cards checked) **

################## Milegate SPO-A47-0  RIN 131 at 10.214.3.138
# System status:
#	** No system alarms **
# Cards status:
#	** No alarmed cards (12 cards checked) **

################## Milegate SPO-A48-0  RIN 36 at 10.214.3.40
# System status:
#	** No system alarms **
# Cards status:
#	** No alarmed cards (8 cards checked) **

################## Milegate SPO-A49-0  RIN 37 at 10.214.3.42
# System status:
#	Alarm >> ne: Protecting CU Active
# Cards status:
#	** No alarmed cards (8 cards checked) **

################## Milegate SPO-A50-0  RIN 90 at 10.214.3.114
# System status:
#	** No system alarms **
# Cards status:
#	** No alarmed cards (9 cards checked) **

################## Milegate SPO-A51-0  RIN 14 at 10.214.3.8
# System status:
#	** No system alarms **
# Cards status:
#	** No alarmed cards (9 cards checked) **

################## Milegate SPO-A52-0  RIN 64 at 10.214.3.78
# System status:
#	** No system alarms **
# Cards status:
#	** No alarmed cards (19 cards checked) **

################## Milegate SPO-A53-0  RIN 132 at 10.214.3.140
# System status:
#	** No system alarms **
# Cards status:
#	** No alarmed cards (7 cards checked) **

################## Milegate SPO-A54-0  RIN 91 at 10.214.3.116
# System status:
#	** No system alarms **
# Cards status:
#	** No alarmed cards (9 cards checked) **

################## Milegate SPO-A55-0  RIN 92 at 10.214.3.118
# System status:
#	** No system alarms **
# Cards status:
#	** No alarmed cards (7 cards checked) **

################## Milegate SPO-A57-0  RIN 38 at 10.214.3.44
# System status:
#	Alarm >> ne: Protecting CU Active
# Cards status:
#	** No alarmed cards (10 cards checked) **

################## Milegate SPO-A58-0  RIN 94 at 10.214.3.122
# System status:
#	** No system alarms **
# Cards status:
#	** No alarmed cards (15 cards checked) **

################## Milegate SPO-A60-0  RIN 40 at 10.214.3.48
# System status:
#	** No system alarms **
# Cards status:
#	** No alarmed cards (8 cards checked) **

################## Milegate SPO-A61-0  RIN 41 at 10.214.3.50
# System status:
#	** No system alarms **
# Cards status:
#	** No alarmed cards (14 cards checked) **

################## Milegate SPO-A62-0  RIN 65 at 10.214.3.80
# System status:
#	** No system alarms **
# Cards status:
#	** No alarmed cards (13 cards checked) **

################## Milegate SPO-A63-0  RIN 2 at 10.214.3.146
# System status:
#	Alarm >> ne: Protecting CU Active
# Cards status:
#	** No alarmed cards (12 cards checked) **

################## Milegate SPO-A64-0  RIN 95 at 10.214.3.124
# System status:
#	Alarm >> ne: Protecting CU Active
# Cards status:
#	** No alarmed cards (9 cards checked) **

################## Milegate SPO-A65-0  RIN 15 at 10.214.3.10
# System status:
#	** No system alarms **
# Cards status:
#	** No alarmed cards (10 cards checked) **

################## Milegate SPO-A66-0  RIN 16 at 10.214.3.12
# System status:
#	** No system alarms **
# Cards status:
#	** No alarmed cards (12 cards checked) **

################## Milegate SPO-A67-0  RIN 96 at 10.214.3.126
# System status:
#	** No system alarms **
# Cards status:
#	** No alarmed cards (16 cards checked) **

################## Milegate SPO-A68-0  RIN 6 at 10.214.3.148
# System status:
#	** No system alarms **
# Cards status:
#	** No alarmed cards (11 cards checked) **

################## Milegate SPO-A69-0  RIN 42 at 10.214.3.52
# System status:
#	** No system alarms **
# Cards status:
#	** No alarmed cards (9 cards checked) **

################## Milegate SPO-A70-0  RIN 43 at 10.214.3.54
# System status:
#	** No system alarms **
# Cards status:
#	** No alarmed cards (8 cards checked) **

################## Milegate SPO-A71-0  RIN 17 at 10.214.3.14
# System status:
#	** No system alarms **
# Cards status:
#	** No alarmed cards (7 cards checked) **

################## Milegate SPO-A72-0  RIN 10 at 10.214.3.142
# System status:
#	Alarm >> ne: Protecting CU Active
# Cards status:
#	** No alarmed cards (15 cards checked) **

################## Milegate SPO-A73-0  RIN 19 at 10.214.3.16
# System status:
#	** No system alarms **
# Cards status:
#	** No alarmed cards (7 cards checked) **

################## Milegate SPO-A75-0  RIN 44 at 10.214.3.56
# System status:
#	** No system alarms **
# Cards status:
#	** No alarmed cards (9 cards checked) **

################## Milegate SPO-A76-0  RIN 97 at 10.214.3.128
# System status:
#	** No system alarms **
# Cards status:
#	** No alarmed cards (9 cards checked) **

################## Milegate SPO-A83-0  RIN 140 at 10.214.25.78
# System status:
#	** No system alarms **
# Cards status:
#	** No alarmed cards (11 cards checked) **

################## Milegate SPO-A84-0  RIN 143 at 10.214.25.80
# System status:
#	** No system alarms **
# Cards status:
#	** No alarmed cards (14 cards checked) **

################## Milegate SPO-A85-0  RIN 142 at 10.214.25.82
# System status:
#	** No system alarms **
# Cards status:
#	** No alarmed cards (12 cards checked) **

################## Milegate SPO-A87-0  RIN 141 at 10.214.25.84
# System status:
#	** No system alarms **
# Cards status:
#	** No alarmed cards (11 cards checked) **

################## Milegate SPO-A88-0  RIN 145 at 10.214.25.86
# System status:
#	** No system alarms **
# Cards status:
#	** No alarmed cards (13 cards checked) **

################## Milegate SPO-A89-0  RIN 98 at 10.214.25.30
# System status:
#	** No system alarms **
# Cards status:
#	** No alarmed cards (7 cards checked) **

################## Milegate SPO-A91-0  RIN 99 at 10.214.25.32
# System status:
#	** No system alarms **
# Cards status:
#	** No alarmed cards (12 cards checked) **

################## Milegate SPO-A92-0  RIN 100 at 10.214.25.34
# System status:
#	** No system alarms **
# Cards status:
#	** No alarmed cards (10 cards checked) **

################## Milegate SPO-A93-0  RIN 101 at 10.214.25.36
# System status:
#	** No system alarms **
# Cards status:
#	** No alarmed cards (19 cards checked) **

################## Milegate SPO-A94-0  RIN 102 at 10.214.25.38
# System status:
#	Alarm >> ne: Protecting CU Active
# Cards status:
#	** No alarmed cards (7 cards checked) **

################## Milegate SPO-A96-0  RIN 45 at 10.214.25.66
# System status:
#	Alarm >> ne: Protecting CU Active
# Cards status:
#	** No alarmed cards (12 cards checked) **

################## Milegate SPO-A99-0  RIN 134 at 10.214.25.68
# System status:
#	** No system alarms **
# Cards status:
#	** No alarmed cards (14 cards checked) **

################## Milegate SPO-B01-0  RIN 104 at 10.214.25.42
# System status:
#	** No system alarms **
# Cards status:
#	** No alarmed cards (8 cards checked) **

################## Milegate SPO-B02-0  RIN 68 at 10.214.25.18
# System status:
#	** No system alarms **
# Cards status:
#	** No alarmed cards (9 cards checked) **

################## Milegate SPO-B04-0  RIN 69 at 10.214.25.20
# System status:
#	** No system alarms **
# Cards status:
#	** No alarmed cards (8 cards checked) **

################## Milegate SPO-B05-0  RIN 70 at 10.214.25.22
# System status:
#	** No system alarms **
# Cards status:
#	** No alarmed cards (8 cards checked) **

################## Milegate SPO-B06-0  RIN 71 at 10.214.25.24
# System status:
#	** No system alarms **
# Cards status:
#	** No alarmed cards (10 cards checked) **

################## Milegate SPO-B07-0  RIN 8 at 10.214.25.88
# System status:
#	** No system alarms **
# Cards status:
#	** No alarmed cards (11 cards checked) **

################## Milegate SPO-B08-0  RIN 5 at 10.214.25.70
# System status:
#	** No system alarms **
# Cards status:
#	** No alarmed cards (15 cards checked) **

################## Milegate SPO-B10-0  RIN 7 at 10.214.25.92
# System status:
#	** No system alarms **
# Cards status:
#	** No alarmed cards (10 cards checked) **

################## Milegate SPO-B12-0  RIN 46 at 10.214.25.2
# System status:
#	** No system alarms **
# Cards status:
#	** No alarmed cards (15 cards checked) **

################## Milegate SPO-B13-0  RIN 72 at 10.214.25.26
# System status:
#	** No system alarms **
# Cards status:
#	** No alarmed cards (13 cards checked) **

################## Milegate SPO-B14-0  RIN 106 at 10.214.25.46
# System status:
#	** No system alarms **
# Cards status:
#	** No alarmed cards (13 cards checked) **

################## Milegate SPO-B15-0  RIN 107 at 10.214.25.48
# System status:
#	** No system alarms **
# Cards status:
#	** No alarmed cards (15 cards checked) **

################## Milegate SPO-B16-0  RIN 47 at 10.214.25.4
# System status:
#	** No system alarms **
# Cards status:
#	** No alarmed cards (8 cards checked) **

################## Milegate SPO-B17-0  RIN 108 at 10.214.25.50
# System status:
#	** No system alarms **
# Cards status:
#	** No alarmed cards (8 cards checked) **

################## Milegate SPO-B18-0  RIN 109 at 10.214.25.52
# System status:
#	** No system alarms **
# Cards status:
#	** No alarmed cards (17 cards checked) **

################## Milegate SPO-B19-0  RIN 150 at 10.214.25.94
# System status:
#	** No system alarms **
# Cards status:
#	** No alarmed cards (15 cards checked) **

################## Milegate SPO-B20-0  RIN 48 at 10.214.25.6
# System status:
#	** No system alarms **
# Cards status:
#	** No alarmed cards (18 cards checked) **

################## Milegate SPO-B21-0  RIN 147 at 10.214.25.96
# System status:
#	** No system alarms **
# Cards status:
#	** No alarmed cards (10 cards checked) **

################## Milegate SPO-B22-0  RIN 18 at 10.214.25.98
# System status:
#	** No system alarms **
# Cards status:
#	** No alarmed cards (7 cards checked) **

################## Milegate SPO-B23-0  RIN 135 at 10.214.25.100
# System status:
#	Alarm >> ne: Protecting CU Active
# Cards status:
#	** No alarmed cards (8 cards checked) **

################## Milegate SPO-B25-0  RIN 49 at 10.214.25.8
# System status:
#	** No system alarms **
# Cards status:
#	** No alarmed cards (9 cards checked) **

################## Milegate SPO-B29-0  RIN 146 at 10.214.25.74
# System status:
#	** No system alarms **
# Cards status:
#	** No alarmed cards (17 cards checked) **

################## Milegate SPO-B30-0  RIN 136 at 10.214.25.102
# System status:
#	Alarm >> ne: Protecting CU Active
# Cards status:
#	** No alarmed cards (10 cards checked) **

################## Milegate SPO-B31-0  RIN 137 at 10.214.25.104
# System status:
#	** No system alarms **
# Cards status:
#	** No alarmed cards (12 cards checked) **

################## Milegate SPO-B32  RIN 139 at 10.214.25.106
# System status:
#	** No system alarms **
# Cards status:
#	** No alarmed cards (9 cards checked) **

################## Milegate SPO-B34-0  RIN 112 at 10.214.25.58
# System status:
#	** No system alarms **
# Cards status:
#	** No alarmed cards (20 cards checked) **

################## Milegate SPO-B35-0  RIN 144 at 10.214.25.76
# System status:
#	Alarm >> ne: Protecting CU Active
# Cards status:
#	** No alarmed cards (14 cards checked) **

################## Milegate SPO-B36-0  RIN 113 at 10.214.25.60
# System status:
#	Alarm >> ne: Protecting CU Active
# Cards status:
#	** No alarmed cards (10 cards checked) **

################## Milegate SPO-B37-0  RIN 51 at 10.214.25.12
# System status:
#	** No system alarms **
# Cards status:
#	** No alarmed cards (9 cards checked) **

################## Milegate SPO-B38-0  RIN 138 at 10.214.25.108
# System status:
#	** No system alarms **
# Cards status:
#	** No alarmed cards (10 cards checked) **

################## Milegate SPO-B39-0  RIN 73 at 10.214.25.28
# System status:
#	** No system alarms **
# Cards status:
#	** No alarmed cards (8 cards checked) **

################## Milegate SPO-B40-0  RIN 114 at 10.214.25.62
# System status:
#	** No system alarms **
# Cards status:
#	** No alarmed cards (9 cards checked) **

################## Milegate SPO-B41-0  RIN 115 at 10.214.25.64
# System status:
#	** No system alarms **
# Cards status:
#	** No alarmed cards (8 cards checked) **

################## Milegate SPO-B42-0  RIN 148 at 10.214.25.110
# System status:
#	** No system alarms **
# Cards status:
#	** No alarmed cards (10 cards checked) **

################## Milegate SPO-B44-0  RIN 116 at 10.214.33.18
# System status:
#	** No system alarms **
# Cards status:
#	** No alarmed cards (7 cards checked) **

################## Milegate SPO-B45-0  RIN 21 at 10.214.33.2
# System status:
#	** No system alarms **
# Cards status:
#	** No alarmed cards (11 cards checked) **

################## Milegate SPO-B46-0  RIN 153 at 10.214.33.42
# System status:
#	** No system alarms **
# Cards status:
#	** No alarmed cards (7 cards checked) **

################## Milegate SPO-B47-0  RIN 151 at 10.214.33.44
# System status:
#	** No system alarms **
# Cards status:
#	** No alarmed cards (7 cards checked) **

################## Milegate SPO-B49-0  RIN 22 at 10.214.33.4
# System status:
#	** No system alarms **
# Cards status:
#	** No alarmed cards (8 cards checked) **

################## Milegate SPO-B51-0  RIN 155 at 10.214.33.48
# System status:
#	** No system alarms **
# Cards status:
#	** No alarmed cards (7 cards checked) **

################## Milegate SPO-B52-0  RIN 154 at 10.214.33.50
# System status:
#	** No system alarms **
# Cards status:
#	** No alarmed cards (7 cards checked) **

################## Milegate SPO-B53-0  RIN 160 at 10.214.33.30
# System status:
#	** No system alarms **
# Cards status:
#	** No alarmed cards (7 cards checked) **

################## Milegate SPO-B54-0  RIN 163 at 10.214.33.52
# System status:
#	** No system alarms **
# Cards status:
#	** No alarmed cards (7 cards checked) **

################## Milegate SPO-B56-0  RIN 164 at 10.214.33.54
# System status:
#	** No system alarms **
# Cards status:
#	** No alarmed cards (8 cards checked) **

################## Milegate SPO-B57-0  RIN 162 at 10.214.33.56
# System status:
#	Alarm >> ne: Protecting CU Active
# Cards status:
#	** No alarmed cards (10 cards checked) **

################## Milegate SPO-B58-0  RIN 23 at 10.214.33.6
# System status:
#	** No system alarms **
# Cards status:
#	** No alarmed cards (13 cards checked) **

################## Milegate SPO-B59-0  RIN 167 at 10.214.33.58
# System status:
#	** No system alarms **
# Cards status:
#	** No alarmed cards (7 cards checked) **

################## Milegate SPO-B60-0  RIN 24 at 10.214.33.8
# System status:
#	** No system alarms **
# Cards status:
#	** No alarmed cards (8 cards checked) **

################## Milegate SPO-B61-0  RIN 25 at 10.214.33.10
# System status:
#	Alarm >> ne: Protecting CU Active
# Cards status:
#	** No alarmed cards (10 cards checked) **

################## Milegate SPO-B62-0  RIN 159 at 10.214.33.60
# System status:
#	** No system alarms **
# Cards status:
#	** No alarmed cards (13 cards checked) **

################## Milegate SPO-B63-0  RIN 168 at 10.214.33.62
# System status:
#	** No system alarms **
# Cards status:
#	** No alarmed cards (7 cards checked) **

################## Milegate SPO-B64-0  RIN 166 at 10.214.33.64
# System status:
#	Alarm >> ne: Protecting CU Active
# Cards status:
#	** No alarmed cards (10 cards checked) **

################## Milegate SPO-B65-0  RIN 165 at 10.214.33.32
# System status:
#	** No system alarms **
# Cards status:
#	** No alarmed cards (9 cards checked) **

################## Milegate SPO-B66-0  RIN 170 at 10.214.33.66
# System status:
#	** No system alarms **
# Cards status:
#	** No alarmed cards (12 cards checked) **

################## Milegate SPO-B67-0  RIN 169 at 10.214.33.68
# System status:
#	** No system alarms **
# Cards status:
#	** No alarmed cards (13 cards checked) **

################## Milegate SPO-B68-0  RIN 181 at 10.214.33.34
# System status:
#	** No system alarms **
# Cards status:
#	** No alarmed cards (16 cards checked) **

################## Milegate SPO-B69-0  RIN 174 at 10.214.33.70
# System status:
#	Alarm >> ne: Protecting CU Active
# Cards status:
#	** No alarmed cards (10 cards checked) **

################## Milegate SPO-B70-0  RIN 175 at 10.214.33.72
# System status:
#	** No system alarms **
# Cards status:
#	** No alarmed cards (10 cards checked) **

################## Milegate SPO-B71-0  RIN 176 at 10.214.33.36
# System status:
#	Alarm >> ne: Protecting CU Active
# Cards status:
#	** No alarmed cards (16 cards checked) **

################## Milegate SPO-B72-0  RIN 53 at 10.214.33.14
# System status:
#	Alarm >> ne: Protecting CU Active
# Cards status:
#	** No alarmed cards (11 cards checked) **

################## Milegate SPO-B74-0  RIN 117 at 10.214.33.20
# System status:
#	** No system alarms **
# Cards status:
#	** No alarmed cards (7 cards checked) **

################## Milegate SPO-B75-0  RIN 118 at 10.214.33.22
# System status:
#	** No system alarms **
# Cards status:
#	** No alarmed cards (7 cards checked) **

################## Milegate SPO-B76-0  RIN 179 at 10.214.33.38
# System status:
#	** No system alarms **
# Cards status:
#	** No alarmed cards (10 cards checked) **

################## Milegate SPO-B77-0  RIN 119 at 10.214.33.24
# System status:
#	** No system alarms **
# Cards status:
#	** No alarmed cards (6 cards checked) **

################## Milegate SPO-B78-0  RIN 54 at 10.214.33.16
# System status:
#	Alarm >> ne: Protecting CU Active
# Cards status:
#	** No alarmed cards (7 cards checked) **

################## Milegate SPO-B79-0  RIN 120 at 10.214.33.26
# System status:
#	** No system alarms **
# Cards status:
#	** No alarmed cards (7 cards checked) **

################## Milegate SPO-B80-0  RIN 177 at 10.214.33.76
# System status:
#	** No system alarms **
# Cards status:
#	** No alarmed cards (7 cards checked) **

################## Milegate SPO-B81-0  RIN 178 at 10.214.33.78
# System status:
#	** No system alarms **
# Cards status:
#	** No alarmed cards (10 cards checked) **

################## Milegate SPO-B82-0  RIN 121 at 10.214.33.28
# System status:
#	** No system alarms **
# Cards status:
#	** No alarmed cards (7 cards checked) **

################## Milegate SPO-B85-0  RIN 182 at 10.214.3.152
# System status:
#	** No system alarms **
# Cards status:
#	** No alarmed cards (7 cards checked) **

################## Milegate SPO-B86-0  RIN 187 at 10.214.3.154
# System status:
#	Alarm >> ne: Protecting CU Active
# Cards status:
#	** No alarmed cards (12 cards checked) **

################## Milegate SPO-B87-0  RIN 188 at 10.214.3.156
# System status:
#	** No system alarms **
# Cards status:
#	** No alarmed cards (10 cards checked) **

################## Milegate SPO-B88-0  RIN 189 at 10.214.3.158
# System status:
#	** No system alarms **
# Cards status:
#	** No alarmed cards (12 cards checked) **

################## Milegate SPO-B90-0  RIN 191 at 10.214.3.162
# System status:
#	Alarm >> ne: Protecting CU Active
# Cards status:
#	** No alarmed cards (10 cards checked) **

################## Milegate SPO-B91-0  RIN 192 at 10.214.3.164
# System status:
#	** No system alarms **
# Cards status:
#	** No alarmed cards (10 cards checked) **

################## Milegate SPO-B92-0  RIN 183 at 10.214.3.166
# System status:
#	** No system alarms **
# Cards status:
#	** No alarmed cards (10 cards checked) **

################## Milegate SPO-B93-0  RIN 193 at 10.214.3.168
# System status:
#	** No system alarms **
# Cards status:
#	** No alarmed cards (12 cards checked) **

################## Milegate SPO-B94-0  RIN 184 at 10.214.3.170
# System status:
#	** No system alarms **
# Cards status:
#	** No alarmed cards (14 cards checked) **

################## Milegate SPO-B95-0  RIN 185 at 10.214.3.172
# System status:
#	** No system alarms **
# Cards status:
#	** No alarmed cards (11 cards checked) **

################## Milegate SPO-B96-0  RIN 194 at 10.214.3.174
# System status:
#	** No system alarms **
# Cards status:
#	** No alarmed cards (10 cards checked) **

################## Milegate SPO-B97-0  RIN 195 at 10.214.3.176
# System status:
#	** No system alarms **
# Cards status:
#	** No alarmed cards (10 cards checked) **

################## Milegate SPO-B98-0  RIN 186 at 10.214.3.178
# System status:
#	** No system alarms **
# Cards status:
#	** No alarmed cards (10 cards checked) **

################## Milegate SPO-B99-0  RIN 196 at 10.214.3.182
# System status:
#	** No system alarms **
# Cards status:
#	** No alarmed cards (15 cards checked) **

################## Milegate SPO-C01-0  RIN 197 at 10.214.3.184
# System status:
#	** No system alarms **
# Cards status:
#	** No alarmed cards (12 cards checked) **

################## Milegate SPO-C02-0  RIN 198 at 10.214.3.186
# System status:
#	** No system alarms **
# Cards status:
#	** No alarmed cards (12 cards checked) **

################## Milegate SPO-C03-0  RIN 199 at 10.214.3.188
# System status:
#	** No system alarms **
# Cards status:
#	** No alarmed cards (12 cards checked) **

################## Milegate SPO-C04-0  RIN 200 at 10.214.3.190
# System status:
#	** No system alarms **
# Cards status:
#	** No alarmed cards (15 cards checked) **

################## Milegate SPO-C05-0  RIN 201 at 10.214.3.192
# System status:
#	** No system alarms **
# Cards status:
#	** No alarmed cards (9 cards checked) **

################## Milegate SPO-C06-0  RIN 202 at 10.214.3.194
# System status:
#	** No system alarms **
# Cards status:
#	** No alarmed cards (9 cards checked) **

################## Milegate SPO-C07-0  RIN 203 at 10.214.3.196
# System status:
#	** No system alarms **
# Cards status:
#	** No alarmed cards (9 cards checked) **

################## Milegate SPO-C08-0  RIN 204 at 10.214.3.198
# System status:
#	** No system alarms **
# Cards status:
#	** No alarmed cards (9 cards checked) **

################## Milegate SPO-C09-0  RIN 205 at 10.214.3.200
# System status:
#	Alarm >> ne: Protecting CU Active
# Cards status:
#	** No alarmed cards (10 cards checked) **

################## Milegate SPO-C10-0  RIN 206 at 10.214.3.202
# System status:
#	** No system alarms **
# Cards status:
#	** No alarmed cards (9 cards checked) **

################## Milegate SPO-I02-0  RIN 3 at 10.214.3.144
# System status:
#	Alarm >> ne: Protecting CU Active
# Cards status:
#	** No alarmed cards (20 cards checked) **

################## Milegate SPO-I30-4  RIN 123 at 10.209.166.228
# System status:
#	** No system alarms **
# Cards status:
#	** No alarmed cards (5 cards checked) **

################## Milegate SPO-T01  RIN 600 at 10.214.33.252
# System status:
#	** No system alarms **
# Cards status:
#	** No alarmed cards (2 cards checked) **

############### ** General status for SPO ** ###############
# Total hosts checked: 171
# Total system alarms: 30
# Total cards alarms: 0
# Total redundancy errors: 0
############################################################
