################## Zhone STS-A05-0  RIN 170 at 10.209.225.121
# System status:
#	Alarm >> system - power_supply_b_failure - minor
# Cards status:
#	** No alarmed cards (19 cards checked) **
# Uplink redundancy errors:
#	** No errors **

################## Zhone STS-A06-0  RIN 174 at 10.209.225.125
# System status:
#	Alarm >> system - power_supply_b_failure - minor
# Cards status:
#	** No alarmed cards (19 cards checked) **
# Uplink redundancy errors:
#	** No errors **

################## Zhone STS-A08-0  RIN 178 at 10.209.225.129
# System status:
#	Alarm >> system - power_supply_b_failure - minor
# Cards status:
#	** No alarmed cards (19 cards checked) **
# Uplink redundancy errors:
#	** No errors **

################## Zhone STS-A14-0  RIN 2 at 10.209.225.33
# System status:
#	Alarm >> system - power_supply_b_failure - minor
# Cards status:
#	** No alarmed cards (19 cards checked) **
# Uplink redundancy errors:
#	** No errors **

################## Zhone STS-A15-0  RIN 206 at 10.209.225.137
# System status:
#	Alarm >> system - power_supply_b_failure - minor
# Cards status:
#	** No alarmed cards (19 cards checked) **
# Uplink redundancy errors:
#	** No errors **

################## Zhone STS-A16-0  RIN 6 at 10.209.225.157
# System status:
#	Alarm >> system - power_supply_b_failure - minor
# Cards status:
#	** No alarmed cards (19 cards checked) **
# Uplink redundancy errors:
#	** No errors **

################## Zhone STS-A20-0  RIN 42 at 10.209.225.145
# System status:
#	Alarm >> system - power_supply_a_failure - minor
# Cards status:
#	** No alarmed cards (19 cards checked) **
# Uplink redundancy errors:
#	** No errors **

################## Zhone STS-A25-0  RIN 98 at 10.209.225.161
# System status:
#	Alarm >> system - power_supply_b_failure - minor
# Cards status:
#	** No alarmed cards (19 cards checked) **
# Uplink redundancy errors:
#	** No errors **

################## Zhone STS-A26-0  RIN 102 at 10.209.225.165
# System status:
#	Alarm >> system - power_supply_b_failure - minor
# Cards status:
#	** No alarmed cards (19 cards checked) **
# Uplink redundancy errors:
#	** No errors **

################## Zhone STS-A27-0  RIN 106 at 10.209.225.49
# System status:
#	Alarm >> system - power_supply_a_failure - minor
# Cards status:
#	** No alarmed cards (19 cards checked) **
# Uplink redundancy errors:
#	** No errors **

################## Zhone STS-A28-0  RIN 110 at 10.209.225.169
# System status:
#	Alarm >> system - power_supply_b_failure - minor
# Cards status:
#	** No alarmed cards (19 cards checked) **
# Uplink redundancy errors:
#	** No errors **

################## Zhone STS-A33-0  RIN 584 at 10.209.225.173
# System status:
#	Alarm >> system - power_supply_b_failure - minor
# Cards status:
#	** No alarmed cards (20 cards checked) **
# Uplink redundancy errors:
#	** No errors **

################## Zhone STS-A34-0  RIN 118 at 10.209.225.149
# System status:
#	Alarm >> system - power_supply_b_failure - minor
# Cards status:
#	** No alarmed cards (19 cards checked) **
# Uplink redundancy errors:
#	** No errors **

################## Zhone STS-A35-0  RIN 114 at 10.209.225.153
# System status:
#	Alarm >> system - power_supply_b_failure - minor
# Cards status:
#	** No alarmed cards (19 cards checked) **
# Uplink redundancy errors:
#	** No errors **

################## Zhone STS-I01-0  RIN 190 at 10.209.225.41
# System status:
#	** No system alarms **
# Cards status:
#	** No alarmed cards (19 cards checked) **
# Uplink redundancy errors:
#	** No errors **

############### ** General status for STS ** ###############
# Total hosts checked: 15
# Total system alarms: 14
# Total cards alarms: 0
# Total redundancy errors: 0
############################################################
