################## Zhone SVE-A06-0  RIN 266 at 10.209.233.8
# System status:
#	Alarm >> system - power_supply_a_failure - minor
# Cards status:
#	** No alarmed cards (19 cards checked) **
# Uplink redundancy errors:
#	** No errors **

################## Zhone SVE-A10-1  RIN 296 at 10.209.225.91
# System status:
#	Alarm >> system - power_supply_a_failure - minor
# Cards status:
#	** No alarmed cards (19 cards checked) **
# Uplink redundancy errors:
#	** No errors **

################## Zhone SVE-A12-0  RIN 274 at 10.209.233.12
# System status:
#	Alarm >> system - power_supply_a_failure - minor
# Cards status:
#	** No alarmed cards (20 cards checked) **
# Uplink redundancy errors:
#	** No errors **

################## Zhone SVE-A14-0  RIN 298 at 10.209.225.105
# System status:
#	Alarm >> system - power_supply_b_failure - minor
# Cards status:
#	** No alarmed cards (19 cards checked) **
# Uplink redundancy errors:
#	** No errors **

################## Zhone SVE-I01-0  RIN 500 at 10.209.233.24
# System status:
#	** No system alarms **
# Cards status:
#	** No alarmed cards (20 cards checked) **
# Uplink redundancy errors:
#	** No errors **

############### ** General status for SVE ** ###############
# Total hosts checked: 5
# Total system alarms: 4
# Total cards alarms: 0
# Total redundancy errors: 0
############################################################
