################## Milegate VOM-A01-2  RIN 52 at 10.211.238.55
# System status:
#	** No system alarms **
# Cards status:
#	** No alarmed cards (19 cards checked) **

################## Milegate VOM-A02-1  RIN 527 at 10.211.238.58
# System status:
#	** No system alarms **
# Cards status:
#	** No alarmed cards (18 cards checked) **

################## Milegate VOM-A03-1  RIN 515 at 10.211.238.26
# System status:
#	** No system alarms **
# Cards status:
#	** No alarmed cards (18 cards checked) **

################## Milegate VOM-A04-2  RIN 44 at 10.211.238.31
# System status:
#	** No system alarms **
# Cards status:
#	** No alarmed cards (17 cards checked) **

################## Milegate VOM-A05-4  RIN 48 at 10.211.238.51
# System status:
#	** No system alarms **
# Cards status:
#	** No alarmed cards (9 cards checked) **

################## Milegate VOM-A06-1  RIN 511 at 10.211.238.22
# System status:
#	Alarm >> ne: Loss Of Signal On PDH Clock Source 2
#	Alarm >> ne: Loss Of Signal On PDH Clock Source 3
#	Alarm >> ne: Protecting CU Active
# Cards status:
#	** No alarmed cards (21 cards checked) **

################## Milegate VOM-A07-2  RIN 16 at 10.211.238.19
# System status:
#	** No system alarms **
# Cards status:
#	** No alarmed cards (19 cards checked) **

################## Milegate VOM-A09-2  RIN 12 at 10.211.238.15
# System status:
#	** No system alarms **
# Cards status:
#	** No alarmed cards (17 cards checked) **

################## Milegate VOM-A12  RIN 504 at 10.211.238.10
# System status:
#	** No system alarms **
# Cards status:
#	** No alarmed cards (19 cards checked) **

################## Milegate VOM-A13-1  RIN 502 at 10.211.238.6
# System status:
#	** No system alarms **
# Cards status:
#	** No alarmed cards (10 cards checked) **

################## Milegate VOM-I01-2  RIN 402 at 10.211.238.3
# System status:
#	** No system alarms **
############### ** General status for VOM ** ###############
# Total hosts checked: 11
# Total system alarms: 3
# Total cards alarms: 0
# Total redundancy errors: 0
############################################################
