+-------------------------------------- General status for VRP --------------------------------------+
|
| Total checked NEs: 18
| Total remote access errors: 0
| Total NE alarms: 3
| Total cards checked: 324
| Total card alarms: 0
| Total redundancy errors: 0
|
+----------------------------------------------------------------------------------------------------+
|
|
| KEYMILE Alarms
|	VRP-A02-4 	RIN 9		at 10.211.193.139		Alarm >> Protecting CU Active
|	VRP-A08-0 	RIN 37		at 10.211.193.136		Alarm >> NE Temperature Limit Approaching
|	VRP-A08-4 	RIN 53		at 10.211.193.128		Alarm >> NE Temperature Limit Approaching
|
| ZHONE Alarms
|
+----------------------------------------------------------------------------------------------------+
