################## Milegate VRP-A01-0  RIN 20 at 10.211.193.105
# System status:
#	** No system alarms **
# Cards status:
#	** No alarmed cards (17 cards checked) **

################## Milegate VRP-A01-4  RIN 5 at 10.211.193.138
# System status:
#	** No system alarms **
# Cards status:
#	** No alarmed cards (19 cards checked) **

################## Milegate VRP-A02-0  RIN 21 at 10.211.193.106
# System status:
#	** No system alarms **
# Cards status:
#	** No alarmed cards (17 cards checked) **

################## Milegate VRP-A02-4  RIN 9 at 10.211.193.139
# System status:
#	Alarm >> ne: Protecting CU Active
# Cards status:
#	** No alarmed cards (17 cards checked) **

################## Milegate VRP-A03-0  RIN 25 at 10.211.193.107
# System status:
#	** No system alarms **
# Cards status:
#	** No alarmed cards (17 cards checked) **

################## Milegate VRP-A03-4  RIN 59 at 10.211.193.97
# System status:
#	** No system alarms **
################## Milegate VRP-A04-0  RIN 29 at 10.211.193.108
# System status:
#	** No system alarms **
# Cards status:
#	** No alarmed cards (19 cards checked) **

################## Milegate VRP-A04-4  RIN 40 at 10.211.193.140
# System status:
#	** No system alarms **
# Cards status:
#	** No alarmed cards (17 cards checked) **

################## Milegate VRP-A05-0  RIN 32 at 10.211.193.133
# System status:
#	** No system alarms **
# Cards status:
#	** No alarmed cards (19 cards checked) **

################## Milegate VRP-A05-4  RIN 58 at 10.211.193.100
# System status:
#	** No system alarms **
# Cards status:
#	** No alarmed cards (17 cards checked) **

################## Milegate VRP-A06-0  RIN 33 at 10.211.193.134
# System status:
#	** No system alarms **
# Cards status:
#	** No alarmed cards (19 cards checked) **

################## Milegate VRP-A06-4  RIN 60 at 10.211.193.98
# System status:
#	** No system alarms **
# Cards status:
#	** No alarmed cards (17 cards checked) **

################## Milegate VRP-A07-0  RIN 36 at 10.211.193.135
# System status:
#	** No system alarms **
# Cards status:
#	** No alarmed cards (19 cards checked) **

################## Milegate VRP-A07-4  RIN 61 at 10.211.193.99
# System status:
#	** No system alarms **
# Cards status:
#	** No alarmed cards (18 cards checked) **

################## Milegate VRP-A08-0  RIN 37 at 10.211.193.136
# System status:
#	** No system alarms **
# Cards status:
#	** No alarmed cards (19 cards checked) **

################## Milegate VRP-A08-4  RIN 53 at 10.211.193.128
# System status:
#	** No system alarms **
# Cards status:
#	** No alarmed cards (17 cards checked) **

################## Milegate VRP-A09-0  RIN 38 at 10.211.193.137
# System status:
#	** No system alarms **
# Cards status:
#	** No alarmed cards (20 cards checked) **

################## Milegate VRP-A09-4  RIN 57 at 10.211.193.124
# System status:
#	** No system alarms **
# Cards status:
#	** No alarmed cards (17 cards checked) **

############### ** General status for VRP ** ###############
# Total hosts checked: 18
# Total system alarms: 1
# Total cards alarms: 0
# Total redundancy errors: 0
############################################################
